[3.104s] Invoking command in '/home/olivier/ros2_ws/src/boat_controller': PYTHONPATH=/home/olivier/ros2_ws/build/boat_controller/prefix_override:/home/olivier/ros2_ws/install/boat_controller/lib/python3.10/site-packages:${PYTHONPATH} /usr/bin/python3 -W ignore:setup.py install is deprecated setup.py egg_info --egg-base ../../build/boat_controller build --build-base /home/olivier/ros2_ws/build/boat_controller/build install --record /home/olivier/ros2_ws/build/boat_controller/install.log --single-version-externally-managed install_data
[4.084s] running egg_info
[4.097s] writing ../../build/boat_controller/boat_controller.egg-info/PKG-INFO
[4.098s] writing dependency_links to ../../build/boat_controller/boat_controller.egg-info/dependency_links.txt
[4.098s] writing entry points to ../../build/boat_controller/boat_controller.egg-info/entry_points.txt
[4.099s] writing requirements to ../../build/boat_controller/boat_controller.egg-info/requires.txt
[4.099s] writing top-level names to ../../build/boat_controller/boat_controller.egg-info/top_level.txt
[4.116s] reading manifest file '../../build/boat_controller/boat_controller.egg-info/SOURCES.txt'
[4.116s] writing manifest file '../../build/boat_controller/boat_controller.egg-info/SOURCES.txt'
[4.116s] running build
[4.116s] running build_py
[4.116s] copying boat_controller/boat_controllermain.py -> /home/olivier/ros2_ws/build/boat_controller/build/lib/boat_controller
[4.116s] running install
[4.116s] running install_lib
[4.131s] copying /home/olivier/ros2_ws/build/boat_controller/build/lib/boat_controller/boat_controllermain.py -> /home/olivier/ros2_ws/install/boat_controller/lib/python3.10/site-packages/boat_controller
[4.143s] byte-compiling /home/olivier/ros2_ws/install/boat_controller/lib/python3.10/site-packages/boat_controller/boat_controllermain.py to boat_controllermain.cpython-310.pyc
[4.144s] running install_data
[4.157s] running install_egg_info
[4.158s] removing '/home/olivier/ros2_ws/install/boat_controller/lib/python3.10/site-packages/boat_controller-0.0.0-py3.10.egg-info' (and everything under it)
[4.159s] Copying ../../build/boat_controller/boat_controller.egg-info to /home/olivier/ros2_ws/install/boat_controller/lib/python3.10/site-packages/boat_controller-0.0.0-py3.10.egg-info
[4.166s] running install_scripts
[4.209s] Installing boat_controllermain script to /home/olivier/ros2_ws/install/boat_controller/lib/boat_controller
[4.210s] writing list of installed files to '/home/olivier/ros2_ws/build/boat_controller/install.log'
[5.250s] Invoked command in '/home/olivier/ros2_ws/src/boat_controller' returned '0': PYTHONPATH=/home/olivier/ros2_ws/build/boat_controller/prefix_override:/home/olivier/ros2_ws/install/boat_controller/lib/python3.10/site-packages:${PYTHONPATH} /usr/bin/python3 -W ignore:setup.py install is deprecated setup.py egg_info --egg-base ../../build/boat_controller build --build-base /home/olivier/ros2_ws/build/boat_controller/build install --record /home/olivier/ros2_ws/build/boat_controller/install.log --single-version-externally-managed install_data
