[3.428s] Invoking command in '/home/olivier/ros2_ws/src/py_pubsub': PYTHONPATH=/home/olivier/ros2_ws/build/py_pubsub/prefix_override:/home/olivier/ros2_ws/install/py_pubsub/lib/python3.10/site-packages:${PYTHONPATH} /usr/bin/python3 -W ignore:setup.py install is deprecated setup.py egg_info --egg-base ../../build/py_pubsub build --build-base /home/olivier/ros2_ws/build/py_pubsub/build install --record /home/olivier/ros2_ws/build/py_pubsub/install.log --single-version-externally-managed install_data
[4.691s] running egg_info
[4.692s] writing ../../build/py_pubsub/py_pubsub.egg-info/PKG-INFO
[4.693s] writing dependency_links to ../../build/py_pubsub/py_pubsub.egg-info/dependency_links.txt
[4.694s] writing entry points to ../../build/py_pubsub/py_pubsub.egg-info/entry_points.txt
[4.694s] writing requirements to ../../build/py_pubsub/py_pubsub.egg-info/requires.txt
[4.695s] writing top-level names to ../../build/py_pubsub/py_pubsub.egg-info/top_level.txt
[4.710s] reading manifest file '../../build/py_pubsub/py_pubsub.egg-info/SOURCES.txt'
[4.711s] writing manifest file '../../build/py_pubsub/py_pubsub.egg-info/SOURCES.txt'
[4.712s] running build
[4.713s] running build_py
[4.714s] running install
[4.715s] running install_lib
[4.716s] running install_data
[4.717s] running install_egg_info
[4.727s] removing '/home/olivier/ros2_ws/install/py_pubsub/lib/python3.10/site-packages/py_pubsub-0.0.0-py3.10.egg-info' (and everything under it)
[4.741s] Copying ../../build/py_pubsub/py_pubsub.egg-info to /home/olivier/ros2_ws/install/py_pubsub/lib/python3.10/site-packages/py_pubsub-0.0.0-py3.10.egg-info
[4.742s] running install_scripts
[4.910s] Installing listener script to /home/olivier/ros2_ws/install/py_pubsub/lib/py_pubsub
[4.911s] Installing talker script to /home/olivier/ros2_ws/install/py_pubsub/lib/py_pubsub
[4.914s] writing list of installed files to '/home/olivier/ros2_ws/build/py_pubsub/install.log'
[5.520s] Invoked command in '/home/olivier/ros2_ws/src/py_pubsub' returned '0': PYTHONPATH=/home/olivier/ros2_ws/build/py_pubsub/prefix_override:/home/olivier/ros2_ws/install/py_pubsub/lib/python3.10/site-packages:${PYTHONPATH} /usr/bin/python3 -W ignore:setup.py install is deprecated setup.py egg_info --egg-base ../../build/py_pubsub build --build-base /home/olivier/ros2_ws/build/py_pubsub/build install --record /home/olivier/ros2_ws/build/py_pubsub/install.log --single-version-externally-managed install_data
