[11.928s] Invoking command in '/home/olivier/ros2_ws/src/USV_formation_control_1-ros2': PYTHONPATH=/home/olivier/ros2_ws/build/usv_formation_control_1/prefix_override:/home/olivier/ros2_ws/install/usv_formation_control_1/lib/python3.10/site-packages:${PYTHONPATH} /usr/bin/python3 -W ignore:setup.py install is deprecated setup.py egg_info --egg-base ../../build/usv_formation_control_1 build --build-base /home/olivier/ros2_ws/build/usv_formation_control_1/build install --record /home/olivier/ros2_ws/build/usv_formation_control_1/install.log --single-version-externally-managed install_data
[14.246s] running egg_info
[14.252s] writing ../../build/usv_formation_control_1/usv_formation_control_1.egg-info/PKG-INFO
[14.252s] writing dependency_links to ../../build/usv_formation_control_1/usv_formation_control_1.egg-info/dependency_links.txt
[14.253s] writing entry points to ../../build/usv_formation_control_1/usv_formation_control_1.egg-info/entry_points.txt
[14.254s] writing requirements to ../../build/usv_formation_control_1/usv_formation_control_1.egg-info/requires.txt
[14.254s] writing top-level names to ../../build/usv_formation_control_1/usv_formation_control_1.egg-info/top_level.txt
[14.264s] reading manifest file '../../build/usv_formation_control_1/usv_formation_control_1.egg-info/SOURCES.txt'
[14.269s] writing manifest file '../../build/usv_formation_control_1/usv_formation_control_1.egg-info/SOURCES.txt'
[14.269s] running build
[14.270s] running build_py
[14.271s] running install
[14.273s] running install_lib
[14.280s] running install_data
[14.281s] running install_egg_info
[14.291s] removing '/home/olivier/ros2_ws/install/usv_formation_control_1/lib/python3.10/site-packages/usv_formation_control_1-0.0.0-py3.10.egg-info' (and everything under it)
[14.292s] Copying ../../build/usv_formation_control_1/usv_formation_control_1.egg-info to /home/olivier/ros2_ws/install/usv_formation_control_1/lib/python3.10/site-packages/usv_formation_control_1-0.0.0-py3.10.egg-info
[14.297s] running install_scripts
[14.422s] Installing formation_configuration_broadcaster_1 script to /home/olivier/ros2_ws/install/usv_formation_control_1/lib/usv_formation_control_1
[14.422s] Installing formation_trajectory_planner script to /home/olivier/ros2_ws/install/usv_formation_control_1/lib/usv_formation_control_1
[14.423s] Installing vessel_reference_generator script to /home/olivier/ros2_ws/install/usv_formation_control_1/lib/usv_formation_control_1
[14.423s] writing list of installed files to '/home/olivier/ros2_ws/build/usv_formation_control_1/install.log'
[14.542s] Invoked command in '/home/olivier/ros2_ws/src/USV_formation_control_1-ros2' returned '0': PYTHONPATH=/home/olivier/ros2_ws/build/usv_formation_control_1/prefix_override:/home/olivier/ros2_ws/install/usv_formation_control_1/lib/python3.10/site-packages:${PYTHONPATH} /usr/bin/python3 -W ignore:setup.py install is deprecated setup.py egg_info --egg-base ../../build/usv_formation_control_1 build --build-base /home/olivier/ros2_ws/build/usv_formation_control_1/build install --record /home/olivier/ros2_ws/build/usv_formation_control_1/install.log --single-version-externally-managed install_data
