[0.258s] DEBUG:colcon:Command line arguments: ['/home/olivier/.local/bin/colcon', 'build']
[0.258s] DEBUG:colcon:Parsed command line arguments: Namespace(log_base=None, log_level=None, verb_name='build', build_base='build', install_base='install', merge_install=False, symlink_install=False, test_result_base=None, continue_on_error=False, executor='parallel', parallel_workers=4, event_handlers=None, ignore_user_meta=False, metas=['./colcon.meta'], base_paths=['.'], packages_ignore=None, packages_ignore_regex=None, paths=None, packages_up_to=None, packages_up_to_regex=None, packages_above=None, packages_above_and_dependencies=None, packages_above_depth=None, packages_select_by_dep=None, packages_skip_by_dep=None, packages_skip_up_to=None, packages_select_build_failed=False, packages_skip_build_finished=False, packages_select_test_failures=False, packages_skip_test_passed=False, packages_select=None, packages_skip=None, packages_select_regex=None, packages_skip_regex=None, packages_start=None, packages_end=None, cmake_args=None, cmake_target=None, cmake_target_skip_unavailable=False, cmake_clean_cache=False, cmake_clean_first=False, cmake_force_configure=False, ament_cmake_args=None, catkin_cmake_args=None, catkin_skip_building_tests=False, verb_parser=<colcon_defaults.argument_parser.defaults.DefaultArgumentsDecorator object at 0x7401b985aad0>, verb_extension=<colcon_core.verb.build.BuildVerb object at 0x7401b985a500>, main=<bound method BuildVerb.main of <colcon_core.verb.build.BuildVerb object at 0x7401b985a500>>)
[0.516s] Level 1:colcon.colcon_core.package_discovery:discover_packages(colcon_meta) check parameters
[0.517s] Level 1:colcon.colcon_core.package_discovery:discover_packages(recursive) check parameters
[0.517s] Level 1:colcon.colcon_core.package_discovery:discover_packages(ignore) check parameters
[0.517s] Level 1:colcon.colcon_core.package_discovery:discover_packages(path) check parameters
[0.517s] Level 1:colcon.colcon_core.package_discovery:discover_packages(colcon_meta) discover
[0.517s] Level 1:colcon.colcon_core.package_discovery:discover_packages(recursive) discover
[0.517s] INFO:colcon.colcon_core.package_discovery:Crawling recursively for packages in '/home/olivier/ros2_ws'
[0.517s] Level 1:colcon.colcon_core.package_identification:_identify(.) by extensions ['ignore', 'ignore_ament_install']
[0.517s] Level 1:colcon.colcon_core.package_identification:_identify(.) by extension 'ignore'
[0.517s] Level 1:colcon.colcon_core.package_identification:_identify(.) by extension 'ignore_ament_install'
[0.517s] Level 1:colcon.colcon_core.package_identification:_identify(.) by extensions ['colcon_pkg']
[0.517s] Level 1:colcon.colcon_core.package_identification:_identify(.) by extension 'colcon_pkg'
[0.517s] Level 1:colcon.colcon_core.package_identification:_identify(.) by extensions ['colcon_meta']
[0.517s] Level 1:colcon.colcon_core.package_identification:_identify(.) by extension 'colcon_meta'
[0.517s] Level 1:colcon.colcon_core.package_identification:_identify(.) by extensions ['ros']
[0.517s] Level 1:colcon.colcon_core.package_identification:_identify(.) by extension 'ros'
[0.530s] Level 1:colcon.colcon_core.package_identification:_identify(.) by extensions ['cmake', 'python']
[0.530s] Level 1:colcon.colcon_core.package_identification:_identify(.) by extension 'cmake'
[0.530s] Level 1:colcon.colcon_core.package_identification:_identify(.) by extension 'python'
[0.530s] Level 1:colcon.colcon_core.package_identification:_identify(.) by extensions ['python_setup_py']
[0.530s] Level 1:colcon.colcon_core.package_identification:_identify(.) by extension 'python_setup_py'
[0.530s] Level 1:colcon.colcon_core.package_identification:_identify(build) by extensions ['ignore', 'ignore_ament_install']
[0.530s] Level 1:colcon.colcon_core.package_identification:_identify(build) by extension 'ignore'
[0.530s] Level 1:colcon.colcon_core.package_identification:_identify(build) ignored
[0.531s] Level 1:colcon.colcon_core.package_identification:_identify(install) by extensions ['ignore', 'ignore_ament_install']
[0.531s] Level 1:colcon.colcon_core.package_identification:_identify(install) by extension 'ignore'
[0.531s] Level 1:colcon.colcon_core.package_identification:_identify(install) ignored
[0.531s] Level 1:colcon.colcon_core.package_identification:_identify(log) by extensions ['ignore', 'ignore_ament_install']
[0.531s] Level 1:colcon.colcon_core.package_identification:_identify(log) by extension 'ignore'
[0.531s] Level 1:colcon.colcon_core.package_identification:_identify(log) ignored
[0.531s] Level 1:colcon.colcon_core.package_identification:_identify(src) by extensions ['ignore', 'ignore_ament_install']
[0.531s] Level 1:colcon.colcon_core.package_identification:_identify(src) by extension 'ignore'
[0.532s] Level 1:colcon.colcon_core.package_identification:_identify(src) by extension 'ignore_ament_install'
[0.532s] Level 1:colcon.colcon_core.package_identification:_identify(src) by extensions ['colcon_pkg']
[0.532s] Level 1:colcon.colcon_core.package_identification:_identify(src) by extension 'colcon_pkg'
[0.532s] Level 1:colcon.colcon_core.package_identification:_identify(src) by extensions ['colcon_meta']
[0.532s] Level 1:colcon.colcon_core.package_identification:_identify(src) by extension 'colcon_meta'
[0.532s] Level 1:colcon.colcon_core.package_identification:_identify(src) by extensions ['ros']
[0.532s] Level 1:colcon.colcon_core.package_identification:_identify(src) by extension 'ros'
[0.532s] Level 1:colcon.colcon_core.package_identification:_identify(src) by extensions ['cmake', 'python']
[0.532s] Level 1:colcon.colcon_core.package_identification:_identify(src) by extension 'cmake'
[0.532s] Level 1:colcon.colcon_core.package_identification:_identify(src) by extension 'python'
[0.532s] Level 1:colcon.colcon_core.package_identification:_identify(src) by extensions ['python_setup_py']
[0.532s] Level 1:colcon.colcon_core.package_identification:_identify(src) by extension 'python_setup_py'
[0.532s] Level 1:colcon.colcon_core.package_identification:_identify(src/TurtleBoat-ros2) by extensions ['ignore', 'ignore_ament_install']
[0.532s] Level 1:colcon.colcon_core.package_identification:_identify(src/TurtleBoat-ros2) by extension 'ignore'
[0.532s] Level 1:colcon.colcon_core.package_identification:_identify(src/TurtleBoat-ros2) by extension 'ignore_ament_install'
[0.532s] Level 1:colcon.colcon_core.package_identification:_identify(src/TurtleBoat-ros2) by extensions ['colcon_pkg']
[0.532s] Level 1:colcon.colcon_core.package_identification:_identify(src/TurtleBoat-ros2) by extension 'colcon_pkg'
[0.532s] Level 1:colcon.colcon_core.package_identification:_identify(src/TurtleBoat-ros2) by extensions ['colcon_meta']
[0.532s] Level 1:colcon.colcon_core.package_identification:_identify(src/TurtleBoat-ros2) by extension 'colcon_meta'
[0.533s] Level 1:colcon.colcon_core.package_identification:_identify(src/TurtleBoat-ros2) by extensions ['ros']
[0.533s] Level 1:colcon.colcon_core.package_identification:_identify(src/TurtleBoat-ros2) by extension 'ros'
[0.536s] DEBUG:colcon.colcon_core.package_identification:Package 'src/TurtleBoat-ros2' with type 'ros.ament_python' and name 'turtleboat'
[0.536s] Level 1:colcon.colcon_core.package_identification:_identify(src/USV_formation_control_1-ros2) by extensions ['ignore', 'ignore_ament_install']
[0.536s] Level 1:colcon.colcon_core.package_identification:_identify(src/USV_formation_control_1-ros2) by extension 'ignore'
[0.536s] Level 1:colcon.colcon_core.package_identification:_identify(src/USV_formation_control_1-ros2) by extension 'ignore_ament_install'
[0.536s] Level 1:colcon.colcon_core.package_identification:_identify(src/USV_formation_control_1-ros2) by extensions ['colcon_pkg']
[0.536s] Level 1:colcon.colcon_core.package_identification:_identify(src/USV_formation_control_1-ros2) by extension 'colcon_pkg'
[0.536s] Level 1:colcon.colcon_core.package_identification:_identify(src/USV_formation_control_1-ros2) by extensions ['colcon_meta']
[0.536s] Level 1:colcon.colcon_core.package_identification:_identify(src/USV_formation_control_1-ros2) by extension 'colcon_meta'
[0.536s] Level 1:colcon.colcon_core.package_identification:_identify(src/USV_formation_control_1-ros2) by extensions ['ros']
[0.536s] Level 1:colcon.colcon_core.package_identification:_identify(src/USV_formation_control_1-ros2) by extension 'ros'
[0.537s] DEBUG:colcon.colcon_core.package_identification:Package 'src/USV_formation_control_1-ros2' with type 'ros.ament_python' and name 'usv_formation_control_1'
[0.537s] Level 1:colcon.colcon_core.package_identification:_identify(src/boat_controller) by extensions ['ignore', 'ignore_ament_install']
[0.537s] Level 1:colcon.colcon_core.package_identification:_identify(src/boat_controller) by extension 'ignore'
[0.537s] Level 1:colcon.colcon_core.package_identification:_identify(src/boat_controller) by extension 'ignore_ament_install'
[0.537s] Level 1:colcon.colcon_core.package_identification:_identify(src/boat_controller) by extensions ['colcon_pkg']
[0.537s] Level 1:colcon.colcon_core.package_identification:_identify(src/boat_controller) by extension 'colcon_pkg'
[0.537s] Level 1:colcon.colcon_core.package_identification:_identify(src/boat_controller) by extensions ['colcon_meta']
[0.537s] Level 1:colcon.colcon_core.package_identification:_identify(src/boat_controller) by extension 'colcon_meta'
[0.538s] Level 1:colcon.colcon_core.package_identification:_identify(src/boat_controller) by extensions ['ros']
[0.538s] Level 1:colcon.colcon_core.package_identification:_identify(src/boat_controller) by extension 'ros'
[0.538s] DEBUG:colcon.colcon_core.package_identification:Package 'src/boat_controller' with type 'ros.ament_python' and name 'boat_controller'
[0.539s] Level 1:colcon.colcon_core.package_identification:_identify(src/build) by extensions ['ignore', 'ignore_ament_install']
[0.539s] Level 1:colcon.colcon_core.package_identification:_identify(src/build) by extension 'ignore'
[0.539s] Level 1:colcon.colcon_core.package_identification:_identify(src/build) ignored
[0.539s] Level 1:colcon.colcon_core.package_identification:_identify(src/install) by extensions ['ignore', 'ignore_ament_install']
[0.539s] Level 1:colcon.colcon_core.package_identification:_identify(src/install) by extension 'ignore'
[0.539s] Level 1:colcon.colcon_core.package_identification:_identify(src/install) ignored
[0.540s] Level 1:colcon.colcon_core.package_identification:_identify(src/log) by extensions ['ignore', 'ignore_ament_install']
[0.540s] Level 1:colcon.colcon_core.package_identification:_identify(src/log) by extension 'ignore'
[0.540s] Level 1:colcon.colcon_core.package_identification:_identify(src/log) ignored
[0.540s] Level 1:colcon.colcon_core.package_identification:_identify(src/py_pubsub) by extensions ['ignore', 'ignore_ament_install']
[0.540s] Level 1:colcon.colcon_core.package_identification:_identify(src/py_pubsub) by extension 'ignore'
[0.540s] Level 1:colcon.colcon_core.package_identification:_identify(src/py_pubsub) by extension 'ignore_ament_install'
[0.540s] Level 1:colcon.colcon_core.package_identification:_identify(src/py_pubsub) by extensions ['colcon_pkg']
[0.540s] Level 1:colcon.colcon_core.package_identification:_identify(src/py_pubsub) by extension 'colcon_pkg'
[0.540s] Level 1:colcon.colcon_core.package_identification:_identify(src/py_pubsub) by extensions ['colcon_meta']
[0.540s] Level 1:colcon.colcon_core.package_identification:_identify(src/py_pubsub) by extension 'colcon_meta'
[0.541s] Level 1:colcon.colcon_core.package_identification:_identify(src/py_pubsub) by extensions ['ros']
[0.541s] Level 1:colcon.colcon_core.package_identification:_identify(src/py_pubsub) by extension 'ros'
[0.541s] DEBUG:colcon.colcon_core.package_identification:Package 'src/py_pubsub' with type 'ros.ament_python' and name 'py_pubsub'
[0.541s] Level 1:colcon.colcon_core.package_identification:_identify(src/ras_ros_core_control_modules-main) by extensions ['ignore', 'ignore_ament_install']
[0.541s] Level 1:colcon.colcon_core.package_identification:_identify(src/ras_ros_core_control_modules-main) by extension 'ignore'
[0.542s] Level 1:colcon.colcon_core.package_identification:_identify(src/ras_ros_core_control_modules-main) by extension 'ignore_ament_install'
[0.542s] Level 1:colcon.colcon_core.package_identification:_identify(src/ras_ros_core_control_modules-main) by extensions ['colcon_pkg']
[0.542s] Level 1:colcon.colcon_core.package_identification:_identify(src/ras_ros_core_control_modules-main) by extension 'colcon_pkg'
[0.542s] Level 1:colcon.colcon_core.package_identification:_identify(src/ras_ros_core_control_modules-main) by extensions ['colcon_meta']
[0.542s] Level 1:colcon.colcon_core.package_identification:_identify(src/ras_ros_core_control_modules-main) by extension 'colcon_meta'
[0.542s] Level 1:colcon.colcon_core.package_identification:_identify(src/ras_ros_core_control_modules-main) by extensions ['ros']
[0.542s] Level 1:colcon.colcon_core.package_identification:_identify(src/ras_ros_core_control_modules-main) by extension 'ros'
[0.542s] DEBUG:colcon.colcon_core.package_identification:Package 'src/ras_ros_core_control_modules-main' with type 'ros.ament_python' and name 'ras_ros_core_control_modules'
[0.543s] Level 1:colcon.colcon_core.package_identification:_identify(src/ras_urdf_common-main) by extensions ['ignore', 'ignore_ament_install']
[0.543s] Level 1:colcon.colcon_core.package_identification:_identify(src/ras_urdf_common-main) by extension 'ignore'
[0.543s] Level 1:colcon.colcon_core.package_identification:_identify(src/ras_urdf_common-main) by extension 'ignore_ament_install'
[0.543s] Level 1:colcon.colcon_core.package_identification:_identify(src/ras_urdf_common-main) by extensions ['colcon_pkg']
[0.543s] Level 1:colcon.colcon_core.package_identification:_identify(src/ras_urdf_common-main) by extension 'colcon_pkg'
[0.543s] Level 1:colcon.colcon_core.package_identification:_identify(src/ras_urdf_common-main) by extensions ['colcon_meta']
[0.543s] Level 1:colcon.colcon_core.package_identification:_identify(src/ras_urdf_common-main) by extension 'colcon_meta'
[0.543s] Level 1:colcon.colcon_core.package_identification:_identify(src/ras_urdf_common-main) by extensions ['ros']
[0.543s] Level 1:colcon.colcon_core.package_identification:_identify(src/ras_urdf_common-main) by extension 'ros'
[0.544s] DEBUG:colcon.colcon_core.package_identification:Package 'src/ras_urdf_common-main' with type 'ros.ament_cmake' and name 'ras_urdf_common'
[0.545s] Level 1:colcon.colcon_core.package_identification:_identify(venv) by extensions ['ignore', 'ignore_ament_install']
[0.545s] Level 1:colcon.colcon_core.package_identification:_identify(venv) by extension 'ignore'
[0.545s] Level 1:colcon.colcon_core.package_identification:_identify(venv) by extension 'ignore_ament_install'
[0.545s] Level 1:colcon.colcon_core.package_identification:_identify(venv) by extensions ['colcon_pkg']
[0.545s] Level 1:colcon.colcon_core.package_identification:_identify(venv) by extension 'colcon_pkg'
[0.545s] Level 1:colcon.colcon_core.package_identification:_identify(venv) by extensions ['colcon_meta']
[0.545s] Level 1:colcon.colcon_core.package_identification:_identify(venv) by extension 'colcon_meta'
[0.545s] Level 1:colcon.colcon_core.package_identification:_identify(venv) by extensions ['ros']
[0.545s] Level 1:colcon.colcon_core.package_identification:_identify(venv) by extension 'ros'
[0.545s] Level 1:colcon.colcon_core.package_identification:_identify(venv) by extensions ['cmake', 'python']
[0.545s] Level 1:colcon.colcon_core.package_identification:_identify(venv) by extension 'cmake'
[0.545s] Level 1:colcon.colcon_core.package_identification:_identify(venv) by extension 'python'
[0.545s] Level 1:colcon.colcon_core.package_identification:_identify(venv) by extensions ['python_setup_py']
[0.545s] Level 1:colcon.colcon_core.package_identification:_identify(venv) by extension 'python_setup_py'
[0.546s] Level 1:colcon.colcon_core.package_identification:_identify(venv/bin) by extensions ['ignore', 'ignore_ament_install']
[0.546s] Level 1:colcon.colcon_core.package_identification:_identify(venv/bin) by extension 'ignore'
[0.546s] Level 1:colcon.colcon_core.package_identification:_identify(venv/bin) by extension 'ignore_ament_install'
[0.546s] Level 1:colcon.colcon_core.package_identification:_identify(venv/bin) by extensions ['colcon_pkg']
[0.546s] Level 1:colcon.colcon_core.package_identification:_identify(venv/bin) by extension 'colcon_pkg'
[0.547s] Level 1:colcon.colcon_core.package_identification:_identify(venv/bin) by extensions ['colcon_meta']
[0.547s] Level 1:colcon.colcon_core.package_identification:_identify(venv/bin) by extension 'colcon_meta'
[0.547s] Level 1:colcon.colcon_core.package_identification:_identify(venv/bin) by extensions ['ros']
[0.547s] Level 1:colcon.colcon_core.package_identification:_identify(venv/bin) by extension 'ros'
[0.547s] Level 1:colcon.colcon_core.package_identification:_identify(venv/bin) by extensions ['cmake', 'python']
[0.547s] Level 1:colcon.colcon_core.package_identification:_identify(venv/bin) by extension 'cmake'
[0.547s] Level 1:colcon.colcon_core.package_identification:_identify(venv/bin) by extension 'python'
[0.547s] Level 1:colcon.colcon_core.package_identification:_identify(venv/bin) by extensions ['python_setup_py']
[0.547s] Level 1:colcon.colcon_core.package_identification:_identify(venv/bin) by extension 'python_setup_py'
[0.548s] Level 1:colcon.colcon_core.package_identification:_identify(venv/include) by extensions ['ignore', 'ignore_ament_install']
[0.548s] Level 1:colcon.colcon_core.package_identification:_identify(venv/include) by extension 'ignore'
[0.548s] Level 1:colcon.colcon_core.package_identification:_identify(venv/include) by extension 'ignore_ament_install'
[0.548s] Level 1:colcon.colcon_core.package_identification:_identify(venv/include) by extensions ['colcon_pkg']
[0.548s] Level 1:colcon.colcon_core.package_identification:_identify(venv/include) by extension 'colcon_pkg'
[0.548s] Level 1:colcon.colcon_core.package_identification:_identify(venv/include) by extensions ['colcon_meta']
[0.548s] Level 1:colcon.colcon_core.package_identification:_identify(venv/include) by extension 'colcon_meta'
[0.548s] Level 1:colcon.colcon_core.package_identification:_identify(venv/include) by extensions ['ros']
[0.548s] Level 1:colcon.colcon_core.package_identification:_identify(venv/include) by extension 'ros'
[0.548s] Level 1:colcon.colcon_core.package_identification:_identify(venv/include) by extensions ['cmake', 'python']
[0.548s] Level 1:colcon.colcon_core.package_identification:_identify(venv/include) by extension 'cmake'
[0.548s] Level 1:colcon.colcon_core.package_identification:_identify(venv/include) by extension 'python'
[0.548s] Level 1:colcon.colcon_core.package_identification:_identify(venv/include) by extensions ['python_setup_py']
[0.549s] Level 1:colcon.colcon_core.package_identification:_identify(venv/include) by extension 'python_setup_py'
[0.549s] Level 1:colcon.colcon_core.package_identification:_identify(venv/lib) by extensions ['ignore', 'ignore_ament_install']
[0.549s] Level 1:colcon.colcon_core.package_identification:_identify(venv/lib) by extension 'ignore'
[0.549s] Level 1:colcon.colcon_core.package_identification:_identify(venv/lib) by extension 'ignore_ament_install'
[0.549s] Level 1:colcon.colcon_core.package_identification:_identify(venv/lib) by extensions ['colcon_pkg']
[0.549s] Level 1:colcon.colcon_core.package_identification:_identify(venv/lib) by extension 'colcon_pkg'
[0.549s] Level 1:colcon.colcon_core.package_identification:_identify(venv/lib) by extensions ['colcon_meta']
[0.549s] Level 1:colcon.colcon_core.package_identification:_identify(venv/lib) by extension 'colcon_meta'
[0.549s] Level 1:colcon.colcon_core.package_identification:_identify(venv/lib) by extensions ['ros']
[0.549s] Level 1:colcon.colcon_core.package_identification:_identify(venv/lib) by extension 'ros'
[0.549s] Level 1:colcon.colcon_core.package_identification:_identify(venv/lib) by extensions ['cmake', 'python']
[0.549s] Level 1:colcon.colcon_core.package_identification:_identify(venv/lib) by extension 'cmake'
[0.550s] Level 1:colcon.colcon_core.package_identification:_identify(venv/lib) by extension 'python'
[0.550s] Level 1:colcon.colcon_core.package_identification:_identify(venv/lib) by extensions ['python_setup_py']
[0.550s] Level 1:colcon.colcon_core.package_identification:_identify(venv/lib) by extension 'python_setup_py'
[0.550s] Level 1:colcon.colcon_core.package_identification:_identify(venv/lib/python3.10) by extensions ['ignore', 'ignore_ament_install']
[0.550s] Level 1:colcon.colcon_core.package_identification:_identify(venv/lib/python3.10) by extension 'ignore'
[0.550s] Level 1:colcon.colcon_core.package_identification:_identify(venv/lib/python3.10) by extension 'ignore_ament_install'
[0.550s] Level 1:colcon.colcon_core.package_identification:_identify(venv/lib/python3.10) by extensions ['colcon_pkg']
[0.550s] Level 1:colcon.colcon_core.package_identification:_identify(venv/lib/python3.10) by extension 'colcon_pkg'
[0.550s] Level 1:colcon.colcon_core.package_identification:_identify(venv/lib/python3.10) by extensions ['colcon_meta']
[0.550s] Level 1:colcon.colcon_core.package_identification:_identify(venv/lib/python3.10) by extension 'colcon_meta'
[0.550s] Level 1:colcon.colcon_core.package_identification:_identify(venv/lib/python3.10) by extensions ['ros']
[0.550s] Level 1:colcon.colcon_core.package_identification:_identify(venv/lib/python3.10) by extension 'ros'
[0.551s] Level 1:colcon.colcon_core.package_identification:_identify(venv/lib/python3.10) by extensions ['cmake', 'python']
[0.551s] Level 1:colcon.colcon_core.package_identification:_identify(venv/lib/python3.10) by extension 'cmake'
[0.551s] Level 1:colcon.colcon_core.package_identification:_identify(venv/lib/python3.10) by extension 'python'
[0.551s] Level 1:colcon.colcon_core.package_identification:_identify(venv/lib/python3.10) by extensions ['python_setup_py']
[0.551s] Level 1:colcon.colcon_core.package_identification:_identify(venv/lib/python3.10) by extension 'python_setup_py'
[0.551s] Level 1:colcon.colcon_core.package_identification:_identify(venv/lib/python3.10/site-packages) by extensions ['ignore', 'ignore_ament_install']
[0.551s] Level 1:colcon.colcon_core.package_identification:_identify(venv/lib/python3.10/site-packages) by extension 'ignore'
[0.551s] Level 1:colcon.colcon_core.package_identification:_identify(venv/lib/python3.10/site-packages) by extension 'ignore_ament_install'
[0.551s] Level 1:colcon.colcon_core.package_identification:_identify(venv/lib/python3.10/site-packages) by extensions ['colcon_pkg']
[0.551s] Level 1:colcon.colcon_core.package_identification:_identify(venv/lib/python3.10/site-packages) by extension 'colcon_pkg'
[0.551s] Level 1:colcon.colcon_core.package_identification:_identify(venv/lib/python3.10/site-packages) by extensions ['colcon_meta']
[0.551s] Level 1:colcon.colcon_core.package_identification:_identify(venv/lib/python3.10/site-packages) by extension 'colcon_meta'
[0.552s] Level 1:colcon.colcon_core.package_identification:_identify(venv/lib/python3.10/site-packages) by extensions ['ros']
[0.552s] Level 1:colcon.colcon_core.package_identification:_identify(venv/lib/python3.10/site-packages) by extension 'ros'
[0.552s] Level 1:colcon.colcon_core.package_identification:_identify(venv/lib/python3.10/site-packages) by extensions ['cmake', 'python']
[0.552s] Level 1:colcon.colcon_core.package_identification:_identify(venv/lib/python3.10/site-packages) by extension 'cmake'
[0.552s] Level 1:colcon.colcon_core.package_identification:_identify(venv/lib/python3.10/site-packages) by extension 'python'
[0.552s] Level 1:colcon.colcon_core.package_identification:_identify(venv/lib/python3.10/site-packages) by extensions ['python_setup_py']
[0.552s] Level 1:colcon.colcon_core.package_identification:_identify(venv/lib/python3.10/site-packages) by extension 'python_setup_py'
[0.552s] Level 1:colcon.colcon_core.package_discovery:discover_packages(recursive) using defaults
[0.552s] Level 1:colcon.colcon_core.package_discovery:discover_packages(ignore) discover
[0.552s] Level 1:colcon.colcon_core.package_discovery:discover_packages(ignore) using defaults
[0.552s] Level 1:colcon.colcon_core.package_discovery:discover_packages(path) discover
[0.552s] Level 1:colcon.colcon_core.package_discovery:discover_packages(path) using defaults
[0.584s] Level 5:colcon.colcon_core.verb:set package 'boat_controller' build argument 'cmake_args' from command line to 'None'
[0.585s] Level 5:colcon.colcon_core.verb:set package 'boat_controller' build argument 'cmake_target' from command line to 'None'
[0.585s] Level 5:colcon.colcon_core.verb:set package 'boat_controller' build argument 'cmake_target_skip_unavailable' from command line to 'False'
[0.585s] Level 5:colcon.colcon_core.verb:set package 'boat_controller' build argument 'cmake_clean_cache' from command line to 'False'
[0.585s] Level 5:colcon.colcon_core.verb:set package 'boat_controller' build argument 'cmake_clean_first' from command line to 'False'
[0.585s] Level 5:colcon.colcon_core.verb:set package 'boat_controller' build argument 'cmake_force_configure' from command line to 'False'
[0.585s] Level 5:colcon.colcon_core.verb:set package 'boat_controller' build argument 'ament_cmake_args' from command line to 'None'
[0.585s] Level 5:colcon.colcon_core.verb:set package 'boat_controller' build argument 'catkin_cmake_args' from command line to 'None'
[0.585s] Level 5:colcon.colcon_core.verb:set package 'boat_controller' build argument 'catkin_skip_building_tests' from command line to 'False'
[0.585s] DEBUG:colcon.colcon_core.verb:Building package 'boat_controller' with the following arguments: {'ament_cmake_args': None, 'build_base': '/home/olivier/ros2_ws/build/boat_controller', 'catkin_cmake_args': None, 'catkin_skip_building_tests': False, 'cmake_args': None, 'cmake_clean_cache': False, 'cmake_clean_first': False, 'cmake_force_configure': False, 'cmake_target': None, 'cmake_target_skip_unavailable': False, 'install_base': '/home/olivier/ros2_ws/install/boat_controller', 'merge_install': False, 'path': '/home/olivier/ros2_ws/src/boat_controller', 'symlink_install': False, 'test_result_base': None}
[0.585s] Level 5:colcon.colcon_core.verb:set package 'py_pubsub' build argument 'cmake_args' from command line to 'None'
[0.585s] Level 5:colcon.colcon_core.verb:set package 'py_pubsub' build argument 'cmake_target' from command line to 'None'
[0.585s] Level 5:colcon.colcon_core.verb:set package 'py_pubsub' build argument 'cmake_target_skip_unavailable' from command line to 'False'
[0.585s] Level 5:colcon.colcon_core.verb:set package 'py_pubsub' build argument 'cmake_clean_cache' from command line to 'False'
[0.585s] Level 5:colcon.colcon_core.verb:set package 'py_pubsub' build argument 'cmake_clean_first' from command line to 'False'
[0.585s] Level 5:colcon.colcon_core.verb:set package 'py_pubsub' build argument 'cmake_force_configure' from command line to 'False'
[0.585s] Level 5:colcon.colcon_core.verb:set package 'py_pubsub' build argument 'ament_cmake_args' from command line to 'None'
[0.585s] Level 5:colcon.colcon_core.verb:set package 'py_pubsub' build argument 'catkin_cmake_args' from command line to 'None'
[0.585s] Level 5:colcon.colcon_core.verb:set package 'py_pubsub' build argument 'catkin_skip_building_tests' from command line to 'False'
[0.585s] DEBUG:colcon.colcon_core.verb:Building package 'py_pubsub' with the following arguments: {'ament_cmake_args': None, 'build_base': '/home/olivier/ros2_ws/build/py_pubsub', 'catkin_cmake_args': None, 'catkin_skip_building_tests': False, 'cmake_args': None, 'cmake_clean_cache': False, 'cmake_clean_first': False, 'cmake_force_configure': False, 'cmake_target': None, 'cmake_target_skip_unavailable': False, 'install_base': '/home/olivier/ros2_ws/install/py_pubsub', 'merge_install': False, 'path': '/home/olivier/ros2_ws/src/py_pubsub', 'symlink_install': False, 'test_result_base': None}
[0.586s] Level 5:colcon.colcon_core.verb:set package 'ras_ros_core_control_modules' build argument 'cmake_args' from command line to 'None'
[0.586s] Level 5:colcon.colcon_core.verb:set package 'ras_ros_core_control_modules' build argument 'cmake_target' from command line to 'None'
[0.586s] Level 5:colcon.colcon_core.verb:set package 'ras_ros_core_control_modules' build argument 'cmake_target_skip_unavailable' from command line to 'False'
[0.586s] Level 5:colcon.colcon_core.verb:set package 'ras_ros_core_control_modules' build argument 'cmake_clean_cache' from command line to 'False'
[0.586s] Level 5:colcon.colcon_core.verb:set package 'ras_ros_core_control_modules' build argument 'cmake_clean_first' from command line to 'False'
[0.586s] Level 5:colcon.colcon_core.verb:set package 'ras_ros_core_control_modules' build argument 'cmake_force_configure' from command line to 'False'
[0.586s] Level 5:colcon.colcon_core.verb:set package 'ras_ros_core_control_modules' build argument 'ament_cmake_args' from command line to 'None'
[0.586s] Level 5:colcon.colcon_core.verb:set package 'ras_ros_core_control_modules' build argument 'catkin_cmake_args' from command line to 'None'
[0.586s] Level 5:colcon.colcon_core.verb:set package 'ras_ros_core_control_modules' build argument 'catkin_skip_building_tests' from command line to 'False'
[0.586s] DEBUG:colcon.colcon_core.verb:Building package 'ras_ros_core_control_modules' with the following arguments: {'ament_cmake_args': None, 'build_base': '/home/olivier/ros2_ws/build/ras_ros_core_control_modules', 'catkin_cmake_args': None, 'catkin_skip_building_tests': False, 'cmake_args': None, 'cmake_clean_cache': False, 'cmake_clean_first': False, 'cmake_force_configure': False, 'cmake_target': None, 'cmake_target_skip_unavailable': False, 'install_base': '/home/olivier/ros2_ws/install/ras_ros_core_control_modules', 'merge_install': False, 'path': '/home/olivier/ros2_ws/src/ras_ros_core_control_modules-main', 'symlink_install': False, 'test_result_base': None}
[0.586s] Level 5:colcon.colcon_core.verb:set package 'ras_urdf_common' build argument 'cmake_args' from command line to 'None'
[0.586s] Level 5:colcon.colcon_core.verb:set package 'ras_urdf_common' build argument 'cmake_target' from command line to 'None'
[0.586s] Level 5:colcon.colcon_core.verb:set package 'ras_urdf_common' build argument 'cmake_target_skip_unavailable' from command line to 'False'
[0.586s] Level 5:colcon.colcon_core.verb:set package 'ras_urdf_common' build argument 'cmake_clean_cache' from command line to 'False'
[0.586s] Level 5:colcon.colcon_core.verb:set package 'ras_urdf_common' build argument 'cmake_clean_first' from command line to 'False'
[0.586s] Level 5:colcon.colcon_core.verb:set package 'ras_urdf_common' build argument 'cmake_force_configure' from command line to 'False'
[0.586s] Level 5:colcon.colcon_core.verb:set package 'ras_urdf_common' build argument 'ament_cmake_args' from command line to 'None'
[0.587s] Level 5:colcon.colcon_core.verb:set package 'ras_urdf_common' build argument 'catkin_cmake_args' from command line to 'None'
[0.587s] Level 5:colcon.colcon_core.verb:set package 'ras_urdf_common' build argument 'catkin_skip_building_tests' from command line to 'False'
[0.587s] DEBUG:colcon.colcon_core.verb:Building package 'ras_urdf_common' with the following arguments: {'ament_cmake_args': None, 'build_base': '/home/olivier/ros2_ws/build/ras_urdf_common', 'catkin_cmake_args': None, 'catkin_skip_building_tests': False, 'cmake_args': None, 'cmake_clean_cache': False, 'cmake_clean_first': False, 'cmake_force_configure': False, 'cmake_target': None, 'cmake_target_skip_unavailable': False, 'install_base': '/home/olivier/ros2_ws/install/ras_urdf_common', 'merge_install': False, 'path': '/home/olivier/ros2_ws/src/ras_urdf_common-main', 'symlink_install': False, 'test_result_base': None}
[0.587s] Level 5:colcon.colcon_core.verb:set package 'turtleboat' build argument 'cmake_args' from command line to 'None'
[0.587s] Level 5:colcon.colcon_core.verb:set package 'turtleboat' build argument 'cmake_target' from command line to 'None'
[0.587s] Level 5:colcon.colcon_core.verb:set package 'turtleboat' build argument 'cmake_target_skip_unavailable' from command line to 'False'
[0.587s] Level 5:colcon.colcon_core.verb:set package 'turtleboat' build argument 'cmake_clean_cache' from command line to 'False'
[0.587s] Level 5:colcon.colcon_core.verb:set package 'turtleboat' build argument 'cmake_clean_first' from command line to 'False'
[0.587s] Level 5:colcon.colcon_core.verb:set package 'turtleboat' build argument 'cmake_force_configure' from command line to 'False'
[0.587s] Level 5:colcon.colcon_core.verb:set package 'turtleboat' build argument 'ament_cmake_args' from command line to 'None'
[0.587s] Level 5:colcon.colcon_core.verb:set package 'turtleboat' build argument 'catkin_cmake_args' from command line to 'None'
[0.587s] Level 5:colcon.colcon_core.verb:set package 'turtleboat' build argument 'catkin_skip_building_tests' from command line to 'False'
[0.587s] DEBUG:colcon.colcon_core.verb:Building package 'turtleboat' with the following arguments: {'ament_cmake_args': None, 'build_base': '/home/olivier/ros2_ws/build/turtleboat', 'catkin_cmake_args': None, 'catkin_skip_building_tests': False, 'cmake_args': None, 'cmake_clean_cache': False, 'cmake_clean_first': False, 'cmake_force_configure': False, 'cmake_target': None, 'cmake_target_skip_unavailable': False, 'install_base': '/home/olivier/ros2_ws/install/turtleboat', 'merge_install': False, 'path': '/home/olivier/ros2_ws/src/TurtleBoat-ros2', 'symlink_install': False, 'test_result_base': None}
[0.588s] Level 5:colcon.colcon_core.verb:set package 'usv_formation_control_1' build argument 'cmake_args' from command line to 'None'
[0.588s] Level 5:colcon.colcon_core.verb:set package 'usv_formation_control_1' build argument 'cmake_target' from command line to 'None'
[0.588s] Level 5:colcon.colcon_core.verb:set package 'usv_formation_control_1' build argument 'cmake_target_skip_unavailable' from command line to 'False'
[0.588s] Level 5:colcon.colcon_core.verb:set package 'usv_formation_control_1' build argument 'cmake_clean_cache' from command line to 'False'
[0.588s] Level 5:colcon.colcon_core.verb:set package 'usv_formation_control_1' build argument 'cmake_clean_first' from command line to 'False'
[0.588s] Level 5:colcon.colcon_core.verb:set package 'usv_formation_control_1' build argument 'cmake_force_configure' from command line to 'False'
[0.588s] Level 5:colcon.colcon_core.verb:set package 'usv_formation_control_1' build argument 'ament_cmake_args' from command line to 'None'
[0.588s] Level 5:colcon.colcon_core.verb:set package 'usv_formation_control_1' build argument 'catkin_cmake_args' from command line to 'None'
[0.588s] Level 5:colcon.colcon_core.verb:set package 'usv_formation_control_1' build argument 'catkin_skip_building_tests' from command line to 'False'
[0.588s] DEBUG:colcon.colcon_core.verb:Building package 'usv_formation_control_1' with the following arguments: {'ament_cmake_args': None, 'build_base': '/home/olivier/ros2_ws/build/usv_formation_control_1', 'catkin_cmake_args': None, 'catkin_skip_building_tests': False, 'cmake_args': None, 'cmake_clean_cache': False, 'cmake_clean_first': False, 'cmake_force_configure': False, 'cmake_target': None, 'cmake_target_skip_unavailable': False, 'install_base': '/home/olivier/ros2_ws/install/usv_formation_control_1', 'merge_install': False, 'path': '/home/olivier/ros2_ws/src/USV_formation_control_1-ros2', 'symlink_install': False, 'test_result_base': None}
[0.588s] INFO:colcon.colcon_core.executor:Executing jobs using 'parallel' executor
[0.589s] DEBUG:colcon.colcon_parallel_executor.executor.parallel:run_until_complete
[0.589s] INFO:colcon.colcon_ros.task.ament_python.build:Building ROS package in '/home/olivier/ros2_ws/src/boat_controller' with build type 'ament_python'
[0.590s] Level 1:colcon.colcon_core.shell:create_environment_hook('boat_controller', 'ament_prefix_path')
[0.595s] INFO:colcon.colcon_core.plugin_system:Skipping extension 'colcon_core.shell.bat': Not used on non-Windows systems
[0.595s] INFO:colcon.colcon_core.shell:Creating environment hook '/home/olivier/ros2_ws/install/boat_controller/share/boat_controller/hook/ament_prefix_path.ps1'
[0.597s] INFO:colcon.colcon_core.shell:Creating environment descriptor '/home/olivier/ros2_ws/install/boat_controller/share/boat_controller/hook/ament_prefix_path.dsv'
[0.597s] INFO:colcon.colcon_core.shell:Creating environment hook '/home/olivier/ros2_ws/install/boat_controller/share/boat_controller/hook/ament_prefix_path.sh'
[0.599s] INFO:colcon.colcon_core.shell:Skip shell extension 'powershell' for command environment: Not usable outside of PowerShell
[0.599s] DEBUG:colcon.colcon_core.shell:Skip shell extension 'dsv' for command environment
[0.610s] INFO:colcon.colcon_ros.task.ament_python.build:Building ROS package in '/home/olivier/ros2_ws/src/py_pubsub' with build type 'ament_python'
[0.610s] Level 1:colcon.colcon_core.shell:create_environment_hook('py_pubsub', 'ament_prefix_path')
[0.610s] INFO:colcon.colcon_core.shell:Creating environment hook '/home/olivier/ros2_ws/install/py_pubsub/share/py_pubsub/hook/ament_prefix_path.ps1'
[0.611s] INFO:colcon.colcon_core.shell:Creating environment descriptor '/home/olivier/ros2_ws/install/py_pubsub/share/py_pubsub/hook/ament_prefix_path.dsv'
[0.611s] INFO:colcon.colcon_core.shell:Creating environment hook '/home/olivier/ros2_ws/install/py_pubsub/share/py_pubsub/hook/ament_prefix_path.sh'
[0.612s] INFO:colcon.colcon_core.shell:Skip shell extension 'powershell' for command environment: Not usable outside of PowerShell
[0.612s] DEBUG:colcon.colcon_core.shell:Skip shell extension 'dsv' for command environment
[0.617s] INFO:colcon.colcon_ros.task.ament_python.build:Building ROS package in '/home/olivier/ros2_ws/src/ras_ros_core_control_modules-main' with build type 'ament_python'
[0.617s] Level 1:colcon.colcon_core.shell:create_environment_hook('ras_ros_core_control_modules', 'ament_prefix_path')
[0.618s] INFO:colcon.colcon_core.shell:Creating environment hook '/home/olivier/ros2_ws/install/ras_ros_core_control_modules/share/ras_ros_core_control_modules/hook/ament_prefix_path.ps1'
[0.619s] INFO:colcon.colcon_core.shell:Creating environment descriptor '/home/olivier/ros2_ws/install/ras_ros_core_control_modules/share/ras_ros_core_control_modules/hook/ament_prefix_path.dsv'
[0.620s] INFO:colcon.colcon_core.shell:Creating environment hook '/home/olivier/ros2_ws/install/ras_ros_core_control_modules/share/ras_ros_core_control_modules/hook/ament_prefix_path.sh'
[0.621s] INFO:colcon.colcon_core.shell:Skip shell extension 'powershell' for command environment: Not usable outside of PowerShell
[0.621s] DEBUG:colcon.colcon_core.shell:Skip shell extension 'dsv' for command environment
[0.624s] INFO:colcon.colcon_ros.task.ament_cmake.build:Building ROS package in '/home/olivier/ros2_ws/src/ras_urdf_common-main' with build type 'ament_cmake'
[0.624s] INFO:colcon.colcon_cmake.task.cmake.build:Building CMake package in '/home/olivier/ros2_ws/src/ras_urdf_common-main'
[0.625s] INFO:colcon.colcon_core.shell:Skip shell extension 'powershell' for command environment: Not usable outside of PowerShell
[0.625s] DEBUG:colcon.colcon_core.shell:Skip shell extension 'dsv' for command environment
[0.925s] INFO:colcon.colcon_core.task.python.build:Building Python package in '/home/olivier/ros2_ws/src/boat_controller'
[0.925s] INFO:colcon.colcon_core.shell:Skip shell extension 'powershell' for command environment: Not usable outside of PowerShell
[0.926s] DEBUG:colcon.colcon_core.shell:Skip shell extension 'dsv' for command environment
[1.232s] INFO:colcon.colcon_core.task.python.build:Building Python package in '/home/olivier/ros2_ws/src/py_pubsub'
[1.232s] INFO:colcon.colcon_core.shell:Skip shell extension 'powershell' for command environment: Not usable outside of PowerShell
[1.232s] DEBUG:colcon.colcon_core.shell:Skip shell extension 'dsv' for command environment
[1.504s] INFO:colcon.colcon_core.task.python.build:Building Python package in '/home/olivier/ros2_ws/src/ras_ros_core_control_modules-main'
[1.504s] INFO:colcon.colcon_core.shell:Skip shell extension 'powershell' for command environment: Not usable outside of PowerShell
[1.504s] DEBUG:colcon.colcon_core.shell:Skip shell extension 'dsv' for command environment
[1.512s] DEBUG:colcon.colcon_core.event_handler.log_command:Invoking command in '/home/olivier/ros2_ws/build/ras_urdf_common': CMAKE_PREFIX_PATH=${CMAKE_PREFIX_PATH}:/home/olivier/install/usv_formation_control_1:/home/olivier/install/turtleboat:/home/olivier/install/ras_ros_core_control_modules:/home/olivier/install/py_pubsub:/home/olivier/install/boat_controller:/opt/ros/iron /usr/bin/cmake --build /home/olivier/ros2_ws/build/ras_urdf_common -- -j4 -l4
[2.213s] DEBUG:colcon.colcon_core.event_handler.log_command:Invoking command in '/home/olivier/ros2_ws/src/py_pubsub': PYTHONPATH=/home/olivier/ros2_ws/build/py_pubsub/prefix_override:/home/olivier/ros2_ws/install/py_pubsub/lib/python3.10/site-packages:${PYTHONPATH} /usr/bin/python3 -W ignore:setup.py install is deprecated setup.py egg_info --egg-base ../../build/py_pubsub build --build-base /home/olivier/ros2_ws/build/py_pubsub/build install --record /home/olivier/ros2_ws/build/py_pubsub/install.log --single-version-externally-managed install_data
[2.271s] DEBUG:colcon.colcon_core.event_handler.log_command:Invoking command in '/home/olivier/ros2_ws/src/ras_ros_core_control_modules-main': PYTHONPATH=/home/olivier/ros2_ws/build/ras_ros_core_control_modules/prefix_override:/home/olivier/ros2_ws/install/ras_ros_core_control_modules/lib/python3.10/site-packages:${PYTHONPATH} /usr/bin/python3 -W ignore:setup.py install is deprecated setup.py egg_info --egg-base ../../build/ras_ros_core_control_modules build --build-base /home/olivier/ros2_ws/build/ras_ros_core_control_modules/build install --record /home/olivier/ros2_ws/build/ras_ros_core_control_modules/install.log --single-version-externally-managed install_data
[2.324s] DEBUG:colcon.colcon_core.event_handler.log_command:Invoking command in '/home/olivier/ros2_ws/src/boat_controller': PYTHONPATH=/home/olivier/ros2_ws/build/boat_controller/prefix_override:/home/olivier/ros2_ws/install/boat_controller/lib/python3.10/site-packages:${PYTHONPATH} /usr/bin/python3 -W ignore:setup.py install is deprecated setup.py egg_info --egg-base ../../build/boat_controller build --build-base /home/olivier/ros2_ws/build/boat_controller/build install --record /home/olivier/ros2_ws/build/boat_controller/install.log --single-version-externally-managed install_data
[2.605s] DEBUG:colcon.colcon_core.event_handler.log_command:Invoked command in '/home/olivier/ros2_ws/build/ras_urdf_common' returned '0': CMAKE_PREFIX_PATH=${CMAKE_PREFIX_PATH}:/home/olivier/install/usv_formation_control_1:/home/olivier/install/turtleboat:/home/olivier/install/ras_ros_core_control_modules:/home/olivier/install/py_pubsub:/home/olivier/install/boat_controller:/opt/ros/iron /usr/bin/cmake --build /home/olivier/ros2_ws/build/ras_urdf_common -- -j4 -l4
[2.762s] DEBUG:colcon.colcon_core.event_handler.log_command:Invoked command in '/home/olivier/ros2_ws/src/py_pubsub' returned '0': PYTHONPATH=/home/olivier/ros2_ws/build/py_pubsub/prefix_override:/home/olivier/ros2_ws/install/py_pubsub/lib/python3.10/site-packages:${PYTHONPATH} /usr/bin/python3 -W ignore:setup.py install is deprecated setup.py egg_info --egg-base ../../build/py_pubsub build --build-base /home/olivier/ros2_ws/build/py_pubsub/build install --record /home/olivier/ros2_ws/build/py_pubsub/install.log --single-version-externally-managed install_data
[2.776s] Level 1:colcon.colcon_core.environment:checking '/home/olivier/ros2_ws/install/py_pubsub' for CMake module files
[2.776s] Level 1:colcon.colcon_core.environment:checking '/home/olivier/ros2_ws/install/py_pubsub' for CMake config files
[2.778s] Level 1:colcon.colcon_core.environment:checking '/home/olivier/ros2_ws/install/py_pubsub/lib'
[2.778s] Level 1:colcon.colcon_core.environment:checking '/home/olivier/ros2_ws/install/py_pubsub/bin'
[2.779s] Level 1:colcon.colcon_core.environment:checking '/home/olivier/ros2_ws/install/py_pubsub/lib/pkgconfig/py_pubsub.pc'
[2.780s] Level 1:colcon.colcon_core.environment:checking '/home/olivier/ros2_ws/install/py_pubsub/lib/python3.10/site-packages'
[2.780s] Level 1:colcon.colcon_core.shell:create_environment_hook('py_pubsub', 'pythonpath')
[2.780s] INFO:colcon.colcon_core.shell:Creating environment hook '/home/olivier/ros2_ws/install/py_pubsub/share/py_pubsub/hook/pythonpath.ps1'
[2.781s] INFO:colcon.colcon_core.shell:Creating environment descriptor '/home/olivier/ros2_ws/install/py_pubsub/share/py_pubsub/hook/pythonpath.dsv'
[2.782s] INFO:colcon.colcon_core.shell:Creating environment hook '/home/olivier/ros2_ws/install/py_pubsub/share/py_pubsub/hook/pythonpath.sh'
[2.784s] Level 1:colcon.colcon_core.environment:checking '/home/olivier/ros2_ws/install/py_pubsub/bin'
[2.784s] Level 1:colcon.colcon_core.environment:create_environment_scripts_only(py_pubsub)
[2.785s] INFO:colcon.colcon_core.shell:Creating package script '/home/olivier/ros2_ws/install/py_pubsub/share/py_pubsub/package.ps1'
[2.787s] INFO:colcon.colcon_core.shell:Creating package descriptor '/home/olivier/ros2_ws/install/py_pubsub/share/py_pubsub/package.dsv'
[2.788s] INFO:colcon.colcon_core.shell:Creating package script '/home/olivier/ros2_ws/install/py_pubsub/share/py_pubsub/package.sh'
[2.790s] INFO:colcon.colcon_core.shell:Creating package script '/home/olivier/ros2_ws/install/py_pubsub/share/py_pubsub/package.bash'
[2.792s] INFO:colcon.colcon_core.shell:Creating package script '/home/olivier/ros2_ws/install/py_pubsub/share/py_pubsub/package.zsh'
[2.794s] Level 1:colcon.colcon_core.environment:create_file_with_runtime_dependencies(/home/olivier/ros2_ws/install/py_pubsub/share/colcon-core/packages/py_pubsub)
[2.797s] INFO:colcon.colcon_ros.task.ament_python.build:Building ROS package in '/home/olivier/ros2_ws/src/TurtleBoat-ros2' with build type 'ament_python'
[2.797s] Level 1:colcon.colcon_core.shell:create_environment_hook('turtleboat', 'ament_prefix_path')
[2.798s] INFO:colcon.colcon_core.shell:Creating environment hook '/home/olivier/ros2_ws/install/turtleboat/share/turtleboat/hook/ament_prefix_path.ps1'
[2.799s] INFO:colcon.colcon_core.shell:Creating environment descriptor '/home/olivier/ros2_ws/install/turtleboat/share/turtleboat/hook/ament_prefix_path.dsv'
[2.811s] INFO:colcon.colcon_core.shell:Creating environment hook '/home/olivier/ros2_ws/install/turtleboat/share/turtleboat/hook/ament_prefix_path.sh'
[2.812s] INFO:colcon.colcon_core.shell:Skip shell extension 'powershell' for command environment: Not usable outside of PowerShell
[2.813s] DEBUG:colcon.colcon_core.shell:Skip shell extension 'dsv' for command environment
[2.847s] DEBUG:colcon.colcon_core.event_handler.log_command:Invoking command in '/home/olivier/ros2_ws/build/ras_urdf_common': CMAKE_PREFIX_PATH=${CMAKE_PREFIX_PATH}:/home/olivier/install/usv_formation_control_1:/home/olivier/install/turtleboat:/home/olivier/install/ras_ros_core_control_modules:/home/olivier/install/py_pubsub:/home/olivier/install/boat_controller:/opt/ros/iron /usr/bin/cmake --install /home/olivier/ros2_ws/build/ras_urdf_common
[3.324s] INFO:colcon.colcon_core.task.python.build:Building Python package in '/home/olivier/ros2_ws/src/TurtleBoat-ros2'
[3.324s] INFO:colcon.colcon_core.shell:Skip shell extension 'powershell' for command environment: Not usable outside of PowerShell
[3.324s] DEBUG:colcon.colcon_core.shell:Skip shell extension 'dsv' for command environment
[3.330s] Level 1:colcon.colcon_core.environment:checking '/home/olivier/ros2_ws/install/ras_ros_core_control_modules' for CMake module files
[3.331s] Level 1:colcon.colcon_core.environment:checking '/home/olivier/ros2_ws/install/ras_ros_core_control_modules' for CMake config files
[3.332s] DEBUG:colcon.colcon_core.event_handler.log_command:Invoked command in '/home/olivier/ros2_ws/src/ras_ros_core_control_modules-main' returned '0': PYTHONPATH=/home/olivier/ros2_ws/build/ras_ros_core_control_modules/prefix_override:/home/olivier/ros2_ws/install/ras_ros_core_control_modules/lib/python3.10/site-packages:${PYTHONPATH} /usr/bin/python3 -W ignore:setup.py install is deprecated setup.py egg_info --egg-base ../../build/ras_ros_core_control_modules build --build-base /home/olivier/ros2_ws/build/ras_ros_core_control_modules/build install --record /home/olivier/ros2_ws/build/ras_ros_core_control_modules/install.log --single-version-externally-managed install_data
[3.333s] Level 1:colcon.colcon_core.environment:checking '/home/olivier/ros2_ws/install/ras_ros_core_control_modules/lib'
[3.333s] Level 1:colcon.colcon_core.environment:checking '/home/olivier/ros2_ws/install/ras_ros_core_control_modules/bin'
[3.333s] Level 1:colcon.colcon_core.environment:checking '/home/olivier/ros2_ws/install/ras_ros_core_control_modules/lib/pkgconfig/ras_ros_core_control_modules.pc'
[3.333s] Level 1:colcon.colcon_core.environment:checking '/home/olivier/ros2_ws/install/ras_ros_core_control_modules/lib/python3.10/site-packages'
[3.333s] Level 1:colcon.colcon_core.shell:create_environment_hook('ras_ros_core_control_modules', 'pythonpath')
[3.334s] INFO:colcon.colcon_core.shell:Creating environment hook '/home/olivier/ros2_ws/install/ras_ros_core_control_modules/share/ras_ros_core_control_modules/hook/pythonpath.ps1'
[3.334s] INFO:colcon.colcon_core.shell:Creating environment descriptor '/home/olivier/ros2_ws/install/ras_ros_core_control_modules/share/ras_ros_core_control_modules/hook/pythonpath.dsv'
[3.335s] INFO:colcon.colcon_core.shell:Creating environment hook '/home/olivier/ros2_ws/install/ras_ros_core_control_modules/share/ras_ros_core_control_modules/hook/pythonpath.sh'
[3.336s] Level 1:colcon.colcon_core.environment:checking '/home/olivier/ros2_ws/install/ras_ros_core_control_modules/bin'
[3.336s] Level 1:colcon.colcon_core.environment:create_environment_scripts_only(ras_ros_core_control_modules)
[3.336s] INFO:colcon.colcon_core.shell:Creating package script '/home/olivier/ros2_ws/install/ras_ros_core_control_modules/share/ras_ros_core_control_modules/package.ps1'
[3.337s] INFO:colcon.colcon_core.shell:Creating package descriptor '/home/olivier/ros2_ws/install/ras_ros_core_control_modules/share/ras_ros_core_control_modules/package.dsv'
[3.337s] INFO:colcon.colcon_core.shell:Creating package script '/home/olivier/ros2_ws/install/ras_ros_core_control_modules/share/ras_ros_core_control_modules/package.sh'
[3.338s] INFO:colcon.colcon_core.shell:Creating package script '/home/olivier/ros2_ws/install/ras_ros_core_control_modules/share/ras_ros_core_control_modules/package.bash'
[3.338s] INFO:colcon.colcon_core.shell:Creating package script '/home/olivier/ros2_ws/install/ras_ros_core_control_modules/share/ras_ros_core_control_modules/package.zsh'
[3.340s] Level 1:colcon.colcon_core.environment:create_file_with_runtime_dependencies(/home/olivier/ros2_ws/install/ras_ros_core_control_modules/share/colcon-core/packages/ras_ros_core_control_modules)
[3.342s] INFO:colcon.colcon_ros.task.ament_python.build:Building ROS package in '/home/olivier/ros2_ws/src/USV_formation_control_1-ros2' with build type 'ament_python'
[3.342s] Level 1:colcon.colcon_core.shell:create_environment_hook('usv_formation_control_1', 'ament_prefix_path')
[3.342s] INFO:colcon.colcon_core.shell:Creating environment hook '/home/olivier/ros2_ws/install/usv_formation_control_1/share/usv_formation_control_1/hook/ament_prefix_path.ps1'
[3.343s] INFO:colcon.colcon_core.shell:Creating environment descriptor '/home/olivier/ros2_ws/install/usv_formation_control_1/share/usv_formation_control_1/hook/ament_prefix_path.dsv'
[3.344s] INFO:colcon.colcon_core.shell:Creating environment hook '/home/olivier/ros2_ws/install/usv_formation_control_1/share/usv_formation_control_1/hook/ament_prefix_path.sh'
[3.345s] INFO:colcon.colcon_core.shell:Skip shell extension 'powershell' for command environment: Not usable outside of PowerShell
[3.345s] DEBUG:colcon.colcon_core.shell:Skip shell extension 'dsv' for command environment
[3.350s] Level 1:colcon.colcon_core.environment:create_environment_scripts_only(ras_urdf_common)
[3.350s] Level 1:colcon.colcon_core.environment:checking '/home/olivier/ros2_ws/install/ras_urdf_common' for CMake module files
[3.351s] Level 1:colcon.colcon_core.environment:checking '/home/olivier/ros2_ws/install/ras_urdf_common' for CMake config files
[3.352s] Level 1:colcon.colcon_core.shell:create_environment_hook('ras_urdf_common', 'cmake_prefix_path')
[3.353s] INFO:colcon.colcon_core.shell:Creating environment hook '/home/olivier/ros2_ws/install/ras_urdf_common/share/ras_urdf_common/hook/cmake_prefix_path.ps1'
[3.354s] DEBUG:colcon.colcon_core.event_handler.log_command:Invoked command in '/home/olivier/ros2_ws/build/ras_urdf_common' returned '0': CMAKE_PREFIX_PATH=${CMAKE_PREFIX_PATH}:/home/olivier/install/usv_formation_control_1:/home/olivier/install/turtleboat:/home/olivier/install/ras_ros_core_control_modules:/home/olivier/install/py_pubsub:/home/olivier/install/boat_controller:/opt/ros/iron /usr/bin/cmake --install /home/olivier/ros2_ws/build/ras_urdf_common
[3.355s] INFO:colcon.colcon_core.shell:Creating environment descriptor '/home/olivier/ros2_ws/install/ras_urdf_common/share/ras_urdf_common/hook/cmake_prefix_path.dsv'
[3.356s] INFO:colcon.colcon_core.shell:Creating environment hook '/home/olivier/ros2_ws/install/ras_urdf_common/share/ras_urdf_common/hook/cmake_prefix_path.sh'
[3.356s] Level 1:colcon.colcon_core.environment:checking '/home/olivier/ros2_ws/install/ras_urdf_common/lib'
[3.356s] Level 1:colcon.colcon_core.environment:checking '/home/olivier/ros2_ws/install/ras_urdf_common/bin'
[3.356s] Level 1:colcon.colcon_core.environment:checking '/home/olivier/ros2_ws/install/ras_urdf_common/lib/pkgconfig/ras_urdf_common.pc'
[3.357s] Level 1:colcon.colcon_core.environment:checking '/home/olivier/ros2_ws/install/ras_urdf_common/lib/python3.10/site-packages'
[3.357s] Level 1:colcon.colcon_core.shell:create_environment_hook('ras_urdf_common', 'pythonpath')
[3.357s] INFO:colcon.colcon_core.shell:Creating environment hook '/home/olivier/ros2_ws/install/ras_urdf_common/share/ras_urdf_common/hook/pythonpath.ps1'
[3.358s] INFO:colcon.colcon_core.shell:Creating environment descriptor '/home/olivier/ros2_ws/install/ras_urdf_common/share/ras_urdf_common/hook/pythonpath.dsv'
[3.358s] INFO:colcon.colcon_core.shell:Creating environment hook '/home/olivier/ros2_ws/install/ras_urdf_common/share/ras_urdf_common/hook/pythonpath.sh'
[3.359s] Level 1:colcon.colcon_core.environment:checking '/home/olivier/ros2_ws/install/ras_urdf_common/bin'
[3.359s] INFO:colcon.colcon_core.shell:Creating package script '/home/olivier/ros2_ws/install/ras_urdf_common/share/ras_urdf_common/package.ps1'
[3.360s] INFO:colcon.colcon_core.shell:Creating package descriptor '/home/olivier/ros2_ws/install/ras_urdf_common/share/ras_urdf_common/package.dsv'
[3.361s] INFO:colcon.colcon_core.shell:Creating package script '/home/olivier/ros2_ws/install/ras_urdf_common/share/ras_urdf_common/package.sh'
[3.361s] INFO:colcon.colcon_core.shell:Creating package script '/home/olivier/ros2_ws/install/ras_urdf_common/share/ras_urdf_common/package.bash'
[3.362s] INFO:colcon.colcon_core.shell:Creating package script '/home/olivier/ros2_ws/install/ras_urdf_common/share/ras_urdf_common/package.zsh'
[3.362s] Level 1:colcon.colcon_core.environment:create_file_with_runtime_dependencies(/home/olivier/ros2_ws/install/ras_urdf_common/share/colcon-core/packages/ras_urdf_common)
[3.363s] Level 1:colcon.colcon_core.environment:checking '/home/olivier/ros2_ws/install/boat_controller' for CMake module files
[3.364s] DEBUG:colcon.colcon_core.event_handler.log_command:Invoked command in '/home/olivier/ros2_ws/src/boat_controller' returned '0': PYTHONPATH=/home/olivier/ros2_ws/build/boat_controller/prefix_override:/home/olivier/ros2_ws/install/boat_controller/lib/python3.10/site-packages:${PYTHONPATH} /usr/bin/python3 -W ignore:setup.py install is deprecated setup.py egg_info --egg-base ../../build/boat_controller build --build-base /home/olivier/ros2_ws/build/boat_controller/build install --record /home/olivier/ros2_ws/build/boat_controller/install.log --single-version-externally-managed install_data
[3.365s] Level 1:colcon.colcon_core.environment:checking '/home/olivier/ros2_ws/install/boat_controller' for CMake config files
[3.366s] Level 1:colcon.colcon_core.environment:checking '/home/olivier/ros2_ws/install/boat_controller/lib'
[3.367s] Level 1:colcon.colcon_core.environment:checking '/home/olivier/ros2_ws/install/boat_controller/bin'
[3.367s] Level 1:colcon.colcon_core.environment:checking '/home/olivier/ros2_ws/install/boat_controller/lib/pkgconfig/boat_controller.pc'
[3.367s] Level 1:colcon.colcon_core.environment:checking '/home/olivier/ros2_ws/install/boat_controller/lib/python3.10/site-packages'
[3.368s] Level 1:colcon.colcon_core.shell:create_environment_hook('boat_controller', 'pythonpath')
[3.368s] INFO:colcon.colcon_core.shell:Creating environment hook '/home/olivier/ros2_ws/install/boat_controller/share/boat_controller/hook/pythonpath.ps1'
[3.369s] INFO:colcon.colcon_core.shell:Creating environment descriptor '/home/olivier/ros2_ws/install/boat_controller/share/boat_controller/hook/pythonpath.dsv'
[3.370s] INFO:colcon.colcon_core.shell:Creating environment hook '/home/olivier/ros2_ws/install/boat_controller/share/boat_controller/hook/pythonpath.sh'
[3.371s] Level 1:colcon.colcon_core.environment:checking '/home/olivier/ros2_ws/install/boat_controller/bin'
[3.372s] Level 1:colcon.colcon_core.environment:create_environment_scripts_only(boat_controller)
[3.372s] INFO:colcon.colcon_core.shell:Creating package script '/home/olivier/ros2_ws/install/boat_controller/share/boat_controller/package.ps1'
[3.374s] INFO:colcon.colcon_core.shell:Creating package descriptor '/home/olivier/ros2_ws/install/boat_controller/share/boat_controller/package.dsv'
[3.375s] INFO:colcon.colcon_core.shell:Creating package script '/home/olivier/ros2_ws/install/boat_controller/share/boat_controller/package.sh'
[3.376s] INFO:colcon.colcon_core.shell:Creating package script '/home/olivier/ros2_ws/install/boat_controller/share/boat_controller/package.bash'
[3.377s] INFO:colcon.colcon_core.shell:Creating package script '/home/olivier/ros2_ws/install/boat_controller/share/boat_controller/package.zsh'
[3.378s] Level 1:colcon.colcon_core.environment:create_file_with_runtime_dependencies(/home/olivier/ros2_ws/install/boat_controller/share/colcon-core/packages/boat_controller)
[3.809s] INFO:colcon.colcon_core.task.python.build:Building Python package in '/home/olivier/ros2_ws/src/USV_formation_control_1-ros2'
[3.809s] INFO:colcon.colcon_core.shell:Skip shell extension 'powershell' for command environment: Not usable outside of PowerShell
[3.810s] DEBUG:colcon.colcon_core.shell:Skip shell extension 'dsv' for command environment
[3.816s] Level 1:colcon.colcon_core.environment:create_environment_scripts_only(ras_urdf_common)
[3.816s] Level 1:colcon.colcon_core.environment:checking '/home/olivier/ros2_ws/install/ras_urdf_common' for CMake module files
[3.817s] Level 1:colcon.colcon_core.environment:checking '/home/olivier/ros2_ws/install/ras_urdf_common' for CMake config files
[3.818s] Level 1:colcon.colcon_core.shell:create_environment_hook('ras_urdf_common', 'cmake_prefix_path')
[3.818s] INFO:colcon.colcon_core.shell:Creating environment hook '/home/olivier/ros2_ws/install/ras_urdf_common/share/ras_urdf_common/hook/cmake_prefix_path.ps1'
[3.819s] INFO:colcon.colcon_core.shell:Creating environment descriptor '/home/olivier/ros2_ws/install/ras_urdf_common/share/ras_urdf_common/hook/cmake_prefix_path.dsv'
[3.819s] INFO:colcon.colcon_core.shell:Creating environment hook '/home/olivier/ros2_ws/install/ras_urdf_common/share/ras_urdf_common/hook/cmake_prefix_path.sh'
[3.820s] Level 1:colcon.colcon_core.environment:checking '/home/olivier/ros2_ws/install/ras_urdf_common/lib'
[3.820s] Level 1:colcon.colcon_core.environment:checking '/home/olivier/ros2_ws/install/ras_urdf_common/bin'
[3.820s] Level 1:colcon.colcon_core.environment:checking '/home/olivier/ros2_ws/install/ras_urdf_common/lib/pkgconfig/ras_urdf_common.pc'
[3.820s] Level 1:colcon.colcon_core.environment:checking '/home/olivier/ros2_ws/install/ras_urdf_common/lib/python3.10/site-packages'
[3.820s] Level 1:colcon.colcon_core.shell:create_environment_hook('ras_urdf_common', 'pythonpath')
[3.821s] INFO:colcon.colcon_core.shell:Creating environment hook '/home/olivier/ros2_ws/install/ras_urdf_common/share/ras_urdf_common/hook/pythonpath.ps1'
[3.821s] INFO:colcon.colcon_core.shell:Creating environment descriptor '/home/olivier/ros2_ws/install/ras_urdf_common/share/ras_urdf_common/hook/pythonpath.dsv'
[3.822s] INFO:colcon.colcon_core.shell:Creating environment hook '/home/olivier/ros2_ws/install/ras_urdf_common/share/ras_urdf_common/hook/pythonpath.sh'
[3.822s] Level 1:colcon.colcon_core.environment:checking '/home/olivier/ros2_ws/install/ras_urdf_common/bin'
[3.823s] INFO:colcon.colcon_core.shell:Creating package script '/home/olivier/ros2_ws/install/ras_urdf_common/share/ras_urdf_common/package.ps1'
[3.824s] INFO:colcon.colcon_core.shell:Creating package descriptor '/home/olivier/ros2_ws/install/ras_urdf_common/share/ras_urdf_common/package.dsv'
[3.824s] INFO:colcon.colcon_core.shell:Creating package script '/home/olivier/ros2_ws/install/ras_urdf_common/share/ras_urdf_common/package.sh'
[3.825s] INFO:colcon.colcon_core.shell:Creating package script '/home/olivier/ros2_ws/install/ras_urdf_common/share/ras_urdf_common/package.bash'
[3.826s] INFO:colcon.colcon_core.shell:Creating package script '/home/olivier/ros2_ws/install/ras_urdf_common/share/ras_urdf_common/package.zsh'
[3.826s] Level 1:colcon.colcon_core.environment:create_file_with_runtime_dependencies(/home/olivier/ros2_ws/install/ras_urdf_common/share/colcon-core/packages/ras_urdf_common)
[3.931s] DEBUG:colcon.colcon_core.event_handler.log_command:Invoking command in '/home/olivier/ros2_ws/src/TurtleBoat-ros2': PYTHONPATH=/home/olivier/ros2_ws/build/turtleboat/prefix_override:/home/olivier/ros2_ws/install/turtleboat/lib/python3.10/site-packages:${PYTHONPATH} /usr/bin/python3 -W ignore:setup.py install is deprecated setup.py egg_info --egg-base ../../build/turtleboat build --build-base /home/olivier/ros2_ws/build/turtleboat/build install --record /home/olivier/ros2_ws/build/turtleboat/install.log --install-scripts $base/lib/turtleboat --single-version-externally-managed install_data
[4.369s] DEBUG:colcon.colcon_core.event_handler.log_command:Invoking command in '/home/olivier/ros2_ws/src/USV_formation_control_1-ros2': PYTHONPATH=/home/olivier/ros2_ws/build/usv_formation_control_1/prefix_override:/home/olivier/ros2_ws/install/usv_formation_control_1/lib/python3.10/site-packages:${PYTHONPATH} /usr/bin/python3 -W ignore:setup.py install is deprecated setup.py egg_info --egg-base ../../build/usv_formation_control_1 build --build-base /home/olivier/ros2_ws/build/usv_formation_control_1/build install --record /home/olivier/ros2_ws/build/usv_formation_control_1/install.log --single-version-externally-managed install_data
[4.429s] Level 1:colcon.colcon_core.environment:checking '/home/olivier/ros2_ws/install/turtleboat' for CMake module files
[4.430s] Level 1:colcon.colcon_core.environment:checking '/home/olivier/ros2_ws/install/turtleboat' for CMake config files
[4.431s] Level 1:colcon.colcon_core.environment:checking '/home/olivier/ros2_ws/install/turtleboat/lib'
[4.431s] Level 1:colcon.colcon_core.environment:checking '/home/olivier/ros2_ws/install/turtleboat/bin'
[4.432s] Level 1:colcon.colcon_core.environment:checking '/home/olivier/ros2_ws/install/turtleboat/lib/pkgconfig/turtleboat.pc'
[4.430s] DEBUG:colcon.colcon_core.event_handler.log_command:Invoked command in '/home/olivier/ros2_ws/src/TurtleBoat-ros2' returned '0': PYTHONPATH=/home/olivier/ros2_ws/build/turtleboat/prefix_override:/home/olivier/ros2_ws/install/turtleboat/lib/python3.10/site-packages:${PYTHONPATH} /usr/bin/python3 -W ignore:setup.py install is deprecated setup.py egg_info --egg-base ../../build/turtleboat build --build-base /home/olivier/ros2_ws/build/turtleboat/build install --record /home/olivier/ros2_ws/build/turtleboat/install.log --install-scripts $base/lib/turtleboat --single-version-externally-managed install_data
[4.432s] Level 1:colcon.colcon_core.environment:checking '/home/olivier/ros2_ws/install/turtleboat/lib/python3.10/site-packages'
[4.432s] Level 1:colcon.colcon_core.shell:create_environment_hook('turtleboat', 'pythonpath')
[4.433s] INFO:colcon.colcon_core.shell:Creating environment hook '/home/olivier/ros2_ws/install/turtleboat/share/turtleboat/hook/pythonpath.ps1'
[4.433s] INFO:colcon.colcon_core.shell:Creating environment descriptor '/home/olivier/ros2_ws/install/turtleboat/share/turtleboat/hook/pythonpath.dsv'
[4.434s] INFO:colcon.colcon_core.shell:Creating environment hook '/home/olivier/ros2_ws/install/turtleboat/share/turtleboat/hook/pythonpath.sh'
[4.434s] Level 1:colcon.colcon_core.environment:checking '/home/olivier/ros2_ws/install/turtleboat/bin'
[4.434s] Level 1:colcon.colcon_core.environment:create_environment_scripts_only(turtleboat)
[4.435s] INFO:colcon.colcon_core.shell:Creating package script '/home/olivier/ros2_ws/install/turtleboat/share/turtleboat/package.ps1'
[4.436s] INFO:colcon.colcon_core.shell:Creating package descriptor '/home/olivier/ros2_ws/install/turtleboat/share/turtleboat/package.dsv'
[4.436s] INFO:colcon.colcon_core.shell:Creating package script '/home/olivier/ros2_ws/install/turtleboat/share/turtleboat/package.sh'
[4.437s] INFO:colcon.colcon_core.shell:Creating package script '/home/olivier/ros2_ws/install/turtleboat/share/turtleboat/package.bash'
[4.437s] INFO:colcon.colcon_core.shell:Creating package script '/home/olivier/ros2_ws/install/turtleboat/share/turtleboat/package.zsh'
[4.438s] Level 1:colcon.colcon_core.environment:create_file_with_runtime_dependencies(/home/olivier/ros2_ws/install/turtleboat/share/colcon-core/packages/turtleboat)
[4.699s] Level 1:colcon.colcon_core.environment:checking '/home/olivier/ros2_ws/install/usv_formation_control_1' for CMake module files
[4.700s] DEBUG:colcon.colcon_core.event_handler.log_command:Invoked command in '/home/olivier/ros2_ws/src/USV_formation_control_1-ros2' returned '0': PYTHONPATH=/home/olivier/ros2_ws/build/usv_formation_control_1/prefix_override:/home/olivier/ros2_ws/install/usv_formation_control_1/lib/python3.10/site-packages:${PYTHONPATH} /usr/bin/python3 -W ignore:setup.py install is deprecated setup.py egg_info --egg-base ../../build/usv_formation_control_1 build --build-base /home/olivier/ros2_ws/build/usv_formation_control_1/build install --record /home/olivier/ros2_ws/build/usv_formation_control_1/install.log --single-version-externally-managed install_data
[4.700s] Level 1:colcon.colcon_core.environment:checking '/home/olivier/ros2_ws/install/usv_formation_control_1' for CMake config files
[4.701s] Level 1:colcon.colcon_core.environment:checking '/home/olivier/ros2_ws/install/usv_formation_control_1/lib'
[4.701s] Level 1:colcon.colcon_core.environment:checking '/home/olivier/ros2_ws/install/usv_formation_control_1/bin'
[4.701s] Level 1:colcon.colcon_core.environment:checking '/home/olivier/ros2_ws/install/usv_formation_control_1/lib/pkgconfig/usv_formation_control_1.pc'
[4.702s] Level 1:colcon.colcon_core.environment:checking '/home/olivier/ros2_ws/install/usv_formation_control_1/lib/python3.10/site-packages'
[4.702s] Level 1:colcon.colcon_core.shell:create_environment_hook('usv_formation_control_1', 'pythonpath')
[4.702s] INFO:colcon.colcon_core.shell:Creating environment hook '/home/olivier/ros2_ws/install/usv_formation_control_1/share/usv_formation_control_1/hook/pythonpath.ps1'
[4.702s] INFO:colcon.colcon_core.shell:Creating environment descriptor '/home/olivier/ros2_ws/install/usv_formation_control_1/share/usv_formation_control_1/hook/pythonpath.dsv'
[4.703s] INFO:colcon.colcon_core.shell:Creating environment hook '/home/olivier/ros2_ws/install/usv_formation_control_1/share/usv_formation_control_1/hook/pythonpath.sh'
[4.703s] Level 1:colcon.colcon_core.environment:checking '/home/olivier/ros2_ws/install/usv_formation_control_1/bin'
[4.704s] Level 1:colcon.colcon_core.environment:create_environment_scripts_only(usv_formation_control_1)
[4.704s] INFO:colcon.colcon_core.shell:Creating package script '/home/olivier/ros2_ws/install/usv_formation_control_1/share/usv_formation_control_1/package.ps1'
[4.705s] INFO:colcon.colcon_core.shell:Creating package descriptor '/home/olivier/ros2_ws/install/usv_formation_control_1/share/usv_formation_control_1/package.dsv'
[4.705s] INFO:colcon.colcon_core.shell:Creating package script '/home/olivier/ros2_ws/install/usv_formation_control_1/share/usv_formation_control_1/package.sh'
[4.706s] INFO:colcon.colcon_core.shell:Creating package script '/home/olivier/ros2_ws/install/usv_formation_control_1/share/usv_formation_control_1/package.bash'
[4.706s] INFO:colcon.colcon_core.shell:Creating package script '/home/olivier/ros2_ws/install/usv_formation_control_1/share/usv_formation_control_1/package.zsh'
[4.706s] Level 1:colcon.colcon_core.environment:create_file_with_runtime_dependencies(/home/olivier/ros2_ws/install/usv_formation_control_1/share/colcon-core/packages/usv_formation_control_1)
[4.707s] DEBUG:colcon.colcon_parallel_executor.executor.parallel:closing loop
[4.707s] DEBUG:colcon.colcon_parallel_executor.executor.parallel:loop closed
[4.707s] DEBUG:colcon.colcon_parallel_executor.executor.parallel:run_until_complete finished with '0'
[4.708s] DEBUG:colcon.colcon_core.event_reactor:joining thread
[4.717s] INFO:colcon.colcon_core.plugin_system:Skipping extension 'colcon_notification.desktop_notification.terminal_notifier': Not used on non-Darwin systems
[4.718s] INFO:colcon.colcon_core.plugin_system:Skipping extension 'colcon_notification.desktop_notification.win32': Not used on non-Windows systems
[4.718s] INFO:colcon.colcon_notification.desktop_notification:Sending desktop notification using 'notify2'
[4.738s] DEBUG:colcon.colcon_core.event_reactor:joined thread
[4.738s] INFO:colcon.colcon_core.shell:Creating prefix script '/home/olivier/ros2_ws/install/local_setup.ps1'
[4.740s] INFO:colcon.colcon_core.shell:Creating prefix util module '/home/olivier/ros2_ws/install/_local_setup_util_ps1.py'
[4.742s] INFO:colcon.colcon_core.shell:Creating prefix chain script '/home/olivier/ros2_ws/install/setup.ps1'
[4.745s] INFO:colcon.colcon_core.shell:Creating prefix script '/home/olivier/ros2_ws/install/local_setup.sh'
[4.746s] INFO:colcon.colcon_core.shell:Creating prefix util module '/home/olivier/ros2_ws/install/_local_setup_util_sh.py'
[4.748s] INFO:colcon.colcon_core.shell:Creating prefix chain script '/home/olivier/ros2_ws/install/setup.sh'
[4.750s] INFO:colcon.colcon_core.shell:Creating prefix script '/home/olivier/ros2_ws/install/local_setup.bash'
[4.751s] INFO:colcon.colcon_core.shell:Creating prefix chain script '/home/olivier/ros2_ws/install/setup.bash'
[4.753s] INFO:colcon.colcon_core.shell:Creating prefix script '/home/olivier/ros2_ws/install/local_setup.zsh'
[4.754s] INFO:colcon.colcon_core.shell:Creating prefix chain script '/home/olivier/ros2_ws/install/setup.zsh'
