[1.584s] Invoking command in '/home/olivier/ros2_ws/src/TurtleBoat-ros2': PYTHONPATH=/home/olivier/ros2_ws/build/turtleboat/prefix_override:/home/olivier/ros2_ws/install/turtleboat/lib/python3.10/site-packages:${PYTHONPATH} /usr/bin/python3 -W ignore:setup.py install is deprecated setup.py egg_info --egg-base ../../build/turtleboat build --build-base /home/olivier/ros2_ws/build/turtleboat/build install --record /home/olivier/ros2_ws/build/turtleboat/install.log --install-scripts $base/lib/turtleboat --single-version-externally-managed install_data
[1.982s] /usr/lib/python3/dist-packages/setuptools/dist.py:723: UserWarning: Usage of dash-separated 'script-dir' will not be supported in future versions. Please use the underscore name 'script_dir' instead
[1.982s]   warnings.warn(
[1.996s] running egg_info
[1.998s] writing ../../build/turtleboat/turtleboat.egg-info/PKG-INFO
[1.998s] writing dependency_links to ../../build/turtleboat/turtleboat.egg-info/dependency_links.txt
[1.999s] writing entry points to ../../build/turtleboat/turtleboat.egg-info/entry_points.txt
[1.999s] writing requirements to ../../build/turtleboat/turtleboat.egg-info/requires.txt
[1.999s] writing top-level names to ../../build/turtleboat/turtleboat.egg-info/top_level.txt
[2.003s] reading manifest file '../../build/turtleboat/turtleboat.egg-info/SOURCES.txt'
[2.008s] writing manifest file '../../build/turtleboat/turtleboat.egg-info/SOURCES.txt'
[2.008s] running build
[2.008s] running build_py
[2.008s] running install
[2.009s] running install_lib
[2.017s] running install_data
[2.017s] running install_egg_info
[2.018s] removing '/home/olivier/ros2_ws/install/turtleboat/lib/python3.10/site-packages/turtleboat-0.0.0-py3.10.egg-info' (and everything under it)
[2.018s] Copying ../../build/turtleboat/turtleboat.egg-info to /home/olivier/ros2_ws/install/turtleboat/lib/python3.10/site-packages/turtleboat-0.0.0-py3.10.egg-info
[2.018s] running install_scripts
[2.050s] Installing turtleboatmain script to /home/olivier/ros2_ws/install/turtleboat/lib/turtleboat
[2.050s] writing list of installed files to '/home/olivier/ros2_ws/build/turtleboat/install.log'
[2.095s] Invoked command in '/home/olivier/ros2_ws/src/TurtleBoat-ros2' returned '0': PYTHONPATH=/home/olivier/ros2_ws/build/turtleboat/prefix_override:/home/olivier/ros2_ws/install/turtleboat/lib/python3.10/site-packages:${PYTHONPATH} /usr/bin/python3 -W ignore:setup.py install is deprecated setup.py egg_info --egg-base ../../build/turtleboat build --build-base /home/olivier/ros2_ws/build/turtleboat/build install --record /home/olivier/ros2_ws/build/turtleboat/install.log --install-scripts $base/lib/turtleboat --single-version-externally-managed install_data
