[1.064s] Invoking command in '/home/olivier/ros2_ws/src/tf_callback': PYTHONPATH=/home/olivier/ros2_ws/build/tf_callback/prefix_override:/home/olivier/ros2_ws/install/tf_callback/lib/python3.10/site-packages:${PYTHONPATH} /usr/bin/python3 -W ignore:setup.py install is deprecated setup.py egg_info --egg-base ../../build/tf_callback build --build-base /home/olivier/ros2_ws/build/tf_callback/build install --record /home/olivier/ros2_ws/build/tf_callback/install.log --single-version-externally-managed install_data
[1.481s] running egg_info
[1.482s] writing ../../build/tf_callback/tf_callback.egg-info/PKG-INFO
[1.482s] writing dependency_links to ../../build/tf_callback/tf_callback.egg-info/dependency_links.txt
[1.482s] writing entry points to ../../build/tf_callback/tf_callback.egg-info/entry_points.txt
[1.483s] writing requirements to ../../build/tf_callback/tf_callback.egg-info/requires.txt
[1.483s] writing top-level names to ../../build/tf_callback/tf_callback.egg-info/top_level.txt
[1.485s] reading manifest file '../../build/tf_callback/tf_callback.egg-info/SOURCES.txt'
[1.487s] writing manifest file '../../build/tf_callback/tf_callback.egg-info/SOURCES.txt'
[1.487s] running build
[1.487s] running build_py
[1.487s] copying tf_callback/tf_callback_code.py -> /home/olivier/ros2_ws/build/tf_callback/build/lib/tf_callback
[1.487s] running install
[1.488s] running install_lib
[1.489s] copying /home/olivier/ros2_ws/build/tf_callback/build/lib/tf_callback/tf_callback_code.py -> /home/olivier/ros2_ws/install/tf_callback/lib/python3.10/site-packages/tf_callback
[1.491s] byte-compiling /home/olivier/ros2_ws/install/tf_callback/lib/python3.10/site-packages/tf_callback/tf_callback_code.py to tf_callback_code.cpython-310.pyc
[1.493s] running install_data
[1.493s] running install_egg_info
[1.495s] removing '/home/olivier/ros2_ws/install/tf_callback/lib/python3.10/site-packages/tf_callback-0.0.0-py3.10.egg-info' (and everything under it)
[1.497s] Copying ../../build/tf_callback/tf_callback.egg-info to /home/olivier/ros2_ws/install/tf_callback/lib/python3.10/site-packages/tf_callback-0.0.0-py3.10.egg-info
[1.504s] running install_scripts
[1.538s] Installing tf_callback_code script to /home/olivier/ros2_ws/install/tf_callback/lib/tf_callback
[1.538s] writing list of installed files to '/home/olivier/ros2_ws/build/tf_callback/install.log'
[1.583s] Invoked command in '/home/olivier/ros2_ws/src/tf_callback' returned '0': PYTHONPATH=/home/olivier/ros2_ws/build/tf_callback/prefix_override:/home/olivier/ros2_ws/install/tf_callback/lib/python3.10/site-packages:${PYTHONPATH} /usr/bin/python3 -W ignore:setup.py install is deprecated setup.py egg_info --egg-base ../../build/tf_callback build --build-base /home/olivier/ros2_ws/build/tf_callback/build install --record /home/olivier/ros2_ws/build/tf_callback/install.log --single-version-externally-managed install_data
