[10.359s] Invoking command in '/home/olivier/ros2_ws/src/TurtleBoat-ros2': PYTHONPATH=/home/olivier/ros2_ws/build/turtleboat/prefix_override:/home/olivier/ros2_ws/install/turtleboat/lib/python3.10/site-packages:${PYTHONPATH} /usr/bin/python3 -W ignore:setup.py install is deprecated setup.py egg_info --egg-base ../../build/turtleboat build --build-base /home/olivier/ros2_ws/build/turtleboat/build install --record /home/olivier/ros2_ws/build/turtleboat/install.log --install-scripts $base/lib/turtleboat --single-version-externally-managed install_data
[12.786s] /usr/lib/python3/dist-packages/setuptools/dist.py:723: UserWarning: Usage of dash-separated 'script-dir' will not be supported in future versions. Please use the underscore name 'script_dir' instead
[12.786s]   warnings.warn(
[12.833s] running egg_info
[12.836s] writing ../../build/turtleboat/turtleboat.egg-info/PKG-INFO
[12.837s] writing dependency_links to ../../build/turtleboat/turtleboat.egg-info/dependency_links.txt
[12.839s] writing entry points to ../../build/turtleboat/turtleboat.egg-info/entry_points.txt
[12.839s] writing requirements to ../../build/turtleboat/turtleboat.egg-info/requires.txt
[12.849s] writing top-level names to ../../build/turtleboat/turtleboat.egg-info/top_level.txt
[12.855s] reading manifest file '../../build/turtleboat/turtleboat.egg-info/SOURCES.txt'
[12.857s] writing manifest file '../../build/turtleboat/turtleboat.egg-info/SOURCES.txt'
[12.858s] running build
[12.858s] running build_py
[12.863s] running install
[12.863s] running install_lib
[12.876s] running install_data
[12.877s] running install_egg_info
[12.882s] removing '/home/olivier/ros2_ws/install/turtleboat/lib/python3.10/site-packages/turtleboat-0.0.0-py3.10.egg-info' (and everything under it)
[12.889s] Copying ../../build/turtleboat/turtleboat.egg-info to /home/olivier/ros2_ws/install/turtleboat/lib/python3.10/site-packages/turtleboat-0.0.0-py3.10.egg-info
[12.889s] running install_scripts
[13.019s] Installing turtleboatmain script to /home/olivier/ros2_ws/install/turtleboat/lib/turtleboat
[13.022s] writing list of installed files to '/home/olivier/ros2_ws/build/turtleboat/install.log'
[13.225s] Invoked command in '/home/olivier/ros2_ws/src/TurtleBoat-ros2' returned '0': PYTHONPATH=/home/olivier/ros2_ws/build/turtleboat/prefix_override:/home/olivier/ros2_ws/install/turtleboat/lib/python3.10/site-packages:${PYTHONPATH} /usr/bin/python3 -W ignore:setup.py install is deprecated setup.py egg_info --egg-base ../../build/turtleboat build --build-base /home/olivier/ros2_ws/build/turtleboat/build install --record /home/olivier/ros2_ws/build/turtleboat/install.log --install-scripts $base/lib/turtleboat --single-version-externally-managed install_data
