[2.169s] Invoking command in '/home/olivier/ros2_ws/src/tf_callback': PYTHONPATH=/home/olivier/ros2_ws/build/tf_callback/prefix_override:/home/olivier/ros2_ws/install/tf_callback/lib/python3.10/site-packages:${PYTHONPATH} /usr/bin/python3 -W ignore:setup.py install is deprecated setup.py egg_info --egg-base ../../build/tf_callback build --build-base /home/olivier/ros2_ws/build/tf_callback/build install --record /home/olivier/ros2_ws/build/tf_callback/install.log --single-version-externally-managed install_data
[3.071s] running egg_info
[3.073s] writing ../../build/tf_callback/tf_callback.egg-info/PKG-INFO
[3.075s] writing dependency_links to ../../build/tf_callback/tf_callback.egg-info/dependency_links.txt
[3.075s] writing entry points to ../../build/tf_callback/tf_callback.egg-info/entry_points.txt
[3.076s] writing requirements to ../../build/tf_callback/tf_callback.egg-info/requires.txt
[3.076s] writing top-level names to ../../build/tf_callback/tf_callback.egg-info/top_level.txt
[3.084s] reading manifest file '../../build/tf_callback/tf_callback.egg-info/SOURCES.txt'
[3.088s] writing manifest file '../../build/tf_callback/tf_callback.egg-info/SOURCES.txt'
[3.089s] running build
[3.089s] running build_py
[3.092s] running install
[3.095s] running install_lib
[3.099s] running install_data
[3.103s] running install_egg_info
[3.110s] removing '/home/olivier/ros2_ws/install/tf_callback/lib/python3.10/site-packages/tf_callback-0.0.0-py3.10.egg-info' (and everything under it)
[3.116s] Copying ../../build/tf_callback/tf_callback.egg-info to /home/olivier/ros2_ws/install/tf_callback/lib/python3.10/site-packages/tf_callback-0.0.0-py3.10.egg-info
[3.118s] running install_scripts
[3.200s] Installing tf_callback_code script to /home/olivier/ros2_ws/install/tf_callback/lib/tf_callback
[3.201s] writing list of installed files to '/home/olivier/ros2_ws/build/tf_callback/install.log'
[3.281s] Invoked command in '/home/olivier/ros2_ws/src/tf_callback' returned '0': PYTHONPATH=/home/olivier/ros2_ws/build/tf_callback/prefix_override:/home/olivier/ros2_ws/install/tf_callback/lib/python3.10/site-packages:${PYTHONPATH} /usr/bin/python3 -W ignore:setup.py install is deprecated setup.py egg_info --egg-base ../../build/tf_callback build --build-base /home/olivier/ros2_ws/build/tf_callback/build install --record /home/olivier/ros2_ws/build/tf_callback/install.log --single-version-externally-managed install_data
