[0.833s] Invoking command in '/home/olivier/ros2_ws/build/ras_urdf_common': CMAKE_PREFIX_PATH=${CMAKE_PREFIX_PATH}:/home/olivier/ros2_ws/install/usv_formation_control_1:/home/olivier/ros2_ws/install/turtleboat:/home/olivier/ros2_ws/install/tf_callback:/home/olivier/ros2_ws/install/ras_ros_core_control_modules:/home/olivier/ros2_ws/install/py_pubsub:/home/olivier/ros2_ws/install/joystick_control_ras:/home/olivier/ros2_ws/install/boat_controller:/home/olivier/install/usv_formation_control_1:/home/olivier/install/turtleboat:/home/olivier/install/tf_callback:/home/olivier/install/ras_ros_core_control_modules:/home/olivier/install/joystick_control_ras:/home/olivier/install/boat_controller:/opt/ros/iron /usr/bin/cmake --build /home/olivier/ros2_ws/build/ras_urdf_common -- -j4 -l4
[0.917s] Built target ament_cmake_python_copy_ras_urdf_common
[1.345s] running egg_info
[1.347s] writing ras_urdf_common.egg-info/PKG-INFO
[1.347s] writing dependency_links to ras_urdf_common.egg-info/dependency_links.txt
[1.347s] writing top-level names to ras_urdf_common.egg-info/top_level.txt
[1.351s] reading manifest file 'ras_urdf_common.egg-info/SOURCES.txt'
[1.351s] writing manifest file 'ras_urdf_common.egg-info/SOURCES.txt'
[1.391s] Built target ament_cmake_python_build_ras_urdf_common_egg
[1.413s] Invoked command in '/home/olivier/ros2_ws/build/ras_urdf_common' returned '0': CMAKE_PREFIX_PATH=${CMAKE_PREFIX_PATH}:/home/olivier/ros2_ws/install/usv_formation_control_1:/home/olivier/ros2_ws/install/turtleboat:/home/olivier/ros2_ws/install/tf_callback:/home/olivier/ros2_ws/install/ras_ros_core_control_modules:/home/olivier/ros2_ws/install/py_pubsub:/home/olivier/ros2_ws/install/joystick_control_ras:/home/olivier/ros2_ws/install/boat_controller:/home/olivier/install/usv_formation_control_1:/home/olivier/install/turtleboat:/home/olivier/install/tf_callback:/home/olivier/install/ras_ros_core_control_modules:/home/olivier/install/joystick_control_ras:/home/olivier/install/boat_controller:/opt/ros/iron /usr/bin/cmake --build /home/olivier/ros2_ws/build/ras_urdf_common -- -j4 -l4
[1.467s] Invoking command in '/home/olivier/ros2_ws/build/ras_urdf_common': CMAKE_PREFIX_PATH=${CMAKE_PREFIX_PATH}:/home/olivier/ros2_ws/install/usv_formation_control_1:/home/olivier/ros2_ws/install/turtleboat:/home/olivier/ros2_ws/install/tf_callback:/home/olivier/ros2_ws/install/ras_ros_core_control_modules:/home/olivier/ros2_ws/install/py_pubsub:/home/olivier/ros2_ws/install/joystick_control_ras:/home/olivier/ros2_ws/install/boat_controller:/home/olivier/install/usv_formation_control_1:/home/olivier/install/turtleboat:/home/olivier/install/tf_callback:/home/olivier/install/ras_ros_core_control_modules:/home/olivier/install/joystick_control_ras:/home/olivier/install/boat_controller:/opt/ros/iron /usr/bin/cmake --install /home/olivier/ros2_ws/build/ras_urdf_common
[1.483s] -- Install configuration: ""
[1.483s] -- Up-to-date: /home/olivier/ros2_ws/install/ras_urdf_common/share/ras_urdf_common/launch
[1.484s] -- Up-to-date: /home/olivier/ros2_ws/install/ras_urdf_common/share/ras_urdf_common/launch/rviz_bringup.launch.py
[1.484s] -- Up-to-date: /home/olivier/ros2_ws/install/ras_urdf_common/share/ras_urdf_common/meshes
[1.484s] -- Up-to-date: /home/olivier/ros2_ws/install/ras_urdf_common/share/ras_urdf_common/meshes/TN_propeller1.stl
[1.484s] -- Up-to-date: /home/olivier/ros2_ws/install/ras_urdf_common/share/ras_urdf_common/meshes/TN_collisionMesh1.stl
[1.484s] -- Up-to-date: /home/olivier/ros2_ws/install/ras_urdf_common/share/ras_urdf_common/meshes/TN_hull_BB_1.stl
[1.484s] -- Up-to-date: /home/olivier/ros2_ws/install/ras_urdf_common/share/ras_urdf_common/rviz
[1.484s] -- Up-to-date: /home/olivier/ros2_ws/install/ras_urdf_common/share/ras_urdf_common/rviz/urdf.rviz
[1.484s] -- Up-to-date: /home/olivier/ros2_ws/install/ras_urdf_common/share/ras_urdf_common/urdf
[1.484s] -- Up-to-date: /home/olivier/ros2_ws/install/ras_urdf_common/share/ras_urdf_common/urdf/titoneri.urdf.xacro
[1.485s] -- Up-to-date: /home/olivier/ros2_ws/install/ras_urdf_common/share/ras_urdf_common/ras_urdf_common
[1.485s] -- Up-to-date: /home/olivier/ros2_ws/install/ras_urdf_common/share/ras_urdf_common/ras_urdf_common/__init__.py
[1.485s] -- Up-to-date: /home/olivier/ros2_ws/install/ras_urdf_common/share/ras_urdf_common/scripts
[1.485s] -- Up-to-date: /home/olivier/ros2_ws/install/ras_urdf_common/share/ras_urdf_common/scripts/azi_joint_state_broadcaster.py
[1.485s] -- Up-to-date: /home/olivier/ros2_ws/install/ras_urdf_common/share/ras_urdf_common/environment/pythonpath.sh
[1.485s] -- Up-to-date: /home/olivier/ros2_ws/install/ras_urdf_common/share/ras_urdf_common/environment/pythonpath.dsv
[1.485s] -- Up-to-date: /home/olivier/ros2_ws/install/ras_urdf_common/lib/python3.10/site-packages/ras_urdf_common-0.0.0-py3.10.egg-info
[1.485s] -- Installing: /home/olivier/ros2_ws/install/ras_urdf_common/lib/python3.10/site-packages/ras_urdf_common-0.0.0-py3.10.egg-info/SOURCES.txt
[1.485s] -- Installing: /home/olivier/ros2_ws/install/ras_urdf_common/lib/python3.10/site-packages/ras_urdf_common-0.0.0-py3.10.egg-info/dependency_links.txt
[1.486s] -- Installing: /home/olivier/ros2_ws/install/ras_urdf_common/lib/python3.10/site-packages/ras_urdf_common-0.0.0-py3.10.egg-info/top_level.txt
[1.486s] -- Installing: /home/olivier/ros2_ws/install/ras_urdf_common/lib/python3.10/site-packages/ras_urdf_common-0.0.0-py3.10.egg-info/PKG-INFO
[1.486s] -- Up-to-date: /home/olivier/ros2_ws/install/ras_urdf_common/lib/python3.10/site-packages/ras_urdf_common
[1.486s] -- Up-to-date: /home/olivier/ros2_ws/install/ras_urdf_common/lib/python3.10/site-packages/ras_urdf_common/__init__.py
[1.550s] Listing '/home/olivier/ros2_ws/install/ras_urdf_common/lib/python3.10/site-packages/ras_urdf_common'...
[1.557s] -- Up-to-date: /home/olivier/ros2_ws/install/ras_urdf_common/lib/ras_urdf_common/azi_joint_state_broadcaster.py
[1.557s] -- Up-to-date: /home/olivier/ros2_ws/install/ras_urdf_common/share/ament_index/resource_index/package_run_dependencies/ras_urdf_common
[1.558s] -- Up-to-date: /home/olivier/ros2_ws/install/ras_urdf_common/share/ament_index/resource_index/parent_prefix_path/ras_urdf_common
[1.558s] -- Up-to-date: /home/olivier/ros2_ws/install/ras_urdf_common/share/ras_urdf_common/environment/ament_prefix_path.sh
[1.561s] -- Up-to-date: /home/olivier/ros2_ws/install/ras_urdf_common/share/ras_urdf_common/environment/ament_prefix_path.dsv
[1.562s] -- Up-to-date: /home/olivier/ros2_ws/install/ras_urdf_common/share/ras_urdf_common/environment/path.sh
[1.562s] -- Up-to-date: /home/olivier/ros2_ws/install/ras_urdf_common/share/ras_urdf_common/environment/path.dsv
[1.562s] -- Up-to-date: /home/olivier/ros2_ws/install/ras_urdf_common/share/ras_urdf_common/local_setup.bash
[1.562s] -- Up-to-date: /home/olivier/ros2_ws/install/ras_urdf_common/share/ras_urdf_common/local_setup.sh
[1.563s] -- Up-to-date: /home/olivier/ros2_ws/install/ras_urdf_common/share/ras_urdf_common/local_setup.zsh
[1.563s] -- Up-to-date: /home/olivier/ros2_ws/install/ras_urdf_common/share/ras_urdf_common/local_setup.dsv
[1.563s] -- Installing: /home/olivier/ros2_ws/install/ras_urdf_common/share/ras_urdf_common/package.dsv
[1.566s] -- Up-to-date: /home/olivier/ros2_ws/install/ras_urdf_common/share/ament_index/resource_index/packages/ras_urdf_common
[1.566s] -- Up-to-date: /home/olivier/ros2_ws/install/ras_urdf_common/share/ras_urdf_common/cmake/ras_urdf_commonConfig.cmake
[1.566s] -- Up-to-date: /home/olivier/ros2_ws/install/ras_urdf_common/share/ras_urdf_common/cmake/ras_urdf_commonConfig-version.cmake
[1.566s] -- Up-to-date: /home/olivier/ros2_ws/install/ras_urdf_common/share/ras_urdf_common/package.xml
[1.578s] Invoked command in '/home/olivier/ros2_ws/build/ras_urdf_common' returned '0': CMAKE_PREFIX_PATH=${CMAKE_PREFIX_PATH}:/home/olivier/ros2_ws/install/usv_formation_control_1:/home/olivier/ros2_ws/install/turtleboat:/home/olivier/ros2_ws/install/tf_callback:/home/olivier/ros2_ws/install/ras_ros_core_control_modules:/home/olivier/ros2_ws/install/py_pubsub:/home/olivier/ros2_ws/install/joystick_control_ras:/home/olivier/ros2_ws/install/boat_controller:/home/olivier/install/usv_formation_control_1:/home/olivier/install/turtleboat:/home/olivier/install/tf_callback:/home/olivier/install/ras_ros_core_control_modules:/home/olivier/install/joystick_control_ras:/home/olivier/install/boat_controller:/opt/ros/iron /usr/bin/cmake --install /home/olivier/ros2_ws/build/ras_urdf_common
