[1.054s] Invoking command in '/home/olivier/ros2_ws/src/tf_callback': PYTHONPATH=/home/olivier/ros2_ws/build/tf_callback/prefix_override:/home/olivier/ros2_ws/install/tf_callback/lib/python3.10/site-packages:${PYTHONPATH} /usr/bin/python3 -W ignore:setup.py install is deprecated setup.py egg_info --egg-base ../../build/tf_callback build --build-base /home/olivier/ros2_ws/build/tf_callback/build install --record /home/olivier/ros2_ws/build/tf_callback/install.log --single-version-externally-managed install_data
[1.466s] running egg_info
[1.470s] writing ../../build/tf_callback/tf_callback.egg-info/PKG-INFO
[1.471s] writing dependency_links to ../../build/tf_callback/tf_callback.egg-info/dependency_links.txt
[1.473s] writing entry points to ../../build/tf_callback/tf_callback.egg-info/entry_points.txt
[1.473s] writing requirements to ../../build/tf_callback/tf_callback.egg-info/requires.txt
[1.474s] writing top-level names to ../../build/tf_callback/tf_callback.egg-info/top_level.txt
[1.475s] reading manifest file '../../build/tf_callback/tf_callback.egg-info/SOURCES.txt'
[1.476s] writing manifest file '../../build/tf_callback/tf_callback.egg-info/SOURCES.txt'
[1.477s] running build
[1.479s] running build_py
[1.479s] running install
[1.479s] running install_lib
[1.479s] running install_data
[1.479s] running install_egg_info
[1.492s] removing '/home/olivier/ros2_ws/install/tf_callback/lib/python3.10/site-packages/tf_callback-0.0.0-py3.10.egg-info' (and everything under it)
[1.492s] Copying ../../build/tf_callback/tf_callback.egg-info to /home/olivier/ros2_ws/install/tf_callback/lib/python3.10/site-packages/tf_callback-0.0.0-py3.10.egg-info
[1.492s] running install_scripts
[1.514s] Installing tf_callback_code script to /home/olivier/ros2_ws/install/tf_callback/lib/tf_callback
[1.515s] writing list of installed files to '/home/olivier/ros2_ws/build/tf_callback/install.log'
[1.553s] Invoked command in '/home/olivier/ros2_ws/src/tf_callback' returned '0': PYTHONPATH=/home/olivier/ros2_ws/build/tf_callback/prefix_override:/home/olivier/ros2_ws/install/tf_callback/lib/python3.10/site-packages:${PYTHONPATH} /usr/bin/python3 -W ignore:setup.py install is deprecated setup.py egg_info --egg-base ../../build/tf_callback build --build-base /home/olivier/ros2_ws/build/tf_callback/build install --record /home/olivier/ros2_ws/build/tf_callback/install.log --single-version-externally-managed install_data
