[2.696s] Invoking command in '/home/olivier/ros2_ws/src/tf_callback': PYTHONPATH=/home/olivier/ros2_ws/build/tf_callback/prefix_override:/home/olivier/ros2_ws/install/tf_callback/lib/python3.10/site-packages:${PYTHONPATH} /usr/bin/python3 -W ignore:setup.py install is deprecated setup.py egg_info --egg-base ../../build/tf_callback build --build-base /home/olivier/ros2_ws/build/tf_callback/build install --record /home/olivier/ros2_ws/build/tf_callback/install.log --single-version-externally-managed install_data
[3.376s] running egg_info
[3.376s] writing ../../build/tf_callback/tf_callback.egg-info/PKG-INFO
[3.376s] writing dependency_links to ../../build/tf_callback/tf_callback.egg-info/dependency_links.txt
[3.377s] writing entry points to ../../build/tf_callback/tf_callback.egg-info/entry_points.txt
[3.381s] writing requirements to ../../build/tf_callback/tf_callback.egg-info/requires.txt
[3.381s] writing top-level names to ../../build/tf_callback/tf_callback.egg-info/top_level.txt
[3.386s] reading manifest file '../../build/tf_callback/tf_callback.egg-info/SOURCES.txt'
[3.386s] writing manifest file '../../build/tf_callback/tf_callback.egg-info/SOURCES.txt'
[3.386s] running build
[3.386s] running build_py
[3.387s] running install
[3.387s] running install_lib
[3.387s] running install_data
[3.387s] running install_egg_info
[3.391s] removing '/home/olivier/ros2_ws/install/tf_callback/lib/python3.10/site-packages/tf_callback-0.0.0-py3.10.egg-info' (and everything under it)
[3.392s] Copying ../../build/tf_callback/tf_callback.egg-info to /home/olivier/ros2_ws/install/tf_callback/lib/python3.10/site-packages/tf_callback-0.0.0-py3.10.egg-info
[3.393s] running install_scripts
[3.470s] Installing tf_callback_code script to /home/olivier/ros2_ws/install/tf_callback/lib/tf_callback
[3.470s] writing list of installed files to '/home/olivier/ros2_ws/build/tf_callback/install.log'
[3.522s] Invoked command in '/home/olivier/ros2_ws/src/tf_callback' returned '0': PYTHONPATH=/home/olivier/ros2_ws/build/tf_callback/prefix_override:/home/olivier/ros2_ws/install/tf_callback/lib/python3.10/site-packages:${PYTHONPATH} /usr/bin/python3 -W ignore:setup.py install is deprecated setup.py egg_info --egg-base ../../build/tf_callback build --build-base /home/olivier/ros2_ws/build/tf_callback/build install --record /home/olivier/ros2_ws/build/tf_callback/install.log --single-version-externally-managed install_data
