[1.088s] Invoking command in '/home/olivier/ros2_ws/src/tf_callback': PYTHONPATH=/home/olivier/ros2_ws/build/tf_callback/prefix_override:/home/olivier/ros2_ws/install/tf_callback/lib/python3.10/site-packages:${PYTHONPATH} /usr/bin/python3 -W ignore:setup.py install is deprecated setup.py egg_info --egg-base ../../build/tf_callback build --build-base /home/olivier/ros2_ws/build/tf_callback/build install --record /home/olivier/ros2_ws/build/tf_callback/install.log --single-version-externally-managed install_data
[1.410s] running egg_info
[1.411s] writing ../../build/tf_callback/tf_callback.egg-info/PKG-INFO
[1.413s] writing dependency_links to ../../build/tf_callback/tf_callback.egg-info/dependency_links.txt
[1.413s] writing entry points to ../../build/tf_callback/tf_callback.egg-info/entry_points.txt
[1.413s] writing requirements to ../../build/tf_callback/tf_callback.egg-info/requires.txt
[1.413s] writing top-level names to ../../build/tf_callback/tf_callback.egg-info/top_level.txt
[1.414s] reading manifest file '../../build/tf_callback/tf_callback.egg-info/SOURCES.txt'
[1.416s] writing manifest file '../../build/tf_callback/tf_callback.egg-info/SOURCES.txt'
[1.416s] running build
[1.416s] running build_py
[1.416s] running install
[1.417s] running install_lib
[1.419s] running install_data
[1.419s] running install_egg_info
[1.421s] removing '/home/olivier/ros2_ws/install/tf_callback/lib/python3.10/site-packages/tf_callback-0.0.0-py3.10.egg-info' (and everything under it)
[1.422s] Copying ../../build/tf_callback/tf_callback.egg-info to /home/olivier/ros2_ws/install/tf_callback/lib/python3.10/site-packages/tf_callback-0.0.0-py3.10.egg-info
[1.423s] running install_scripts
[1.449s] Installing tf_callback_code script to /home/olivier/ros2_ws/install/tf_callback/lib/tf_callback
[1.450s] writing list of installed files to '/home/olivier/ros2_ws/build/tf_callback/install.log'
[1.477s] Invoked command in '/home/olivier/ros2_ws/src/tf_callback' returned '0': PYTHONPATH=/home/olivier/ros2_ws/build/tf_callback/prefix_override:/home/olivier/ros2_ws/install/tf_callback/lib/python3.10/site-packages:${PYTHONPATH} /usr/bin/python3 -W ignore:setup.py install is deprecated setup.py egg_info --egg-base ../../build/tf_callback build --build-base /home/olivier/ros2_ws/build/tf_callback/build install --record /home/olivier/ros2_ws/build/tf_callback/install.log --single-version-externally-managed install_data
