[0.923s] Invoking command in '/home/olivier/ros2_ws/src/py_pubsub': PYTHONPATH=/home/olivier/ros2_ws/build/py_pubsub/prefix_override:/home/olivier/ros2_ws/install/py_pubsub/lib/python3.10/site-packages:${PYTHONPATH} /usr/bin/python3 -W ignore:setup.py install is deprecated setup.py egg_info --egg-base ../../build/py_pubsub build --build-base /home/olivier/ros2_ws/build/py_pubsub/build install --record /home/olivier/ros2_ws/build/py_pubsub/install.log --single-version-externally-managed install_data
[1.155s] running egg_info
[1.155s] writing ../../build/py_pubsub/py_pubsub.egg-info/PKG-INFO
[1.156s] writing dependency_links to ../../build/py_pubsub/py_pubsub.egg-info/dependency_links.txt
[1.156s] writing entry points to ../../build/py_pubsub/py_pubsub.egg-info/entry_points.txt
[1.156s] writing requirements to ../../build/py_pubsub/py_pubsub.egg-info/requires.txt
[1.156s] writing top-level names to ../../build/py_pubsub/py_pubsub.egg-info/top_level.txt
[1.159s] reading manifest file '../../build/py_pubsub/py_pubsub.egg-info/SOURCES.txt'
[1.160s] writing manifest file '../../build/py_pubsub/py_pubsub.egg-info/SOURCES.txt'
[1.161s] running build
[1.161s] running build_py
[1.161s] copying py_pubsub/subscriber_member_function.py -> /home/olivier/ros2_ws/build/py_pubsub/build/lib/py_pubsub
[1.161s] running install
[1.162s] running install_lib
[1.162s] copying /home/olivier/ros2_ws/build/py_pubsub/build/lib/py_pubsub/subscriber_member_function.py -> /home/olivier/ros2_ws/install/py_pubsub/lib/python3.10/site-packages/py_pubsub
[1.163s] byte-compiling /home/olivier/ros2_ws/install/py_pubsub/lib/python3.10/site-packages/py_pubsub/subscriber_member_function.py to subscriber_member_function.cpython-310.pyc
[1.163s] running install_data
[1.164s] running install_egg_info
[1.165s] removing '/home/olivier/ros2_ws/install/py_pubsub/lib/python3.10/site-packages/py_pubsub-0.0.0-py3.10.egg-info' (and everything under it)
[1.166s] Copying ../../build/py_pubsub/py_pubsub.egg-info to /home/olivier/ros2_ws/install/py_pubsub/lib/python3.10/site-packages/py_pubsub-0.0.0-py3.10.egg-info
[1.167s] running install_scripts
[1.187s] Installing listener script to /home/olivier/ros2_ws/install/py_pubsub/lib/py_pubsub
[1.187s] Installing talker script to /home/olivier/ros2_ws/install/py_pubsub/lib/py_pubsub
[1.187s] writing list of installed files to '/home/olivier/ros2_ws/build/py_pubsub/install.log'
[1.213s] Invoked command in '/home/olivier/ros2_ws/src/py_pubsub' returned '0': PYTHONPATH=/home/olivier/ros2_ws/build/py_pubsub/prefix_override:/home/olivier/ros2_ws/install/py_pubsub/lib/python3.10/site-packages:${PYTHONPATH} /usr/bin/python3 -W ignore:setup.py install is deprecated setup.py egg_info --egg-base ../../build/py_pubsub build --build-base /home/olivier/ros2_ws/build/py_pubsub/build install --record /home/olivier/ros2_ws/build/py_pubsub/install.log --single-version-externally-managed install_data
