[0.856s] Invoking command in '/home/olivier/ros2_ws/src/py_pubsub': PYTHONPATH=/home/olivier/ros2_ws/build/py_pubsub/prefix_override:/home/olivier/ros2_ws/install/py_pubsub/lib/python3.10/site-packages:${PYTHONPATH} /usr/bin/python3 -W ignore:setup.py install is deprecated setup.py egg_info --egg-base ../../build/py_pubsub build --build-base /home/olivier/ros2_ws/build/py_pubsub/build install --record /home/olivier/ros2_ws/build/py_pubsub/install.log --single-version-externally-managed install_data
[1.093s] running egg_info
[1.094s] writing ../../build/py_pubsub/py_pubsub.egg-info/PKG-INFO
[1.094s] writing dependency_links to ../../build/py_pubsub/py_pubsub.egg-info/dependency_links.txt
[1.095s] writing entry points to ../../build/py_pubsub/py_pubsub.egg-info/entry_points.txt
[1.095s] writing requirements to ../../build/py_pubsub/py_pubsub.egg-info/requires.txt
[1.095s] writing top-level names to ../../build/py_pubsub/py_pubsub.egg-info/top_level.txt
[1.097s] reading manifest file '../../build/py_pubsub/py_pubsub.egg-info/SOURCES.txt'
[1.099s] writing manifest file '../../build/py_pubsub/py_pubsub.egg-info/SOURCES.txt'
[1.099s] running build
[1.099s] running build_py
[1.099s] copying py_pubsub/publisher_member_function.py -> /home/olivier/ros2_ws/build/py_pubsub/build/lib/py_pubsub
[1.099s] running install
[1.100s] running install_lib
[1.100s] copying /home/olivier/ros2_ws/build/py_pubsub/build/lib/py_pubsub/publisher_member_function.py -> /home/olivier/ros2_ws/install/py_pubsub/lib/python3.10/site-packages/py_pubsub
[1.101s] byte-compiling /home/olivier/ros2_ws/install/py_pubsub/lib/python3.10/site-packages/py_pubsub/publisher_member_function.py to publisher_member_function.cpython-310.pyc
[1.102s] running install_data
[1.102s] running install_egg_info
[1.103s] removing '/home/olivier/ros2_ws/install/py_pubsub/lib/python3.10/site-packages/py_pubsub-0.0.0-py3.10.egg-info' (and everything under it)
[1.104s] Copying ../../build/py_pubsub/py_pubsub.egg-info to /home/olivier/ros2_ws/install/py_pubsub/lib/python3.10/site-packages/py_pubsub-0.0.0-py3.10.egg-info
[1.105s] running install_scripts
[1.125s] Installing listener script to /home/olivier/ros2_ws/install/py_pubsub/lib/py_pubsub
[1.125s] Installing talker script to /home/olivier/ros2_ws/install/py_pubsub/lib/py_pubsub
[1.125s] writing list of installed files to '/home/olivier/ros2_ws/build/py_pubsub/install.log'
[1.153s] Invoked command in '/home/olivier/ros2_ws/src/py_pubsub' returned '0': PYTHONPATH=/home/olivier/ros2_ws/build/py_pubsub/prefix_override:/home/olivier/ros2_ws/install/py_pubsub/lib/python3.10/site-packages:${PYTHONPATH} /usr/bin/python3 -W ignore:setup.py install is deprecated setup.py egg_info --egg-base ../../build/py_pubsub build --build-base /home/olivier/ros2_ws/build/py_pubsub/build install --record /home/olivier/ros2_ws/build/py_pubsub/install.log --single-version-externally-managed install_data
