[3.557s] Invoking command in '/home/olivier/ros2_ws/src/ras_ros_core_control_modules-main': PYTHONPATH=/home/olivier/ros2_ws/build/ras_ros_core_control_modules/prefix_override:/home/olivier/ros2_ws/install/ras_ros_core_control_modules/lib/python3.10/site-packages:${PYTHONPATH} /usr/bin/python3 -W ignore:setup.py install is deprecated setup.py egg_info --egg-base ../../build/ras_ros_core_control_modules build --build-base /home/olivier/ros2_ws/build/ras_ros_core_control_modules/build install --record /home/olivier/ros2_ws/build/ras_ros_core_control_modules/install.log --single-version-externally-managed install_data
[4.649s] running egg_info
[4.657s] writing ../../build/ras_ros_core_control_modules/ras_ros_core_control_modules.egg-info/PKG-INFO
[4.659s] writing dependency_links to ../../build/ras_ros_core_control_modules/ras_ros_core_control_modules.egg-info/dependency_links.txt
[4.660s] writing entry points to ../../build/ras_ros_core_control_modules/ras_ros_core_control_modules.egg-info/entry_points.txt
[4.671s] writing requirements to ../../build/ras_ros_core_control_modules/ras_ros_core_control_modules.egg-info/requires.txt
[4.682s] writing top-level names to ../../build/ras_ros_core_control_modules/ras_ros_core_control_modules.egg-info/top_level.txt
[4.683s] reading manifest file '../../build/ras_ros_core_control_modules/ras_ros_core_control_modules.egg-info/SOURCES.txt'
[4.690s] writing manifest file '../../build/ras_ros_core_control_modules/ras_ros_core_control_modules.egg-info/SOURCES.txt'
[4.691s] running build
[4.693s] running build_py
[4.694s] running install
[4.721s] running install_lib
[4.745s] running install_data
[4.746s] running install_egg_info
[4.747s] removing '/home/olivier/ros2_ws/install/ras_ros_core_control_modules/lib/python3.10/site-packages/ras_ros_core_control_modules-0.0.0-py3.10.egg-info' (and everything under it)
[4.748s] Copying ../../build/ras_ros_core_control_modules/ras_ros_core_control_modules.egg-info to /home/olivier/ros2_ws/install/ras_ros_core_control_modules/lib/python3.10/site-packages/ras_ros_core_control_modules-0.0.0-py3.10.egg-info
[4.760s] running install_scripts
[4.844s] Installing TN_control_effort_allocator_dp1 script to /home/olivier/ros2_ws/install/ras_ros_core_control_modules/lib/ras_ros_core_control_modules
[4.844s] Installing TN_control_effort_allocator_nomoto script to /home/olivier/ros2_ws/install/ras_ros_core_control_modules/lib/ras_ros_core_control_modules
[4.844s] Installing heading_controller script to /home/olivier/ros2_ws/install/ras_ros_core_control_modules/lib/ras_ros_core_control_modules
[4.844s] Installing navsat_cartesian_transform script to /home/olivier/ros2_ws/install/ras_ros_core_control_modules/lib/ras_ros_core_control_modules
[4.844s] Installing surge_vel_controller script to /home/olivier/ros2_ws/install/ras_ros_core_control_modules/lib/ras_ros_core_control_modules
[4.844s] Installing vel_differentiator script to /home/olivier/ros2_ws/install/ras_ros_core_control_modules/lib/ras_ros_core_control_modules
[4.854s] writing list of installed files to '/home/olivier/ros2_ws/build/ras_ros_core_control_modules/install.log'
[5.498s] Invoked command in '/home/olivier/ros2_ws/src/ras_ros_core_control_modules-main' returned '0': PYTHONPATH=/home/olivier/ros2_ws/build/ras_ros_core_control_modules/prefix_override:/home/olivier/ros2_ws/install/ras_ros_core_control_modules/lib/python3.10/site-packages:${PYTHONPATH} /usr/bin/python3 -W ignore:setup.py install is deprecated setup.py egg_info --egg-base ../../build/ras_ros_core_control_modules build --build-base /home/olivier/ros2_ws/build/ras_ros_core_control_modules/build install --record /home/olivier/ros2_ws/build/ras_ros_core_control_modules/install.log --single-version-externally-managed install_data
