running egg_info
writing ../../build/boat_controller/boat_controller.egg-info/PKG-INFO
writing dependency_links to ../../build/boat_controller/boat_controller.egg-info/dependency_links.txt
writing entry points to ../../build/boat_controller/boat_controller.egg-info/entry_points.txt
writing requirements to ../../build/boat_controller/boat_controller.egg-info/requires.txt
writing top-level names to ../../build/boat_controller/boat_controller.egg-info/top_level.txt
reading manifest file '../../build/boat_controller/boat_controller.egg-info/SOURCES.txt'
writing manifest file '../../build/boat_controller/boat_controller.egg-info/SOURCES.txt'
running build
running build_py
copying boat_controller/boat_controllermain.py -> /home/olivier/ros2_ws/build/boat_controller/build/lib/boat_controller
running install
running install_lib
copying /home/olivier/ros2_ws/build/boat_controller/build/lib/boat_controller/boat_controllermain.py -> /home/olivier/ros2_ws/install/boat_controller/lib/python3.10/site-packages/boat_controller
byte-compiling /home/olivier/ros2_ws/install/boat_controller/lib/python3.10/site-packages/boat_controller/boat_controllermain.py to boat_controllermain.cpython-310.pyc
running install_data
running install_egg_info
removing '/home/olivier/ros2_ws/install/boat_controller/lib/python3.10/site-packages/boat_controller-0.0.0-py3.10.egg-info' (and everything under it)
Copying ../../build/boat_controller/boat_controller.egg-info to /home/olivier/ros2_ws/install/boat_controller/lib/python3.10/site-packages/boat_controller-0.0.0-py3.10.egg-info
running install_scripts
Installing boat_controllermain script to /home/olivier/ros2_ws/install/boat_controller/lib/boat_controller
writing list of installed files to '/home/olivier/ros2_ws/build/boat_controller/install.log'
