/home/olivier/ros2_ws/install/usv_formation_control_1/lib/python3.10/site-packages/usv_formation_control_1/formation_trajectory_planner.py
/home/olivier/ros2_ws/install/usv_formation_control_1/lib/python3.10/site-packages/usv_formation_control_1/__init__.py
/home/olivier/ros2_ws/install/usv_formation_control_1/lib/python3.10/site-packages/usv_formation_control_1/formation_configuration_broadcaster_1.py
/home/olivier/ros2_ws/install/usv_formation_control_1/lib/python3.10/site-packages/usv_formation_control_1/vessel_reference_generator.py
/home/olivier/ros2_ws/install/usv_formation_control_1/lib/python3.10/site-packages/usv_formation_control_1/__pycache__/formation_trajectory_planner.cpython-310.pyc
/home/olivier/ros2_ws/install/usv_formation_control_1/lib/python3.10/site-packages/usv_formation_control_1/__pycache__/__init__.cpython-310.pyc
/home/olivier/ros2_ws/install/usv_formation_control_1/lib/python3.10/site-packages/usv_formation_control_1/__pycache__/formation_configuration_broadcaster_1.cpython-310.pyc
/home/olivier/ros2_ws/install/usv_formation_control_1/lib/python3.10/site-packages/usv_formation_control_1/__pycache__/vessel_reference_generator.cpython-310.pyc
/home/olivier/ros2_ws/install/usv_formation_control_1/share/ament_index/resource_index/packages/usv_formation_control_1
/home/olivier/ros2_ws/install/usv_formation_control_1/share/usv_formation_control_1/package.xml
/home/olivier/ros2_ws/install/usv_formation_control_1/share/usv_formation_control_1/launch/formation1.launch.py
/home/olivier/ros2_ws/install/usv_formation_control_1/lib/python3.10/site-packages/usv_formation_control_1-0.0.0-py3.10.egg-info/zip-safe
/home/olivier/ros2_ws/install/usv_formation_control_1/lib/python3.10/site-packages/usv_formation_control_1-0.0.0-py3.10.egg-info/SOURCES.txt
/home/olivier/ros2_ws/install/usv_formation_control_1/lib/python3.10/site-packages/usv_formation_control_1-0.0.0-py3.10.egg-info/entry_points.txt
/home/olivier/ros2_ws/install/usv_formation_control_1/lib/python3.10/site-packages/usv_formation_control_1-0.0.0-py3.10.egg-info/dependency_links.txt
/home/olivier/ros2_ws/install/usv_formation_control_1/lib/python3.10/site-packages/usv_formation_control_1-0.0.0-py3.10.egg-info/top_level.txt
/home/olivier/ros2_ws/install/usv_formation_control_1/lib/python3.10/site-packages/usv_formation_control_1-0.0.0-py3.10.egg-info/PKG-INFO
/home/olivier/ros2_ws/install/usv_formation_control_1/lib/python3.10/site-packages/usv_formation_control_1-0.0.0-py3.10.egg-info/requires.txt
/home/olivier/ros2_ws/install/usv_formation_control_1/lib/usv_formation_control_1/formation_configuration_broadcaster_1
/home/olivier/ros2_ws/install/usv_formation_control_1/lib/usv_formation_control_1/formation_trajectory_planner
/home/olivier/ros2_ws/install/usv_formation_control_1/lib/usv_formation_control_1/vessel_reference_generator
