running egg_info
creating ../../build/turtleboat/turtleboat.egg-info
writing ../../build/turtleboat/turtleboat.egg-info/PKG-INFO
writing dependency_links to ../../build/turtleboat/turtleboat.egg-info/dependency_links.txt
writing entry points to ../../build/turtleboat/turtleboat.egg-info/entry_points.txt
writing requirements to ../../build/turtleboat/turtleboat.egg-info/requires.txt
writing top-level names to ../../build/turtleboat/turtleboat.egg-info/top_level.txt
writing manifest file '../../build/turtleboat/turtleboat.egg-info/SOURCES.txt'
reading manifest file '../../build/turtleboat/turtleboat.egg-info/SOURCES.txt'
writing manifest file '../../build/turtleboat/turtleboat.egg-info/SOURCES.txt'
running build
running build_py
creating /home/olivier/ros2_ws/build/turtleboat/build
creating /home/olivier/ros2_ws/build/turtleboat/build/lib
creating /home/olivier/ros2_ws/build/turtleboat/build/lib/turtleboat
copying turtleboat/utils.py -> /home/olivier/ros2_ws/build/turtleboat/build/lib/turtleboat
copying turtleboat/__init__.py -> /home/olivier/ros2_ws/build/turtleboat/build/lib/turtleboat
copying turtleboat/turtleboatmain.py -> /home/olivier/ros2_ws/build/turtleboat/build/lib/turtleboat
running install
running install_lib
creating /home/olivier/ros2_ws/install/turtleboat/lib/python3.10/site-packages/turtleboat
copying /home/olivier/ros2_ws/build/turtleboat/build/lib/turtleboat/utils.py -> /home/olivier/ros2_ws/install/turtleboat/lib/python3.10/site-packages/turtleboat
copying /home/olivier/ros2_ws/build/turtleboat/build/lib/turtleboat/__init__.py -> /home/olivier/ros2_ws/install/turtleboat/lib/python3.10/site-packages/turtleboat
copying /home/olivier/ros2_ws/build/turtleboat/build/lib/turtleboat/turtleboatmain.py -> /home/olivier/ros2_ws/install/turtleboat/lib/python3.10/site-packages/turtleboat
byte-compiling /home/olivier/ros2_ws/install/turtleboat/lib/python3.10/site-packages/turtleboat/utils.py to utils.cpython-310.pyc
byte-compiling /home/olivier/ros2_ws/install/turtleboat/lib/python3.10/site-packages/turtleboat/__init__.py to __init__.cpython-310.pyc
byte-compiling /home/olivier/ros2_ws/install/turtleboat/lib/python3.10/site-packages/turtleboat/turtleboatmain.py to turtleboatmain.cpython-310.pyc
running install_data
creating /home/olivier/ros2_ws/install/turtleboat/share/ament_index
creating /home/olivier/ros2_ws/install/turtleboat/share/ament_index/resource_index
creating /home/olivier/ros2_ws/install/turtleboat/share/ament_index/resource_index/packages
copying resource/turtleboat -> /home/olivier/ros2_ws/install/turtleboat/share/ament_index/resource_index/packages
copying package.xml -> /home/olivier/ros2_ws/install/turtleboat/share/turtleboat
running install_egg_info
Copying ../../build/turtleboat/turtleboat.egg-info to /home/olivier/ros2_ws/install/turtleboat/lib/python3.10/site-packages/turtleboat-0.0.0-py3.10.egg-info
running install_scripts
Installing turtleboatmain script to /home/olivier/ros2_ws/install/turtleboat/lib/turtleboat
writing list of installed files to '/home/olivier/ros2_ws/build/turtleboat/install.log'
