[0.170s] DEBUG:colcon:Command line arguments: ['/home/olivier/.local/bin/colcon', 'build']
[0.170s] DEBUG:colcon:Parsed command line arguments: Namespace(log_base=None, log_level=None, verb_name='build', build_base='build', install_base='install', merge_install=False, symlink_install=False, test_result_base=None, continue_on_error=False, executor='parallel', parallel_workers=4, event_handlers=None, ignore_user_meta=False, metas=['./colcon.meta'], base_paths=['.'], packages_ignore=None, packages_ignore_regex=None, paths=None, packages_up_to=None, packages_up_to_regex=None, packages_above=None, packages_above_and_dependencies=None, packages_above_depth=None, packages_select_by_dep=None, packages_skip_by_dep=None, packages_skip_up_to=None, packages_select_build_failed=False, packages_skip_build_finished=False, packages_select_test_failures=False, packages_skip_test_passed=False, packages_select=None, packages_skip=None, packages_select_regex=None, packages_skip_regex=None, packages_start=None, packages_end=None, cmake_args=None, cmake_target=None, cmake_target_skip_unavailable=False, cmake_clean_cache=False, cmake_clean_first=False, cmake_force_configure=False, ament_cmake_args=None, catkin_cmake_args=None, catkin_skip_building_tests=False, verb_parser=<colcon_defaults.argument_parser.defaults.DefaultArgumentsDecorator object at 0x7417fa1a2a70>, verb_extension=<colcon_core.verb.build.BuildVerb object at 0x7417fa1a24a0>, main=<bound method BuildVerb.main of <colcon_core.verb.build.BuildVerb object at 0x7417fa1a24a0>>)
[0.361s] Level 1:colcon.colcon_core.package_discovery:discover_packages(colcon_meta) check parameters
[0.361s] Level 1:colcon.colcon_core.package_discovery:discover_packages(recursive) check parameters
[0.361s] Level 1:colcon.colcon_core.package_discovery:discover_packages(ignore) check parameters
[0.361s] Level 1:colcon.colcon_core.package_discovery:discover_packages(path) check parameters
[0.361s] Level 1:colcon.colcon_core.package_discovery:discover_packages(colcon_meta) discover
[0.361s] Level 1:colcon.colcon_core.package_discovery:discover_packages(recursive) discover
[0.361s] INFO:colcon.colcon_core.package_discovery:Crawling recursively for packages in '/home/olivier/ros2_ws'
[0.361s] Level 1:colcon.colcon_core.package_identification:_identify(.) by extensions ['ignore', 'ignore_ament_install']
[0.361s] Level 1:colcon.colcon_core.package_identification:_identify(.) by extension 'ignore'
[0.362s] Level 1:colcon.colcon_core.package_identification:_identify(.) by extension 'ignore_ament_install'
[0.362s] Level 1:colcon.colcon_core.package_identification:_identify(.) by extensions ['colcon_pkg']
[0.362s] Level 1:colcon.colcon_core.package_identification:_identify(.) by extension 'colcon_pkg'
[0.362s] Level 1:colcon.colcon_core.package_identification:_identify(.) by extensions ['colcon_meta']
[0.362s] Level 1:colcon.colcon_core.package_identification:_identify(.) by extension 'colcon_meta'
[0.362s] Level 1:colcon.colcon_core.package_identification:_identify(.) by extensions ['ros']
[0.362s] Level 1:colcon.colcon_core.package_identification:_identify(.) by extension 'ros'
[0.375s] Level 1:colcon.colcon_core.package_identification:_identify(.) by extensions ['cmake', 'python']
[0.375s] Level 1:colcon.colcon_core.package_identification:_identify(.) by extension 'cmake'
[0.376s] Level 1:colcon.colcon_core.package_identification:_identify(.) by extension 'python'
[0.376s] Level 1:colcon.colcon_core.package_identification:_identify(.) by extensions ['python_setup_py']
[0.376s] Level 1:colcon.colcon_core.package_identification:_identify(.) by extension 'python_setup_py'
[0.376s] Level 1:colcon.colcon_core.package_identification:_identify(build) by extensions ['ignore', 'ignore_ament_install']
[0.376s] Level 1:colcon.colcon_core.package_identification:_identify(build) by extension 'ignore'
[0.376s] Level 1:colcon.colcon_core.package_identification:_identify(build) ignored
[0.376s] Level 1:colcon.colcon_core.package_identification:_identify(install) by extensions ['ignore', 'ignore_ament_install']
[0.376s] Level 1:colcon.colcon_core.package_identification:_identify(install) by extension 'ignore'
[0.376s] Level 1:colcon.colcon_core.package_identification:_identify(install) ignored
[0.376s] Level 1:colcon.colcon_core.package_identification:_identify(log) by extensions ['ignore', 'ignore_ament_install']
[0.376s] Level 1:colcon.colcon_core.package_identification:_identify(log) by extension 'ignore'
[0.376s] Level 1:colcon.colcon_core.package_identification:_identify(log) ignored
[0.377s] Level 1:colcon.colcon_core.package_identification:_identify(src) by extensions ['ignore', 'ignore_ament_install']
[0.377s] Level 1:colcon.colcon_core.package_identification:_identify(src) by extension 'ignore'
[0.377s] Level 1:colcon.colcon_core.package_identification:_identify(src) by extension 'ignore_ament_install'
[0.377s] Level 1:colcon.colcon_core.package_identification:_identify(src) by extensions ['colcon_pkg']
[0.377s] Level 1:colcon.colcon_core.package_identification:_identify(src) by extension 'colcon_pkg'
[0.377s] Level 1:colcon.colcon_core.package_identification:_identify(src) by extensions ['colcon_meta']
[0.377s] Level 1:colcon.colcon_core.package_identification:_identify(src) by extension 'colcon_meta'
[0.377s] Level 1:colcon.colcon_core.package_identification:_identify(src) by extensions ['ros']
[0.377s] Level 1:colcon.colcon_core.package_identification:_identify(src) by extension 'ros'
[0.377s] Level 1:colcon.colcon_core.package_identification:_identify(src) by extensions ['cmake', 'python']
[0.377s] Level 1:colcon.colcon_core.package_identification:_identify(src) by extension 'cmake'
[0.377s] Level 1:colcon.colcon_core.package_identification:_identify(src) by extension 'python'
[0.377s] Level 1:colcon.colcon_core.package_identification:_identify(src) by extensions ['python_setup_py']
[0.377s] Level 1:colcon.colcon_core.package_identification:_identify(src) by extension 'python_setup_py'
[0.378s] Level 1:colcon.colcon_core.package_identification:_identify(src/TurtleBoat-ros2) by extensions ['ignore', 'ignore_ament_install']
[0.378s] Level 1:colcon.colcon_core.package_identification:_identify(src/TurtleBoat-ros2) by extension 'ignore'
[0.378s] Level 1:colcon.colcon_core.package_identification:_identify(src/TurtleBoat-ros2) by extension 'ignore_ament_install'
[0.378s] Level 1:colcon.colcon_core.package_identification:_identify(src/TurtleBoat-ros2) by extensions ['colcon_pkg']
[0.378s] Level 1:colcon.colcon_core.package_identification:_identify(src/TurtleBoat-ros2) by extension 'colcon_pkg'
[0.378s] Level 1:colcon.colcon_core.package_identification:_identify(src/TurtleBoat-ros2) by extensions ['colcon_meta']
[0.378s] Level 1:colcon.colcon_core.package_identification:_identify(src/TurtleBoat-ros2) by extension 'colcon_meta'
[0.378s] Level 1:colcon.colcon_core.package_identification:_identify(src/TurtleBoat-ros2) by extensions ['ros']
[0.378s] Level 1:colcon.colcon_core.package_identification:_identify(src/TurtleBoat-ros2) by extension 'ros'
[0.381s] DEBUG:colcon.colcon_core.package_identification:Package 'src/TurtleBoat-ros2' with type 'ros.ament_python' and name 'turtleboat'
[0.381s] Level 1:colcon.colcon_core.package_identification:_identify(src/USV_formation_control_1-ros2) by extensions ['ignore', 'ignore_ament_install']
[0.381s] Level 1:colcon.colcon_core.package_identification:_identify(src/USV_formation_control_1-ros2) by extension 'ignore'
[0.381s] Level 1:colcon.colcon_core.package_identification:_identify(src/USV_formation_control_1-ros2) by extension 'ignore_ament_install'
[0.381s] Level 1:colcon.colcon_core.package_identification:_identify(src/USV_formation_control_1-ros2) by extensions ['colcon_pkg']
[0.382s] Level 1:colcon.colcon_core.package_identification:_identify(src/USV_formation_control_1-ros2) by extension 'colcon_pkg'
[0.382s] Level 1:colcon.colcon_core.package_identification:_identify(src/USV_formation_control_1-ros2) by extensions ['colcon_meta']
[0.382s] Level 1:colcon.colcon_core.package_identification:_identify(src/USV_formation_control_1-ros2) by extension 'colcon_meta'
[0.382s] Level 1:colcon.colcon_core.package_identification:_identify(src/USV_formation_control_1-ros2) by extensions ['ros']
[0.382s] Level 1:colcon.colcon_core.package_identification:_identify(src/USV_formation_control_1-ros2) by extension 'ros'
[0.383s] DEBUG:colcon.colcon_core.package_identification:Package 'src/USV_formation_control_1-ros2' with type 'ros.ament_python' and name 'usv_formation_control_1'
[0.383s] Level 1:colcon.colcon_core.package_identification:_identify(src/boat_controller) by extensions ['ignore', 'ignore_ament_install']
[0.383s] Level 1:colcon.colcon_core.package_identification:_identify(src/boat_controller) by extension 'ignore'
[0.383s] Level 1:colcon.colcon_core.package_identification:_identify(src/boat_controller) by extension 'ignore_ament_install'
[0.383s] Level 1:colcon.colcon_core.package_identification:_identify(src/boat_controller) by extensions ['colcon_pkg']
[0.383s] Level 1:colcon.colcon_core.package_identification:_identify(src/boat_controller) by extension 'colcon_pkg'
[0.383s] Level 1:colcon.colcon_core.package_identification:_identify(src/boat_controller) by extensions ['colcon_meta']
[0.383s] Level 1:colcon.colcon_core.package_identification:_identify(src/boat_controller) by extension 'colcon_meta'
[0.383s] Level 1:colcon.colcon_core.package_identification:_identify(src/boat_controller) by extensions ['ros']
[0.384s] Level 1:colcon.colcon_core.package_identification:_identify(src/boat_controller) by extension 'ros'
[0.384s] DEBUG:colcon.colcon_core.package_identification:Package 'src/boat_controller' with type 'ros.ament_python' and name 'boat_controller'
[0.384s] Level 1:colcon.colcon_core.package_identification:_identify(src/build) by extensions ['ignore', 'ignore_ament_install']
[0.384s] Level 1:colcon.colcon_core.package_identification:_identify(src/build) by extension 'ignore'
[0.385s] Level 1:colcon.colcon_core.package_identification:_identify(src/build) ignored
[0.385s] Level 1:colcon.colcon_core.package_identification:_identify(src/install) by extensions ['ignore', 'ignore_ament_install']
[0.385s] Level 1:colcon.colcon_core.package_identification:_identify(src/install) by extension 'ignore'
[0.385s] Level 1:colcon.colcon_core.package_identification:_identify(src/install) ignored
[0.385s] Level 1:colcon.colcon_core.package_identification:_identify(src/log) by extensions ['ignore', 'ignore_ament_install']
[0.385s] Level 1:colcon.colcon_core.package_identification:_identify(src/log) by extension 'ignore'
[0.385s] Level 1:colcon.colcon_core.package_identification:_identify(src/log) ignored
[0.385s] Level 1:colcon.colcon_core.package_identification:_identify(src/py_pubsub) by extensions ['ignore', 'ignore_ament_install']
[0.385s] Level 1:colcon.colcon_core.package_identification:_identify(src/py_pubsub) by extension 'ignore'
[0.385s] Level 1:colcon.colcon_core.package_identification:_identify(src/py_pubsub) by extension 'ignore_ament_install'
[0.385s] Level 1:colcon.colcon_core.package_identification:_identify(src/py_pubsub) by extensions ['colcon_pkg']
[0.385s] Level 1:colcon.colcon_core.package_identification:_identify(src/py_pubsub) by extension 'colcon_pkg'
[0.386s] Level 1:colcon.colcon_core.package_identification:_identify(src/py_pubsub) by extensions ['colcon_meta']
[0.386s] Level 1:colcon.colcon_core.package_identification:_identify(src/py_pubsub) by extension 'colcon_meta'
[0.386s] Level 1:colcon.colcon_core.package_identification:_identify(src/py_pubsub) by extensions ['ros']
[0.386s] Level 1:colcon.colcon_core.package_identification:_identify(src/py_pubsub) by extension 'ros'
[0.386s] DEBUG:colcon.colcon_core.package_identification:Package 'src/py_pubsub' with type 'ros.ament_python' and name 'py_pubsub'
[0.386s] Level 1:colcon.colcon_core.package_identification:_identify(src/ras_ros_core_control_modules-main) by extensions ['ignore', 'ignore_ament_install']
[0.386s] Level 1:colcon.colcon_core.package_identification:_identify(src/ras_ros_core_control_modules-main) by extension 'ignore'
[0.386s] Level 1:colcon.colcon_core.package_identification:_identify(src/ras_ros_core_control_modules-main) by extension 'ignore_ament_install'
[0.386s] Level 1:colcon.colcon_core.package_identification:_identify(src/ras_ros_core_control_modules-main) by extensions ['colcon_pkg']
[0.386s] Level 1:colcon.colcon_core.package_identification:_identify(src/ras_ros_core_control_modules-main) by extension 'colcon_pkg'
[0.387s] Level 1:colcon.colcon_core.package_identification:_identify(src/ras_ros_core_control_modules-main) by extensions ['colcon_meta']
[0.387s] Level 1:colcon.colcon_core.package_identification:_identify(src/ras_ros_core_control_modules-main) by extension 'colcon_meta'
[0.387s] Level 1:colcon.colcon_core.package_identification:_identify(src/ras_ros_core_control_modules-main) by extensions ['ros']
[0.387s] Level 1:colcon.colcon_core.package_identification:_identify(src/ras_ros_core_control_modules-main) by extension 'ros'
[0.387s] DEBUG:colcon.colcon_core.package_identification:Package 'src/ras_ros_core_control_modules-main' with type 'ros.ament_python' and name 'ras_ros_core_control_modules'
[0.387s] Level 1:colcon.colcon_core.package_identification:_identify(src/ras_urdf_common-main) by extensions ['ignore', 'ignore_ament_install']
[0.387s] Level 1:colcon.colcon_core.package_identification:_identify(src/ras_urdf_common-main) by extension 'ignore'
[0.387s] Level 1:colcon.colcon_core.package_identification:_identify(src/ras_urdf_common-main) by extension 'ignore_ament_install'
[0.387s] Level 1:colcon.colcon_core.package_identification:_identify(src/ras_urdf_common-main) by extensions ['colcon_pkg']
[0.388s] Level 1:colcon.colcon_core.package_identification:_identify(src/ras_urdf_common-main) by extension 'colcon_pkg'
[0.388s] Level 1:colcon.colcon_core.package_identification:_identify(src/ras_urdf_common-main) by extensions ['colcon_meta']
[0.388s] Level 1:colcon.colcon_core.package_identification:_identify(src/ras_urdf_common-main) by extension 'colcon_meta'
[0.388s] Level 1:colcon.colcon_core.package_identification:_identify(src/ras_urdf_common-main) by extensions ['ros']
[0.388s] Level 1:colcon.colcon_core.package_identification:_identify(src/ras_urdf_common-main) by extension 'ros'
[0.388s] DEBUG:colcon.colcon_core.package_identification:Package 'src/ras_urdf_common-main' with type 'ros.ament_cmake' and name 'ras_urdf_common'
[0.389s] Level 1:colcon.colcon_core.package_identification:_identify(venv) by extensions ['ignore', 'ignore_ament_install']
[0.389s] Level 1:colcon.colcon_core.package_identification:_identify(venv) by extension 'ignore'
[0.389s] Level 1:colcon.colcon_core.package_identification:_identify(venv) by extension 'ignore_ament_install'
[0.389s] Level 1:colcon.colcon_core.package_identification:_identify(venv) by extensions ['colcon_pkg']
[0.389s] Level 1:colcon.colcon_core.package_identification:_identify(venv) by extension 'colcon_pkg'
[0.389s] Level 1:colcon.colcon_core.package_identification:_identify(venv) by extensions ['colcon_meta']
[0.389s] Level 1:colcon.colcon_core.package_identification:_identify(venv) by extension 'colcon_meta'
[0.389s] Level 1:colcon.colcon_core.package_identification:_identify(venv) by extensions ['ros']
[0.389s] Level 1:colcon.colcon_core.package_identification:_identify(venv) by extension 'ros'
[0.389s] Level 1:colcon.colcon_core.package_identification:_identify(venv) by extensions ['cmake', 'python']
[0.389s] Level 1:colcon.colcon_core.package_identification:_identify(venv) by extension 'cmake'
[0.389s] Level 1:colcon.colcon_core.package_identification:_identify(venv) by extension 'python'
[0.389s] Level 1:colcon.colcon_core.package_identification:_identify(venv) by extensions ['python_setup_py']
[0.389s] Level 1:colcon.colcon_core.package_identification:_identify(venv) by extension 'python_setup_py'
[0.390s] Level 1:colcon.colcon_core.package_identification:_identify(venv/bin) by extensions ['ignore', 'ignore_ament_install']
[0.390s] Level 1:colcon.colcon_core.package_identification:_identify(venv/bin) by extension 'ignore'
[0.390s] Level 1:colcon.colcon_core.package_identification:_identify(venv/bin) by extension 'ignore_ament_install'
[0.390s] Level 1:colcon.colcon_core.package_identification:_identify(venv/bin) by extensions ['colcon_pkg']
[0.390s] Level 1:colcon.colcon_core.package_identification:_identify(venv/bin) by extension 'colcon_pkg'
[0.390s] Level 1:colcon.colcon_core.package_identification:_identify(venv/bin) by extensions ['colcon_meta']
[0.390s] Level 1:colcon.colcon_core.package_identification:_identify(venv/bin) by extension 'colcon_meta'
[0.390s] Level 1:colcon.colcon_core.package_identification:_identify(venv/bin) by extensions ['ros']
[0.390s] Level 1:colcon.colcon_core.package_identification:_identify(venv/bin) by extension 'ros'
[0.390s] Level 1:colcon.colcon_core.package_identification:_identify(venv/bin) by extensions ['cmake', 'python']
[0.390s] Level 1:colcon.colcon_core.package_identification:_identify(venv/bin) by extension 'cmake'
[0.390s] Level 1:colcon.colcon_core.package_identification:_identify(venv/bin) by extension 'python'
[0.390s] Level 1:colcon.colcon_core.package_identification:_identify(venv/bin) by extensions ['python_setup_py']
[0.390s] Level 1:colcon.colcon_core.package_identification:_identify(venv/bin) by extension 'python_setup_py'
[0.390s] Level 1:colcon.colcon_core.package_identification:_identify(venv/include) by extensions ['ignore', 'ignore_ament_install']
[0.391s] Level 1:colcon.colcon_core.package_identification:_identify(venv/include) by extension 'ignore'
[0.391s] Level 1:colcon.colcon_core.package_identification:_identify(venv/include) by extension 'ignore_ament_install'
[0.391s] Level 1:colcon.colcon_core.package_identification:_identify(venv/include) by extensions ['colcon_pkg']
[0.391s] Level 1:colcon.colcon_core.package_identification:_identify(venv/include) by extension 'colcon_pkg'
[0.391s] Level 1:colcon.colcon_core.package_identification:_identify(venv/include) by extensions ['colcon_meta']
[0.391s] Level 1:colcon.colcon_core.package_identification:_identify(venv/include) by extension 'colcon_meta'
[0.391s] Level 1:colcon.colcon_core.package_identification:_identify(venv/include) by extensions ['ros']
[0.391s] Level 1:colcon.colcon_core.package_identification:_identify(venv/include) by extension 'ros'
[0.391s] Level 1:colcon.colcon_core.package_identification:_identify(venv/include) by extensions ['cmake', 'python']
[0.391s] Level 1:colcon.colcon_core.package_identification:_identify(venv/include) by extension 'cmake'
[0.391s] Level 1:colcon.colcon_core.package_identification:_identify(venv/include) by extension 'python'
[0.391s] Level 1:colcon.colcon_core.package_identification:_identify(venv/include) by extensions ['python_setup_py']
[0.391s] Level 1:colcon.colcon_core.package_identification:_identify(venv/include) by extension 'python_setup_py'
[0.391s] Level 1:colcon.colcon_core.package_identification:_identify(venv/lib) by extensions ['ignore', 'ignore_ament_install']
[0.392s] Level 1:colcon.colcon_core.package_identification:_identify(venv/lib) by extension 'ignore'
[0.392s] Level 1:colcon.colcon_core.package_identification:_identify(venv/lib) by extension 'ignore_ament_install'
[0.392s] Level 1:colcon.colcon_core.package_identification:_identify(venv/lib) by extensions ['colcon_pkg']
[0.392s] Level 1:colcon.colcon_core.package_identification:_identify(venv/lib) by extension 'colcon_pkg'
[0.392s] Level 1:colcon.colcon_core.package_identification:_identify(venv/lib) by extensions ['colcon_meta']
[0.392s] Level 1:colcon.colcon_core.package_identification:_identify(venv/lib) by extension 'colcon_meta'
[0.392s] Level 1:colcon.colcon_core.package_identification:_identify(venv/lib) by extensions ['ros']
[0.392s] Level 1:colcon.colcon_core.package_identification:_identify(venv/lib) by extension 'ros'
[0.392s] Level 1:colcon.colcon_core.package_identification:_identify(venv/lib) by extensions ['cmake', 'python']
[0.392s] Level 1:colcon.colcon_core.package_identification:_identify(venv/lib) by extension 'cmake'
[0.392s] Level 1:colcon.colcon_core.package_identification:_identify(venv/lib) by extension 'python'
[0.392s] Level 1:colcon.colcon_core.package_identification:_identify(venv/lib) by extensions ['python_setup_py']
[0.392s] Level 1:colcon.colcon_core.package_identification:_identify(venv/lib) by extension 'python_setup_py'
[0.392s] Level 1:colcon.colcon_core.package_identification:_identify(venv/lib/python3.10) by extensions ['ignore', 'ignore_ament_install']
[0.392s] Level 1:colcon.colcon_core.package_identification:_identify(venv/lib/python3.10) by extension 'ignore'
[0.392s] Level 1:colcon.colcon_core.package_identification:_identify(venv/lib/python3.10) by extension 'ignore_ament_install'
[0.392s] Level 1:colcon.colcon_core.package_identification:_identify(venv/lib/python3.10) by extensions ['colcon_pkg']
[0.392s] Level 1:colcon.colcon_core.package_identification:_identify(venv/lib/python3.10) by extension 'colcon_pkg'
[0.392s] Level 1:colcon.colcon_core.package_identification:_identify(venv/lib/python3.10) by extensions ['colcon_meta']
[0.392s] Level 1:colcon.colcon_core.package_identification:_identify(venv/lib/python3.10) by extension 'colcon_meta'
[0.393s] Level 1:colcon.colcon_core.package_identification:_identify(venv/lib/python3.10) by extensions ['ros']
[0.393s] Level 1:colcon.colcon_core.package_identification:_identify(venv/lib/python3.10) by extension 'ros'
[0.393s] Level 1:colcon.colcon_core.package_identification:_identify(venv/lib/python3.10) by extensions ['cmake', 'python']
[0.393s] Level 1:colcon.colcon_core.package_identification:_identify(venv/lib/python3.10) by extension 'cmake'
[0.393s] Level 1:colcon.colcon_core.package_identification:_identify(venv/lib/python3.10) by extension 'python'
[0.393s] Level 1:colcon.colcon_core.package_identification:_identify(venv/lib/python3.10) by extensions ['python_setup_py']
[0.393s] Level 1:colcon.colcon_core.package_identification:_identify(venv/lib/python3.10) by extension 'python_setup_py'
[0.393s] Level 1:colcon.colcon_core.package_identification:_identify(venv/lib/python3.10/site-packages) by extensions ['ignore', 'ignore_ament_install']
[0.393s] Level 1:colcon.colcon_core.package_identification:_identify(venv/lib/python3.10/site-packages) by extension 'ignore'
[0.393s] Level 1:colcon.colcon_core.package_identification:_identify(venv/lib/python3.10/site-packages) by extension 'ignore_ament_install'
[0.393s] Level 1:colcon.colcon_core.package_identification:_identify(venv/lib/python3.10/site-packages) by extensions ['colcon_pkg']
[0.393s] Level 1:colcon.colcon_core.package_identification:_identify(venv/lib/python3.10/site-packages) by extension 'colcon_pkg'
[0.394s] Level 1:colcon.colcon_core.package_identification:_identify(venv/lib/python3.10/site-packages) by extensions ['colcon_meta']
[0.394s] Level 1:colcon.colcon_core.package_identification:_identify(venv/lib/python3.10/site-packages) by extension 'colcon_meta'
[0.394s] Level 1:colcon.colcon_core.package_identification:_identify(venv/lib/python3.10/site-packages) by extensions ['ros']
[0.394s] Level 1:colcon.colcon_core.package_identification:_identify(venv/lib/python3.10/site-packages) by extension 'ros'
[0.394s] Level 1:colcon.colcon_core.package_identification:_identify(venv/lib/python3.10/site-packages) by extensions ['cmake', 'python']
[0.394s] Level 1:colcon.colcon_core.package_identification:_identify(venv/lib/python3.10/site-packages) by extension 'cmake'
[0.394s] Level 1:colcon.colcon_core.package_identification:_identify(venv/lib/python3.10/site-packages) by extension 'python'
[0.394s] Level 1:colcon.colcon_core.package_identification:_identify(venv/lib/python3.10/site-packages) by extensions ['python_setup_py']
[0.394s] Level 1:colcon.colcon_core.package_identification:_identify(venv/lib/python3.10/site-packages) by extension 'python_setup_py'
[0.394s] Level 1:colcon.colcon_core.package_discovery:discover_packages(recursive) using defaults
[0.394s] Level 1:colcon.colcon_core.package_discovery:discover_packages(ignore) discover
[0.394s] Level 1:colcon.colcon_core.package_discovery:discover_packages(ignore) using defaults
[0.394s] Level 1:colcon.colcon_core.package_discovery:discover_packages(path) discover
[0.394s] Level 1:colcon.colcon_core.package_discovery:discover_packages(path) using defaults
[0.422s] Level 5:colcon.colcon_core.verb:set package 'boat_controller' build argument 'cmake_args' from command line to 'None'
[0.422s] Level 5:colcon.colcon_core.verb:set package 'boat_controller' build argument 'cmake_target' from command line to 'None'
[0.422s] Level 5:colcon.colcon_core.verb:set package 'boat_controller' build argument 'cmake_target_skip_unavailable' from command line to 'False'
[0.422s] Level 5:colcon.colcon_core.verb:set package 'boat_controller' build argument 'cmake_clean_cache' from command line to 'False'
[0.422s] Level 5:colcon.colcon_core.verb:set package 'boat_controller' build argument 'cmake_clean_first' from command line to 'False'
[0.422s] Level 5:colcon.colcon_core.verb:set package 'boat_controller' build argument 'cmake_force_configure' from command line to 'False'
[0.422s] Level 5:colcon.colcon_core.verb:set package 'boat_controller' build argument 'ament_cmake_args' from command line to 'None'
[0.423s] Level 5:colcon.colcon_core.verb:set package 'boat_controller' build argument 'catkin_cmake_args' from command line to 'None'
[0.423s] Level 5:colcon.colcon_core.verb:set package 'boat_controller' build argument 'catkin_skip_building_tests' from command line to 'False'
[0.423s] DEBUG:colcon.colcon_core.verb:Building package 'boat_controller' with the following arguments: {'ament_cmake_args': None, 'build_base': '/home/olivier/ros2_ws/build/boat_controller', 'catkin_cmake_args': None, 'catkin_skip_building_tests': False, 'cmake_args': None, 'cmake_clean_cache': False, 'cmake_clean_first': False, 'cmake_force_configure': False, 'cmake_target': None, 'cmake_target_skip_unavailable': False, 'install_base': '/home/olivier/ros2_ws/install/boat_controller', 'merge_install': False, 'path': '/home/olivier/ros2_ws/src/boat_controller', 'symlink_install': False, 'test_result_base': None}
[0.423s] Level 5:colcon.colcon_core.verb:set package 'py_pubsub' build argument 'cmake_args' from command line to 'None'
[0.423s] Level 5:colcon.colcon_core.verb:set package 'py_pubsub' build argument 'cmake_target' from command line to 'None'
[0.423s] Level 5:colcon.colcon_core.verb:set package 'py_pubsub' build argument 'cmake_target_skip_unavailable' from command line to 'False'
[0.423s] Level 5:colcon.colcon_core.verb:set package 'py_pubsub' build argument 'cmake_clean_cache' from command line to 'False'
[0.423s] Level 5:colcon.colcon_core.verb:set package 'py_pubsub' build argument 'cmake_clean_first' from command line to 'False'
[0.423s] Level 5:colcon.colcon_core.verb:set package 'py_pubsub' build argument 'cmake_force_configure' from command line to 'False'
[0.423s] Level 5:colcon.colcon_core.verb:set package 'py_pubsub' build argument 'ament_cmake_args' from command line to 'None'
[0.423s] Level 5:colcon.colcon_core.verb:set package 'py_pubsub' build argument 'catkin_cmake_args' from command line to 'None'
[0.423s] Level 5:colcon.colcon_core.verb:set package 'py_pubsub' build argument 'catkin_skip_building_tests' from command line to 'False'
[0.424s] DEBUG:colcon.colcon_core.verb:Building package 'py_pubsub' with the following arguments: {'ament_cmake_args': None, 'build_base': '/home/olivier/ros2_ws/build/py_pubsub', 'catkin_cmake_args': None, 'catkin_skip_building_tests': False, 'cmake_args': None, 'cmake_clean_cache': False, 'cmake_clean_first': False, 'cmake_force_configure': False, 'cmake_target': None, 'cmake_target_skip_unavailable': False, 'install_base': '/home/olivier/ros2_ws/install/py_pubsub', 'merge_install': False, 'path': '/home/olivier/ros2_ws/src/py_pubsub', 'symlink_install': False, 'test_result_base': None}
[0.424s] Level 5:colcon.colcon_core.verb:set package 'ras_ros_core_control_modules' build argument 'cmake_args' from command line to 'None'
[0.424s] Level 5:colcon.colcon_core.verb:set package 'ras_ros_core_control_modules' build argument 'cmake_target' from command line to 'None'
[0.424s] Level 5:colcon.colcon_core.verb:set package 'ras_ros_core_control_modules' build argument 'cmake_target_skip_unavailable' from command line to 'False'
[0.424s] Level 5:colcon.colcon_core.verb:set package 'ras_ros_core_control_modules' build argument 'cmake_clean_cache' from command line to 'False'
[0.424s] Level 5:colcon.colcon_core.verb:set package 'ras_ros_core_control_modules' build argument 'cmake_clean_first' from command line to 'False'
[0.424s] Level 5:colcon.colcon_core.verb:set package 'ras_ros_core_control_modules' build argument 'cmake_force_configure' from command line to 'False'
[0.424s] Level 5:colcon.colcon_core.verb:set package 'ras_ros_core_control_modules' build argument 'ament_cmake_args' from command line to 'None'
[0.424s] Level 5:colcon.colcon_core.verb:set package 'ras_ros_core_control_modules' build argument 'catkin_cmake_args' from command line to 'None'
[0.424s] Level 5:colcon.colcon_core.verb:set package 'ras_ros_core_control_modules' build argument 'catkin_skip_building_tests' from command line to 'False'
[0.424s] DEBUG:colcon.colcon_core.verb:Building package 'ras_ros_core_control_modules' with the following arguments: {'ament_cmake_args': None, 'build_base': '/home/olivier/ros2_ws/build/ras_ros_core_control_modules', 'catkin_cmake_args': None, 'catkin_skip_building_tests': False, 'cmake_args': None, 'cmake_clean_cache': False, 'cmake_clean_first': False, 'cmake_force_configure': False, 'cmake_target': None, 'cmake_target_skip_unavailable': False, 'install_base': '/home/olivier/ros2_ws/install/ras_ros_core_control_modules', 'merge_install': False, 'path': '/home/olivier/ros2_ws/src/ras_ros_core_control_modules-main', 'symlink_install': False, 'test_result_base': None}
[0.425s] Level 5:colcon.colcon_core.verb:set package 'ras_urdf_common' build argument 'cmake_args' from command line to 'None'
[0.425s] Level 5:colcon.colcon_core.verb:set package 'ras_urdf_common' build argument 'cmake_target' from command line to 'None'
[0.425s] Level 5:colcon.colcon_core.verb:set package 'ras_urdf_common' build argument 'cmake_target_skip_unavailable' from command line to 'False'
[0.425s] Level 5:colcon.colcon_core.verb:set package 'ras_urdf_common' build argument 'cmake_clean_cache' from command line to 'False'
[0.425s] Level 5:colcon.colcon_core.verb:set package 'ras_urdf_common' build argument 'cmake_clean_first' from command line to 'False'
[0.425s] Level 5:colcon.colcon_core.verb:set package 'ras_urdf_common' build argument 'cmake_force_configure' from command line to 'False'
[0.425s] Level 5:colcon.colcon_core.verb:set package 'ras_urdf_common' build argument 'ament_cmake_args' from command line to 'None'
[0.425s] Level 5:colcon.colcon_core.verb:set package 'ras_urdf_common' build argument 'catkin_cmake_args' from command line to 'None'
[0.425s] Level 5:colcon.colcon_core.verb:set package 'ras_urdf_common' build argument 'catkin_skip_building_tests' from command line to 'False'
[0.425s] DEBUG:colcon.colcon_core.verb:Building package 'ras_urdf_common' with the following arguments: {'ament_cmake_args': None, 'build_base': '/home/olivier/ros2_ws/build/ras_urdf_common', 'catkin_cmake_args': None, 'catkin_skip_building_tests': False, 'cmake_args': None, 'cmake_clean_cache': False, 'cmake_clean_first': False, 'cmake_force_configure': False, 'cmake_target': None, 'cmake_target_skip_unavailable': False, 'install_base': '/home/olivier/ros2_ws/install/ras_urdf_common', 'merge_install': False, 'path': '/home/olivier/ros2_ws/src/ras_urdf_common-main', 'symlink_install': False, 'test_result_base': None}
[0.426s] Level 5:colcon.colcon_core.verb:set package 'turtleboat' build argument 'cmake_args' from command line to 'None'
[0.426s] Level 5:colcon.colcon_core.verb:set package 'turtleboat' build argument 'cmake_target' from command line to 'None'
[0.426s] Level 5:colcon.colcon_core.verb:set package 'turtleboat' build argument 'cmake_target_skip_unavailable' from command line to 'False'
[0.426s] Level 5:colcon.colcon_core.verb:set package 'turtleboat' build argument 'cmake_clean_cache' from command line to 'False'
[0.426s] Level 5:colcon.colcon_core.verb:set package 'turtleboat' build argument 'cmake_clean_first' from command line to 'False'
[0.426s] Level 5:colcon.colcon_core.verb:set package 'turtleboat' build argument 'cmake_force_configure' from command line to 'False'
[0.426s] Level 5:colcon.colcon_core.verb:set package 'turtleboat' build argument 'ament_cmake_args' from command line to 'None'
[0.426s] Level 5:colcon.colcon_core.verb:set package 'turtleboat' build argument 'catkin_cmake_args' from command line to 'None'
[0.426s] Level 5:colcon.colcon_core.verb:set package 'turtleboat' build argument 'catkin_skip_building_tests' from command line to 'False'
[0.426s] DEBUG:colcon.colcon_core.verb:Building package 'turtleboat' with the following arguments: {'ament_cmake_args': None, 'build_base': '/home/olivier/ros2_ws/build/turtleboat', 'catkin_cmake_args': None, 'catkin_skip_building_tests': False, 'cmake_args': None, 'cmake_clean_cache': False, 'cmake_clean_first': False, 'cmake_force_configure': False, 'cmake_target': None, 'cmake_target_skip_unavailable': False, 'install_base': '/home/olivier/ros2_ws/install/turtleboat', 'merge_install': False, 'path': '/home/olivier/ros2_ws/src/TurtleBoat-ros2', 'symlink_install': False, 'test_result_base': None}
[0.427s] Level 5:colcon.colcon_core.verb:set package 'usv_formation_control_1' build argument 'cmake_args' from command line to 'None'
[0.427s] Level 5:colcon.colcon_core.verb:set package 'usv_formation_control_1' build argument 'cmake_target' from command line to 'None'
[0.427s] Level 5:colcon.colcon_core.verb:set package 'usv_formation_control_1' build argument 'cmake_target_skip_unavailable' from command line to 'False'
[0.427s] Level 5:colcon.colcon_core.verb:set package 'usv_formation_control_1' build argument 'cmake_clean_cache' from command line to 'False'
[0.427s] Level 5:colcon.colcon_core.verb:set package 'usv_formation_control_1' build argument 'cmake_clean_first' from command line to 'False'
[0.427s] Level 5:colcon.colcon_core.verb:set package 'usv_formation_control_1' build argument 'cmake_force_configure' from command line to 'False'
[0.427s] Level 5:colcon.colcon_core.verb:set package 'usv_formation_control_1' build argument 'ament_cmake_args' from command line to 'None'
[0.427s] Level 5:colcon.colcon_core.verb:set package 'usv_formation_control_1' build argument 'catkin_cmake_args' from command line to 'None'
[0.427s] Level 5:colcon.colcon_core.verb:set package 'usv_formation_control_1' build argument 'catkin_skip_building_tests' from command line to 'False'
[0.427s] DEBUG:colcon.colcon_core.verb:Building package 'usv_formation_control_1' with the following arguments: {'ament_cmake_args': None, 'build_base': '/home/olivier/ros2_ws/build/usv_formation_control_1', 'catkin_cmake_args': None, 'catkin_skip_building_tests': False, 'cmake_args': None, 'cmake_clean_cache': False, 'cmake_clean_first': False, 'cmake_force_configure': False, 'cmake_target': None, 'cmake_target_skip_unavailable': False, 'install_base': '/home/olivier/ros2_ws/install/usv_formation_control_1', 'merge_install': False, 'path': '/home/olivier/ros2_ws/src/USV_formation_control_1-ros2', 'symlink_install': False, 'test_result_base': None}
[0.427s] INFO:colcon.colcon_core.executor:Executing jobs using 'parallel' executor
[0.428s] DEBUG:colcon.colcon_parallel_executor.executor.parallel:run_until_complete
[0.429s] INFO:colcon.colcon_ros.task.ament_python.build:Building ROS package in '/home/olivier/ros2_ws/src/boat_controller' with build type 'ament_python'
[0.429s] Level 1:colcon.colcon_core.shell:create_environment_hook('boat_controller', 'ament_prefix_path')
[0.432s] INFO:colcon.colcon_core.plugin_system:Skipping extension 'colcon_core.shell.bat': Not used on non-Windows systems
[0.433s] INFO:colcon.colcon_core.shell:Creating environment hook '/home/olivier/ros2_ws/install/boat_controller/share/boat_controller/hook/ament_prefix_path.ps1'
[0.434s] INFO:colcon.colcon_core.shell:Creating environment descriptor '/home/olivier/ros2_ws/install/boat_controller/share/boat_controller/hook/ament_prefix_path.dsv'
[0.434s] INFO:colcon.colcon_core.shell:Creating environment hook '/home/olivier/ros2_ws/install/boat_controller/share/boat_controller/hook/ament_prefix_path.sh'
[0.436s] INFO:colcon.colcon_core.shell:Skip shell extension 'powershell' for command environment: Not usable outside of PowerShell
[0.436s] DEBUG:colcon.colcon_core.shell:Skip shell extension 'dsv' for command environment
[0.444s] INFO:colcon.colcon_ros.task.ament_python.build:Building ROS package in '/home/olivier/ros2_ws/src/py_pubsub' with build type 'ament_python'
[0.444s] Level 1:colcon.colcon_core.shell:create_environment_hook('py_pubsub', 'ament_prefix_path')
[0.444s] INFO:colcon.colcon_core.shell:Creating environment hook '/home/olivier/ros2_ws/install/py_pubsub/share/py_pubsub/hook/ament_prefix_path.ps1'
[0.445s] INFO:colcon.colcon_core.shell:Creating environment descriptor '/home/olivier/ros2_ws/install/py_pubsub/share/py_pubsub/hook/ament_prefix_path.dsv'
[0.445s] INFO:colcon.colcon_core.shell:Creating environment hook '/home/olivier/ros2_ws/install/py_pubsub/share/py_pubsub/hook/ament_prefix_path.sh'
[0.446s] INFO:colcon.colcon_core.shell:Skip shell extension 'powershell' for command environment: Not usable outside of PowerShell
[0.446s] DEBUG:colcon.colcon_core.shell:Skip shell extension 'dsv' for command environment
[0.450s] INFO:colcon.colcon_ros.task.ament_python.build:Building ROS package in '/home/olivier/ros2_ws/src/ras_ros_core_control_modules-main' with build type 'ament_python'
[0.451s] Level 1:colcon.colcon_core.shell:create_environment_hook('ras_ros_core_control_modules', 'ament_prefix_path')
[0.451s] INFO:colcon.colcon_core.shell:Creating environment hook '/home/olivier/ros2_ws/install/ras_ros_core_control_modules/share/ras_ros_core_control_modules/hook/ament_prefix_path.ps1'
[0.452s] INFO:colcon.colcon_core.shell:Creating environment descriptor '/home/olivier/ros2_ws/install/ras_ros_core_control_modules/share/ras_ros_core_control_modules/hook/ament_prefix_path.dsv'
[0.452s] INFO:colcon.colcon_core.shell:Creating environment hook '/home/olivier/ros2_ws/install/ras_ros_core_control_modules/share/ras_ros_core_control_modules/hook/ament_prefix_path.sh'
[0.453s] INFO:colcon.colcon_core.shell:Skip shell extension 'powershell' for command environment: Not usable outside of PowerShell
[0.453s] DEBUG:colcon.colcon_core.shell:Skip shell extension 'dsv' for command environment
[0.459s] INFO:colcon.colcon_ros.task.ament_cmake.build:Building ROS package in '/home/olivier/ros2_ws/src/ras_urdf_common-main' with build type 'ament_cmake'
[0.460s] INFO:colcon.colcon_cmake.task.cmake.build:Building CMake package in '/home/olivier/ros2_ws/src/ras_urdf_common-main'
[0.460s] INFO:colcon.colcon_core.shell:Skip shell extension 'powershell' for command environment: Not usable outside of PowerShell
[0.460s] DEBUG:colcon.colcon_core.shell:Skip shell extension 'dsv' for command environment
[0.814s] INFO:colcon.colcon_core.task.python.build:Building Python package in '/home/olivier/ros2_ws/src/boat_controller'
[0.814s] INFO:colcon.colcon_core.shell:Skip shell extension 'powershell' for command environment: Not usable outside of PowerShell
[0.814s] DEBUG:colcon.colcon_core.shell:Skip shell extension 'dsv' for command environment
[1.247s] INFO:colcon.colcon_core.task.python.build:Building Python package in '/home/olivier/ros2_ws/src/py_pubsub'
[1.247s] INFO:colcon.colcon_core.shell:Skip shell extension 'powershell' for command environment: Not usable outside of PowerShell
[1.247s] DEBUG:colcon.colcon_core.shell:Skip shell extension 'dsv' for command environment
[1.649s] INFO:colcon.colcon_core.task.python.build:Building Python package in '/home/olivier/ros2_ws/src/ras_ros_core_control_modules-main'
[1.649s] INFO:colcon.colcon_core.shell:Skip shell extension 'powershell' for command environment: Not usable outside of PowerShell
[1.649s] DEBUG:colcon.colcon_core.shell:Skip shell extension 'dsv' for command environment
[1.658s] DEBUG:colcon.colcon_core.event_handler.log_command:Invoking command in '/home/olivier/ros2_ws/build/ras_urdf_common': CMAKE_PREFIX_PATH=${CMAKE_PREFIX_PATH}:/home/olivier/ros2_ws/install/usv_formation_control_1:/home/olivier/ros2_ws/install/turtleboat:/home/olivier/ros2_ws/install/ras_ros_core_control_modules:/home/olivier/ros2_ws/install/py_pubsub:/home/olivier/ros2_ws/install/boat_controller:/opt/ros/iron /usr/bin/cmake --build /home/olivier/ros2_ws/build/ras_urdf_common -- -j4 -l4
[2.322s] DEBUG:colcon.colcon_core.event_handler.log_command:Invoking command in '/home/olivier/ros2_ws/src/ras_ros_core_control_modules-main': PYTHONPATH=/home/olivier/ros2_ws/build/ras_ros_core_control_modules/prefix_override:/home/olivier/ros2_ws/install/ras_ros_core_control_modules/lib/python3.10/site-packages:${PYTHONPATH} /usr/bin/python3 -W ignore:setup.py install is deprecated setup.py egg_info --egg-base ../../build/ras_ros_core_control_modules build --build-base /home/olivier/ros2_ws/build/ras_ros_core_control_modules/build install --record /home/olivier/ros2_ws/build/ras_ros_core_control_modules/install.log --single-version-externally-managed install_data
[2.501s] DEBUG:colcon.colcon_core.event_handler.log_command:Invoking command in '/home/olivier/ros2_ws/src/boat_controller': PYTHONPATH=/home/olivier/ros2_ws/build/boat_controller/prefix_override:/home/olivier/ros2_ws/install/boat_controller/lib/python3.10/site-packages:${PYTHONPATH} /usr/bin/python3 -W ignore:setup.py install is deprecated setup.py egg_info --egg-base ../../build/boat_controller build --build-base /home/olivier/ros2_ws/build/boat_controller/build install --record /home/olivier/ros2_ws/build/boat_controller/install.log --single-version-externally-managed install_data
[2.537s] DEBUG:colcon.colcon_core.event_handler.log_command:Invoking command in '/home/olivier/ros2_ws/src/py_pubsub': PYTHONPATH=/home/olivier/ros2_ws/build/py_pubsub/prefix_override:/home/olivier/ros2_ws/install/py_pubsub/lib/python3.10/site-packages:${PYTHONPATH} /usr/bin/python3 -W ignore:setup.py install is deprecated setup.py egg_info --egg-base ../../build/py_pubsub build --build-base /home/olivier/ros2_ws/build/py_pubsub/build install --record /home/olivier/ros2_ws/build/py_pubsub/install.log --single-version-externally-managed install_data
[2.813s] DEBUG:colcon.colcon_core.event_handler.log_command:Invoked command in '/home/olivier/ros2_ws/build/ras_urdf_common' returned '0': CMAKE_PREFIX_PATH=${CMAKE_PREFIX_PATH}:/home/olivier/ros2_ws/install/usv_formation_control_1:/home/olivier/ros2_ws/install/turtleboat:/home/olivier/ros2_ws/install/ras_ros_core_control_modules:/home/olivier/ros2_ws/install/py_pubsub:/home/olivier/ros2_ws/install/boat_controller:/opt/ros/iron /usr/bin/cmake --build /home/olivier/ros2_ws/build/ras_urdf_common -- -j4 -l4
[2.952s] DEBUG:colcon.colcon_core.event_handler.log_command:Invoking command in '/home/olivier/ros2_ws/build/ras_urdf_common': CMAKE_PREFIX_PATH=${CMAKE_PREFIX_PATH}:/home/olivier/ros2_ws/install/usv_formation_control_1:/home/olivier/ros2_ws/install/turtleboat:/home/olivier/ros2_ws/install/ras_ros_core_control_modules:/home/olivier/ros2_ws/install/py_pubsub:/home/olivier/ros2_ws/install/boat_controller:/opt/ros/iron /usr/bin/cmake --install /home/olivier/ros2_ws/build/ras_urdf_common
[3.058s] Level 1:colcon.colcon_core.environment:create_environment_scripts_only(ras_urdf_common)
[3.061s] DEBUG:colcon.colcon_core.event_handler.log_command:Invoked command in '/home/olivier/ros2_ws/build/ras_urdf_common' returned '0': CMAKE_PREFIX_PATH=${CMAKE_PREFIX_PATH}:/home/olivier/ros2_ws/install/usv_formation_control_1:/home/olivier/ros2_ws/install/turtleboat:/home/olivier/ros2_ws/install/ras_ros_core_control_modules:/home/olivier/ros2_ws/install/py_pubsub:/home/olivier/ros2_ws/install/boat_controller:/opt/ros/iron /usr/bin/cmake --install /home/olivier/ros2_ws/build/ras_urdf_common
[3.063s] Level 1:colcon.colcon_core.environment:checking '/home/olivier/ros2_ws/install/ras_urdf_common' for CMake module files
[3.063s] Level 1:colcon.colcon_core.environment:checking '/home/olivier/ros2_ws/install/ras_urdf_common' for CMake config files
[3.064s] Level 1:colcon.colcon_core.shell:create_environment_hook('ras_urdf_common', 'cmake_prefix_path')
[3.067s] INFO:colcon.colcon_core.shell:Creating environment hook '/home/olivier/ros2_ws/install/ras_urdf_common/share/ras_urdf_common/hook/cmake_prefix_path.ps1'
[3.068s] INFO:colcon.colcon_core.shell:Creating environment descriptor '/home/olivier/ros2_ws/install/ras_urdf_common/share/ras_urdf_common/hook/cmake_prefix_path.dsv'
[3.069s] INFO:colcon.colcon_core.shell:Creating environment hook '/home/olivier/ros2_ws/install/ras_urdf_common/share/ras_urdf_common/hook/cmake_prefix_path.sh'
[3.071s] Level 1:colcon.colcon_core.environment:checking '/home/olivier/ros2_ws/install/ras_urdf_common/lib'
[3.071s] Level 1:colcon.colcon_core.environment:checking '/home/olivier/ros2_ws/install/ras_urdf_common/bin'
[3.071s] Level 1:colcon.colcon_core.environment:checking '/home/olivier/ros2_ws/install/ras_urdf_common/lib/pkgconfig/ras_urdf_common.pc'
[3.072s] Level 1:colcon.colcon_core.environment:checking '/home/olivier/ros2_ws/install/ras_urdf_common/lib/python3.10/site-packages'
[3.072s] Level 1:colcon.colcon_core.shell:create_environment_hook('ras_urdf_common', 'pythonpath')
[3.073s] INFO:colcon.colcon_core.shell:Creating environment hook '/home/olivier/ros2_ws/install/ras_urdf_common/share/ras_urdf_common/hook/pythonpath.ps1'
[3.074s] INFO:colcon.colcon_core.shell:Creating environment descriptor '/home/olivier/ros2_ws/install/ras_urdf_common/share/ras_urdf_common/hook/pythonpath.dsv'
[3.078s] INFO:colcon.colcon_core.shell:Creating environment hook '/home/olivier/ros2_ws/install/ras_urdf_common/share/ras_urdf_common/hook/pythonpath.sh'
[3.081s] Level 1:colcon.colcon_core.environment:checking '/home/olivier/ros2_ws/install/ras_urdf_common/bin'
[3.082s] INFO:colcon.colcon_core.shell:Creating package script '/home/olivier/ros2_ws/install/ras_urdf_common/share/ras_urdf_common/package.ps1'
[3.084s] INFO:colcon.colcon_core.shell:Creating package descriptor '/home/olivier/ros2_ws/install/ras_urdf_common/share/ras_urdf_common/package.dsv'
[3.085s] INFO:colcon.colcon_core.shell:Creating package script '/home/olivier/ros2_ws/install/ras_urdf_common/share/ras_urdf_common/package.sh'
[3.086s] INFO:colcon.colcon_core.shell:Creating package script '/home/olivier/ros2_ws/install/ras_urdf_common/share/ras_urdf_common/package.bash'
[3.088s] INFO:colcon.colcon_core.shell:Creating package script '/home/olivier/ros2_ws/install/ras_urdf_common/share/ras_urdf_common/package.zsh'
[3.089s] Level 1:colcon.colcon_core.environment:create_file_with_runtime_dependencies(/home/olivier/ros2_ws/install/ras_urdf_common/share/colcon-core/packages/ras_urdf_common)
[3.128s] Level 1:colcon.colcon_core.environment:checking '/home/olivier/ros2_ws/install/ras_ros_core_control_modules' for CMake module files
[3.132s] Level 1:colcon.colcon_core.environment:checking '/home/olivier/ros2_ws/install/ras_ros_core_control_modules' for CMake config files
[3.131s] DEBUG:colcon.colcon_core.event_handler.log_command:Invoked command in '/home/olivier/ros2_ws/src/ras_ros_core_control_modules-main' returned '0': PYTHONPATH=/home/olivier/ros2_ws/build/ras_ros_core_control_modules/prefix_override:/home/olivier/ros2_ws/install/ras_ros_core_control_modules/lib/python3.10/site-packages:${PYTHONPATH} /usr/bin/python3 -W ignore:setup.py install is deprecated setup.py egg_info --egg-base ../../build/ras_ros_core_control_modules build --build-base /home/olivier/ros2_ws/build/ras_ros_core_control_modules/build install --record /home/olivier/ros2_ws/build/ras_ros_core_control_modules/install.log --single-version-externally-managed install_data
[3.134s] Level 1:colcon.colcon_core.environment:checking '/home/olivier/ros2_ws/install/ras_ros_core_control_modules/lib'
[3.136s] Level 1:colcon.colcon_core.environment:checking '/home/olivier/ros2_ws/install/ras_ros_core_control_modules/bin'
[3.137s] Level 1:colcon.colcon_core.environment:checking '/home/olivier/ros2_ws/install/ras_ros_core_control_modules/lib/pkgconfig/ras_ros_core_control_modules.pc'
[3.138s] Level 1:colcon.colcon_core.environment:checking '/home/olivier/ros2_ws/install/ras_ros_core_control_modules/lib/python3.10/site-packages'
[3.139s] Level 1:colcon.colcon_core.shell:create_environment_hook('ras_ros_core_control_modules', 'pythonpath')
[3.140s] INFO:colcon.colcon_core.shell:Creating environment hook '/home/olivier/ros2_ws/install/ras_ros_core_control_modules/share/ras_ros_core_control_modules/hook/pythonpath.ps1'
[3.145s] INFO:colcon.colcon_core.shell:Creating environment descriptor '/home/olivier/ros2_ws/install/ras_ros_core_control_modules/share/ras_ros_core_control_modules/hook/pythonpath.dsv'
[3.148s] INFO:colcon.colcon_core.shell:Creating environment hook '/home/olivier/ros2_ws/install/ras_ros_core_control_modules/share/ras_ros_core_control_modules/hook/pythonpath.sh'
[3.151s] Level 1:colcon.colcon_core.environment:checking '/home/olivier/ros2_ws/install/ras_ros_core_control_modules/bin'
[3.151s] Level 1:colcon.colcon_core.environment:create_environment_scripts_only(ras_ros_core_control_modules)
[3.152s] INFO:colcon.colcon_core.shell:Creating package script '/home/olivier/ros2_ws/install/ras_ros_core_control_modules/share/ras_ros_core_control_modules/package.ps1'
[3.162s] INFO:colcon.colcon_core.shell:Creating package descriptor '/home/olivier/ros2_ws/install/ras_ros_core_control_modules/share/ras_ros_core_control_modules/package.dsv'
[3.163s] INFO:colcon.colcon_core.shell:Creating package script '/home/olivier/ros2_ws/install/ras_ros_core_control_modules/share/ras_ros_core_control_modules/package.sh'
[3.163s] INFO:colcon.colcon_core.shell:Creating package script '/home/olivier/ros2_ws/install/ras_ros_core_control_modules/share/ras_ros_core_control_modules/package.bash'
[3.164s] INFO:colcon.colcon_core.shell:Creating package script '/home/olivier/ros2_ws/install/ras_ros_core_control_modules/share/ras_ros_core_control_modules/package.zsh'
[3.164s] Level 1:colcon.colcon_core.environment:create_file_with_runtime_dependencies(/home/olivier/ros2_ws/install/ras_ros_core_control_modules/share/colcon-core/packages/ras_ros_core_control_modules)
[3.172s] INFO:colcon.colcon_ros.task.ament_python.build:Building ROS package in '/home/olivier/ros2_ws/src/TurtleBoat-ros2' with build type 'ament_python'
[3.173s] Level 1:colcon.colcon_core.shell:create_environment_hook('turtleboat', 'ament_prefix_path')
[3.173s] INFO:colcon.colcon_core.shell:Creating environment hook '/home/olivier/ros2_ws/install/turtleboat/share/turtleboat/hook/ament_prefix_path.ps1'
[3.174s] INFO:colcon.colcon_core.shell:Creating environment descriptor '/home/olivier/ros2_ws/install/turtleboat/share/turtleboat/hook/ament_prefix_path.dsv'
[3.174s] INFO:colcon.colcon_core.shell:Creating environment hook '/home/olivier/ros2_ws/install/turtleboat/share/turtleboat/hook/ament_prefix_path.sh'
[3.175s] INFO:colcon.colcon_core.shell:Skip shell extension 'powershell' for command environment: Not usable outside of PowerShell
[3.175s] DEBUG:colcon.colcon_core.shell:Skip shell extension 'dsv' for command environment
[3.192s] Level 1:colcon.colcon_core.environment:create_environment_scripts_only(ras_urdf_common)
[3.192s] Level 1:colcon.colcon_core.environment:checking '/home/olivier/ros2_ws/install/ras_urdf_common' for CMake module files
[3.195s] Level 1:colcon.colcon_core.environment:checking '/home/olivier/ros2_ws/install/ras_urdf_common' for CMake config files
[3.197s] Level 1:colcon.colcon_core.shell:create_environment_hook('ras_urdf_common', 'cmake_prefix_path')
[3.198s] INFO:colcon.colcon_core.shell:Creating environment hook '/home/olivier/ros2_ws/install/ras_urdf_common/share/ras_urdf_common/hook/cmake_prefix_path.ps1'
[3.199s] INFO:colcon.colcon_core.shell:Creating environment descriptor '/home/olivier/ros2_ws/install/ras_urdf_common/share/ras_urdf_common/hook/cmake_prefix_path.dsv'
[3.200s] INFO:colcon.colcon_core.shell:Creating environment hook '/home/olivier/ros2_ws/install/ras_urdf_common/share/ras_urdf_common/hook/cmake_prefix_path.sh'
[3.201s] Level 1:colcon.colcon_core.environment:checking '/home/olivier/ros2_ws/install/ras_urdf_common/lib'
[3.202s] Level 1:colcon.colcon_core.environment:checking '/home/olivier/ros2_ws/install/ras_urdf_common/bin'
[3.202s] Level 1:colcon.colcon_core.environment:checking '/home/olivier/ros2_ws/install/ras_urdf_common/lib/pkgconfig/ras_urdf_common.pc'
[3.202s] Level 1:colcon.colcon_core.environment:checking '/home/olivier/ros2_ws/install/ras_urdf_common/lib/python3.10/site-packages'
[3.203s] Level 1:colcon.colcon_core.shell:create_environment_hook('ras_urdf_common', 'pythonpath')
[3.203s] INFO:colcon.colcon_core.shell:Creating environment hook '/home/olivier/ros2_ws/install/ras_urdf_common/share/ras_urdf_common/hook/pythonpath.ps1'
[3.205s] INFO:colcon.colcon_core.shell:Creating environment descriptor '/home/olivier/ros2_ws/install/ras_urdf_common/share/ras_urdf_common/hook/pythonpath.dsv'
[3.206s] INFO:colcon.colcon_core.shell:Creating environment hook '/home/olivier/ros2_ws/install/ras_urdf_common/share/ras_urdf_common/hook/pythonpath.sh'
[3.207s] Level 1:colcon.colcon_core.environment:checking '/home/olivier/ros2_ws/install/ras_urdf_common/bin'
[3.208s] INFO:colcon.colcon_core.shell:Creating package script '/home/olivier/ros2_ws/install/ras_urdf_common/share/ras_urdf_common/package.ps1'
[3.209s] INFO:colcon.colcon_core.shell:Creating package descriptor '/home/olivier/ros2_ws/install/ras_urdf_common/share/ras_urdf_common/package.dsv'
[3.210s] INFO:colcon.colcon_core.shell:Creating package script '/home/olivier/ros2_ws/install/ras_urdf_common/share/ras_urdf_common/package.sh'
[3.212s] INFO:colcon.colcon_core.shell:Creating package script '/home/olivier/ros2_ws/install/ras_urdf_common/share/ras_urdf_common/package.bash'
[3.213s] INFO:colcon.colcon_core.shell:Creating package script '/home/olivier/ros2_ws/install/ras_urdf_common/share/ras_urdf_common/package.zsh'
[3.214s] Level 1:colcon.colcon_core.environment:create_file_with_runtime_dependencies(/home/olivier/ros2_ws/install/ras_urdf_common/share/colcon-core/packages/ras_urdf_common)
[3.232s] INFO:colcon.colcon_ros.task.ament_python.build:Building ROS package in '/home/olivier/ros2_ws/src/USV_formation_control_1-ros2' with build type 'ament_python'
[3.233s] Level 1:colcon.colcon_core.shell:create_environment_hook('usv_formation_control_1', 'ament_prefix_path')
[3.233s] INFO:colcon.colcon_core.shell:Creating environment hook '/home/olivier/ros2_ws/install/usv_formation_control_1/share/usv_formation_control_1/hook/ament_prefix_path.ps1'
[3.235s] INFO:colcon.colcon_core.shell:Creating environment descriptor '/home/olivier/ros2_ws/install/usv_formation_control_1/share/usv_formation_control_1/hook/ament_prefix_path.dsv'
[3.235s] INFO:colcon.colcon_core.shell:Creating environment hook '/home/olivier/ros2_ws/install/usv_formation_control_1/share/usv_formation_control_1/hook/ament_prefix_path.sh'
[3.240s] INFO:colcon.colcon_core.shell:Skip shell extension 'powershell' for command environment: Not usable outside of PowerShell
[3.240s] DEBUG:colcon.colcon_core.shell:Skip shell extension 'dsv' for command environment
[3.641s] INFO:colcon.colcon_core.task.python.build:Building Python package in '/home/olivier/ros2_ws/src/TurtleBoat-ros2'
[3.641s] INFO:colcon.colcon_core.shell:Skip shell extension 'powershell' for command environment: Not usable outside of PowerShell
[3.641s] DEBUG:colcon.colcon_core.shell:Skip shell extension 'dsv' for command environment
[3.978s] INFO:colcon.colcon_core.task.python.build:Building Python package in '/home/olivier/ros2_ws/src/USV_formation_control_1-ros2'
[3.979s] INFO:colcon.colcon_core.shell:Skip shell extension 'powershell' for command environment: Not usable outside of PowerShell
[3.979s] DEBUG:colcon.colcon_core.shell:Skip shell extension 'dsv' for command environment
[3.984s] Level 1:colcon.colcon_core.environment:checking '/home/olivier/ros2_ws/install/boat_controller' for CMake module files
[3.985s] DEBUG:colcon.colcon_core.event_handler.log_command:Invoked command in '/home/olivier/ros2_ws/src/boat_controller' returned '0': PYTHONPATH=/home/olivier/ros2_ws/build/boat_controller/prefix_override:/home/olivier/ros2_ws/install/boat_controller/lib/python3.10/site-packages:${PYTHONPATH} /usr/bin/python3 -W ignore:setup.py install is deprecated setup.py egg_info --egg-base ../../build/boat_controller build --build-base /home/olivier/ros2_ws/build/boat_controller/build install --record /home/olivier/ros2_ws/build/boat_controller/install.log --single-version-externally-managed install_data
[3.986s] Level 1:colcon.colcon_core.environment:checking '/home/olivier/ros2_ws/install/boat_controller' for CMake config files
[3.987s] Level 1:colcon.colcon_core.environment:checking '/home/olivier/ros2_ws/install/boat_controller/lib'
[3.987s] Level 1:colcon.colcon_core.environment:checking '/home/olivier/ros2_ws/install/boat_controller/bin'
[3.988s] Level 1:colcon.colcon_core.environment:checking '/home/olivier/ros2_ws/install/boat_controller/lib/pkgconfig/boat_controller.pc'
[3.988s] Level 1:colcon.colcon_core.environment:checking '/home/olivier/ros2_ws/install/boat_controller/lib/python3.10/site-packages'
[3.988s] Level 1:colcon.colcon_core.shell:create_environment_hook('boat_controller', 'pythonpath')
[3.989s] INFO:colcon.colcon_core.shell:Creating environment hook '/home/olivier/ros2_ws/install/boat_controller/share/boat_controller/hook/pythonpath.ps1'
[3.990s] INFO:colcon.colcon_core.shell:Creating environment descriptor '/home/olivier/ros2_ws/install/boat_controller/share/boat_controller/hook/pythonpath.dsv'
[3.990s] INFO:colcon.colcon_core.shell:Creating environment hook '/home/olivier/ros2_ws/install/boat_controller/share/boat_controller/hook/pythonpath.sh'
[3.991s] Level 1:colcon.colcon_core.environment:checking '/home/olivier/ros2_ws/install/boat_controller/bin'
[3.991s] Level 1:colcon.colcon_core.environment:create_environment_scripts_only(boat_controller)
[3.991s] INFO:colcon.colcon_core.shell:Creating package script '/home/olivier/ros2_ws/install/boat_controller/share/boat_controller/package.ps1'
[3.992s] INFO:colcon.colcon_core.shell:Creating package descriptor '/home/olivier/ros2_ws/install/boat_controller/share/boat_controller/package.dsv'
[3.992s] INFO:colcon.colcon_core.shell:Creating package script '/home/olivier/ros2_ws/install/boat_controller/share/boat_controller/package.sh'
[3.993s] INFO:colcon.colcon_core.shell:Creating package script '/home/olivier/ros2_ws/install/boat_controller/share/boat_controller/package.bash'
[3.993s] INFO:colcon.colcon_core.shell:Creating package script '/home/olivier/ros2_ws/install/boat_controller/share/boat_controller/package.zsh'
[3.994s] Level 1:colcon.colcon_core.environment:create_file_with_runtime_dependencies(/home/olivier/ros2_ws/install/boat_controller/share/colcon-core/packages/boat_controller)
[3.994s] Level 1:colcon.colcon_core.environment:checking '/home/olivier/ros2_ws/install/py_pubsub' for CMake module files
[3.995s] Level 1:colcon.colcon_core.environment:checking '/home/olivier/ros2_ws/install/py_pubsub' for CMake config files
[3.995s] DEBUG:colcon.colcon_core.event_handler.log_command:Invoked command in '/home/olivier/ros2_ws/src/py_pubsub' returned '0': PYTHONPATH=/home/olivier/ros2_ws/build/py_pubsub/prefix_override:/home/olivier/ros2_ws/install/py_pubsub/lib/python3.10/site-packages:${PYTHONPATH} /usr/bin/python3 -W ignore:setup.py install is deprecated setup.py egg_info --egg-base ../../build/py_pubsub build --build-base /home/olivier/ros2_ws/build/py_pubsub/build install --record /home/olivier/ros2_ws/build/py_pubsub/install.log --single-version-externally-managed install_data
[3.996s] Level 1:colcon.colcon_core.environment:checking '/home/olivier/ros2_ws/install/py_pubsub/lib'
[3.996s] Level 1:colcon.colcon_core.environment:checking '/home/olivier/ros2_ws/install/py_pubsub/bin'
[3.996s] Level 1:colcon.colcon_core.environment:checking '/home/olivier/ros2_ws/install/py_pubsub/lib/pkgconfig/py_pubsub.pc'
[3.997s] Level 1:colcon.colcon_core.environment:checking '/home/olivier/ros2_ws/install/py_pubsub/lib/python3.10/site-packages'
[3.997s] Level 1:colcon.colcon_core.shell:create_environment_hook('py_pubsub', 'pythonpath')
[3.997s] INFO:colcon.colcon_core.shell:Creating environment hook '/home/olivier/ros2_ws/install/py_pubsub/share/py_pubsub/hook/pythonpath.ps1'
[3.997s] INFO:colcon.colcon_core.shell:Creating environment descriptor '/home/olivier/ros2_ws/install/py_pubsub/share/py_pubsub/hook/pythonpath.dsv'
[3.998s] INFO:colcon.colcon_core.shell:Creating environment hook '/home/olivier/ros2_ws/install/py_pubsub/share/py_pubsub/hook/pythonpath.sh'
[3.999s] Level 1:colcon.colcon_core.environment:checking '/home/olivier/ros2_ws/install/py_pubsub/bin'
[3.999s] Level 1:colcon.colcon_core.environment:create_environment_scripts_only(py_pubsub)
[3.999s] INFO:colcon.colcon_core.shell:Creating package script '/home/olivier/ros2_ws/install/py_pubsub/share/py_pubsub/package.ps1'
[4.000s] INFO:colcon.colcon_core.shell:Creating package descriptor '/home/olivier/ros2_ws/install/py_pubsub/share/py_pubsub/package.dsv'
[4.000s] INFO:colcon.colcon_core.shell:Creating package script '/home/olivier/ros2_ws/install/py_pubsub/share/py_pubsub/package.sh'
[4.001s] INFO:colcon.colcon_core.shell:Creating package script '/home/olivier/ros2_ws/install/py_pubsub/share/py_pubsub/package.bash'
[4.001s] INFO:colcon.colcon_core.shell:Creating package script '/home/olivier/ros2_ws/install/py_pubsub/share/py_pubsub/package.zsh'
[4.002s] Level 1:colcon.colcon_core.environment:create_file_with_runtime_dependencies(/home/olivier/ros2_ws/install/py_pubsub/share/colcon-core/packages/py_pubsub)
[4.671s] DEBUG:colcon.colcon_core.event_handler.log_command:Invoking command in '/home/olivier/ros2_ws/src/USV_formation_control_1-ros2': PYTHONPATH=/home/olivier/ros2_ws/build/usv_formation_control_1/prefix_override:/home/olivier/ros2_ws/install/usv_formation_control_1/lib/python3.10/site-packages:${PYTHONPATH} /usr/bin/python3 -W ignore:setup.py install is deprecated setup.py egg_info --egg-base ../../build/usv_formation_control_1 build --build-base /home/olivier/ros2_ws/build/usv_formation_control_1/build install --record /home/olivier/ros2_ws/build/usv_formation_control_1/install.log --single-version-externally-managed install_data
[4.741s] DEBUG:colcon.colcon_core.event_handler.log_command:Invoking command in '/home/olivier/ros2_ws/src/TurtleBoat-ros2': PYTHONPATH=/home/olivier/ros2_ws/build/turtleboat/prefix_override:/home/olivier/ros2_ws/install/turtleboat/lib/python3.10/site-packages:${PYTHONPATH} /usr/bin/python3 -W ignore:setup.py install is deprecated setup.py egg_info --egg-base ../../build/turtleboat build --build-base /home/olivier/ros2_ws/build/turtleboat/build install --record /home/olivier/ros2_ws/build/turtleboat/install.log --install-scripts $base/lib/turtleboat --single-version-externally-managed install_data
[5.182s] Level 1:colcon.colcon_core.environment:checking '/home/olivier/ros2_ws/install/usv_formation_control_1' for CMake module files
[5.185s] DEBUG:colcon.colcon_core.event_handler.log_command:Invoked command in '/home/olivier/ros2_ws/src/USV_formation_control_1-ros2' returned '0': PYTHONPATH=/home/olivier/ros2_ws/build/usv_formation_control_1/prefix_override:/home/olivier/ros2_ws/install/usv_formation_control_1/lib/python3.10/site-packages:${PYTHONPATH} /usr/bin/python3 -W ignore:setup.py install is deprecated setup.py egg_info --egg-base ../../build/usv_formation_control_1 build --build-base /home/olivier/ros2_ws/build/usv_formation_control_1/build install --record /home/olivier/ros2_ws/build/usv_formation_control_1/install.log --single-version-externally-managed install_data
[5.187s] Level 1:colcon.colcon_core.environment:checking '/home/olivier/ros2_ws/install/usv_formation_control_1' for CMake config files
[5.188s] Level 1:colcon.colcon_core.environment:checking '/home/olivier/ros2_ws/install/usv_formation_control_1/lib'
[5.188s] Level 1:colcon.colcon_core.environment:checking '/home/olivier/ros2_ws/install/usv_formation_control_1/bin'
[5.188s] Level 1:colcon.colcon_core.environment:checking '/home/olivier/ros2_ws/install/usv_formation_control_1/lib/pkgconfig/usv_formation_control_1.pc'
[5.188s] Level 1:colcon.colcon_core.environment:checking '/home/olivier/ros2_ws/install/usv_formation_control_1/lib/python3.10/site-packages'
[5.189s] Level 1:colcon.colcon_core.shell:create_environment_hook('usv_formation_control_1', 'pythonpath')
[5.189s] INFO:colcon.colcon_core.shell:Creating environment hook '/home/olivier/ros2_ws/install/usv_formation_control_1/share/usv_formation_control_1/hook/pythonpath.ps1'
[5.189s] INFO:colcon.colcon_core.shell:Creating environment descriptor '/home/olivier/ros2_ws/install/usv_formation_control_1/share/usv_formation_control_1/hook/pythonpath.dsv'
[5.190s] INFO:colcon.colcon_core.shell:Creating environment hook '/home/olivier/ros2_ws/install/usv_formation_control_1/share/usv_formation_control_1/hook/pythonpath.sh'
[5.192s] Level 1:colcon.colcon_core.environment:checking '/home/olivier/ros2_ws/install/usv_formation_control_1/bin'
[5.192s] Level 1:colcon.colcon_core.environment:create_environment_scripts_only(usv_formation_control_1)
[5.192s] INFO:colcon.colcon_core.shell:Creating package script '/home/olivier/ros2_ws/install/usv_formation_control_1/share/usv_formation_control_1/package.ps1'
[5.194s] INFO:colcon.colcon_core.shell:Creating package descriptor '/home/olivier/ros2_ws/install/usv_formation_control_1/share/usv_formation_control_1/package.dsv'
[5.195s] INFO:colcon.colcon_core.shell:Creating package script '/home/olivier/ros2_ws/install/usv_formation_control_1/share/usv_formation_control_1/package.sh'
[5.196s] INFO:colcon.colcon_core.shell:Creating package script '/home/olivier/ros2_ws/install/usv_formation_control_1/share/usv_formation_control_1/package.bash'
[5.199s] INFO:colcon.colcon_core.shell:Creating package script '/home/olivier/ros2_ws/install/usv_formation_control_1/share/usv_formation_control_1/package.zsh'
[5.199s] Level 1:colcon.colcon_core.environment:create_file_with_runtime_dependencies(/home/olivier/ros2_ws/install/usv_formation_control_1/share/colcon-core/packages/usv_formation_control_1)
[5.256s] Level 1:colcon.colcon_core.environment:checking '/home/olivier/ros2_ws/install/turtleboat' for CMake module files
[5.257s] DEBUG:colcon.colcon_core.event_handler.log_command:Invoked command in '/home/olivier/ros2_ws/src/TurtleBoat-ros2' returned '0': PYTHONPATH=/home/olivier/ros2_ws/build/turtleboat/prefix_override:/home/olivier/ros2_ws/install/turtleboat/lib/python3.10/site-packages:${PYTHONPATH} /usr/bin/python3 -W ignore:setup.py install is deprecated setup.py egg_info --egg-base ../../build/turtleboat build --build-base /home/olivier/ros2_ws/build/turtleboat/build install --record /home/olivier/ros2_ws/build/turtleboat/install.log --install-scripts $base/lib/turtleboat --single-version-externally-managed install_data
[5.257s] Level 1:colcon.colcon_core.environment:checking '/home/olivier/ros2_ws/install/turtleboat' for CMake config files
[5.258s] Level 1:colcon.colcon_core.environment:checking '/home/olivier/ros2_ws/install/turtleboat/lib'
[5.258s] Level 1:colcon.colcon_core.environment:checking '/home/olivier/ros2_ws/install/turtleboat/bin'
[5.258s] Level 1:colcon.colcon_core.environment:checking '/home/olivier/ros2_ws/install/turtleboat/lib/pkgconfig/turtleboat.pc'
[5.259s] Level 1:colcon.colcon_core.environment:checking '/home/olivier/ros2_ws/install/turtleboat/lib/python3.10/site-packages'
[5.259s] Level 1:colcon.colcon_core.shell:create_environment_hook('turtleboat', 'pythonpath')
[5.259s] INFO:colcon.colcon_core.shell:Creating environment hook '/home/olivier/ros2_ws/install/turtleboat/share/turtleboat/hook/pythonpath.ps1'
[5.260s] INFO:colcon.colcon_core.shell:Creating environment descriptor '/home/olivier/ros2_ws/install/turtleboat/share/turtleboat/hook/pythonpath.dsv'
[5.260s] INFO:colcon.colcon_core.shell:Creating environment hook '/home/olivier/ros2_ws/install/turtleboat/share/turtleboat/hook/pythonpath.sh'
[5.261s] Level 1:colcon.colcon_core.environment:checking '/home/olivier/ros2_ws/install/turtleboat/bin'
[5.261s] Level 1:colcon.colcon_core.environment:create_environment_scripts_only(turtleboat)
[5.262s] INFO:colcon.colcon_core.shell:Creating package script '/home/olivier/ros2_ws/install/turtleboat/share/turtleboat/package.ps1'
[5.262s] INFO:colcon.colcon_core.shell:Creating package descriptor '/home/olivier/ros2_ws/install/turtleboat/share/turtleboat/package.dsv'
[5.263s] INFO:colcon.colcon_core.shell:Creating package script '/home/olivier/ros2_ws/install/turtleboat/share/turtleboat/package.sh'
[5.264s] INFO:colcon.colcon_core.shell:Creating package script '/home/olivier/ros2_ws/install/turtleboat/share/turtleboat/package.bash'
[5.264s] INFO:colcon.colcon_core.shell:Creating package script '/home/olivier/ros2_ws/install/turtleboat/share/turtleboat/package.zsh'
[5.264s] Level 1:colcon.colcon_core.environment:create_file_with_runtime_dependencies(/home/olivier/ros2_ws/install/turtleboat/share/colcon-core/packages/turtleboat)
[5.264s] DEBUG:colcon.colcon_parallel_executor.executor.parallel:closing loop
[5.265s] DEBUG:colcon.colcon_parallel_executor.executor.parallel:loop closed
[5.265s] DEBUG:colcon.colcon_parallel_executor.executor.parallel:run_until_complete finished with '0'
[5.266s] DEBUG:colcon.colcon_core.event_reactor:joining thread
[5.273s] INFO:colcon.colcon_core.plugin_system:Skipping extension 'colcon_notification.desktop_notification.terminal_notifier': Not used on non-Darwin systems
[5.274s] INFO:colcon.colcon_core.plugin_system:Skipping extension 'colcon_notification.desktop_notification.win32': Not used on non-Windows systems
[5.274s] INFO:colcon.colcon_notification.desktop_notification:Sending desktop notification using 'notify2'
[5.290s] DEBUG:colcon.colcon_core.event_reactor:joined thread
[5.291s] INFO:colcon.colcon_core.shell:Creating prefix script '/home/olivier/ros2_ws/install/local_setup.ps1'
[5.292s] INFO:colcon.colcon_core.shell:Creating prefix util module '/home/olivier/ros2_ws/install/_local_setup_util_ps1.py'
[5.296s] INFO:colcon.colcon_core.shell:Creating prefix chain script '/home/olivier/ros2_ws/install/setup.ps1'
[5.298s] INFO:colcon.colcon_core.shell:Creating prefix script '/home/olivier/ros2_ws/install/local_setup.sh'
[5.299s] INFO:colcon.colcon_core.shell:Creating prefix util module '/home/olivier/ros2_ws/install/_local_setup_util_sh.py'
[5.300s] INFO:colcon.colcon_core.shell:Creating prefix chain script '/home/olivier/ros2_ws/install/setup.sh'
[5.302s] INFO:colcon.colcon_core.shell:Creating prefix script '/home/olivier/ros2_ws/install/local_setup.bash'
[5.303s] INFO:colcon.colcon_core.shell:Creating prefix chain script '/home/olivier/ros2_ws/install/setup.bash'
[5.306s] INFO:colcon.colcon_core.shell:Creating prefix script '/home/olivier/ros2_ws/install/local_setup.zsh'
[5.307s] INFO:colcon.colcon_core.shell:Creating prefix chain script '/home/olivier/ros2_ws/install/setup.zsh'
