[3.504s] Invoking command in '/home/olivier/ros2_ws/src/py_pubsub': PYTHONPATH=/home/olivier/ros2_ws/build/py_pubsub/prefix_override:/home/olivier/ros2_ws/install/py_pubsub/lib/python3.10/site-packages:${PYTHONPATH} /usr/bin/python3 -W ignore:setup.py install is deprecated setup.py egg_info --egg-base ../../build/py_pubsub build --build-base /home/olivier/ros2_ws/build/py_pubsub/build install --record /home/olivier/ros2_ws/build/py_pubsub/install.log --single-version-externally-managed install_data
[4.836s] running egg_info
[4.836s] writing ../../build/py_pubsub/py_pubsub.egg-info/PKG-INFO
[4.837s] writing dependency_links to ../../build/py_pubsub/py_pubsub.egg-info/dependency_links.txt
[4.841s] writing entry points to ../../build/py_pubsub/py_pubsub.egg-info/entry_points.txt
[4.841s] writing requirements to ../../build/py_pubsub/py_pubsub.egg-info/requires.txt
[4.842s] writing top-level names to ../../build/py_pubsub/py_pubsub.egg-info/top_level.txt
[4.862s] reading manifest file '../../build/py_pubsub/py_pubsub.egg-info/SOURCES.txt'
[4.869s] writing manifest file '../../build/py_pubsub/py_pubsub.egg-info/SOURCES.txt'
[4.870s] running build
[4.871s] running build_py
[4.872s] running install
[4.874s] running install_lib
[4.877s] running install_data
[4.878s] running install_egg_info
[4.894s] removing '/home/olivier/ros2_ws/install/py_pubsub/lib/python3.10/site-packages/py_pubsub-0.0.0-py3.10.egg-info' (and everything under it)
[4.905s] Copying ../../build/py_pubsub/py_pubsub.egg-info to /home/olivier/ros2_ws/install/py_pubsub/lib/python3.10/site-packages/py_pubsub-0.0.0-py3.10.egg-info
[4.911s] running install_scripts
[5.008s] Installing listener script to /home/olivier/ros2_ws/install/py_pubsub/lib/py_pubsub
[5.010s] Installing talker script to /home/olivier/ros2_ws/install/py_pubsub/lib/py_pubsub
[5.010s] writing list of installed files to '/home/olivier/ros2_ws/build/py_pubsub/install.log'
[5.330s] Invoked command in '/home/olivier/ros2_ws/src/py_pubsub' returned '0': PYTHONPATH=/home/olivier/ros2_ws/build/py_pubsub/prefix_override:/home/olivier/ros2_ws/install/py_pubsub/lib/python3.10/site-packages:${PYTHONPATH} /usr/bin/python3 -W ignore:setup.py install is deprecated setup.py egg_info --egg-base ../../build/py_pubsub build --build-base /home/olivier/ros2_ws/build/py_pubsub/build install --record /home/olivier/ros2_ws/build/py_pubsub/install.log --single-version-externally-managed install_data
