[4.879s] Invoking command in '/home/olivier/ros2_ws/src/swarm_controller_1': PYTHONPATH=/home/olivier/ros2_ws/build/boat_controller/prefix_override:/home/olivier/ros2_ws/install/boat_controller/lib/python3.10/site-packages:${PYTHONPATH} /usr/bin/python3 -W ignore:setup.py install is deprecated setup.py egg_info --egg-base ../../build/boat_controller build --build-base /home/olivier/ros2_ws/build/boat_controller/build install --record /home/olivier/ros2_ws/build/boat_controller/install.log --single-version-externally-managed install_data
[7.436s] running egg_info
[7.439s] writing ../../build/boat_controller/boat_controller.egg-info/PKG-INFO
[7.439s] writing dependency_links to ../../build/boat_controller/boat_controller.egg-info/dependency_links.txt
[7.439s] writing entry points to ../../build/boat_controller/boat_controller.egg-info/entry_points.txt
[7.440s] writing requirements to ../../build/boat_controller/boat_controller.egg-info/requires.txt
[7.440s] writing top-level names to ../../build/boat_controller/boat_controller.egg-info/top_level.txt
[7.450s] reading manifest file '../../build/boat_controller/boat_controller.egg-info/SOURCES.txt'
[7.476s] writing manifest file '../../build/boat_controller/boat_controller.egg-info/SOURCES.txt'
[7.476s] running build
[7.476s] running build_py
[7.477s] copying boat_controller/boat_controllermain.py -> /home/olivier/ros2_ws/build/boat_controller/build/lib/boat_controller
[7.477s] running install
[7.496s] running install_lib
[7.496s] copying /home/olivier/ros2_ws/build/boat_controller/build/lib/boat_controller/boat_controllermain.py -> /home/olivier/ros2_ws/install/boat_controller/lib/python3.10/site-packages/boat_controller
[7.514s] byte-compiling /home/olivier/ros2_ws/install/boat_controller/lib/python3.10/site-packages/boat_controller/boat_controllermain.py to boat_controllermain.cpython-310.pyc
[7.514s] running install_data
[7.514s] running install_egg_info
[7.530s] removing '/home/olivier/ros2_ws/install/boat_controller/lib/python3.10/site-packages/boat_controller-0.0.0-py3.10.egg-info' (and everything under it)
[7.530s] Copying ../../build/boat_controller/boat_controller.egg-info to /home/olivier/ros2_ws/install/boat_controller/lib/python3.10/site-packages/boat_controller-0.0.0-py3.10.egg-info
[7.537s] running install_scripts
[7.729s] Installing boat_controllermain script to /home/olivier/ros2_ws/install/boat_controller/lib/boat_controller
[7.730s] writing list of installed files to '/home/olivier/ros2_ws/build/boat_controller/install.log'
[8.427s] Invoked command in '/home/olivier/ros2_ws/src/swarm_controller_1' returned '0': PYTHONPATH=/home/olivier/ros2_ws/build/boat_controller/prefix_override:/home/olivier/ros2_ws/install/boat_controller/lib/python3.10/site-packages:${PYTHONPATH} /usr/bin/python3 -W ignore:setup.py install is deprecated setup.py egg_info --egg-base ../../build/boat_controller build --build-base /home/olivier/ros2_ws/build/boat_controller/build install --record /home/olivier/ros2_ws/build/boat_controller/install.log --single-version-externally-managed install_data
