running egg_info
writing ../../build/ras_ros_core_control_modules/ras_ros_core_control_modules.egg-info/PKG-INFO
writing dependency_links to ../../build/ras_ros_core_control_modules/ras_ros_core_control_modules.egg-info/dependency_links.txt
writing entry points to ../../build/ras_ros_core_control_modules/ras_ros_core_control_modules.egg-info/entry_points.txt
writing requirements to ../../build/ras_ros_core_control_modules/ras_ros_core_control_modules.egg-info/requires.txt
writing top-level names to ../../build/ras_ros_core_control_modules/ras_ros_core_control_modules.egg-info/top_level.txt
reading manifest file '../../build/ras_ros_core_control_modules/ras_ros_core_control_modules.egg-info/SOURCES.txt'
writing manifest file '../../build/ras_ros_core_control_modules/ras_ros_core_control_modules.egg-info/SOURCES.txt'
running build
running build_py
copying ras_ros_core_control_modules/sensor_processing/navsat_cartesian_transform.py -> /home/olivier/ros2_ws/build/ras_ros_core_control_modules/build/lib/ras_ros_core_control_modules/sensor_processing
copying ras_ros_core_control_modules/sensor_processing/__init__.py -> /home/olivier/ros2_ws/build/ras_ros_core_control_modules/build/lib/ras_ros_core_control_modules/sensor_processing
copying ras_ros_core_control_modules/sensor_processing/vel_differentiator.py -> /home/olivier/ros2_ws/build/ras_ros_core_control_modules/build/lib/ras_ros_core_control_modules/sensor_processing
copying ras_ros_core_control_modules/motion_control/surge_vel_controller.py -> /home/olivier/ros2_ws/build/ras_ros_core_control_modules/build/lib/ras_ros_core_control_modules/motion_control
copying ras_ros_core_control_modules/motion_control/__init__.py -> /home/olivier/ros2_ws/build/ras_ros_core_control_modules/build/lib/ras_ros_core_control_modules/motion_control
copying ras_ros_core_control_modules/motion_control/heading_controller.py -> /home/olivier/ros2_ws/build/ras_ros_core_control_modules/build/lib/ras_ros_core_control_modules/motion_control
copying ras_ros_core_control_modules/control_effort_allocation/control_effort_allocate_boilerplate.py -> /home/olivier/ros2_ws/build/ras_ros_core_control_modules/build/lib/ras_ros_core_control_modules/control_effort_allocation
copying ras_ros_core_control_modules/control_effort_allocation/TN_control_effort_allocator_nomoto.py -> /home/olivier/ros2_ws/build/ras_ros_core_control_modules/build/lib/ras_ros_core_control_modules/control_effort_allocation
copying ras_ros_core_control_modules/control_effort_allocation/__init__.py -> /home/olivier/ros2_ws/build/ras_ros_core_control_modules/build/lib/ras_ros_core_control_modules/control_effort_allocation
copying ras_ros_core_control_modules/control_effort_allocation/control_effort_allocator_super.py -> /home/olivier/ros2_ws/build/ras_ros_core_control_modules/build/lib/ras_ros_core_control_modules/control_effort_allocation
copying ras_ros_core_control_modules/control_effort_allocation/TN_control_effort_allocator_dp_01.py -> /home/olivier/ros2_ws/build/ras_ros_core_control_modules/build/lib/ras_ros_core_control_modules/control_effort_allocation
copying ras_ros_core_control_modules/tools/geometry_tools.py -> /home/olivier/ros2_ws/build/ras_ros_core_control_modules/build/lib/ras_ros_core_control_modules/tools
copying ras_ros_core_control_modules/tools/control_tools.py -> /home/olivier/ros2_ws/build/ras_ros_core_control_modules/build/lib/ras_ros_core_control_modules/tools
copying ras_ros_core_control_modules/tools/__init__.py -> /home/olivier/ros2_ws/build/ras_ros_core_control_modules/build/lib/ras_ros_core_control_modules/tools
copying ras_ros_core_control_modules/tools/titoneri_parameters.py -> /home/olivier/ros2_ws/build/ras_ros_core_control_modules/build/lib/ras_ros_core_control_modules/tools
copying ras_ros_core_control_modules/tools/display_tools.py -> /home/olivier/ros2_ws/build/ras_ros_core_control_modules/build/lib/ras_ros_core_control_modules/tools
running install
running install_lib
copying /home/olivier/ros2_ws/build/ras_ros_core_control_modules/build/lib/ras_ros_core_control_modules/control_effort_allocation/control_effort_allocate_boilerplate.py -> /home/olivier/ros2_ws/install/ras_ros_core_control_modules/lib/python3.10/site-packages/ras_ros_core_control_modules/control_effort_allocation
copying /home/olivier/ros2_ws/build/ras_ros_core_control_modules/build/lib/ras_ros_core_control_modules/control_effort_allocation/TN_control_effort_allocator_nomoto.py -> /home/olivier/ros2_ws/install/ras_ros_core_control_modules/lib/python3.10/site-packages/ras_ros_core_control_modules/control_effort_allocation
copying /home/olivier/ros2_ws/build/ras_ros_core_control_modules/build/lib/ras_ros_core_control_modules/control_effort_allocation/__init__.py -> /home/olivier/ros2_ws/install/ras_ros_core_control_modules/lib/python3.10/site-packages/ras_ros_core_control_modules/control_effort_allocation
copying /home/olivier/ros2_ws/build/ras_ros_core_control_modules/build/lib/ras_ros_core_control_modules/control_effort_allocation/control_effort_allocator_super.py -> /home/olivier/ros2_ws/install/ras_ros_core_control_modules/lib/python3.10/site-packages/ras_ros_core_control_modules/control_effort_allocation
copying /home/olivier/ros2_ws/build/ras_ros_core_control_modules/build/lib/ras_ros_core_control_modules/control_effort_allocation/TN_control_effort_allocator_dp_01.py -> /home/olivier/ros2_ws/install/ras_ros_core_control_modules/lib/python3.10/site-packages/ras_ros_core_control_modules/control_effort_allocation
copying /home/olivier/ros2_ws/build/ras_ros_core_control_modules/build/lib/ras_ros_core_control_modules/tools/geometry_tools.py -> /home/olivier/ros2_ws/install/ras_ros_core_control_modules/lib/python3.10/site-packages/ras_ros_core_control_modules/tools
copying /home/olivier/ros2_ws/build/ras_ros_core_control_modules/build/lib/ras_ros_core_control_modules/tools/control_tools.py -> /home/olivier/ros2_ws/install/ras_ros_core_control_modules/lib/python3.10/site-packages/ras_ros_core_control_modules/tools
copying /home/olivier/ros2_ws/build/ras_ros_core_control_modules/build/lib/ras_ros_core_control_modules/tools/__init__.py -> /home/olivier/ros2_ws/install/ras_ros_core_control_modules/lib/python3.10/site-packages/ras_ros_core_control_modules/tools
copying /home/olivier/ros2_ws/build/ras_ros_core_control_modules/build/lib/ras_ros_core_control_modules/tools/titoneri_parameters.py -> /home/olivier/ros2_ws/install/ras_ros_core_control_modules/lib/python3.10/site-packages/ras_ros_core_control_modules/tools
copying /home/olivier/ros2_ws/build/ras_ros_core_control_modules/build/lib/ras_ros_core_control_modules/tools/display_tools.py -> /home/olivier/ros2_ws/install/ras_ros_core_control_modules/lib/python3.10/site-packages/ras_ros_core_control_modules/tools
copying /home/olivier/ros2_ws/build/ras_ros_core_control_modules/build/lib/ras_ros_core_control_modules/motion_control/surge_vel_controller.py -> /home/olivier/ros2_ws/install/ras_ros_core_control_modules/lib/python3.10/site-packages/ras_ros_core_control_modules/motion_control
copying /home/olivier/ros2_ws/build/ras_ros_core_control_modules/build/lib/ras_ros_core_control_modules/motion_control/__init__.py -> /home/olivier/ros2_ws/install/ras_ros_core_control_modules/lib/python3.10/site-packages/ras_ros_core_control_modules/motion_control
copying /home/olivier/ros2_ws/build/ras_ros_core_control_modules/build/lib/ras_ros_core_control_modules/motion_control/heading_controller.py -> /home/olivier/ros2_ws/install/ras_ros_core_control_modules/lib/python3.10/site-packages/ras_ros_core_control_modules/motion_control
copying /home/olivier/ros2_ws/build/ras_ros_core_control_modules/build/lib/ras_ros_core_control_modules/sensor_processing/navsat_cartesian_transform.py -> /home/olivier/ros2_ws/install/ras_ros_core_control_modules/lib/python3.10/site-packages/ras_ros_core_control_modules/sensor_processing
copying /home/olivier/ros2_ws/build/ras_ros_core_control_modules/build/lib/ras_ros_core_control_modules/sensor_processing/__init__.py -> /home/olivier/ros2_ws/install/ras_ros_core_control_modules/lib/python3.10/site-packages/ras_ros_core_control_modules/sensor_processing
copying /home/olivier/ros2_ws/build/ras_ros_core_control_modules/build/lib/ras_ros_core_control_modules/sensor_processing/vel_differentiator.py -> /home/olivier/ros2_ws/install/ras_ros_core_control_modules/lib/python3.10/site-packages/ras_ros_core_control_modules/sensor_processing
byte-compiling /home/olivier/ros2_ws/install/ras_ros_core_control_modules/lib/python3.10/site-packages/ras_ros_core_control_modules/control_effort_allocation/control_effort_allocate_boilerplate.py to control_effort_allocate_boilerplate.cpython-310.pyc
byte-compiling /home/olivier/ros2_ws/install/ras_ros_core_control_modules/lib/python3.10/site-packages/ras_ros_core_control_modules/control_effort_allocation/TN_control_effort_allocator_nomoto.py to TN_control_effort_allocator_nomoto.cpython-310.pyc
byte-compiling /home/olivier/ros2_ws/install/ras_ros_core_control_modules/lib/python3.10/site-packages/ras_ros_core_control_modules/control_effort_allocation/__init__.py to __init__.cpython-310.pyc
byte-compiling /home/olivier/ros2_ws/install/ras_ros_core_control_modules/lib/python3.10/site-packages/ras_ros_core_control_modules/control_effort_allocation/control_effort_allocator_super.py to control_effort_allocator_super.cpython-310.pyc
byte-compiling /home/olivier/ros2_ws/install/ras_ros_core_control_modules/lib/python3.10/site-packages/ras_ros_core_control_modules/control_effort_allocation/TN_control_effort_allocator_dp_01.py to TN_control_effort_allocator_dp_01.cpython-310.pyc
byte-compiling /home/olivier/ros2_ws/install/ras_ros_core_control_modules/lib/python3.10/site-packages/ras_ros_core_control_modules/tools/geometry_tools.py to geometry_tools.cpython-310.pyc
byte-compiling /home/olivier/ros2_ws/install/ras_ros_core_control_modules/lib/python3.10/site-packages/ras_ros_core_control_modules/tools/control_tools.py to control_tools.cpython-310.pyc
byte-compiling /home/olivier/ros2_ws/install/ras_ros_core_control_modules/lib/python3.10/site-packages/ras_ros_core_control_modules/tools/__init__.py to __init__.cpython-310.pyc
byte-compiling /home/olivier/ros2_ws/install/ras_ros_core_control_modules/lib/python3.10/site-packages/ras_ros_core_control_modules/tools/titoneri_parameters.py to titoneri_parameters.cpython-310.pyc
byte-compiling /home/olivier/ros2_ws/install/ras_ros_core_control_modules/lib/python3.10/site-packages/ras_ros_core_control_modules/tools/display_tools.py to display_tools.cpython-310.pyc
byte-compiling /home/olivier/ros2_ws/install/ras_ros_core_control_modules/lib/python3.10/site-packages/ras_ros_core_control_modules/motion_control/surge_vel_controller.py to surge_vel_controller.cpython-310.pyc
byte-compiling /home/olivier/ros2_ws/install/ras_ros_core_control_modules/lib/python3.10/site-packages/ras_ros_core_control_modules/motion_control/__init__.py to __init__.cpython-310.pyc
byte-compiling /home/olivier/ros2_ws/install/ras_ros_core_control_modules/lib/python3.10/site-packages/ras_ros_core_control_modules/motion_control/heading_controller.py to heading_controller.cpython-310.pyc
byte-compiling /home/olivier/ros2_ws/install/ras_ros_core_control_modules/lib/python3.10/site-packages/ras_ros_core_control_modules/sensor_processing/navsat_cartesian_transform.py to navsat_cartesian_transform.cpython-310.pyc
byte-compiling /home/olivier/ros2_ws/install/ras_ros_core_control_modules/lib/python3.10/site-packages/ras_ros_core_control_modules/sensor_processing/__init__.py to __init__.cpython-310.pyc
byte-compiling /home/olivier/ros2_ws/install/ras_ros_core_control_modules/lib/python3.10/site-packages/ras_ros_core_control_modules/sensor_processing/vel_differentiator.py to vel_differentiator.cpython-310.pyc
running install_data
copying resource/ras_ros_core_control_modules -> /home/olivier/ros2_ws/install/ras_ros_core_control_modules/share/ament_index/resource_index/packages
copying package.xml -> /home/olivier/ros2_ws/install/ras_ros_core_control_modules/share/ras_ros_core_control_modules
copying launch/fleet_sim.launch.py -> /home/olivier/ros2_ws/install/ras_ros_core_control_modules/share/ras_ros_core_control_modules
copying launch/fleet_geo_utils.launch.py -> /home/olivier/ros2_ws/install/ras_ros_core_control_modules/share/ras_ros_core_control_modules
running install_egg_info
removing '/home/olivier/ros2_ws/install/ras_ros_core_control_modules/lib/python3.10/site-packages/ras_ros_core_control_modules-0.0.0-py3.10.egg-info' (and everything under it)
Copying ../../build/ras_ros_core_control_modules/ras_ros_core_control_modules.egg-info to /home/olivier/ros2_ws/install/ras_ros_core_control_modules/lib/python3.10/site-packages/ras_ros_core_control_modules-0.0.0-py3.10.egg-info
running install_scripts
Installing TN_control_effort_allocator_dp1 script to /home/olivier/ros2_ws/install/ras_ros_core_control_modules/lib/ras_ros_core_control_modules
Installing TN_control_effort_allocator_nomoto script to /home/olivier/ros2_ws/install/ras_ros_core_control_modules/lib/ras_ros_core_control_modules
Installing heading_controller script to /home/olivier/ros2_ws/install/ras_ros_core_control_modules/lib/ras_ros_core_control_modules
Installing navsat_cartesian_transform script to /home/olivier/ros2_ws/install/ras_ros_core_control_modules/lib/ras_ros_core_control_modules
Installing surge_vel_controller script to /home/olivier/ros2_ws/install/ras_ros_core_control_modules/lib/ras_ros_core_control_modules
Installing vel_differentiator script to /home/olivier/ros2_ws/install/ras_ros_core_control_modules/lib/ras_ros_core_control_modules
writing list of installed files to '/home/olivier/ros2_ws/build/ras_ros_core_control_modules/install.log'
