running egg_info
writing ../../build/usv_formation_control_1/usv_formation_control_1.egg-info/PKG-INFO
writing dependency_links to ../../build/usv_formation_control_1/usv_formation_control_1.egg-info/dependency_links.txt
writing entry points to ../../build/usv_formation_control_1/usv_formation_control_1.egg-info/entry_points.txt
writing requirements to ../../build/usv_formation_control_1/usv_formation_control_1.egg-info/requires.txt
writing top-level names to ../../build/usv_formation_control_1/usv_formation_control_1.egg-info/top_level.txt
reading manifest file '../../build/usv_formation_control_1/usv_formation_control_1.egg-info/SOURCES.txt'
writing manifest file '../../build/usv_formation_control_1/usv_formation_control_1.egg-info/SOURCES.txt'
running build
running build_py
copying usv_formation_control_1/vessel_reference_generator.py -> /home/olivier/ros2_ws/build/usv_formation_control_1/build/lib/usv_formation_control_1
running install
running install_lib
copying /home/olivier/ros2_ws/build/usv_formation_control_1/build/lib/usv_formation_control_1/vessel_reference_generator.py -> /home/olivier/ros2_ws/install/usv_formation_control_1/lib/python3.10/site-packages/usv_formation_control_1
byte-compiling /home/olivier/ros2_ws/install/usv_formation_control_1/lib/python3.10/site-packages/usv_formation_control_1/vessel_reference_generator.py to vessel_reference_generator.cpython-310.pyc
Sorry: TabError: inconsistent use of tabs and spaces in indentation (vessel_reference_generator.py, line 93)
running install_data
running install_egg_info
removing '/home/olivier/ros2_ws/install/usv_formation_control_1/lib/python3.10/site-packages/usv_formation_control_1-0.0.0-py3.10.egg-info' (and everything under it)
Copying ../../build/usv_formation_control_1/usv_formation_control_1.egg-info to /home/olivier/ros2_ws/install/usv_formation_control_1/lib/python3.10/site-packages/usv_formation_control_1-0.0.0-py3.10.egg-info
running install_scripts
Installing formation_configuration_broadcaster_1 script to /home/olivier/ros2_ws/install/usv_formation_control_1/lib/usv_formation_control_1
Installing formation_trajectory_planner script to /home/olivier/ros2_ws/install/usv_formation_control_1/lib/usv_formation_control_1
Installing vessel_reference_generator script to /home/olivier/ros2_ws/install/usv_formation_control_1/lib/usv_formation_control_1
writing list of installed files to '/home/olivier/ros2_ws/build/usv_formation_control_1/install.log'
