[2.960s] Invoking command in '/home/olivier/ros2_ws/src/ras_joystick_control-iron': PYTHONPATH=/home/olivier/ros2_ws/build/joystick_control_ras/prefix_override:/home/olivier/ros2_ws/install/joystick_control_ras/lib/python3.10/site-packages:${PYTHONPATH} /usr/bin/python3 -W ignore:setup.py install is deprecated setup.py egg_info --egg-base ../../build/joystick_control_ras build --build-base /home/olivier/ros2_ws/build/joystick_control_ras/build install --record /home/olivier/ros2_ws/build/joystick_control_ras/install.log --single-version-externally-managed install_data
[3.750s] running egg_info
[3.752s] writing ../../build/joystick_control_ras/joystick_control_ras.egg-info/PKG-INFO
[3.752s] writing dependency_links to ../../build/joystick_control_ras/joystick_control_ras.egg-info/dependency_links.txt
[3.752s] writing entry points to ../../build/joystick_control_ras/joystick_control_ras.egg-info/entry_points.txt
[3.752s] writing requirements to ../../build/joystick_control_ras/joystick_control_ras.egg-info/requires.txt
[3.753s] writing top-level names to ../../build/joystick_control_ras/joystick_control_ras.egg-info/top_level.txt
[3.757s] reading manifest file '../../build/joystick_control_ras/joystick_control_ras.egg-info/SOURCES.txt'
[3.758s] writing manifest file '../../build/joystick_control_ras/joystick_control_ras.egg-info/SOURCES.txt'
[3.758s] running build
[3.758s] running build_py
[3.767s] running install
[3.767s] running install_lib
[3.770s] running install_data
[3.770s] running install_egg_info
[3.778s] removing '/home/olivier/ros2_ws/install/joystick_control_ras/lib/python3.10/site-packages/joystick_control_ras-0.0.0-py3.10.egg-info' (and everything under it)
[3.779s] Copying ../../build/joystick_control_ras/joystick_control_ras.egg-info to /home/olivier/ros2_ws/install/joystick_control_ras/lib/python3.10/site-packages/joystick_control_ras-0.0.0-py3.10.egg-info
[3.780s] running install_scripts
[3.834s] Installing joystickgui script to /home/olivier/ros2_ws/install/joystick_control_ras/lib/joystick_control_ras
[3.836s] writing list of installed files to '/home/olivier/ros2_ws/build/joystick_control_ras/install.log'
[4.041s] Invoked command in '/home/olivier/ros2_ws/src/ras_joystick_control-iron' returned '0': PYTHONPATH=/home/olivier/ros2_ws/build/joystick_control_ras/prefix_override:/home/olivier/ros2_ws/install/joystick_control_ras/lib/python3.10/site-packages:${PYTHONPATH} /usr/bin/python3 -W ignore:setup.py install is deprecated setup.py egg_info --egg-base ../../build/joystick_control_ras build --build-base /home/olivier/ros2_ws/build/joystick_control_ras/build install --record /home/olivier/ros2_ws/build/joystick_control_ras/install.log --single-version-externally-managed install_data
