[3.119s] Invoking command in '/home/olivier/ros2_ws/src/py_pubsub': PYTHONPATH=/home/olivier/ros2_ws/build/py_pubsub/prefix_override:/home/olivier/ros2_ws/install/py_pubsub/lib/python3.10/site-packages:${PYTHONPATH} /usr/bin/python3 -W ignore:setup.py install is deprecated setup.py egg_info --egg-base ../../build/py_pubsub build --build-base /home/olivier/ros2_ws/build/py_pubsub/build install --record /home/olivier/ros2_ws/build/py_pubsub/install.log --single-version-externally-managed install_data
[3.894s] running egg_info
[3.894s] writing ../../build/py_pubsub/py_pubsub.egg-info/PKG-INFO
[3.901s] writing dependency_links to ../../build/py_pubsub/py_pubsub.egg-info/dependency_links.txt
[3.902s] writing entry points to ../../build/py_pubsub/py_pubsub.egg-info/entry_points.txt
[3.902s] writing requirements to ../../build/py_pubsub/py_pubsub.egg-info/requires.txt
[3.902s] writing top-level names to ../../build/py_pubsub/py_pubsub.egg-info/top_level.txt
[3.913s] reading manifest file '../../build/py_pubsub/py_pubsub.egg-info/SOURCES.txt'
[3.920s] writing manifest file '../../build/py_pubsub/py_pubsub.egg-info/SOURCES.txt'
[3.921s] running build
[3.921s] running build_py
[3.923s] running install
[3.925s] running install_lib
[3.933s] running install_data
[3.937s] running install_egg_info
[3.941s] removing '/home/olivier/ros2_ws/install/py_pubsub/lib/python3.10/site-packages/py_pubsub-0.0.0-py3.10.egg-info' (and everything under it)
[3.947s] Copying ../../build/py_pubsub/py_pubsub.egg-info to /home/olivier/ros2_ws/install/py_pubsub/lib/python3.10/site-packages/py_pubsub-0.0.0-py3.10.egg-info
[3.950s] running install_scripts
[4.000s] Installing listener script to /home/olivier/ros2_ws/install/py_pubsub/lib/py_pubsub
[4.004s] Installing talker script to /home/olivier/ros2_ws/install/py_pubsub/lib/py_pubsub
[4.005s] writing list of installed files to '/home/olivier/ros2_ws/build/py_pubsub/install.log'
[4.105s] Invoked command in '/home/olivier/ros2_ws/src/py_pubsub' returned '0': PYTHONPATH=/home/olivier/ros2_ws/build/py_pubsub/prefix_override:/home/olivier/ros2_ws/install/py_pubsub/lib/python3.10/site-packages:${PYTHONPATH} /usr/bin/python3 -W ignore:setup.py install is deprecated setup.py egg_info --egg-base ../../build/py_pubsub build --build-base /home/olivier/ros2_ws/build/py_pubsub/build install --record /home/olivier/ros2_ws/build/py_pubsub/install.log --single-version-externally-managed install_data
