[1.046s] Invoking command in '/home/olivier/ros2_ws/src/TurtleBoat-ros2': PYTHONPATH=/home/olivier/ros2_ws/build/turtleboat/prefix_override:/home/olivier/ros2_ws/install/turtleboat/lib/python3.10/site-packages:${PYTHONPATH} /usr/bin/python3 -W ignore:setup.py install is deprecated setup.py egg_info --egg-base ../../build/turtleboat build --build-base /home/olivier/ros2_ws/build/turtleboat/build install --record /home/olivier/ros2_ws/build/turtleboat/install.log --install-scripts $base/lib/turtleboat --single-version-externally-managed install_data
[1.500s] /usr/lib/python3/dist-packages/setuptools/dist.py:723: UserWarning: Usage of dash-separated 'script-dir' will not be supported in future versions. Please use the underscore name 'script_dir' instead
[1.500s]   warnings.warn(
[1.514s] running egg_info
[1.515s] writing ../../build/turtleboat/turtleboat.egg-info/PKG-INFO
[1.516s] writing dependency_links to ../../build/turtleboat/turtleboat.egg-info/dependency_links.txt
[1.516s] writing entry points to ../../build/turtleboat/turtleboat.egg-info/entry_points.txt
[1.516s] writing requirements to ../../build/turtleboat/turtleboat.egg-info/requires.txt
[1.516s] writing top-level names to ../../build/turtleboat/turtleboat.egg-info/top_level.txt
[1.519s] reading manifest file '../../build/turtleboat/turtleboat.egg-info/SOURCES.txt'
[1.524s] writing manifest file '../../build/turtleboat/turtleboat.egg-info/SOURCES.txt'
[1.525s] running build
[1.525s] running build_py
[1.525s] running install
[1.527s] running install_lib
[1.529s] running install_data
[1.529s] running install_egg_info
[1.532s] removing '/home/olivier/ros2_ws/install/turtleboat/lib/python3.10/site-packages/turtleboat-0.0.0-py3.10.egg-info' (and everything under it)
[1.537s] Copying ../../build/turtleboat/turtleboat.egg-info to /home/olivier/ros2_ws/install/turtleboat/lib/python3.10/site-packages/turtleboat-0.0.0-py3.10.egg-info
[1.539s] running install_scripts
[1.573s] Installing turtleboatmain script to /home/olivier/ros2_ws/install/turtleboat/lib/turtleboat
[1.574s] writing list of installed files to '/home/olivier/ros2_ws/build/turtleboat/install.log'
[1.605s] Invoked command in '/home/olivier/ros2_ws/src/TurtleBoat-ros2' returned '0': PYTHONPATH=/home/olivier/ros2_ws/build/turtleboat/prefix_override:/home/olivier/ros2_ws/install/turtleboat/lib/python3.10/site-packages:${PYTHONPATH} /usr/bin/python3 -W ignore:setup.py install is deprecated setup.py egg_info --egg-base ../../build/turtleboat build --build-base /home/olivier/ros2_ws/build/turtleboat/build install --record /home/olivier/ros2_ws/build/turtleboat/install.log --install-scripts $base/lib/turtleboat --single-version-externally-managed install_data
