[6.615s] Invoking command in '/home/olivier/ros2_ws/src/USV_formation_control_1-ros2': PYTHONPATH=/home/olivier/ros2_ws/build/usv_formation_control_1/prefix_override:/home/olivier/ros2_ws/install/usv_formation_control_1/lib/python3.10/site-packages:${PYTHONPATH} /usr/bin/python3 -W ignore:setup.py install is deprecated setup.py egg_info --egg-base ../../build/usv_formation_control_1 build --build-base /home/olivier/ros2_ws/build/usv_formation_control_1/build install --record /home/olivier/ros2_ws/build/usv_formation_control_1/install.log --single-version-externally-managed install_data
[8.913s] running egg_info
[8.922s] writing ../../build/usv_formation_control_1/usv_formation_control_1.egg-info/PKG-INFO
[8.923s] writing dependency_links to ../../build/usv_formation_control_1/usv_formation_control_1.egg-info/dependency_links.txt
[8.924s] writing entry points to ../../build/usv_formation_control_1/usv_formation_control_1.egg-info/entry_points.txt
[8.926s] writing requirements to ../../build/usv_formation_control_1/usv_formation_control_1.egg-info/requires.txt
[8.926s] writing top-level names to ../../build/usv_formation_control_1/usv_formation_control_1.egg-info/top_level.txt
[8.938s] reading manifest file '../../build/usv_formation_control_1/usv_formation_control_1.egg-info/SOURCES.txt'
[8.946s] writing manifest file '../../build/usv_formation_control_1/usv_formation_control_1.egg-info/SOURCES.txt'
[8.947s] running build
[8.947s] running build_py
[8.951s] running install
[8.954s] running install_lib
[8.964s] running install_data
[8.965s] running install_egg_info
[8.978s] removing '/home/olivier/ros2_ws/install/usv_formation_control_1/lib/python3.10/site-packages/usv_formation_control_1-0.0.0-py3.10.egg-info' (and everything under it)
[8.980s] Copying ../../build/usv_formation_control_1/usv_formation_control_1.egg-info to /home/olivier/ros2_ws/install/usv_formation_control_1/lib/python3.10/site-packages/usv_formation_control_1-0.0.0-py3.10.egg-info
[8.988s] running install_scripts
[9.168s] Installing formation_configuration_broadcaster_1 script to /home/olivier/ros2_ws/install/usv_formation_control_1/lib/usv_formation_control_1
[9.169s] Installing formation_trajectory_planner script to /home/olivier/ros2_ws/install/usv_formation_control_1/lib/usv_formation_control_1
[9.170s] Installing vessel_reference_generator script to /home/olivier/ros2_ws/install/usv_formation_control_1/lib/usv_formation_control_1
[9.174s] writing list of installed files to '/home/olivier/ros2_ws/build/usv_formation_control_1/install.log'
[9.352s] Invoked command in '/home/olivier/ros2_ws/src/USV_formation_control_1-ros2' returned '0': PYTHONPATH=/home/olivier/ros2_ws/build/usv_formation_control_1/prefix_override:/home/olivier/ros2_ws/install/usv_formation_control_1/lib/python3.10/site-packages:${PYTHONPATH} /usr/bin/python3 -W ignore:setup.py install is deprecated setup.py egg_info --egg-base ../../build/usv_formation_control_1 build --build-base /home/olivier/ros2_ws/build/usv_formation_control_1/build install --record /home/olivier/ros2_ws/build/usv_formation_control_1/install.log --single-version-externally-managed install_data
