[4.850s] Invoking command in '/home/olivier/ros2_ws/src/tf_callback': PYTHONPATH=/home/olivier/ros2_ws/build/tf_callback/prefix_override:/home/olivier/ros2_ws/install/tf_callback/lib/python3.10/site-packages:${PYTHONPATH} /usr/bin/python3 -W ignore:setup.py install is deprecated setup.py egg_info --egg-base ../../build/tf_callback build --build-base /home/olivier/ros2_ws/build/tf_callback/build install --record /home/olivier/ros2_ws/build/tf_callback/install.log --single-version-externally-managed install_data
[6.857s] running egg_info
[6.858s] writing ../../build/tf_callback/tf_callback.egg-info/PKG-INFO
[6.858s] writing dependency_links to ../../build/tf_callback/tf_callback.egg-info/dependency_links.txt
[6.858s] writing entry points to ../../build/tf_callback/tf_callback.egg-info/entry_points.txt
[6.864s] writing requirements to ../../build/tf_callback/tf_callback.egg-info/requires.txt
[6.864s] writing top-level names to ../../build/tf_callback/tf_callback.egg-info/top_level.txt
[6.902s] reading manifest file '../../build/tf_callback/tf_callback.egg-info/SOURCES.txt'
[6.915s] writing manifest file '../../build/tf_callback/tf_callback.egg-info/SOURCES.txt'
[6.916s] running build
[6.916s] running build_py
[6.916s] running install
[6.927s] running install_lib
[6.938s] running install_data
[6.941s] running install_egg_info
[6.948s] removing '/home/olivier/ros2_ws/install/tf_callback/lib/python3.10/site-packages/tf_callback-0.0.0-py3.10.egg-info' (and everything under it)
[6.964s] Copying ../../build/tf_callback/tf_callback.egg-info to /home/olivier/ros2_ws/install/tf_callback/lib/python3.10/site-packages/tf_callback-0.0.0-py3.10.egg-info
[6.994s] running install_scripts
[7.118s] Installing tf_callback_code script to /home/olivier/ros2_ws/install/tf_callback/lib/tf_callback
[7.138s] writing list of installed files to '/home/olivier/ros2_ws/build/tf_callback/install.log'
[7.388s] Invoked command in '/home/olivier/ros2_ws/src/tf_callback' returned '0': PYTHONPATH=/home/olivier/ros2_ws/build/tf_callback/prefix_override:/home/olivier/ros2_ws/install/tf_callback/lib/python3.10/site-packages:${PYTHONPATH} /usr/bin/python3 -W ignore:setup.py install is deprecated setup.py egg_info --egg-base ../../build/tf_callback build --build-base /home/olivier/ros2_ws/build/tf_callback/build install --record /home/olivier/ros2_ws/build/tf_callback/install.log --single-version-externally-managed install_data
