running egg_info
creating ../../build/usv_formation_control_1/usv_formation_control_1.egg-info
writing ../../build/usv_formation_control_1/usv_formation_control_1.egg-info/PKG-INFO
writing dependency_links to ../../build/usv_formation_control_1/usv_formation_control_1.egg-info/dependency_links.txt
writing entry points to ../../build/usv_formation_control_1/usv_formation_control_1.egg-info/entry_points.txt
writing requirements to ../../build/usv_formation_control_1/usv_formation_control_1.egg-info/requires.txt
writing top-level names to ../../build/usv_formation_control_1/usv_formation_control_1.egg-info/top_level.txt
writing manifest file '../../build/usv_formation_control_1/usv_formation_control_1.egg-info/SOURCES.txt'
reading manifest file '../../build/usv_formation_control_1/usv_formation_control_1.egg-info/SOURCES.txt'
writing manifest file '../../build/usv_formation_control_1/usv_formation_control_1.egg-info/SOURCES.txt'
running build
running build_py
creating /home/olivier/ros2_ws/build/usv_formation_control_1/build
creating /home/olivier/ros2_ws/build/usv_formation_control_1/build/lib
creating /home/olivier/ros2_ws/build/usv_formation_control_1/build/lib/usv_formation_control_1
copying usv_formation_control_1/formation_trajectory_planner.py -> /home/olivier/ros2_ws/build/usv_formation_control_1/build/lib/usv_formation_control_1
copying usv_formation_control_1/__init__.py -> /home/olivier/ros2_ws/build/usv_formation_control_1/build/lib/usv_formation_control_1
copying usv_formation_control_1/formation_configuration_broadcaster_1.py -> /home/olivier/ros2_ws/build/usv_formation_control_1/build/lib/usv_formation_control_1
copying usv_formation_control_1/vessel_reference_generator.py -> /home/olivier/ros2_ws/build/usv_formation_control_1/build/lib/usv_formation_control_1
running install
running install_lib
creating /home/olivier/ros2_ws/install/usv_formation_control_1/lib/python3.10/site-packages/usv_formation_control_1
copying /home/olivier/ros2_ws/build/usv_formation_control_1/build/lib/usv_formation_control_1/formation_trajectory_planner.py -> /home/olivier/ros2_ws/install/usv_formation_control_1/lib/python3.10/site-packages/usv_formation_control_1
copying /home/olivier/ros2_ws/build/usv_formation_control_1/build/lib/usv_formation_control_1/__init__.py -> /home/olivier/ros2_ws/install/usv_formation_control_1/lib/python3.10/site-packages/usv_formation_control_1
copying /home/olivier/ros2_ws/build/usv_formation_control_1/build/lib/usv_formation_control_1/formation_configuration_broadcaster_1.py -> /home/olivier/ros2_ws/install/usv_formation_control_1/lib/python3.10/site-packages/usv_formation_control_1
copying /home/olivier/ros2_ws/build/usv_formation_control_1/build/lib/usv_formation_control_1/vessel_reference_generator.py -> /home/olivier/ros2_ws/install/usv_formation_control_1/lib/python3.10/site-packages/usv_formation_control_1
byte-compiling /home/olivier/ros2_ws/install/usv_formation_control_1/lib/python3.10/site-packages/usv_formation_control_1/formation_trajectory_planner.py to formation_trajectory_planner.cpython-310.pyc
byte-compiling /home/olivier/ros2_ws/install/usv_formation_control_1/lib/python3.10/site-packages/usv_formation_control_1/__init__.py to __init__.cpython-310.pyc
byte-compiling /home/olivier/ros2_ws/install/usv_formation_control_1/lib/python3.10/site-packages/usv_formation_control_1/formation_configuration_broadcaster_1.py to formation_configuration_broadcaster_1.cpython-310.pyc
byte-compiling /home/olivier/ros2_ws/install/usv_formation_control_1/lib/python3.10/site-packages/usv_formation_control_1/vessel_reference_generator.py to vessel_reference_generator.cpython-310.pyc
running install_data
creating /home/olivier/ros2_ws/install/usv_formation_control_1/share/ament_index
creating /home/olivier/ros2_ws/install/usv_formation_control_1/share/ament_index/resource_index
creating /home/olivier/ros2_ws/install/usv_formation_control_1/share/ament_index/resource_index/packages
copying resource/usv_formation_control_1 -> /home/olivier/ros2_ws/install/usv_formation_control_1/share/ament_index/resource_index/packages
copying package.xml -> /home/olivier/ros2_ws/install/usv_formation_control_1/share/usv_formation_control_1
creating /home/olivier/ros2_ws/install/usv_formation_control_1/share/usv_formation_control_1/launch
copying launch/formation1.launch.py -> /home/olivier/ros2_ws/install/usv_formation_control_1/share/usv_formation_control_1/launch
running install_egg_info
Copying ../../build/usv_formation_control_1/usv_formation_control_1.egg-info to /home/olivier/ros2_ws/install/usv_formation_control_1/lib/python3.10/site-packages/usv_formation_control_1-0.0.0-py3.10.egg-info
running install_scripts
Installing formation_configuration_broadcaster_1 script to /home/olivier/ros2_ws/install/usv_formation_control_1/lib/usv_formation_control_1
Installing formation_trajectory_planner script to /home/olivier/ros2_ws/install/usv_formation_control_1/lib/usv_formation_control_1
Installing vessel_reference_generator script to /home/olivier/ros2_ws/install/usv_formation_control_1/lib/usv_formation_control_1
writing list of installed files to '/home/olivier/ros2_ws/build/usv_formation_control_1/install.log'
