[0.911s] Invoking command in '/home/olivier/ros2_ws/build/ras_urdf_common': CMAKE_PREFIX_PATH=/opt/ros/iron /usr/bin/cmake --build /home/olivier/ros2_ws/build/ras_urdf_common -- -j4 -l4
[1.026s] Built target ament_cmake_python_copy_ras_urdf_common
[1.744s] running egg_info
[1.746s] writing ras_urdf_common.egg-info/PKG-INFO
[1.749s] writing dependency_links to ras_urdf_common.egg-info/dependency_links.txt
[1.750s] writing top-level names to ras_urdf_common.egg-info/top_level.txt
[1.755s] reading manifest file 'ras_urdf_common.egg-info/SOURCES.txt'
[1.757s] writing manifest file 'ras_urdf_common.egg-info/SOURCES.txt'
[1.815s] Built target ament_cmake_python_build_ras_urdf_common_egg
[1.848s] Invoked command in '/home/olivier/ros2_ws/build/ras_urdf_common' returned '0': CMAKE_PREFIX_PATH=/opt/ros/iron /usr/bin/cmake --build /home/olivier/ros2_ws/build/ras_urdf_common -- -j4 -l4
[1.945s] Invoking command in '/home/olivier/ros2_ws/build/ras_urdf_common': CMAKE_PREFIX_PATH=/opt/ros/iron /usr/bin/cmake --install /home/olivier/ros2_ws/build/ras_urdf_common
[1.962s] -- Install configuration: ""
[1.963s] -- Up-to-date: /home/olivier/ros2_ws/install/ras_urdf_common/share/ras_urdf_common/launch
[1.966s] -- Up-to-date: /home/olivier/ros2_ws/install/ras_urdf_common/share/ras_urdf_common/launch/rviz_bringup.launch.py
[1.967s] -- Up-to-date: /home/olivier/ros2_ws/install/ras_urdf_common/share/ras_urdf_common/meshes
[1.968s] -- Up-to-date: /home/olivier/ros2_ws/install/ras_urdf_common/share/ras_urdf_common/meshes/TN_propeller1.stl
[1.969s] -- Up-to-date: /home/olivier/ros2_ws/install/ras_urdf_common/share/ras_urdf_common/meshes/TN_collisionMesh1.stl
[1.970s] -- Up-to-date: /home/olivier/ros2_ws/install/ras_urdf_common/share/ras_urdf_common/meshes/TN_hull_BB_1.stl
[1.971s] -- Up-to-date: /home/olivier/ros2_ws/install/ras_urdf_common/share/ras_urdf_common/rviz
[1.973s] -- Up-to-date: /home/olivier/ros2_ws/install/ras_urdf_common/share/ras_urdf_common/rviz/urdf.rviz
[1.974s] -- Up-to-date: /home/olivier/ros2_ws/install/ras_urdf_common/share/ras_urdf_common/urdf
[1.975s] -- Up-to-date: /home/olivier/ros2_ws/install/ras_urdf_common/share/ras_urdf_common/urdf/titoneri.urdf.xacro
[1.976s] -- Up-to-date: /home/olivier/ros2_ws/install/ras_urdf_common/share/ras_urdf_common/ras_urdf_common
[1.978s] -- Up-to-date: /home/olivier/ros2_ws/install/ras_urdf_common/share/ras_urdf_common/ras_urdf_common/__init__.py
[1.979s] -- Up-to-date: /home/olivier/ros2_ws/install/ras_urdf_common/share/ras_urdf_common/scripts
[1.980s] -- Up-to-date: /home/olivier/ros2_ws/install/ras_urdf_common/share/ras_urdf_common/scripts/azi_joint_state_broadcaster.py
[1.982s] -- Up-to-date: /home/olivier/ros2_ws/install/ras_urdf_common/share/ras_urdf_common/environment/pythonpath.sh
[1.985s] -- Up-to-date: /home/olivier/ros2_ws/install/ras_urdf_common/share/ras_urdf_common/environment/pythonpath.dsv
[1.986s] -- Up-to-date: /home/olivier/ros2_ws/install/ras_urdf_common/lib/python3.10/site-packages/ras_urdf_common-0.0.0-py3.10.egg-info
[1.987s] -- Installing: /home/olivier/ros2_ws/install/ras_urdf_common/lib/python3.10/site-packages/ras_urdf_common-0.0.0-py3.10.egg-info/SOURCES.txt
[1.988s] -- Installing: /home/olivier/ros2_ws/install/ras_urdf_common/lib/python3.10/site-packages/ras_urdf_common-0.0.0-py3.10.egg-info/dependency_links.txt
[1.990s] -- Installing: /home/olivier/ros2_ws/install/ras_urdf_common/lib/python3.10/site-packages/ras_urdf_common-0.0.0-py3.10.egg-info/top_level.txt
[1.991s] -- Installing: /home/olivier/ros2_ws/install/ras_urdf_common/lib/python3.10/site-packages/ras_urdf_common-0.0.0-py3.10.egg-info/PKG-INFO
[1.995s] -- Up-to-date: /home/olivier/ros2_ws/install/ras_urdf_common/lib/python3.10/site-packages/ras_urdf_common
[1.995s] -- Up-to-date: /home/olivier/ros2_ws/install/ras_urdf_common/lib/python3.10/site-packages/ras_urdf_common/__init__.py
[2.046s] Listing '/home/olivier/ros2_ws/install/ras_urdf_common/lib/python3.10/site-packages/ras_urdf_common'...
[2.054s] -- Up-to-date: /home/olivier/ros2_ws/install/ras_urdf_common/lib/ras_urdf_common/azi_joint_state_broadcaster.py
[2.062s] -- Up-to-date: /home/olivier/ros2_ws/install/ras_urdf_common/share/ament_index/resource_index/package_run_dependencies/ras_urdf_common
[2.063s] -- Up-to-date: /home/olivier/ros2_ws/install/ras_urdf_common/share/ament_index/resource_index/parent_prefix_path/ras_urdf_common
[2.063s] -- Up-to-date: /home/olivier/ros2_ws/install/ras_urdf_common/share/ras_urdf_common/environment/ament_prefix_path.sh
[2.063s] -- Up-to-date: /home/olivier/ros2_ws/install/ras_urdf_common/share/ras_urdf_common/environment/ament_prefix_path.dsv
[2.063s] -- Up-to-date: /home/olivier/ros2_ws/install/ras_urdf_common/share/ras_urdf_common/environment/path.sh
[2.063s] -- Up-to-date: /home/olivier/ros2_ws/install/ras_urdf_common/share/ras_urdf_common/environment/path.dsv
[2.063s] -- Up-to-date: /home/olivier/ros2_ws/install/ras_urdf_common/share/ras_urdf_common/local_setup.bash
[2.063s] -- Up-to-date: /home/olivier/ros2_ws/install/ras_urdf_common/share/ras_urdf_common/local_setup.sh
[2.063s] -- Up-to-date: /home/olivier/ros2_ws/install/ras_urdf_common/share/ras_urdf_common/local_setup.zsh
[2.063s] -- Up-to-date: /home/olivier/ros2_ws/install/ras_urdf_common/share/ras_urdf_common/local_setup.dsv
[2.063s] -- Installing: /home/olivier/ros2_ws/install/ras_urdf_common/share/ras_urdf_common/package.dsv
[2.086s] -- Up-to-date: /home/olivier/ros2_ws/install/ras_urdf_common/share/ament_index/resource_index/packages/ras_urdf_common
[2.087s] -- Up-to-date: /home/olivier/ros2_ws/install/ras_urdf_common/share/ras_urdf_common/cmake/ras_urdf_commonConfig.cmake
[2.087s] -- Up-to-date: /home/olivier/ros2_ws/install/ras_urdf_common/share/ras_urdf_common/cmake/ras_urdf_commonConfig-version.cmake
[2.087s] -- Up-to-date: /home/olivier/ros2_ws/install/ras_urdf_common/share/ras_urdf_common/package.xml
[2.087s] Invoked command in '/home/olivier/ros2_ws/build/ras_urdf_common' returned '0': CMAKE_PREFIX_PATH=/opt/ros/iron /usr/bin/cmake --install /home/olivier/ros2_ws/build/ras_urdf_common
