[1.513s] Invoking command in '/home/olivier/ros2_ws/src/ras_ros_core_control_modules-main': PYTHONPATH=/home/olivier/ros2_ws/build/ras_ros_core_control_modules/prefix_override:/home/olivier/ros2_ws/install/ras_ros_core_control_modules/lib/python3.10/site-packages:${PYTHONPATH} /usr/bin/python3 -W ignore:setup.py install is deprecated setup.py egg_info --egg-base ../../build/ras_ros_core_control_modules build --build-base /home/olivier/ros2_ws/build/ras_ros_core_control_modules/build install --record /home/olivier/ros2_ws/build/ras_ros_core_control_modules/install.log --single-version-externally-managed install_data
[2.004s] running egg_info
[2.005s] writing ../../build/ras_ros_core_control_modules/ras_ros_core_control_modules.egg-info/PKG-INFO
[2.006s] writing dependency_links to ../../build/ras_ros_core_control_modules/ras_ros_core_control_modules.egg-info/dependency_links.txt
[2.006s] writing entry points to ../../build/ras_ros_core_control_modules/ras_ros_core_control_modules.egg-info/entry_points.txt
[2.006s] writing requirements to ../../build/ras_ros_core_control_modules/ras_ros_core_control_modules.egg-info/requires.txt
[2.006s] writing top-level names to ../../build/ras_ros_core_control_modules/ras_ros_core_control_modules.egg-info/top_level.txt
[2.010s] reading manifest file '../../build/ras_ros_core_control_modules/ras_ros_core_control_modules.egg-info/SOURCES.txt'
[2.012s] writing manifest file '../../build/ras_ros_core_control_modules/ras_ros_core_control_modules.egg-info/SOURCES.txt'
[2.012s] running build
[2.012s] running build_py
[2.017s] running install
[2.018s] running install_lib
[2.023s] running install_data
[2.024s] running install_egg_info
[2.027s] removing '/home/olivier/ros2_ws/install/ras_ros_core_control_modules/lib/python3.10/site-packages/ras_ros_core_control_modules-0.0.0-py3.10.egg-info' (and everything under it)
[2.033s] Copying ../../build/ras_ros_core_control_modules/ras_ros_core_control_modules.egg-info to /home/olivier/ros2_ws/install/ras_ros_core_control_modules/lib/python3.10/site-packages/ras_ros_core_control_modules-0.0.0-py3.10.egg-info
[2.036s] running install_scripts
[2.068s] Installing TN_control_effort_allocator_dp1 script to /home/olivier/ros2_ws/install/ras_ros_core_control_modules/lib/ras_ros_core_control_modules
[2.069s] Installing TN_control_effort_allocator_nomoto script to /home/olivier/ros2_ws/install/ras_ros_core_control_modules/lib/ras_ros_core_control_modules
[2.069s] Installing heading_controller script to /home/olivier/ros2_ws/install/ras_ros_core_control_modules/lib/ras_ros_core_control_modules
[2.070s] Installing navsat_cartesian_transform script to /home/olivier/ros2_ws/install/ras_ros_core_control_modules/lib/ras_ros_core_control_modules
[2.070s] Installing surge_vel_controller script to /home/olivier/ros2_ws/install/ras_ros_core_control_modules/lib/ras_ros_core_control_modules
[2.070s] Installing vel_differentiator script to /home/olivier/ros2_ws/install/ras_ros_core_control_modules/lib/ras_ros_core_control_modules
[2.072s] writing list of installed files to '/home/olivier/ros2_ws/build/ras_ros_core_control_modules/install.log'
[2.261s] Invoked command in '/home/olivier/ros2_ws/src/ras_ros_core_control_modules-main' returned '0': PYTHONPATH=/home/olivier/ros2_ws/build/ras_ros_core_control_modules/prefix_override:/home/olivier/ros2_ws/install/ras_ros_core_control_modules/lib/python3.10/site-packages:${PYTHONPATH} /usr/bin/python3 -W ignore:setup.py install is deprecated setup.py egg_info --egg-base ../../build/ras_ros_core_control_modules build --build-base /home/olivier/ros2_ws/build/ras_ros_core_control_modules/build install --record /home/olivier/ros2_ws/build/ras_ros_core_control_modules/install.log --single-version-externally-managed install_data
