[2.203s] Invoking command in '/home/olivier/ros2_ws/src/boat_controller': PYTHONPATH=/home/olivier/ros2_ws/build/boat_controller/prefix_override:/home/olivier/ros2_ws/install/boat_controller/lib/python3.10/site-packages:${PYTHONPATH} /usr/bin/python3 -W ignore:setup.py install is deprecated setup.py egg_info --egg-base ../../build/boat_controller build --build-base /home/olivier/ros2_ws/build/boat_controller/build install --record /home/olivier/ros2_ws/build/boat_controller/install.log --single-version-externally-managed install_data
[2.778s] running egg_info
[2.785s] writing ../../build/boat_controller/boat_controller.egg-info/PKG-INFO
[2.788s] writing dependency_links to ../../build/boat_controller/boat_controller.egg-info/dependency_links.txt
[2.790s] writing entry points to ../../build/boat_controller/boat_controller.egg-info/entry_points.txt
[2.790s] writing requirements to ../../build/boat_controller/boat_controller.egg-info/requires.txt
[2.790s] writing top-level names to ../../build/boat_controller/boat_controller.egg-info/top_level.txt
[2.794s] reading manifest file '../../build/boat_controller/boat_controller.egg-info/SOURCES.txt'
[2.796s] writing manifest file '../../build/boat_controller/boat_controller.egg-info/SOURCES.txt'
[2.797s] running build
[2.798s] running build_py
[2.801s] copying boat_controller/boat_controllermain.py -> /home/olivier/ros2_ws/build/boat_controller/build/lib/boat_controller
[2.804s] running install
[2.804s] running install_lib
[2.805s] copying /home/olivier/ros2_ws/build/boat_controller/build/lib/boat_controller/boat_controllermain.py -> /home/olivier/ros2_ws/install/boat_controller/lib/python3.10/site-packages/boat_controller
[2.807s] byte-compiling /home/olivier/ros2_ws/install/boat_controller/lib/python3.10/site-packages/boat_controller/boat_controllermain.py to boat_controllermain.cpython-310.pyc
[2.809s] running install_data
[2.809s] running install_egg_info
[2.812s] removing '/home/olivier/ros2_ws/install/boat_controller/lib/python3.10/site-packages/boat_controller-0.0.0-py3.10.egg-info' (and everything under it)
[2.813s] Copying ../../build/boat_controller/boat_controller.egg-info to /home/olivier/ros2_ws/install/boat_controller/lib/python3.10/site-packages/boat_controller-0.0.0-py3.10.egg-info
[2.818s] running install_scripts
[2.870s] Installing boat_controllermain script to /home/olivier/ros2_ws/install/boat_controller/lib/boat_controller
[2.874s] writing list of installed files to '/home/olivier/ros2_ws/build/boat_controller/install.log'
[2.923s] Invoked command in '/home/olivier/ros2_ws/src/boat_controller' returned '0': PYTHONPATH=/home/olivier/ros2_ws/build/boat_controller/prefix_override:/home/olivier/ros2_ws/install/boat_controller/lib/python3.10/site-packages:${PYTHONPATH} /usr/bin/python3 -W ignore:setup.py install is deprecated setup.py egg_info --egg-base ../../build/boat_controller build --build-base /home/olivier/ros2_ws/build/boat_controller/build install --record /home/olivier/ros2_ws/build/boat_controller/install.log --single-version-externally-managed install_data
