[1.589s] Invoking command in '/home/olivier/ros2_ws/src/boat_controller': PYTHONPATH=/home/olivier/ros2_ws/build/boat_controller/prefix_override:/home/olivier/ros2_ws/install/boat_controller/lib/python3.10/site-packages:${PYTHONPATH} /usr/bin/python3 -W ignore:setup.py install is deprecated setup.py egg_info --egg-base ../../build/boat_controller build --build-base /home/olivier/ros2_ws/build/boat_controller/build install --record /home/olivier/ros2_ws/build/boat_controller/install.log --single-version-externally-managed install_data
[2.225s] running egg_info
[2.226s] writing ../../build/boat_controller/boat_controller.egg-info/PKG-INFO
[2.234s] writing dependency_links to ../../build/boat_controller/boat_controller.egg-info/dependency_links.txt
[2.234s] writing entry points to ../../build/boat_controller/boat_controller.egg-info/entry_points.txt
[2.234s] writing requirements to ../../build/boat_controller/boat_controller.egg-info/requires.txt
[2.234s] writing top-level names to ../../build/boat_controller/boat_controller.egg-info/top_level.txt
[2.234s] reading manifest file '../../build/boat_controller/boat_controller.egg-info/SOURCES.txt'
[2.234s] writing manifest file '../../build/boat_controller/boat_controller.egg-info/SOURCES.txt'
[2.234s] running build
[2.235s] running build_py
[2.235s] running install
[2.235s] running install_lib
[2.235s] running install_data
[2.235s] running install_egg_info
[2.235s] removing '/home/olivier/ros2_ws/install/boat_controller/lib/python3.10/site-packages/boat_controller-0.0.0-py3.10.egg-info' (and everything under it)
[2.266s] Copying ../../build/boat_controller/boat_controller.egg-info to /home/olivier/ros2_ws/install/boat_controller/lib/python3.10/site-packages/boat_controller-0.0.0-py3.10.egg-info
[2.269s] running install_scripts
[2.286s] Installing boat_controllermain script to /home/olivier/ros2_ws/install/boat_controller/lib/boat_controller
[2.287s] writing list of installed files to '/home/olivier/ros2_ws/build/boat_controller/install.log'
[2.681s] Invoked command in '/home/olivier/ros2_ws/src/boat_controller' returned '0': PYTHONPATH=/home/olivier/ros2_ws/build/boat_controller/prefix_override:/home/olivier/ros2_ws/install/boat_controller/lib/python3.10/site-packages:${PYTHONPATH} /usr/bin/python3 -W ignore:setup.py install is deprecated setup.py egg_info --egg-base ../../build/boat_controller build --build-base /home/olivier/ros2_ws/build/boat_controller/build install --record /home/olivier/ros2_ws/build/boat_controller/install.log --single-version-externally-managed install_data
