[2.282s] Invoking command in '/home/olivier/ros2_ws/src/TurtleBoat-ros2': PYTHONPATH=/home/olivier/ros2_ws/build/turtleboat/prefix_override:/home/olivier/ros2_ws/install/turtleboat/lib/python3.10/site-packages:${PYTHONPATH} /usr/bin/python3 -W ignore:setup.py install is deprecated setup.py egg_info --egg-base ../../build/turtleboat build --build-base /home/olivier/ros2_ws/build/turtleboat/build install --record /home/olivier/ros2_ws/build/turtleboat/install.log --install-scripts $base/lib/turtleboat --single-version-externally-managed install_data
[2.918s] /usr/lib/python3/dist-packages/setuptools/dist.py:723: UserWarning: Usage of dash-separated 'script-dir' will not be supported in future versions. Please use the underscore name 'script_dir' instead
[2.918s]   warnings.warn(
[2.934s] running egg_info
[2.938s] writing ../../build/turtleboat/turtleboat.egg-info/PKG-INFO
[2.938s] writing dependency_links to ../../build/turtleboat/turtleboat.egg-info/dependency_links.txt
[2.938s] writing entry points to ../../build/turtleboat/turtleboat.egg-info/entry_points.txt
[2.945s] writing requirements to ../../build/turtleboat/turtleboat.egg-info/requires.txt
[2.946s] writing top-level names to ../../build/turtleboat/turtleboat.egg-info/top_level.txt
[2.952s] reading manifest file '../../build/turtleboat/turtleboat.egg-info/SOURCES.txt'
[2.954s] writing manifest file '../../build/turtleboat/turtleboat.egg-info/SOURCES.txt'
[2.955s] running build
[2.955s] running build_py
[2.960s] running install
[2.961s] running install_lib
[2.963s] running install_data
[2.966s] running install_egg_info
[2.967s] removing '/home/olivier/ros2_ws/install/turtleboat/lib/python3.10/site-packages/turtleboat-0.0.0-py3.10.egg-info' (and everything under it)
[2.971s] Copying ../../build/turtleboat/turtleboat.egg-info to /home/olivier/ros2_ws/install/turtleboat/lib/python3.10/site-packages/turtleboat-0.0.0-py3.10.egg-info
[2.973s] running install_scripts
[3.028s] Installing turtleboatmain script to /home/olivier/ros2_ws/install/turtleboat/lib/turtleboat
[3.029s] writing list of installed files to '/home/olivier/ros2_ws/build/turtleboat/install.log'
[3.067s] Invoked command in '/home/olivier/ros2_ws/src/TurtleBoat-ros2' returned '0': PYTHONPATH=/home/olivier/ros2_ws/build/turtleboat/prefix_override:/home/olivier/ros2_ws/install/turtleboat/lib/python3.10/site-packages:${PYTHONPATH} /usr/bin/python3 -W ignore:setup.py install is deprecated setup.py egg_info --egg-base ../../build/turtleboat build --build-base /home/olivier/ros2_ws/build/turtleboat/build install --record /home/olivier/ros2_ws/build/turtleboat/install.log --install-scripts $base/lib/turtleboat --single-version-externally-managed install_data
