running egg_info
creating ../../build/tf_callback/tf_callback.egg-info
writing ../../build/tf_callback/tf_callback.egg-info/PKG-INFO
writing dependency_links to ../../build/tf_callback/tf_callback.egg-info/dependency_links.txt
writing entry points to ../../build/tf_callback/tf_callback.egg-info/entry_points.txt
writing requirements to ../../build/tf_callback/tf_callback.egg-info/requires.txt
writing top-level names to ../../build/tf_callback/tf_callback.egg-info/top_level.txt
writing manifest file '../../build/tf_callback/tf_callback.egg-info/SOURCES.txt'
reading manifest file '../../build/tf_callback/tf_callback.egg-info/SOURCES.txt'
writing manifest file '../../build/tf_callback/tf_callback.egg-info/SOURCES.txt'
running build
running build_py
creating /home/olivier/ros2_ws/build/tf_callback/build
creating /home/olivier/ros2_ws/build/tf_callback/build/lib
creating /home/olivier/ros2_ws/build/tf_callback/build/lib/tf_callback
copying tf_callback/launch.py -> /home/olivier/ros2_ws/build/tf_callback/build/lib/tf_callback
copying tf_callback/__init__.py -> /home/olivier/ros2_ws/build/tf_callback/build/lib/tf_callback
copying tf_callback/tf_callback_code.py -> /home/olivier/ros2_ws/build/tf_callback/build/lib/tf_callback
running install
running install_lib
creating /home/olivier/ros2_ws/install/tf_callback/lib/python3.10/site-packages/tf_callback
copying /home/olivier/ros2_ws/build/tf_callback/build/lib/tf_callback/launch.py -> /home/olivier/ros2_ws/install/tf_callback/lib/python3.10/site-packages/tf_callback
copying /home/olivier/ros2_ws/build/tf_callback/build/lib/tf_callback/__init__.py -> /home/olivier/ros2_ws/install/tf_callback/lib/python3.10/site-packages/tf_callback
copying /home/olivier/ros2_ws/build/tf_callback/build/lib/tf_callback/tf_callback_code.py -> /home/olivier/ros2_ws/install/tf_callback/lib/python3.10/site-packages/tf_callback
byte-compiling /home/olivier/ros2_ws/install/tf_callback/lib/python3.10/site-packages/tf_callback/launch.py to launch.cpython-310.pyc
byte-compiling /home/olivier/ros2_ws/install/tf_callback/lib/python3.10/site-packages/tf_callback/__init__.py to __init__.cpython-310.pyc
byte-compiling /home/olivier/ros2_ws/install/tf_callback/lib/python3.10/site-packages/tf_callback/tf_callback_code.py to tf_callback_code.cpython-310.pyc
running install_data
creating /home/olivier/ros2_ws/install/tf_callback/share/ament_index
creating /home/olivier/ros2_ws/install/tf_callback/share/ament_index/resource_index
creating /home/olivier/ros2_ws/install/tf_callback/share/ament_index/resource_index/packages
copying resource/tf_callback -> /home/olivier/ros2_ws/install/tf_callback/share/ament_index/resource_index/packages
copying package.xml -> /home/olivier/ros2_ws/install/tf_callback/share/tf_callback
running install_egg_info
Copying ../../build/tf_callback/tf_callback.egg-info to /home/olivier/ros2_ws/install/tf_callback/lib/python3.10/site-packages/tf_callback-0.0.0-py3.10.egg-info
running install_scripts
Installing tf_callback_code script to /home/olivier/ros2_ws/install/tf_callback/lib/tf_callback
writing list of installed files to '/home/olivier/ros2_ws/build/tf_callback/install.log'
