[1.395s] Invoking command in '/home/olivier/ros2_ws/src/tf_callback': PYTHONPATH=/home/olivier/ros2_ws/build/tf_callback/prefix_override:/home/olivier/ros2_ws/install/tf_callback/lib/python3.10/site-packages:${PYTHONPATH} /usr/bin/python3 -W ignore:setup.py install is deprecated setup.py egg_info --egg-base ../../build/tf_callback build --build-base /home/olivier/ros2_ws/build/tf_callback/build install --record /home/olivier/ros2_ws/build/tf_callback/install.log --single-version-externally-managed install_data
[1.645s] running egg_info
[1.648s] creating ../../build/tf_callback/tf_callback.egg-info
[1.649s] writing ../../build/tf_callback/tf_callback.egg-info/PKG-INFO
[1.650s] writing dependency_links to ../../build/tf_callback/tf_callback.egg-info/dependency_links.txt
[1.651s] writing entry points to ../../build/tf_callback/tf_callback.egg-info/entry_points.txt
[1.652s] writing requirements to ../../build/tf_callback/tf_callback.egg-info/requires.txt
[1.653s] writing top-level names to ../../build/tf_callback/tf_callback.egg-info/top_level.txt
[1.654s] writing manifest file '../../build/tf_callback/tf_callback.egg-info/SOURCES.txt'
[1.655s] reading manifest file '../../build/tf_callback/tf_callback.egg-info/SOURCES.txt'
[1.656s] writing manifest file '../../build/tf_callback/tf_callback.egg-info/SOURCES.txt'
[1.657s] running build
[1.658s] running build_py
[1.658s] creating /home/olivier/ros2_ws/build/tf_callback/build
[1.659s] creating /home/olivier/ros2_ws/build/tf_callback/build/lib
[1.660s] creating /home/olivier/ros2_ws/build/tf_callback/build/lib/tf_callback
[1.661s] copying tf_callback/launch.py -> /home/olivier/ros2_ws/build/tf_callback/build/lib/tf_callback
[1.662s] copying tf_callback/__init__.py -> /home/olivier/ros2_ws/build/tf_callback/build/lib/tf_callback
[1.662s] copying tf_callback/tf_callback_code.py -> /home/olivier/ros2_ws/build/tf_callback/build/lib/tf_callback
[1.663s] running install
[1.664s] running install_lib
[1.665s] creating /home/olivier/ros2_ws/install/tf_callback/lib/python3.10/site-packages/tf_callback
[1.666s] copying /home/olivier/ros2_ws/build/tf_callback/build/lib/tf_callback/launch.py -> /home/olivier/ros2_ws/install/tf_callback/lib/python3.10/site-packages/tf_callback
[1.666s] copying /home/olivier/ros2_ws/build/tf_callback/build/lib/tf_callback/__init__.py -> /home/olivier/ros2_ws/install/tf_callback/lib/python3.10/site-packages/tf_callback
[1.667s] copying /home/olivier/ros2_ws/build/tf_callback/build/lib/tf_callback/tf_callback_code.py -> /home/olivier/ros2_ws/install/tf_callback/lib/python3.10/site-packages/tf_callback
[1.668s] byte-compiling /home/olivier/ros2_ws/install/tf_callback/lib/python3.10/site-packages/tf_callback/launch.py to launch.cpython-310.pyc
[1.669s] byte-compiling /home/olivier/ros2_ws/install/tf_callback/lib/python3.10/site-packages/tf_callback/__init__.py to __init__.cpython-310.pyc
[1.670s] byte-compiling /home/olivier/ros2_ws/install/tf_callback/lib/python3.10/site-packages/tf_callback/tf_callback_code.py to tf_callback_code.cpython-310.pyc
[1.670s] running install_data
[1.671s] creating /home/olivier/ros2_ws/install/tf_callback/share/ament_index
[1.672s] creating /home/olivier/ros2_ws/install/tf_callback/share/ament_index/resource_index
[1.673s] creating /home/olivier/ros2_ws/install/tf_callback/share/ament_index/resource_index/packages
[1.674s] copying resource/tf_callback -> /home/olivier/ros2_ws/install/tf_callback/share/ament_index/resource_index/packages
[1.674s] copying package.xml -> /home/olivier/ros2_ws/install/tf_callback/share/tf_callback
[1.676s] running install_egg_info
[1.676s] Copying ../../build/tf_callback/tf_callback.egg-info to /home/olivier/ros2_ws/install/tf_callback/lib/python3.10/site-packages/tf_callback-0.0.0-py3.10.egg-info
[1.677s] running install_scripts
[1.688s] Installing tf_callback_code script to /home/olivier/ros2_ws/install/tf_callback/lib/tf_callback
[1.689s] writing list of installed files to '/home/olivier/ros2_ws/build/tf_callback/install.log'
[1.719s] Invoked command in '/home/olivier/ros2_ws/src/tf_callback' returned '0': PYTHONPATH=/home/olivier/ros2_ws/build/tf_callback/prefix_override:/home/olivier/ros2_ws/install/tf_callback/lib/python3.10/site-packages:${PYTHONPATH} /usr/bin/python3 -W ignore:setup.py install is deprecated setup.py egg_info --egg-base ../../build/tf_callback build --build-base /home/olivier/ros2_ws/build/tf_callback/build install --record /home/olivier/ros2_ws/build/tf_callback/install.log --single-version-externally-managed install_data
