[0.275s] DEBUG:colcon:Command line arguments: ['/home/olivier/.local/bin/colcon', 'build']
[0.275s] DEBUG:colcon:Parsed command line arguments: Namespace(log_base=None, log_level=None, verb_name='build', build_base='build', install_base='install', merge_install=False, symlink_install=False, test_result_base=None, continue_on_error=False, executor='parallel', parallel_workers=4, event_handlers=None, ignore_user_meta=False, metas=['./colcon.meta'], base_paths=['.'], packages_ignore=None, packages_ignore_regex=None, paths=None, packages_up_to=None, packages_up_to_regex=None, packages_above=None, packages_above_and_dependencies=None, packages_above_depth=None, packages_select_by_dep=None, packages_skip_by_dep=None, packages_skip_up_to=None, packages_select_build_failed=False, packages_skip_build_finished=False, packages_select_test_failures=False, packages_skip_test_passed=False, packages_select=None, packages_skip=None, packages_select_regex=None, packages_skip_regex=None, packages_start=None, packages_end=None, cmake_args=None, cmake_target=None, cmake_target_skip_unavailable=False, cmake_clean_cache=False, cmake_clean_first=False, cmake_force_configure=False, ament_cmake_args=None, catkin_cmake_args=None, catkin_skip_building_tests=False, verb_parser=<colcon_defaults.argument_parser.defaults.DefaultArgumentsDecorator object at 0x73e21625e9e0>, verb_extension=<colcon_core.verb.build.BuildVerb object at 0x73e21625e410>, main=<bound method BuildVerb.main of <colcon_core.verb.build.BuildVerb object at 0x73e21625e410>>)
[0.616s] Level 1:colcon.colcon_core.package_discovery:discover_packages(colcon_meta) check parameters
[0.616s] Level 1:colcon.colcon_core.package_discovery:discover_packages(recursive) check parameters
[0.616s] Level 1:colcon.colcon_core.package_discovery:discover_packages(ignore) check parameters
[0.616s] Level 1:colcon.colcon_core.package_discovery:discover_packages(path) check parameters
[0.616s] Level 1:colcon.colcon_core.package_discovery:discover_packages(colcon_meta) discover
[0.616s] Level 1:colcon.colcon_core.package_discovery:discover_packages(recursive) discover
[0.616s] INFO:colcon.colcon_core.package_discovery:Crawling recursively for packages in '/home/olivier/ros2_ws'
[0.616s] Level 1:colcon.colcon_core.package_identification:_identify(.) by extensions ['ignore', 'ignore_ament_install']
[0.616s] Level 1:colcon.colcon_core.package_identification:_identify(.) by extension 'ignore'
[0.616s] Level 1:colcon.colcon_core.package_identification:_identify(.) by extension 'ignore_ament_install'
[0.617s] Level 1:colcon.colcon_core.package_identification:_identify(.) by extensions ['colcon_pkg']
[0.617s] Level 1:colcon.colcon_core.package_identification:_identify(.) by extension 'colcon_pkg'
[0.617s] Level 1:colcon.colcon_core.package_identification:_identify(.) by extensions ['colcon_meta']
[0.617s] Level 1:colcon.colcon_core.package_identification:_identify(.) by extension 'colcon_meta'
[0.617s] Level 1:colcon.colcon_core.package_identification:_identify(.) by extensions ['ros']
[0.617s] Level 1:colcon.colcon_core.package_identification:_identify(.) by extension 'ros'
[0.639s] Level 1:colcon.colcon_core.package_identification:_identify(.) by extensions ['cmake', 'python']
[0.639s] Level 1:colcon.colcon_core.package_identification:_identify(.) by extension 'cmake'
[0.639s] Level 1:colcon.colcon_core.package_identification:_identify(.) by extension 'python'
[0.640s] Level 1:colcon.colcon_core.package_identification:_identify(.) by extensions ['python_setup_py']
[0.640s] Level 1:colcon.colcon_core.package_identification:_identify(.) by extension 'python_setup_py'
[0.640s] Level 1:colcon.colcon_core.package_identification:_identify(build) by extensions ['ignore', 'ignore_ament_install']
[0.640s] Level 1:colcon.colcon_core.package_identification:_identify(build) by extension 'ignore'
[0.640s] Level 1:colcon.colcon_core.package_identification:_identify(build) ignored
[0.640s] Level 1:colcon.colcon_core.package_identification:_identify(install) by extensions ['ignore', 'ignore_ament_install']
[0.641s] Level 1:colcon.colcon_core.package_identification:_identify(install) by extension 'ignore'
[0.641s] Level 1:colcon.colcon_core.package_identification:_identify(install) ignored
[0.641s] Level 1:colcon.colcon_core.package_identification:_identify(log) by extensions ['ignore', 'ignore_ament_install']
[0.641s] Level 1:colcon.colcon_core.package_identification:_identify(log) by extension 'ignore'
[0.641s] Level 1:colcon.colcon_core.package_identification:_identify(log) ignored
[0.641s] Level 1:colcon.colcon_core.package_identification:_identify(src) by extensions ['ignore', 'ignore_ament_install']
[0.641s] Level 1:colcon.colcon_core.package_identification:_identify(src) by extension 'ignore'
[0.641s] Level 1:colcon.colcon_core.package_identification:_identify(src) by extension 'ignore_ament_install'
[0.642s] Level 1:colcon.colcon_core.package_identification:_identify(src) by extensions ['colcon_pkg']
[0.642s] Level 1:colcon.colcon_core.package_identification:_identify(src) by extension 'colcon_pkg'
[0.642s] Level 1:colcon.colcon_core.package_identification:_identify(src) by extensions ['colcon_meta']
[0.642s] Level 1:colcon.colcon_core.package_identification:_identify(src) by extension 'colcon_meta'
[0.642s] Level 1:colcon.colcon_core.package_identification:_identify(src) by extensions ['ros']
[0.642s] Level 1:colcon.colcon_core.package_identification:_identify(src) by extension 'ros'
[0.642s] Level 1:colcon.colcon_core.package_identification:_identify(src) by extensions ['cmake', 'python']
[0.642s] Level 1:colcon.colcon_core.package_identification:_identify(src) by extension 'cmake'
[0.642s] Level 1:colcon.colcon_core.package_identification:_identify(src) by extension 'python'
[0.642s] Level 1:colcon.colcon_core.package_identification:_identify(src) by extensions ['python_setup_py']
[0.642s] Level 1:colcon.colcon_core.package_identification:_identify(src) by extension 'python_setup_py'
[0.642s] Level 1:colcon.colcon_core.package_identification:_identify(src/TurtleBoat-ros2) by extensions ['ignore', 'ignore_ament_install']
[0.643s] Level 1:colcon.colcon_core.package_identification:_identify(src/TurtleBoat-ros2) by extension 'ignore'
[0.643s] Level 1:colcon.colcon_core.package_identification:_identify(src/TurtleBoat-ros2) by extension 'ignore_ament_install'
[0.643s] Level 1:colcon.colcon_core.package_identification:_identify(src/TurtleBoat-ros2) by extensions ['colcon_pkg']
[0.643s] Level 1:colcon.colcon_core.package_identification:_identify(src/TurtleBoat-ros2) by extension 'colcon_pkg'
[0.643s] Level 1:colcon.colcon_core.package_identification:_identify(src/TurtleBoat-ros2) by extensions ['colcon_meta']
[0.643s] Level 1:colcon.colcon_core.package_identification:_identify(src/TurtleBoat-ros2) by extension 'colcon_meta'
[0.643s] Level 1:colcon.colcon_core.package_identification:_identify(src/TurtleBoat-ros2) by extensions ['ros']
[0.643s] Level 1:colcon.colcon_core.package_identification:_identify(src/TurtleBoat-ros2) by extension 'ros'
[0.648s] DEBUG:colcon.colcon_core.package_identification:Package 'src/TurtleBoat-ros2' with type 'ros.ament_python' and name 'turtleboat'
[0.649s] Level 1:colcon.colcon_core.package_identification:_identify(src/USV_formation_control_1-ros2) by extensions ['ignore', 'ignore_ament_install']
[0.650s] Level 1:colcon.colcon_core.package_identification:_identify(src/USV_formation_control_1-ros2) by extension 'ignore'
[0.650s] Level 1:colcon.colcon_core.package_identification:_identify(src/USV_formation_control_1-ros2) by extension 'ignore_ament_install'
[0.650s] Level 1:colcon.colcon_core.package_identification:_identify(src/USV_formation_control_1-ros2) by extensions ['colcon_pkg']
[0.650s] Level 1:colcon.colcon_core.package_identification:_identify(src/USV_formation_control_1-ros2) by extension 'colcon_pkg'
[0.650s] Level 1:colcon.colcon_core.package_identification:_identify(src/USV_formation_control_1-ros2) by extensions ['colcon_meta']
[0.650s] Level 1:colcon.colcon_core.package_identification:_identify(src/USV_formation_control_1-ros2) by extension 'colcon_meta'
[0.650s] Level 1:colcon.colcon_core.package_identification:_identify(src/USV_formation_control_1-ros2) by extensions ['ros']
[0.650s] Level 1:colcon.colcon_core.package_identification:_identify(src/USV_formation_control_1-ros2) by extension 'ros'
[0.651s] DEBUG:colcon.colcon_core.package_identification:Package 'src/USV_formation_control_1-ros2' with type 'ros.ament_python' and name 'usv_formation_control_1'
[0.651s] Level 1:colcon.colcon_core.package_identification:_identify(src/boat_controller) by extensions ['ignore', 'ignore_ament_install']
[0.652s] Level 1:colcon.colcon_core.package_identification:_identify(src/boat_controller) by extension 'ignore'
[0.652s] Level 1:colcon.colcon_core.package_identification:_identify(src/boat_controller) by extension 'ignore_ament_install'
[0.652s] Level 1:colcon.colcon_core.package_identification:_identify(src/boat_controller) by extensions ['colcon_pkg']
[0.652s] Level 1:colcon.colcon_core.package_identification:_identify(src/boat_controller) by extension 'colcon_pkg'
[0.652s] Level 1:colcon.colcon_core.package_identification:_identify(src/boat_controller) by extensions ['colcon_meta']
[0.652s] Level 1:colcon.colcon_core.package_identification:_identify(src/boat_controller) by extension 'colcon_meta'
[0.652s] Level 1:colcon.colcon_core.package_identification:_identify(src/boat_controller) by extensions ['ros']
[0.652s] Level 1:colcon.colcon_core.package_identification:_identify(src/boat_controller) by extension 'ros'
[0.653s] DEBUG:colcon.colcon_core.package_identification:Package 'src/boat_controller' with type 'ros.ament_python' and name 'boat_controller'
[0.653s] Level 1:colcon.colcon_core.package_identification:_identify(src/build) by extensions ['ignore', 'ignore_ament_install']
[0.654s] Level 1:colcon.colcon_core.package_identification:_identify(src/build) by extension 'ignore'
[0.654s] Level 1:colcon.colcon_core.package_identification:_identify(src/build) ignored
[0.654s] Level 1:colcon.colcon_core.package_identification:_identify(src/install) by extensions ['ignore', 'ignore_ament_install']
[0.654s] Level 1:colcon.colcon_core.package_identification:_identify(src/install) by extension 'ignore'
[0.654s] Level 1:colcon.colcon_core.package_identification:_identify(src/install) ignored
[0.654s] Level 1:colcon.colcon_core.package_identification:_identify(src/log) by extensions ['ignore', 'ignore_ament_install']
[0.655s] Level 1:colcon.colcon_core.package_identification:_identify(src/log) by extension 'ignore'
[0.655s] Level 1:colcon.colcon_core.package_identification:_identify(src/log) ignored
[0.655s] Level 1:colcon.colcon_core.package_identification:_identify(src/py_pubsub) by extensions ['ignore', 'ignore_ament_install']
[0.655s] Level 1:colcon.colcon_core.package_identification:_identify(src/py_pubsub) by extension 'ignore'
[0.655s] Level 1:colcon.colcon_core.package_identification:_identify(src/py_pubsub) by extension 'ignore_ament_install'
[0.655s] Level 1:colcon.colcon_core.package_identification:_identify(src/py_pubsub) by extensions ['colcon_pkg']
[0.655s] Level 1:colcon.colcon_core.package_identification:_identify(src/py_pubsub) by extension 'colcon_pkg'
[0.655s] Level 1:colcon.colcon_core.package_identification:_identify(src/py_pubsub) by extensions ['colcon_meta']
[0.655s] Level 1:colcon.colcon_core.package_identification:_identify(src/py_pubsub) by extension 'colcon_meta'
[0.655s] Level 1:colcon.colcon_core.package_identification:_identify(src/py_pubsub) by extensions ['ros']
[0.655s] Level 1:colcon.colcon_core.package_identification:_identify(src/py_pubsub) by extension 'ros'
[0.657s] DEBUG:colcon.colcon_core.package_identification:Package 'src/py_pubsub' with type 'ros.ament_python' and name 'py_pubsub'
[0.658s] Level 1:colcon.colcon_core.package_identification:_identify(src/ras_ros_core_control_modules-main) by extensions ['ignore', 'ignore_ament_install']
[0.658s] Level 1:colcon.colcon_core.package_identification:_identify(src/ras_ros_core_control_modules-main) by extension 'ignore'
[0.658s] Level 1:colcon.colcon_core.package_identification:_identify(src/ras_ros_core_control_modules-main) by extension 'ignore_ament_install'
[0.658s] Level 1:colcon.colcon_core.package_identification:_identify(src/ras_ros_core_control_modules-main) by extensions ['colcon_pkg']
[0.658s] Level 1:colcon.colcon_core.package_identification:_identify(src/ras_ros_core_control_modules-main) by extension 'colcon_pkg'
[0.658s] Level 1:colcon.colcon_core.package_identification:_identify(src/ras_ros_core_control_modules-main) by extensions ['colcon_meta']
[0.658s] Level 1:colcon.colcon_core.package_identification:_identify(src/ras_ros_core_control_modules-main) by extension 'colcon_meta'
[0.658s] Level 1:colcon.colcon_core.package_identification:_identify(src/ras_ros_core_control_modules-main) by extensions ['ros']
[0.658s] Level 1:colcon.colcon_core.package_identification:_identify(src/ras_ros_core_control_modules-main) by extension 'ros'
[0.659s] DEBUG:colcon.colcon_core.package_identification:Package 'src/ras_ros_core_control_modules-main' with type 'ros.ament_python' and name 'ras_ros_core_control_modules'
[0.659s] Level 1:colcon.colcon_core.package_identification:_identify(src/ras_urdf_common-main) by extensions ['ignore', 'ignore_ament_install']
[0.660s] Level 1:colcon.colcon_core.package_identification:_identify(src/ras_urdf_common-main) by extension 'ignore'
[0.660s] Level 1:colcon.colcon_core.package_identification:_identify(src/ras_urdf_common-main) by extension 'ignore_ament_install'
[0.660s] Level 1:colcon.colcon_core.package_identification:_identify(src/ras_urdf_common-main) by extensions ['colcon_pkg']
[0.660s] Level 1:colcon.colcon_core.package_identification:_identify(src/ras_urdf_common-main) by extension 'colcon_pkg'
[0.660s] Level 1:colcon.colcon_core.package_identification:_identify(src/ras_urdf_common-main) by extensions ['colcon_meta']
[0.660s] Level 1:colcon.colcon_core.package_identification:_identify(src/ras_urdf_common-main) by extension 'colcon_meta'
[0.660s] Level 1:colcon.colcon_core.package_identification:_identify(src/ras_urdf_common-main) by extensions ['ros']
[0.660s] Level 1:colcon.colcon_core.package_identification:_identify(src/ras_urdf_common-main) by extension 'ros'
[0.663s] DEBUG:colcon.colcon_core.package_identification:Package 'src/ras_urdf_common-main' with type 'ros.ament_cmake' and name 'ras_urdf_common'
[0.664s] Level 1:colcon.colcon_core.package_discovery:discover_packages(recursive) using defaults
[0.664s] Level 1:colcon.colcon_core.package_discovery:discover_packages(ignore) discover
[0.664s] Level 1:colcon.colcon_core.package_discovery:discover_packages(ignore) using defaults
[0.664s] Level 1:colcon.colcon_core.package_discovery:discover_packages(path) discover
[0.664s] Level 1:colcon.colcon_core.package_discovery:discover_packages(path) using defaults
[0.709s] Level 5:colcon.colcon_core.verb:set package 'boat_controller' build argument 'cmake_args' from command line to 'None'
[0.709s] Level 5:colcon.colcon_core.verb:set package 'boat_controller' build argument 'cmake_target' from command line to 'None'
[0.709s] Level 5:colcon.colcon_core.verb:set package 'boat_controller' build argument 'cmake_target_skip_unavailable' from command line to 'False'
[0.709s] Level 5:colcon.colcon_core.verb:set package 'boat_controller' build argument 'cmake_clean_cache' from command line to 'False'
[0.709s] Level 5:colcon.colcon_core.verb:set package 'boat_controller' build argument 'cmake_clean_first' from command line to 'False'
[0.710s] Level 5:colcon.colcon_core.verb:set package 'boat_controller' build argument 'cmake_force_configure' from command line to 'False'
[0.710s] Level 5:colcon.colcon_core.verb:set package 'boat_controller' build argument 'ament_cmake_args' from command line to 'None'
[0.710s] Level 5:colcon.colcon_core.verb:set package 'boat_controller' build argument 'catkin_cmake_args' from command line to 'None'
[0.710s] Level 5:colcon.colcon_core.verb:set package 'boat_controller' build argument 'catkin_skip_building_tests' from command line to 'False'
[0.710s] DEBUG:colcon.colcon_core.verb:Building package 'boat_controller' with the following arguments: {'ament_cmake_args': None, 'build_base': '/home/olivier/ros2_ws/build/boat_controller', 'catkin_cmake_args': None, 'catkin_skip_building_tests': False, 'cmake_args': None, 'cmake_clean_cache': False, 'cmake_clean_first': False, 'cmake_force_configure': False, 'cmake_target': None, 'cmake_target_skip_unavailable': False, 'install_base': '/home/olivier/ros2_ws/install/boat_controller', 'merge_install': False, 'path': '/home/olivier/ros2_ws/src/boat_controller', 'symlink_install': False, 'test_result_base': None}
[0.710s] Level 5:colcon.colcon_core.verb:set package 'py_pubsub' build argument 'cmake_args' from command line to 'None'
[0.710s] Level 5:colcon.colcon_core.verb:set package 'py_pubsub' build argument 'cmake_target' from command line to 'None'
[0.710s] Level 5:colcon.colcon_core.verb:set package 'py_pubsub' build argument 'cmake_target_skip_unavailable' from command line to 'False'
[0.710s] Level 5:colcon.colcon_core.verb:set package 'py_pubsub' build argument 'cmake_clean_cache' from command line to 'False'
[0.711s] Level 5:colcon.colcon_core.verb:set package 'py_pubsub' build argument 'cmake_clean_first' from command line to 'False'
[0.711s] Level 5:colcon.colcon_core.verb:set package 'py_pubsub' build argument 'cmake_force_configure' from command line to 'False'
[0.711s] Level 5:colcon.colcon_core.verb:set package 'py_pubsub' build argument 'ament_cmake_args' from command line to 'None'
[0.711s] Level 5:colcon.colcon_core.verb:set package 'py_pubsub' build argument 'catkin_cmake_args' from command line to 'None'
[0.711s] Level 5:colcon.colcon_core.verb:set package 'py_pubsub' build argument 'catkin_skip_building_tests' from command line to 'False'
[0.711s] DEBUG:colcon.colcon_core.verb:Building package 'py_pubsub' with the following arguments: {'ament_cmake_args': None, 'build_base': '/home/olivier/ros2_ws/build/py_pubsub', 'catkin_cmake_args': None, 'catkin_skip_building_tests': False, 'cmake_args': None, 'cmake_clean_cache': False, 'cmake_clean_first': False, 'cmake_force_configure': False, 'cmake_target': None, 'cmake_target_skip_unavailable': False, 'install_base': '/home/olivier/ros2_ws/install/py_pubsub', 'merge_install': False, 'path': '/home/olivier/ros2_ws/src/py_pubsub', 'symlink_install': False, 'test_result_base': None}
[0.711s] Level 5:colcon.colcon_core.verb:set package 'ras_ros_core_control_modules' build argument 'cmake_args' from command line to 'None'
[0.711s] Level 5:colcon.colcon_core.verb:set package 'ras_ros_core_control_modules' build argument 'cmake_target' from command line to 'None'
[0.711s] Level 5:colcon.colcon_core.verb:set package 'ras_ros_core_control_modules' build argument 'cmake_target_skip_unavailable' from command line to 'False'
[0.711s] Level 5:colcon.colcon_core.verb:set package 'ras_ros_core_control_modules' build argument 'cmake_clean_cache' from command line to 'False'
[0.711s] Level 5:colcon.colcon_core.verb:set package 'ras_ros_core_control_modules' build argument 'cmake_clean_first' from command line to 'False'
[0.711s] Level 5:colcon.colcon_core.verb:set package 'ras_ros_core_control_modules' build argument 'cmake_force_configure' from command line to 'False'
[0.712s] Level 5:colcon.colcon_core.verb:set package 'ras_ros_core_control_modules' build argument 'ament_cmake_args' from command line to 'None'
[0.712s] Level 5:colcon.colcon_core.verb:set package 'ras_ros_core_control_modules' build argument 'catkin_cmake_args' from command line to 'None'
[0.712s] Level 5:colcon.colcon_core.verb:set package 'ras_ros_core_control_modules' build argument 'catkin_skip_building_tests' from command line to 'False'
[0.712s] DEBUG:colcon.colcon_core.verb:Building package 'ras_ros_core_control_modules' with the following arguments: {'ament_cmake_args': None, 'build_base': '/home/olivier/ros2_ws/build/ras_ros_core_control_modules', 'catkin_cmake_args': None, 'catkin_skip_building_tests': False, 'cmake_args': None, 'cmake_clean_cache': False, 'cmake_clean_first': False, 'cmake_force_configure': False, 'cmake_target': None, 'cmake_target_skip_unavailable': False, 'install_base': '/home/olivier/ros2_ws/install/ras_ros_core_control_modules', 'merge_install': False, 'path': '/home/olivier/ros2_ws/src/ras_ros_core_control_modules-main', 'symlink_install': False, 'test_result_base': None}
[0.712s] Level 5:colcon.colcon_core.verb:set package 'ras_urdf_common' build argument 'cmake_args' from command line to 'None'
[0.712s] Level 5:colcon.colcon_core.verb:set package 'ras_urdf_common' build argument 'cmake_target' from command line to 'None'
[0.712s] Level 5:colcon.colcon_core.verb:set package 'ras_urdf_common' build argument 'cmake_target_skip_unavailable' from command line to 'False'
[0.712s] Level 5:colcon.colcon_core.verb:set package 'ras_urdf_common' build argument 'cmake_clean_cache' from command line to 'False'
[0.712s] Level 5:colcon.colcon_core.verb:set package 'ras_urdf_common' build argument 'cmake_clean_first' from command line to 'False'
[0.713s] Level 5:colcon.colcon_core.verb:set package 'ras_urdf_common' build argument 'cmake_force_configure' from command line to 'False'
[0.713s] Level 5:colcon.colcon_core.verb:set package 'ras_urdf_common' build argument 'ament_cmake_args' from command line to 'None'
[0.713s] Level 5:colcon.colcon_core.verb:set package 'ras_urdf_common' build argument 'catkin_cmake_args' from command line to 'None'
[0.713s] Level 5:colcon.colcon_core.verb:set package 'ras_urdf_common' build argument 'catkin_skip_building_tests' from command line to 'False'
[0.713s] DEBUG:colcon.colcon_core.verb:Building package 'ras_urdf_common' with the following arguments: {'ament_cmake_args': None, 'build_base': '/home/olivier/ros2_ws/build/ras_urdf_common', 'catkin_cmake_args': None, 'catkin_skip_building_tests': False, 'cmake_args': None, 'cmake_clean_cache': False, 'cmake_clean_first': False, 'cmake_force_configure': False, 'cmake_target': None, 'cmake_target_skip_unavailable': False, 'install_base': '/home/olivier/ros2_ws/install/ras_urdf_common', 'merge_install': False, 'path': '/home/olivier/ros2_ws/src/ras_urdf_common-main', 'symlink_install': False, 'test_result_base': None}
[0.713s] Level 5:colcon.colcon_core.verb:set package 'turtleboat' build argument 'cmake_args' from command line to 'None'
[0.713s] Level 5:colcon.colcon_core.verb:set package 'turtleboat' build argument 'cmake_target' from command line to 'None'
[0.713s] Level 5:colcon.colcon_core.verb:set package 'turtleboat' build argument 'cmake_target_skip_unavailable' from command line to 'False'
[0.713s] Level 5:colcon.colcon_core.verb:set package 'turtleboat' build argument 'cmake_clean_cache' from command line to 'False'
[0.713s] Level 5:colcon.colcon_core.verb:set package 'turtleboat' build argument 'cmake_clean_first' from command line to 'False'
[0.714s] Level 5:colcon.colcon_core.verb:set package 'turtleboat' build argument 'cmake_force_configure' from command line to 'False'
[0.714s] Level 5:colcon.colcon_core.verb:set package 'turtleboat' build argument 'ament_cmake_args' from command line to 'None'
[0.714s] Level 5:colcon.colcon_core.verb:set package 'turtleboat' build argument 'catkin_cmake_args' from command line to 'None'
[0.714s] Level 5:colcon.colcon_core.verb:set package 'turtleboat' build argument 'catkin_skip_building_tests' from command line to 'False'
[0.714s] DEBUG:colcon.colcon_core.verb:Building package 'turtleboat' with the following arguments: {'ament_cmake_args': None, 'build_base': '/home/olivier/ros2_ws/build/turtleboat', 'catkin_cmake_args': None, 'catkin_skip_building_tests': False, 'cmake_args': None, 'cmake_clean_cache': False, 'cmake_clean_first': False, 'cmake_force_configure': False, 'cmake_target': None, 'cmake_target_skip_unavailable': False, 'install_base': '/home/olivier/ros2_ws/install/turtleboat', 'merge_install': False, 'path': '/home/olivier/ros2_ws/src/TurtleBoat-ros2', 'symlink_install': False, 'test_result_base': None}
[0.714s] Level 5:colcon.colcon_core.verb:set package 'usv_formation_control_1' build argument 'cmake_args' from command line to 'None'
[0.714s] Level 5:colcon.colcon_core.verb:set package 'usv_formation_control_1' build argument 'cmake_target' from command line to 'None'
[0.714s] Level 5:colcon.colcon_core.verb:set package 'usv_formation_control_1' build argument 'cmake_target_skip_unavailable' from command line to 'False'
[0.715s] Level 5:colcon.colcon_core.verb:set package 'usv_formation_control_1' build argument 'cmake_clean_cache' from command line to 'False'
[0.715s] Level 5:colcon.colcon_core.verb:set package 'usv_formation_control_1' build argument 'cmake_clean_first' from command line to 'False'
[0.715s] Level 5:colcon.colcon_core.verb:set package 'usv_formation_control_1' build argument 'cmake_force_configure' from command line to 'False'
[0.715s] Level 5:colcon.colcon_core.verb:set package 'usv_formation_control_1' build argument 'ament_cmake_args' from command line to 'None'
[0.715s] Level 5:colcon.colcon_core.verb:set package 'usv_formation_control_1' build argument 'catkin_cmake_args' from command line to 'None'
[0.715s] Level 5:colcon.colcon_core.verb:set package 'usv_formation_control_1' build argument 'catkin_skip_building_tests' from command line to 'False'
[0.715s] DEBUG:colcon.colcon_core.verb:Building package 'usv_formation_control_1' with the following arguments: {'ament_cmake_args': None, 'build_base': '/home/olivier/ros2_ws/build/usv_formation_control_1', 'catkin_cmake_args': None, 'catkin_skip_building_tests': False, 'cmake_args': None, 'cmake_clean_cache': False, 'cmake_clean_first': False, 'cmake_force_configure': False, 'cmake_target': None, 'cmake_target_skip_unavailable': False, 'install_base': '/home/olivier/ros2_ws/install/usv_formation_control_1', 'merge_install': False, 'path': '/home/olivier/ros2_ws/src/USV_formation_control_1-ros2', 'symlink_install': False, 'test_result_base': None}
[0.715s] INFO:colcon.colcon_core.executor:Executing jobs using 'parallel' executor
[0.717s] DEBUG:colcon.colcon_parallel_executor.executor.parallel:run_until_complete
[0.717s] INFO:colcon.colcon_ros.task.ament_python.build:Building ROS package in '/home/olivier/ros2_ws/src/boat_controller' with build type 'ament_python'
[0.717s] Level 1:colcon.colcon_core.shell:create_environment_hook('boat_controller', 'ament_prefix_path')
[0.726s] INFO:colcon.colcon_core.plugin_system:Skipping extension 'colcon_core.shell.bat': Not used on non-Windows systems
[0.726s] INFO:colcon.colcon_core.shell:Creating environment hook '/home/olivier/ros2_ws/install/boat_controller/share/boat_controller/hook/ament_prefix_path.ps1'
[0.732s] INFO:colcon.colcon_core.shell:Creating environment descriptor '/home/olivier/ros2_ws/install/boat_controller/share/boat_controller/hook/ament_prefix_path.dsv'
[0.733s] INFO:colcon.colcon_core.shell:Creating environment hook '/home/olivier/ros2_ws/install/boat_controller/share/boat_controller/hook/ament_prefix_path.sh'
[0.735s] INFO:colcon.colcon_core.shell:Skip shell extension 'powershell' for command environment: Not usable outside of PowerShell
[0.735s] DEBUG:colcon.colcon_core.shell:Skip shell extension 'dsv' for command environment
[0.747s] INFO:colcon.colcon_ros.task.ament_python.build:Building ROS package in '/home/olivier/ros2_ws/src/py_pubsub' with build type 'ament_python'
[0.747s] Level 1:colcon.colcon_core.shell:create_environment_hook('py_pubsub', 'ament_prefix_path')
[0.748s] INFO:colcon.colcon_core.shell:Creating environment hook '/home/olivier/ros2_ws/install/py_pubsub/share/py_pubsub/hook/ament_prefix_path.ps1'
[0.748s] INFO:colcon.colcon_core.shell:Creating environment descriptor '/home/olivier/ros2_ws/install/py_pubsub/share/py_pubsub/hook/ament_prefix_path.dsv'
[0.749s] INFO:colcon.colcon_core.shell:Creating environment hook '/home/olivier/ros2_ws/install/py_pubsub/share/py_pubsub/hook/ament_prefix_path.sh'
[0.750s] INFO:colcon.colcon_core.shell:Skip shell extension 'powershell' for command environment: Not usable outside of PowerShell
[0.751s] DEBUG:colcon.colcon_core.shell:Skip shell extension 'dsv' for command environment
[0.762s] INFO:colcon.colcon_ros.task.ament_python.build:Building ROS package in '/home/olivier/ros2_ws/src/ras_ros_core_control_modules-main' with build type 'ament_python'
[0.762s] Level 1:colcon.colcon_core.shell:create_environment_hook('ras_ros_core_control_modules', 'ament_prefix_path')
[0.763s] INFO:colcon.colcon_core.shell:Creating environment hook '/home/olivier/ros2_ws/install/ras_ros_core_control_modules/share/ras_ros_core_control_modules/hook/ament_prefix_path.ps1'
[0.765s] INFO:colcon.colcon_core.shell:Creating environment descriptor '/home/olivier/ros2_ws/install/ras_ros_core_control_modules/share/ras_ros_core_control_modules/hook/ament_prefix_path.dsv'
[0.766s] INFO:colcon.colcon_core.shell:Creating environment hook '/home/olivier/ros2_ws/install/ras_ros_core_control_modules/share/ras_ros_core_control_modules/hook/ament_prefix_path.sh'
[0.766s] INFO:colcon.colcon_core.shell:Skip shell extension 'powershell' for command environment: Not usable outside of PowerShell
[0.767s] DEBUG:colcon.colcon_core.shell:Skip shell extension 'dsv' for command environment
[0.771s] INFO:colcon.colcon_ros.task.ament_cmake.build:Building ROS package in '/home/olivier/ros2_ws/src/ras_urdf_common-main' with build type 'ament_cmake'
[0.772s] INFO:colcon.colcon_cmake.task.cmake.build:Building CMake package in '/home/olivier/ros2_ws/src/ras_urdf_common-main'
[0.772s] INFO:colcon.colcon_core.shell:Skip shell extension 'powershell' for command environment: Not usable outside of PowerShell
[0.772s] DEBUG:colcon.colcon_core.shell:Skip shell extension 'dsv' for command environment
[1.228s] INFO:colcon.colcon_core.task.python.build:Building Python package in '/home/olivier/ros2_ws/src/boat_controller'
[1.228s] INFO:colcon.colcon_core.shell:Skip shell extension 'powershell' for command environment: Not usable outside of PowerShell
[1.228s] DEBUG:colcon.colcon_core.shell:Skip shell extension 'dsv' for command environment
[1.652s] INFO:colcon.colcon_core.task.python.build:Building Python package in '/home/olivier/ros2_ws/src/py_pubsub'
[1.652s] INFO:colcon.colcon_core.shell:Skip shell extension 'powershell' for command environment: Not usable outside of PowerShell
[1.653s] DEBUG:colcon.colcon_core.shell:Skip shell extension 'dsv' for command environment
[2.083s] INFO:colcon.colcon_core.task.python.build:Building Python package in '/home/olivier/ros2_ws/src/ras_ros_core_control_modules-main'
[2.083s] INFO:colcon.colcon_core.shell:Skip shell extension 'powershell' for command environment: Not usable outside of PowerShell
[2.083s] DEBUG:colcon.colcon_core.shell:Skip shell extension 'dsv' for command environment
[2.093s] DEBUG:colcon.colcon_core.event_handler.log_command:Invoking command in '/home/olivier/ros2_ws/build/ras_urdf_common': CMAKE_PREFIX_PATH=${CMAKE_PREFIX_PATH}:/home/olivier/ros2_ws/install/usv_formation_control_1:/home/olivier/ros2_ws/install/turtleboat:/home/olivier/ros2_ws/install/ras_ros_core_control_modules:/home/olivier/ros2_ws/install/py_pubsub:/home/olivier/ros2_ws/install/boat_controller:/opt/ros/iron /usr/bin/cmake --build /home/olivier/ros2_ws/build/ras_urdf_common -- -j4 -l4
[3.194s] DEBUG:colcon.colcon_core.event_handler.log_command:Invoked command in '/home/olivier/ros2_ws/build/ras_urdf_common' returned '0': CMAKE_PREFIX_PATH=${CMAKE_PREFIX_PATH}:/home/olivier/ros2_ws/install/usv_formation_control_1:/home/olivier/ros2_ws/install/turtleboat:/home/olivier/ros2_ws/install/ras_ros_core_control_modules:/home/olivier/ros2_ws/install/py_pubsub:/home/olivier/ros2_ws/install/boat_controller:/opt/ros/iron /usr/bin/cmake --build /home/olivier/ros2_ws/build/ras_urdf_common -- -j4 -l4
[3.223s] DEBUG:colcon.colcon_core.event_handler.log_command:Invoking command in '/home/olivier/ros2_ws/src/ras_ros_core_control_modules-main': PYTHONPATH=/home/olivier/ros2_ws/build/ras_ros_core_control_modules/prefix_override:/home/olivier/ros2_ws/install/ras_ros_core_control_modules/lib/python3.10/site-packages:${PYTHONPATH} /usr/bin/python3 -W ignore:setup.py install is deprecated setup.py egg_info --egg-base ../../build/ras_ros_core_control_modules build --build-base /home/olivier/ros2_ws/build/ras_ros_core_control_modules/build install --record /home/olivier/ros2_ws/build/ras_ros_core_control_modules/install.log --single-version-externally-managed install_data
[3.358s] DEBUG:colcon.colcon_core.event_handler.log_command:Invoking command in '/home/olivier/ros2_ws/src/boat_controller': PYTHONPATH=/home/olivier/ros2_ws/build/boat_controller/prefix_override:/home/olivier/ros2_ws/install/boat_controller/lib/python3.10/site-packages:${PYTHONPATH} /usr/bin/python3 -W ignore:setup.py install is deprecated setup.py egg_info --egg-base ../../build/boat_controller build --build-base /home/olivier/ros2_ws/build/boat_controller/build install --record /home/olivier/ros2_ws/build/boat_controller/install.log --single-version-externally-managed install_data
[3.439s] DEBUG:colcon.colcon_core.event_handler.log_command:Invoking command in '/home/olivier/ros2_ws/src/py_pubsub': PYTHONPATH=/home/olivier/ros2_ws/build/py_pubsub/prefix_override:/home/olivier/ros2_ws/install/py_pubsub/lib/python3.10/site-packages:${PYTHONPATH} /usr/bin/python3 -W ignore:setup.py install is deprecated setup.py egg_info --egg-base ../../build/py_pubsub build --build-base /home/olivier/ros2_ws/build/py_pubsub/build install --record /home/olivier/ros2_ws/build/py_pubsub/install.log --single-version-externally-managed install_data
[3.503s] DEBUG:colcon.colcon_core.event_handler.log_command:Invoking command in '/home/olivier/ros2_ws/build/ras_urdf_common': CMAKE_PREFIX_PATH=${CMAKE_PREFIX_PATH}:/home/olivier/ros2_ws/install/usv_formation_control_1:/home/olivier/ros2_ws/install/turtleboat:/home/olivier/ros2_ws/install/ras_ros_core_control_modules:/home/olivier/ros2_ws/install/py_pubsub:/home/olivier/ros2_ws/install/boat_controller:/opt/ros/iron /usr/bin/cmake --install /home/olivier/ros2_ws/build/ras_urdf_common
[3.721s] Level 1:colcon.colcon_core.environment:create_environment_scripts_only(ras_urdf_common)
[3.735s] DEBUG:colcon.colcon_core.event_handler.log_command:Invoked command in '/home/olivier/ros2_ws/build/ras_urdf_common' returned '0': CMAKE_PREFIX_PATH=${CMAKE_PREFIX_PATH}:/home/olivier/ros2_ws/install/usv_formation_control_1:/home/olivier/ros2_ws/install/turtleboat:/home/olivier/ros2_ws/install/ras_ros_core_control_modules:/home/olivier/ros2_ws/install/py_pubsub:/home/olivier/ros2_ws/install/boat_controller:/opt/ros/iron /usr/bin/cmake --install /home/olivier/ros2_ws/build/ras_urdf_common
[3.751s] Level 1:colcon.colcon_core.environment:checking '/home/olivier/ros2_ws/install/ras_urdf_common' for CMake module files
[3.752s] Level 1:colcon.colcon_core.environment:checking '/home/olivier/ros2_ws/install/ras_urdf_common' for CMake config files
[3.756s] Level 1:colcon.colcon_core.shell:create_environment_hook('ras_urdf_common', 'cmake_prefix_path')
[3.757s] INFO:colcon.colcon_core.shell:Creating environment hook '/home/olivier/ros2_ws/install/ras_urdf_common/share/ras_urdf_common/hook/cmake_prefix_path.ps1'
[3.758s] INFO:colcon.colcon_core.shell:Creating environment descriptor '/home/olivier/ros2_ws/install/ras_urdf_common/share/ras_urdf_common/hook/cmake_prefix_path.dsv'
[3.759s] INFO:colcon.colcon_core.shell:Creating environment hook '/home/olivier/ros2_ws/install/ras_urdf_common/share/ras_urdf_common/hook/cmake_prefix_path.sh'
[3.761s] Level 1:colcon.colcon_core.environment:checking '/home/olivier/ros2_ws/install/ras_urdf_common/lib'
[3.764s] Level 1:colcon.colcon_core.environment:checking '/home/olivier/ros2_ws/install/ras_urdf_common/bin'
[3.764s] Level 1:colcon.colcon_core.environment:checking '/home/olivier/ros2_ws/install/ras_urdf_common/lib/pkgconfig/ras_urdf_common.pc'
[3.765s] Level 1:colcon.colcon_core.environment:checking '/home/olivier/ros2_ws/install/ras_urdf_common/lib/python3.10/site-packages'
[3.765s] Level 1:colcon.colcon_core.shell:create_environment_hook('ras_urdf_common', 'pythonpath')
[3.766s] INFO:colcon.colcon_core.shell:Creating environment hook '/home/olivier/ros2_ws/install/ras_urdf_common/share/ras_urdf_common/hook/pythonpath.ps1'
[3.767s] INFO:colcon.colcon_core.shell:Creating environment descriptor '/home/olivier/ros2_ws/install/ras_urdf_common/share/ras_urdf_common/hook/pythonpath.dsv'
[3.769s] INFO:colcon.colcon_core.shell:Creating environment hook '/home/olivier/ros2_ws/install/ras_urdf_common/share/ras_urdf_common/hook/pythonpath.sh'
[3.770s] Level 1:colcon.colcon_core.environment:checking '/home/olivier/ros2_ws/install/ras_urdf_common/bin'
[3.771s] INFO:colcon.colcon_core.shell:Creating package script '/home/olivier/ros2_ws/install/ras_urdf_common/share/ras_urdf_common/package.ps1'
[3.773s] INFO:colcon.colcon_core.shell:Creating package descriptor '/home/olivier/ros2_ws/install/ras_urdf_common/share/ras_urdf_common/package.dsv'
[3.779s] INFO:colcon.colcon_core.shell:Creating package script '/home/olivier/ros2_ws/install/ras_urdf_common/share/ras_urdf_common/package.sh'
[3.783s] INFO:colcon.colcon_core.shell:Creating package script '/home/olivier/ros2_ws/install/ras_urdf_common/share/ras_urdf_common/package.bash'
[3.790s] INFO:colcon.colcon_core.shell:Creating package script '/home/olivier/ros2_ws/install/ras_urdf_common/share/ras_urdf_common/package.zsh'
[3.793s] Level 1:colcon.colcon_core.environment:create_file_with_runtime_dependencies(/home/olivier/ros2_ws/install/ras_urdf_common/share/colcon-core/packages/ras_urdf_common)
[3.968s] Level 1:colcon.colcon_core.environment:create_environment_scripts_only(ras_urdf_common)
[3.969s] Level 1:colcon.colcon_core.environment:checking '/home/olivier/ros2_ws/install/ras_urdf_common' for CMake module files
[3.969s] Level 1:colcon.colcon_core.environment:checking '/home/olivier/ros2_ws/install/ras_urdf_common' for CMake config files
[3.970s] Level 1:colcon.colcon_core.shell:create_environment_hook('ras_urdf_common', 'cmake_prefix_path')
[3.970s] INFO:colcon.colcon_core.shell:Creating environment hook '/home/olivier/ros2_ws/install/ras_urdf_common/share/ras_urdf_common/hook/cmake_prefix_path.ps1'
[3.971s] INFO:colcon.colcon_core.shell:Creating environment descriptor '/home/olivier/ros2_ws/install/ras_urdf_common/share/ras_urdf_common/hook/cmake_prefix_path.dsv'
[3.971s] INFO:colcon.colcon_core.shell:Creating environment hook '/home/olivier/ros2_ws/install/ras_urdf_common/share/ras_urdf_common/hook/cmake_prefix_path.sh'
[3.986s] Level 1:colcon.colcon_core.environment:checking '/home/olivier/ros2_ws/install/ras_urdf_common/lib'
[3.987s] Level 1:colcon.colcon_core.environment:checking '/home/olivier/ros2_ws/install/ras_urdf_common/bin'
[3.987s] Level 1:colcon.colcon_core.environment:checking '/home/olivier/ros2_ws/install/ras_urdf_common/lib/pkgconfig/ras_urdf_common.pc'
[3.987s] Level 1:colcon.colcon_core.environment:checking '/home/olivier/ros2_ws/install/ras_urdf_common/lib/python3.10/site-packages'
[3.988s] Level 1:colcon.colcon_core.shell:create_environment_hook('ras_urdf_common', 'pythonpath')
[3.988s] INFO:colcon.colcon_core.shell:Creating environment hook '/home/olivier/ros2_ws/install/ras_urdf_common/share/ras_urdf_common/hook/pythonpath.ps1'
[3.993s] INFO:colcon.colcon_core.shell:Creating environment descriptor '/home/olivier/ros2_ws/install/ras_urdf_common/share/ras_urdf_common/hook/pythonpath.dsv'
[3.999s] INFO:colcon.colcon_core.shell:Creating environment hook '/home/olivier/ros2_ws/install/ras_urdf_common/share/ras_urdf_common/hook/pythonpath.sh'
[4.001s] Level 1:colcon.colcon_core.environment:checking '/home/olivier/ros2_ws/install/ras_urdf_common/bin'
[4.004s] INFO:colcon.colcon_core.shell:Creating package script '/home/olivier/ros2_ws/install/ras_urdf_common/share/ras_urdf_common/package.ps1'
[4.018s] INFO:colcon.colcon_core.shell:Creating package descriptor '/home/olivier/ros2_ws/install/ras_urdf_common/share/ras_urdf_common/package.dsv'
[4.019s] INFO:colcon.colcon_core.shell:Creating package script '/home/olivier/ros2_ws/install/ras_urdf_common/share/ras_urdf_common/package.sh'
[4.037s] INFO:colcon.colcon_core.shell:Creating package script '/home/olivier/ros2_ws/install/ras_urdf_common/share/ras_urdf_common/package.bash'
[4.039s] INFO:colcon.colcon_core.shell:Creating package script '/home/olivier/ros2_ws/install/ras_urdf_common/share/ras_urdf_common/package.zsh'
[4.040s] Level 1:colcon.colcon_core.environment:create_file_with_runtime_dependencies(/home/olivier/ros2_ws/install/ras_urdf_common/share/colcon-core/packages/ras_urdf_common)
[4.042s] INFO:colcon.colcon_ros.task.ament_python.build:Building ROS package in '/home/olivier/ros2_ws/src/TurtleBoat-ros2' with build type 'ament_python'
[4.042s] Level 1:colcon.colcon_core.shell:create_environment_hook('turtleboat', 'ament_prefix_path')
[4.043s] INFO:colcon.colcon_core.shell:Creating environment hook '/home/olivier/ros2_ws/install/turtleboat/share/turtleboat/hook/ament_prefix_path.ps1'
[4.047s] INFO:colcon.colcon_core.shell:Creating environment descriptor '/home/olivier/ros2_ws/install/turtleboat/share/turtleboat/hook/ament_prefix_path.dsv'
[4.048s] INFO:colcon.colcon_core.shell:Creating environment hook '/home/olivier/ros2_ws/install/turtleboat/share/turtleboat/hook/ament_prefix_path.sh'
[4.049s] INFO:colcon.colcon_core.shell:Skip shell extension 'powershell' for command environment: Not usable outside of PowerShell
[4.050s] DEBUG:colcon.colcon_core.shell:Skip shell extension 'dsv' for command environment
[4.676s] INFO:colcon.colcon_core.task.python.build:Building Python package in '/home/olivier/ros2_ws/src/TurtleBoat-ros2'
[4.676s] INFO:colcon.colcon_core.shell:Skip shell extension 'powershell' for command environment: Not usable outside of PowerShell
[4.677s] DEBUG:colcon.colcon_core.shell:Skip shell extension 'dsv' for command environment
[4.686s] Level 1:colcon.colcon_core.environment:checking '/home/olivier/ros2_ws/install/ras_ros_core_control_modules' for CMake module files
[4.688s] DEBUG:colcon.colcon_core.event_handler.log_command:Invoked command in '/home/olivier/ros2_ws/src/ras_ros_core_control_modules-main' returned '0': PYTHONPATH=/home/olivier/ros2_ws/build/ras_ros_core_control_modules/prefix_override:/home/olivier/ros2_ws/install/ras_ros_core_control_modules/lib/python3.10/site-packages:${PYTHONPATH} /usr/bin/python3 -W ignore:setup.py install is deprecated setup.py egg_info --egg-base ../../build/ras_ros_core_control_modules build --build-base /home/olivier/ros2_ws/build/ras_ros_core_control_modules/build install --record /home/olivier/ros2_ws/build/ras_ros_core_control_modules/install.log --single-version-externally-managed install_data
[4.688s] Level 1:colcon.colcon_core.environment:checking '/home/olivier/ros2_ws/install/ras_ros_core_control_modules' for CMake config files
[4.691s] Level 1:colcon.colcon_core.environment:checking '/home/olivier/ros2_ws/install/ras_ros_core_control_modules/lib'
[4.691s] Level 1:colcon.colcon_core.environment:checking '/home/olivier/ros2_ws/install/ras_ros_core_control_modules/bin'
[4.691s] Level 1:colcon.colcon_core.environment:checking '/home/olivier/ros2_ws/install/ras_ros_core_control_modules/lib/pkgconfig/ras_ros_core_control_modules.pc'
[4.692s] Level 1:colcon.colcon_core.environment:checking '/home/olivier/ros2_ws/install/ras_ros_core_control_modules/lib/python3.10/site-packages'
[4.692s] Level 1:colcon.colcon_core.shell:create_environment_hook('ras_ros_core_control_modules', 'pythonpath')
[4.692s] INFO:colcon.colcon_core.shell:Creating environment hook '/home/olivier/ros2_ws/install/ras_ros_core_control_modules/share/ras_ros_core_control_modules/hook/pythonpath.ps1'
[4.693s] INFO:colcon.colcon_core.shell:Creating environment descriptor '/home/olivier/ros2_ws/install/ras_ros_core_control_modules/share/ras_ros_core_control_modules/hook/pythonpath.dsv'
[4.694s] INFO:colcon.colcon_core.shell:Creating environment hook '/home/olivier/ros2_ws/install/ras_ros_core_control_modules/share/ras_ros_core_control_modules/hook/pythonpath.sh'
[4.696s] Level 1:colcon.colcon_core.environment:checking '/home/olivier/ros2_ws/install/ras_ros_core_control_modules/bin'
[4.696s] Level 1:colcon.colcon_core.environment:create_environment_scripts_only(ras_ros_core_control_modules)
[4.697s] INFO:colcon.colcon_core.shell:Creating package script '/home/olivier/ros2_ws/install/ras_ros_core_control_modules/share/ras_ros_core_control_modules/package.ps1'
[4.699s] INFO:colcon.colcon_core.shell:Creating package descriptor '/home/olivier/ros2_ws/install/ras_ros_core_control_modules/share/ras_ros_core_control_modules/package.dsv'
[4.700s] INFO:colcon.colcon_core.shell:Creating package script '/home/olivier/ros2_ws/install/ras_ros_core_control_modules/share/ras_ros_core_control_modules/package.sh'
[4.700s] INFO:colcon.colcon_core.shell:Creating package script '/home/olivier/ros2_ws/install/ras_ros_core_control_modules/share/ras_ros_core_control_modules/package.bash'
[4.701s] INFO:colcon.colcon_core.shell:Creating package script '/home/olivier/ros2_ws/install/ras_ros_core_control_modules/share/ras_ros_core_control_modules/package.zsh'
[4.702s] Level 1:colcon.colcon_core.environment:create_file_with_runtime_dependencies(/home/olivier/ros2_ws/install/ras_ros_core_control_modules/share/colcon-core/packages/ras_ros_core_control_modules)
[4.702s] Level 1:colcon.colcon_core.environment:checking '/home/olivier/ros2_ws/install/boat_controller' for CMake module files
[4.703s] DEBUG:colcon.colcon_core.event_handler.log_command:Invoked command in '/home/olivier/ros2_ws/src/boat_controller' returned '0': PYTHONPATH=/home/olivier/ros2_ws/build/boat_controller/prefix_override:/home/olivier/ros2_ws/install/boat_controller/lib/python3.10/site-packages:${PYTHONPATH} /usr/bin/python3 -W ignore:setup.py install is deprecated setup.py egg_info --egg-base ../../build/boat_controller build --build-base /home/olivier/ros2_ws/build/boat_controller/build install --record /home/olivier/ros2_ws/build/boat_controller/install.log --single-version-externally-managed install_data
[4.704s] Level 1:colcon.colcon_core.environment:checking '/home/olivier/ros2_ws/install/boat_controller' for CMake config files
[4.705s] Level 1:colcon.colcon_core.environment:checking '/home/olivier/ros2_ws/install/boat_controller/lib'
[4.705s] Level 1:colcon.colcon_core.environment:checking '/home/olivier/ros2_ws/install/boat_controller/bin'
[4.705s] Level 1:colcon.colcon_core.environment:checking '/home/olivier/ros2_ws/install/boat_controller/lib/pkgconfig/boat_controller.pc'
[4.706s] Level 1:colcon.colcon_core.environment:checking '/home/olivier/ros2_ws/install/boat_controller/lib/python3.10/site-packages'
[4.706s] Level 1:colcon.colcon_core.shell:create_environment_hook('boat_controller', 'pythonpath')
[4.706s] INFO:colcon.colcon_core.shell:Creating environment hook '/home/olivier/ros2_ws/install/boat_controller/share/boat_controller/hook/pythonpath.ps1'
[4.707s] INFO:colcon.colcon_core.shell:Creating environment descriptor '/home/olivier/ros2_ws/install/boat_controller/share/boat_controller/hook/pythonpath.dsv'
[4.707s] INFO:colcon.colcon_core.shell:Creating environment hook '/home/olivier/ros2_ws/install/boat_controller/share/boat_controller/hook/pythonpath.sh'
[4.708s] Level 1:colcon.colcon_core.environment:checking '/home/olivier/ros2_ws/install/boat_controller/bin'
[4.708s] Level 1:colcon.colcon_core.environment:create_environment_scripts_only(boat_controller)
[4.708s] INFO:colcon.colcon_core.shell:Creating package script '/home/olivier/ros2_ws/install/boat_controller/share/boat_controller/package.ps1'
[4.709s] INFO:colcon.colcon_core.shell:Creating package descriptor '/home/olivier/ros2_ws/install/boat_controller/share/boat_controller/package.dsv'
[4.710s] INFO:colcon.colcon_core.shell:Creating package script '/home/olivier/ros2_ws/install/boat_controller/share/boat_controller/package.sh'
[4.711s] INFO:colcon.colcon_core.shell:Creating package script '/home/olivier/ros2_ws/install/boat_controller/share/boat_controller/package.bash'
[4.712s] INFO:colcon.colcon_core.shell:Creating package script '/home/olivier/ros2_ws/install/boat_controller/share/boat_controller/package.zsh'
[4.712s] Level 1:colcon.colcon_core.environment:create_file_with_runtime_dependencies(/home/olivier/ros2_ws/install/boat_controller/share/colcon-core/packages/boat_controller)
[4.713s] Level 1:colcon.colcon_core.environment:checking '/home/olivier/ros2_ws/install/py_pubsub' for CMake module files
[4.714s] DEBUG:colcon.colcon_core.event_handler.log_command:Invoked command in '/home/olivier/ros2_ws/src/py_pubsub' returned '0': PYTHONPATH=/home/olivier/ros2_ws/build/py_pubsub/prefix_override:/home/olivier/ros2_ws/install/py_pubsub/lib/python3.10/site-packages:${PYTHONPATH} /usr/bin/python3 -W ignore:setup.py install is deprecated setup.py egg_info --egg-base ../../build/py_pubsub build --build-base /home/olivier/ros2_ws/build/py_pubsub/build install --record /home/olivier/ros2_ws/build/py_pubsub/install.log --single-version-externally-managed install_data
[4.715s] Level 1:colcon.colcon_core.environment:checking '/home/olivier/ros2_ws/install/py_pubsub' for CMake config files
[4.718s] Level 1:colcon.colcon_core.environment:checking '/home/olivier/ros2_ws/install/py_pubsub/lib'
[4.718s] Level 1:colcon.colcon_core.environment:checking '/home/olivier/ros2_ws/install/py_pubsub/bin'
[4.718s] Level 1:colcon.colcon_core.environment:checking '/home/olivier/ros2_ws/install/py_pubsub/lib/pkgconfig/py_pubsub.pc'
[4.718s] Level 1:colcon.colcon_core.environment:checking '/home/olivier/ros2_ws/install/py_pubsub/lib/python3.10/site-packages'
[4.718s] Level 1:colcon.colcon_core.shell:create_environment_hook('py_pubsub', 'pythonpath')
[4.719s] INFO:colcon.colcon_core.shell:Creating environment hook '/home/olivier/ros2_ws/install/py_pubsub/share/py_pubsub/hook/pythonpath.ps1'
[4.719s] INFO:colcon.colcon_core.shell:Creating environment descriptor '/home/olivier/ros2_ws/install/py_pubsub/share/py_pubsub/hook/pythonpath.dsv'
[4.720s] INFO:colcon.colcon_core.shell:Creating environment hook '/home/olivier/ros2_ws/install/py_pubsub/share/py_pubsub/hook/pythonpath.sh'
[4.720s] Level 1:colcon.colcon_core.environment:checking '/home/olivier/ros2_ws/install/py_pubsub/bin'
[4.721s] Level 1:colcon.colcon_core.environment:create_environment_scripts_only(py_pubsub)
[4.721s] INFO:colcon.colcon_core.shell:Creating package script '/home/olivier/ros2_ws/install/py_pubsub/share/py_pubsub/package.ps1'
[4.723s] INFO:colcon.colcon_core.shell:Creating package descriptor '/home/olivier/ros2_ws/install/py_pubsub/share/py_pubsub/package.dsv'
[4.725s] INFO:colcon.colcon_core.shell:Creating package script '/home/olivier/ros2_ws/install/py_pubsub/share/py_pubsub/package.sh'
[4.726s] INFO:colcon.colcon_core.shell:Creating package script '/home/olivier/ros2_ws/install/py_pubsub/share/py_pubsub/package.bash'
[4.727s] INFO:colcon.colcon_core.shell:Creating package script '/home/olivier/ros2_ws/install/py_pubsub/share/py_pubsub/package.zsh'
[4.729s] Level 1:colcon.colcon_core.environment:create_file_with_runtime_dependencies(/home/olivier/ros2_ws/install/py_pubsub/share/colcon-core/packages/py_pubsub)
[4.731s] INFO:colcon.colcon_ros.task.ament_python.build:Building ROS package in '/home/olivier/ros2_ws/src/USV_formation_control_1-ros2' with build type 'ament_python'
[4.731s] Level 1:colcon.colcon_core.shell:create_environment_hook('usv_formation_control_1', 'ament_prefix_path')
[4.731s] INFO:colcon.colcon_core.shell:Creating environment hook '/home/olivier/ros2_ws/install/usv_formation_control_1/share/usv_formation_control_1/hook/ament_prefix_path.ps1'
[4.732s] INFO:colcon.colcon_core.shell:Creating environment descriptor '/home/olivier/ros2_ws/install/usv_formation_control_1/share/usv_formation_control_1/hook/ament_prefix_path.dsv'
[4.732s] INFO:colcon.colcon_core.shell:Creating environment hook '/home/olivier/ros2_ws/install/usv_formation_control_1/share/usv_formation_control_1/hook/ament_prefix_path.sh'
[4.733s] INFO:colcon.colcon_core.shell:Skip shell extension 'powershell' for command environment: Not usable outside of PowerShell
[4.733s] DEBUG:colcon.colcon_core.shell:Skip shell extension 'dsv' for command environment
[5.304s] INFO:colcon.colcon_core.task.python.build:Building Python package in '/home/olivier/ros2_ws/src/USV_formation_control_1-ros2'
[5.310s] INFO:colcon.colcon_core.shell:Skip shell extension 'powershell' for command environment: Not usable outside of PowerShell
[5.310s] DEBUG:colcon.colcon_core.shell:Skip shell extension 'dsv' for command environment
[5.503s] DEBUG:colcon.colcon_core.event_handler.log_command:Invoking command in '/home/olivier/ros2_ws/src/TurtleBoat-ros2': PYTHONPATH=/home/olivier/ros2_ws/build/turtleboat/prefix_override:/home/olivier/ros2_ws/install/turtleboat/lib/python3.10/site-packages:${PYTHONPATH} /usr/bin/python3 -W ignore:setup.py install is deprecated setup.py egg_info --egg-base ../../build/turtleboat build --build-base /home/olivier/ros2_ws/build/turtleboat/build install --record /home/olivier/ros2_ws/build/turtleboat/install.log --install-scripts $base/lib/turtleboat --single-version-externally-managed install_data
[5.968s] DEBUG:colcon.colcon_core.event_handler.log_command:Invoking command in '/home/olivier/ros2_ws/src/USV_formation_control_1-ros2': PYTHONPATH=/home/olivier/ros2_ws/build/usv_formation_control_1/prefix_override:/home/olivier/ros2_ws/install/usv_formation_control_1/lib/python3.10/site-packages:${PYTHONPATH} /usr/bin/python3 -W ignore:setup.py install is deprecated setup.py egg_info --egg-base ../../build/usv_formation_control_1 build --build-base /home/olivier/ros2_ws/build/usv_formation_control_1/build install --record /home/olivier/ros2_ws/build/usv_formation_control_1/install.log --single-version-externally-managed install_data
[6.148s] Level 1:colcon.colcon_core.environment:checking '/home/olivier/ros2_ws/install/turtleboat' for CMake module files
[6.149s] Level 1:colcon.colcon_core.environment:checking '/home/olivier/ros2_ws/install/turtleboat' for CMake config files
[6.150s] DEBUG:colcon.colcon_core.event_handler.log_command:Invoked command in '/home/olivier/ros2_ws/src/TurtleBoat-ros2' returned '0': PYTHONPATH=/home/olivier/ros2_ws/build/turtleboat/prefix_override:/home/olivier/ros2_ws/install/turtleboat/lib/python3.10/site-packages:${PYTHONPATH} /usr/bin/python3 -W ignore:setup.py install is deprecated setup.py egg_info --egg-base ../../build/turtleboat build --build-base /home/olivier/ros2_ws/build/turtleboat/build install --record /home/olivier/ros2_ws/build/turtleboat/install.log --install-scripts $base/lib/turtleboat --single-version-externally-managed install_data
[6.153s] Level 1:colcon.colcon_core.environment:checking '/home/olivier/ros2_ws/install/turtleboat/lib'
[6.153s] Level 1:colcon.colcon_core.environment:checking '/home/olivier/ros2_ws/install/turtleboat/bin'
[6.153s] Level 1:colcon.colcon_core.environment:checking '/home/olivier/ros2_ws/install/turtleboat/lib/pkgconfig/turtleboat.pc'
[6.153s] Level 1:colcon.colcon_core.environment:checking '/home/olivier/ros2_ws/install/turtleboat/lib/python3.10/site-packages'
[6.154s] Level 1:colcon.colcon_core.shell:create_environment_hook('turtleboat', 'pythonpath')
[6.154s] INFO:colcon.colcon_core.shell:Creating environment hook '/home/olivier/ros2_ws/install/turtleboat/share/turtleboat/hook/pythonpath.ps1'
[6.155s] INFO:colcon.colcon_core.shell:Creating environment descriptor '/home/olivier/ros2_ws/install/turtleboat/share/turtleboat/hook/pythonpath.dsv'
[6.156s] INFO:colcon.colcon_core.shell:Creating environment hook '/home/olivier/ros2_ws/install/turtleboat/share/turtleboat/hook/pythonpath.sh'
[6.157s] Level 1:colcon.colcon_core.environment:checking '/home/olivier/ros2_ws/install/turtleboat/bin'
[6.158s] Level 1:colcon.colcon_core.environment:create_environment_scripts_only(turtleboat)
[6.158s] INFO:colcon.colcon_core.shell:Creating package script '/home/olivier/ros2_ws/install/turtleboat/share/turtleboat/package.ps1'
[6.162s] INFO:colcon.colcon_core.shell:Creating package descriptor '/home/olivier/ros2_ws/install/turtleboat/share/turtleboat/package.dsv'
[6.163s] INFO:colcon.colcon_core.shell:Creating package script '/home/olivier/ros2_ws/install/turtleboat/share/turtleboat/package.sh'
[6.164s] INFO:colcon.colcon_core.shell:Creating package script '/home/olivier/ros2_ws/install/turtleboat/share/turtleboat/package.bash'
[6.168s] INFO:colcon.colcon_core.shell:Creating package script '/home/olivier/ros2_ws/install/turtleboat/share/turtleboat/package.zsh'
[6.169s] Level 1:colcon.colcon_core.environment:create_file_with_runtime_dependencies(/home/olivier/ros2_ws/install/turtleboat/share/colcon-core/packages/turtleboat)
[6.597s] Level 1:colcon.colcon_core.environment:checking '/home/olivier/ros2_ws/install/usv_formation_control_1' for CMake module files
[6.598s] Level 1:colcon.colcon_core.environment:checking '/home/olivier/ros2_ws/install/usv_formation_control_1' for CMake config files
[6.599s] DEBUG:colcon.colcon_core.event_handler.log_command:Invoked command in '/home/olivier/ros2_ws/src/USV_formation_control_1-ros2' returned '0': PYTHONPATH=/home/olivier/ros2_ws/build/usv_formation_control_1/prefix_override:/home/olivier/ros2_ws/install/usv_formation_control_1/lib/python3.10/site-packages:${PYTHONPATH} /usr/bin/python3 -W ignore:setup.py install is deprecated setup.py egg_info --egg-base ../../build/usv_formation_control_1 build --build-base /home/olivier/ros2_ws/build/usv_formation_control_1/build install --record /home/olivier/ros2_ws/build/usv_formation_control_1/install.log --single-version-externally-managed install_data
[6.601s] Level 1:colcon.colcon_core.environment:checking '/home/olivier/ros2_ws/install/usv_formation_control_1/lib'
[6.601s] Level 1:colcon.colcon_core.environment:checking '/home/olivier/ros2_ws/install/usv_formation_control_1/bin'
[6.601s] Level 1:colcon.colcon_core.environment:checking '/home/olivier/ros2_ws/install/usv_formation_control_1/lib/pkgconfig/usv_formation_control_1.pc'
[6.601s] Level 1:colcon.colcon_core.environment:checking '/home/olivier/ros2_ws/install/usv_formation_control_1/lib/python3.10/site-packages'
[6.602s] Level 1:colcon.colcon_core.shell:create_environment_hook('usv_formation_control_1', 'pythonpath')
[6.602s] INFO:colcon.colcon_core.shell:Creating environment hook '/home/olivier/ros2_ws/install/usv_formation_control_1/share/usv_formation_control_1/hook/pythonpath.ps1'
[6.602s] INFO:colcon.colcon_core.shell:Creating environment descriptor '/home/olivier/ros2_ws/install/usv_formation_control_1/share/usv_formation_control_1/hook/pythonpath.dsv'
[6.603s] INFO:colcon.colcon_core.shell:Creating environment hook '/home/olivier/ros2_ws/install/usv_formation_control_1/share/usv_formation_control_1/hook/pythonpath.sh'
[6.604s] Level 1:colcon.colcon_core.environment:checking '/home/olivier/ros2_ws/install/usv_formation_control_1/bin'
[6.604s] Level 1:colcon.colcon_core.environment:create_environment_scripts_only(usv_formation_control_1)
[6.604s] INFO:colcon.colcon_core.shell:Creating package script '/home/olivier/ros2_ws/install/usv_formation_control_1/share/usv_formation_control_1/package.ps1'
[6.605s] INFO:colcon.colcon_core.shell:Creating package descriptor '/home/olivier/ros2_ws/install/usv_formation_control_1/share/usv_formation_control_1/package.dsv'
[6.606s] INFO:colcon.colcon_core.shell:Creating package script '/home/olivier/ros2_ws/install/usv_formation_control_1/share/usv_formation_control_1/package.sh'
[6.606s] INFO:colcon.colcon_core.shell:Creating package script '/home/olivier/ros2_ws/install/usv_formation_control_1/share/usv_formation_control_1/package.bash'
[6.607s] INFO:colcon.colcon_core.shell:Creating package script '/home/olivier/ros2_ws/install/usv_formation_control_1/share/usv_formation_control_1/package.zsh'
[6.607s] Level 1:colcon.colcon_core.environment:create_file_with_runtime_dependencies(/home/olivier/ros2_ws/install/usv_formation_control_1/share/colcon-core/packages/usv_formation_control_1)
[6.607s] DEBUG:colcon.colcon_parallel_executor.executor.parallel:closing loop
[6.609s] DEBUG:colcon.colcon_parallel_executor.executor.parallel:loop closed
[6.609s] DEBUG:colcon.colcon_parallel_executor.executor.parallel:run_until_complete finished with '0'
[6.609s] DEBUG:colcon.colcon_core.event_reactor:joining thread
[6.630s] INFO:colcon.colcon_core.plugin_system:Skipping extension 'colcon_notification.desktop_notification.terminal_notifier': Not used on non-Darwin systems
[6.630s] INFO:colcon.colcon_core.plugin_system:Skipping extension 'colcon_notification.desktop_notification.win32': Not used on non-Windows systems
[6.630s] INFO:colcon.colcon_notification.desktop_notification:Sending desktop notification using 'notify2'
[6.658s] DEBUG:colcon.colcon_core.event_reactor:joined thread
[6.659s] INFO:colcon.colcon_core.shell:Creating prefix script '/home/olivier/ros2_ws/install/local_setup.ps1'
[6.661s] INFO:colcon.colcon_core.shell:Creating prefix util module '/home/olivier/ros2_ws/install/_local_setup_util_ps1.py'
[6.664s] INFO:colcon.colcon_core.shell:Creating prefix chain script '/home/olivier/ros2_ws/install/setup.ps1'
[6.669s] INFO:colcon.colcon_core.shell:Creating prefix script '/home/olivier/ros2_ws/install/local_setup.sh'
[6.670s] INFO:colcon.colcon_core.shell:Creating prefix util module '/home/olivier/ros2_ws/install/_local_setup_util_sh.py'
[6.671s] INFO:colcon.colcon_core.shell:Creating prefix chain script '/home/olivier/ros2_ws/install/setup.sh'
[6.673s] INFO:colcon.colcon_core.shell:Creating prefix script '/home/olivier/ros2_ws/install/local_setup.bash'
[6.676s] INFO:colcon.colcon_core.shell:Creating prefix chain script '/home/olivier/ros2_ws/install/setup.bash'
[6.680s] INFO:colcon.colcon_core.shell:Creating prefix script '/home/olivier/ros2_ws/install/local_setup.zsh'
[6.682s] INFO:colcon.colcon_core.shell:Creating prefix chain script '/home/olivier/ros2_ws/install/setup.zsh'
