[9.192s] Invoking command in '/home/olivier/ros2_ws/src/TurtleBoat-ros2': PYTHONPATH=/home/olivier/ros2_ws/build/turtleboat/prefix_override:/home/olivier/ros2_ws/install/turtleboat/lib/python3.10/site-packages:${PYTHONPATH} /usr/bin/python3 -W ignore:setup.py install is deprecated setup.py egg_info --egg-base ../../build/turtleboat build --build-base /home/olivier/ros2_ws/build/turtleboat/build install --record /home/olivier/ros2_ws/build/turtleboat/install.log --install-scripts $base/lib/turtleboat --single-version-externally-managed install_data
[12.824s] /usr/lib/python3/dist-packages/setuptools/dist.py:723: UserWarning: Usage of dash-separated 'script-dir' will not be supported in future versions. Please use the underscore name 'script_dir' instead
[12.825s]   warnings.warn(
[12.945s] running egg_info
[12.953s] writing ../../build/turtleboat/turtleboat.egg-info/PKG-INFO
[12.959s] writing dependency_links to ../../build/turtleboat/turtleboat.egg-info/dependency_links.txt
[12.960s] writing entry points to ../../build/turtleboat/turtleboat.egg-info/entry_points.txt
[12.961s] writing requirements to ../../build/turtleboat/turtleboat.egg-info/requires.txt
[12.961s] writing top-level names to ../../build/turtleboat/turtleboat.egg-info/top_level.txt
[12.992s] reading manifest file '../../build/turtleboat/turtleboat.egg-info/SOURCES.txt'
[13.010s] writing manifest file '../../build/turtleboat/turtleboat.egg-info/SOURCES.txt'
[13.010s] running build
[13.011s] running build_py
[13.011s] running install
[13.032s] running install_lib
[13.038s] running install_data
[13.044s] running install_egg_info
[13.068s] removing '/home/olivier/ros2_ws/install/turtleboat/lib/python3.10/site-packages/turtleboat-0.0.0-py3.10.egg-info' (and everything under it)
[13.076s] Copying ../../build/turtleboat/turtleboat.egg-info to /home/olivier/ros2_ws/install/turtleboat/lib/python3.10/site-packages/turtleboat-0.0.0-py3.10.egg-info
[13.092s] running install_scripts
[13.396s] Installing turtleboatmain script to /home/olivier/ros2_ws/install/turtleboat/lib/turtleboat
[13.406s] writing list of installed files to '/home/olivier/ros2_ws/build/turtleboat/install.log'
[13.672s] Invoked command in '/home/olivier/ros2_ws/src/TurtleBoat-ros2' returned '0': PYTHONPATH=/home/olivier/ros2_ws/build/turtleboat/prefix_override:/home/olivier/ros2_ws/install/turtleboat/lib/python3.10/site-packages:${PYTHONPATH} /usr/bin/python3 -W ignore:setup.py install is deprecated setup.py egg_info --egg-base ../../build/turtleboat build --build-base /home/olivier/ros2_ws/build/turtleboat/build install --record /home/olivier/ros2_ws/build/turtleboat/install.log --install-scripts $base/lib/turtleboat --single-version-externally-managed install_data
