[0.268s] DEBUG:colcon:Command line arguments: ['/home/olivier/.local/bin/colcon', 'build']
[0.268s] DEBUG:colcon:Parsed command line arguments: Namespace(log_base=None, log_level=None, verb_name='build', build_base='build', install_base='install', merge_install=False, symlink_install=False, test_result_base=None, continue_on_error=False, executor='parallel', parallel_workers=4, event_handlers=None, ignore_user_meta=False, metas=['./colcon.meta'], base_paths=['.'], packages_ignore=None, packages_ignore_regex=None, paths=None, packages_up_to=None, packages_up_to_regex=None, packages_above=None, packages_above_and_dependencies=None, packages_above_depth=None, packages_select_by_dep=None, packages_skip_by_dep=None, packages_skip_up_to=None, packages_select_build_failed=False, packages_skip_build_finished=False, packages_select_test_failures=False, packages_skip_test_passed=False, packages_select=None, packages_skip=None, packages_select_regex=None, packages_skip_regex=None, packages_start=None, packages_end=None, cmake_args=None, cmake_target=None, cmake_target_skip_unavailable=False, cmake_clean_cache=False, cmake_clean_first=False, cmake_force_configure=False, ament_cmake_args=None, catkin_cmake_args=None, catkin_skip_building_tests=False, verb_parser=<colcon_defaults.argument_parser.defaults.DefaultArgumentsDecorator object at 0x718fcf51c2b0>, verb_extension=<colcon_core.verb.build.BuildVerb object at 0x718fcf6e7ca0>, main=<bound method BuildVerb.main of <colcon_core.verb.build.BuildVerb object at 0x718fcf6e7ca0>>)
[0.520s] Level 1:colcon.colcon_core.package_discovery:discover_packages(colcon_meta) check parameters
[0.520s] Level 1:colcon.colcon_core.package_discovery:discover_packages(recursive) check parameters
[0.520s] Level 1:colcon.colcon_core.package_discovery:discover_packages(ignore) check parameters
[0.520s] Level 1:colcon.colcon_core.package_discovery:discover_packages(path) check parameters
[0.520s] Level 1:colcon.colcon_core.package_discovery:discover_packages(colcon_meta) discover
[0.521s] Level 1:colcon.colcon_core.package_discovery:discover_packages(recursive) discover
[0.521s] INFO:colcon.colcon_core.package_discovery:Crawling recursively for packages in '/home/olivier/ros2_ws'
[0.521s] Level 1:colcon.colcon_core.package_identification:_identify(.) by extensions ['ignore', 'ignore_ament_install']
[0.521s] Level 1:colcon.colcon_core.package_identification:_identify(.) by extension 'ignore'
[0.521s] Level 1:colcon.colcon_core.package_identification:_identify(.) by extension 'ignore_ament_install'
[0.521s] Level 1:colcon.colcon_core.package_identification:_identify(.) by extensions ['colcon_pkg']
[0.521s] Level 1:colcon.colcon_core.package_identification:_identify(.) by extension 'colcon_pkg'
[0.521s] Level 1:colcon.colcon_core.package_identification:_identify(.) by extensions ['colcon_meta']
[0.521s] Level 1:colcon.colcon_core.package_identification:_identify(.) by extension 'colcon_meta'
[0.521s] Level 1:colcon.colcon_core.package_identification:_identify(.) by extensions ['ros']
[0.521s] Level 1:colcon.colcon_core.package_identification:_identify(.) by extension 'ros'
[0.533s] Level 1:colcon.colcon_core.package_identification:_identify(.) by extensions ['cmake', 'python']
[0.533s] Level 1:colcon.colcon_core.package_identification:_identify(.) by extension 'cmake'
[0.533s] Level 1:colcon.colcon_core.package_identification:_identify(.) by extension 'python'
[0.533s] Level 1:colcon.colcon_core.package_identification:_identify(.) by extensions ['python_setup_py']
[0.533s] Level 1:colcon.colcon_core.package_identification:_identify(.) by extension 'python_setup_py'
[0.533s] Level 1:colcon.colcon_core.package_identification:_identify(build) by extensions ['ignore', 'ignore_ament_install']
[0.533s] Level 1:colcon.colcon_core.package_identification:_identify(build) by extension 'ignore'
[0.533s] Level 1:colcon.colcon_core.package_identification:_identify(build) ignored
[0.534s] Level 1:colcon.colcon_core.package_identification:_identify(install) by extensions ['ignore', 'ignore_ament_install']
[0.534s] Level 1:colcon.colcon_core.package_identification:_identify(install) by extension 'ignore'
[0.534s] Level 1:colcon.colcon_core.package_identification:_identify(install) ignored
[0.534s] Level 1:colcon.colcon_core.package_identification:_identify(log) by extensions ['ignore', 'ignore_ament_install']
[0.534s] Level 1:colcon.colcon_core.package_identification:_identify(log) by extension 'ignore'
[0.534s] Level 1:colcon.colcon_core.package_identification:_identify(log) ignored
[0.534s] Level 1:colcon.colcon_core.package_identification:_identify(src) by extensions ['ignore', 'ignore_ament_install']
[0.534s] Level 1:colcon.colcon_core.package_identification:_identify(src) by extension 'ignore'
[0.535s] Level 1:colcon.colcon_core.package_identification:_identify(src) by extension 'ignore_ament_install'
[0.535s] Level 1:colcon.colcon_core.package_identification:_identify(src) by extensions ['colcon_pkg']
[0.535s] Level 1:colcon.colcon_core.package_identification:_identify(src) by extension 'colcon_pkg'
[0.535s] Level 1:colcon.colcon_core.package_identification:_identify(src) by extensions ['colcon_meta']
[0.535s] Level 1:colcon.colcon_core.package_identification:_identify(src) by extension 'colcon_meta'
[0.535s] Level 1:colcon.colcon_core.package_identification:_identify(src) by extensions ['ros']
[0.535s] Level 1:colcon.colcon_core.package_identification:_identify(src) by extension 'ros'
[0.535s] Level 1:colcon.colcon_core.package_identification:_identify(src) by extensions ['cmake', 'python']
[0.535s] Level 1:colcon.colcon_core.package_identification:_identify(src) by extension 'cmake'
[0.535s] Level 1:colcon.colcon_core.package_identification:_identify(src) by extension 'python'
[0.535s] Level 1:colcon.colcon_core.package_identification:_identify(src) by extensions ['python_setup_py']
[0.535s] Level 1:colcon.colcon_core.package_identification:_identify(src) by extension 'python_setup_py'
[0.535s] Level 1:colcon.colcon_core.package_identification:_identify(src/TurtleBoat-ros2) by extensions ['ignore', 'ignore_ament_install']
[0.535s] Level 1:colcon.colcon_core.package_identification:_identify(src/TurtleBoat-ros2) by extension 'ignore'
[0.535s] Level 1:colcon.colcon_core.package_identification:_identify(src/TurtleBoat-ros2) by extension 'ignore_ament_install'
[0.536s] Level 1:colcon.colcon_core.package_identification:_identify(src/TurtleBoat-ros2) by extensions ['colcon_pkg']
[0.536s] Level 1:colcon.colcon_core.package_identification:_identify(src/TurtleBoat-ros2) by extension 'colcon_pkg'
[0.536s] Level 1:colcon.colcon_core.package_identification:_identify(src/TurtleBoat-ros2) by extensions ['colcon_meta']
[0.536s] Level 1:colcon.colcon_core.package_identification:_identify(src/TurtleBoat-ros2) by extension 'colcon_meta'
[0.536s] Level 1:colcon.colcon_core.package_identification:_identify(src/TurtleBoat-ros2) by extensions ['ros']
[0.536s] Level 1:colcon.colcon_core.package_identification:_identify(src/TurtleBoat-ros2) by extension 'ros'
[0.539s] DEBUG:colcon.colcon_core.package_identification:Package 'src/TurtleBoat-ros2' with type 'ros.ament_python' and name 'turtleboat'
[0.539s] Level 1:colcon.colcon_core.package_identification:_identify(src/USV_formation_control_1-ros2) by extensions ['ignore', 'ignore_ament_install']
[0.540s] Level 1:colcon.colcon_core.package_identification:_identify(src/USV_formation_control_1-ros2) by extension 'ignore'
[0.540s] Level 1:colcon.colcon_core.package_identification:_identify(src/USV_formation_control_1-ros2) by extension 'ignore_ament_install'
[0.540s] Level 1:colcon.colcon_core.package_identification:_identify(src/USV_formation_control_1-ros2) by extensions ['colcon_pkg']
[0.540s] Level 1:colcon.colcon_core.package_identification:_identify(src/USV_formation_control_1-ros2) by extension 'colcon_pkg'
[0.540s] Level 1:colcon.colcon_core.package_identification:_identify(src/USV_formation_control_1-ros2) by extensions ['colcon_meta']
[0.540s] Level 1:colcon.colcon_core.package_identification:_identify(src/USV_formation_control_1-ros2) by extension 'colcon_meta'
[0.540s] Level 1:colcon.colcon_core.package_identification:_identify(src/USV_formation_control_1-ros2) by extensions ['ros']
[0.540s] Level 1:colcon.colcon_core.package_identification:_identify(src/USV_formation_control_1-ros2) by extension 'ros'
[0.541s] DEBUG:colcon.colcon_core.package_identification:Package 'src/USV_formation_control_1-ros2' with type 'ros.ament_python' and name 'usv_formation_control_1'
[0.541s] Level 1:colcon.colcon_core.package_identification:_identify(src/boat_controller) by extensions ['ignore', 'ignore_ament_install']
[0.541s] Level 1:colcon.colcon_core.package_identification:_identify(src/boat_controller) by extension 'ignore'
[0.541s] Level 1:colcon.colcon_core.package_identification:_identify(src/boat_controller) by extension 'ignore_ament_install'
[0.541s] Level 1:colcon.colcon_core.package_identification:_identify(src/boat_controller) by extensions ['colcon_pkg']
[0.541s] Level 1:colcon.colcon_core.package_identification:_identify(src/boat_controller) by extension 'colcon_pkg'
[0.541s] Level 1:colcon.colcon_core.package_identification:_identify(src/boat_controller) by extensions ['colcon_meta']
[0.541s] Level 1:colcon.colcon_core.package_identification:_identify(src/boat_controller) by extension 'colcon_meta'
[0.541s] Level 1:colcon.colcon_core.package_identification:_identify(src/boat_controller) by extensions ['ros']
[0.542s] Level 1:colcon.colcon_core.package_identification:_identify(src/boat_controller) by extension 'ros'
[0.542s] Level 1:colcon.colcon_core.package_identification:_identify(src/boat_controller) by extensions ['cmake', 'python']
[0.542s] Level 1:colcon.colcon_core.package_identification:_identify(src/boat_controller) by extension 'cmake'
[0.542s] Level 1:colcon.colcon_core.package_identification:_identify(src/boat_controller) by extension 'python'
[0.542s] Level 1:colcon.colcon_core.package_identification:_identify(src/boat_controller) by extensions ['python_setup_py']
[0.542s] Level 1:colcon.colcon_core.package_identification:_identify(src/boat_controller) by extension 'python_setup_py'
[0.542s] Level 1:colcon.colcon_core.package_identification:_identify(src/boat_controller/boat_controller) by extensions ['ignore', 'ignore_ament_install']
[0.542s] Level 1:colcon.colcon_core.package_identification:_identify(src/boat_controller/boat_controller) by extension 'ignore'
[0.542s] Level 1:colcon.colcon_core.package_identification:_identify(src/boat_controller/boat_controller) by extension 'ignore_ament_install'
[0.542s] Level 1:colcon.colcon_core.package_identification:_identify(src/boat_controller/boat_controller) by extensions ['colcon_pkg']
[0.542s] Level 1:colcon.colcon_core.package_identification:_identify(src/boat_controller/boat_controller) by extension 'colcon_pkg'
[0.542s] Level 1:colcon.colcon_core.package_identification:_identify(src/boat_controller/boat_controller) by extensions ['colcon_meta']
[0.542s] Level 1:colcon.colcon_core.package_identification:_identify(src/boat_controller/boat_controller) by extension 'colcon_meta'
[0.542s] Level 1:colcon.colcon_core.package_identification:_identify(src/boat_controller/boat_controller) by extensions ['ros']
[0.542s] Level 1:colcon.colcon_core.package_identification:_identify(src/boat_controller/boat_controller) by extension 'ros'
[0.543s] Level 1:colcon.colcon_core.package_identification:_identify(src/boat_controller/boat_controller) by extensions ['cmake', 'python']
[0.543s] Level 1:colcon.colcon_core.package_identification:_identify(src/boat_controller/boat_controller) by extension 'cmake'
[0.543s] Level 1:colcon.colcon_core.package_identification:_identify(src/boat_controller/boat_controller) by extension 'python'
[0.543s] Level 1:colcon.colcon_core.package_identification:_identify(src/boat_controller/boat_controller) by extensions ['python_setup_py']
[0.543s] Level 1:colcon.colcon_core.package_identification:_identify(src/boat_controller/boat_controller) by extension 'python_setup_py'
[0.543s] Level 1:colcon.colcon_core.package_identification:_identify(src/ras_joystick_control-iron) by extensions ['ignore', 'ignore_ament_install']
[0.543s] Level 1:colcon.colcon_core.package_identification:_identify(src/ras_joystick_control-iron) by extension 'ignore'
[0.543s] Level 1:colcon.colcon_core.package_identification:_identify(src/ras_joystick_control-iron) by extension 'ignore_ament_install'
[0.543s] Level 1:colcon.colcon_core.package_identification:_identify(src/ras_joystick_control-iron) by extensions ['colcon_pkg']
[0.543s] Level 1:colcon.colcon_core.package_identification:_identify(src/ras_joystick_control-iron) by extension 'colcon_pkg'
[0.543s] Level 1:colcon.colcon_core.package_identification:_identify(src/ras_joystick_control-iron) by extensions ['colcon_meta']
[0.543s] Level 1:colcon.colcon_core.package_identification:_identify(src/ras_joystick_control-iron) by extension 'colcon_meta'
[0.543s] Level 1:colcon.colcon_core.package_identification:_identify(src/ras_joystick_control-iron) by extensions ['ros']
[0.543s] Level 1:colcon.colcon_core.package_identification:_identify(src/ras_joystick_control-iron) by extension 'ros'
[0.544s] DEBUG:colcon.colcon_core.package_identification:Package 'src/ras_joystick_control-iron' with type 'ros.ament_python' and name 'joystick_control_ras'
[0.544s] Level 1:colcon.colcon_core.package_identification:_identify(src/ras_ros_core_control_modules-main) by extensions ['ignore', 'ignore_ament_install']
[0.544s] Level 1:colcon.colcon_core.package_identification:_identify(src/ras_ros_core_control_modules-main) by extension 'ignore'
[0.545s] Level 1:colcon.colcon_core.package_identification:_identify(src/ras_ros_core_control_modules-main) by extension 'ignore_ament_install'
[0.545s] Level 1:colcon.colcon_core.package_identification:_identify(src/ras_ros_core_control_modules-main) by extensions ['colcon_pkg']
[0.545s] Level 1:colcon.colcon_core.package_identification:_identify(src/ras_ros_core_control_modules-main) by extension 'colcon_pkg'
[0.545s] Level 1:colcon.colcon_core.package_identification:_identify(src/ras_ros_core_control_modules-main) by extensions ['colcon_meta']
[0.545s] Level 1:colcon.colcon_core.package_identification:_identify(src/ras_ros_core_control_modules-main) by extension 'colcon_meta'
[0.545s] Level 1:colcon.colcon_core.package_identification:_identify(src/ras_ros_core_control_modules-main) by extensions ['ros']
[0.545s] Level 1:colcon.colcon_core.package_identification:_identify(src/ras_ros_core_control_modules-main) by extension 'ros'
[0.545s] DEBUG:colcon.colcon_core.package_identification:Package 'src/ras_ros_core_control_modules-main' with type 'ros.ament_python' and name 'ras_ros_core_control_modules'
[0.546s] Level 1:colcon.colcon_core.package_identification:_identify(src/ras_urdf_common-main) by extensions ['ignore', 'ignore_ament_install']
[0.546s] Level 1:colcon.colcon_core.package_identification:_identify(src/ras_urdf_common-main) by extension 'ignore'
[0.546s] Level 1:colcon.colcon_core.package_identification:_identify(src/ras_urdf_common-main) by extension 'ignore_ament_install'
[0.546s] Level 1:colcon.colcon_core.package_identification:_identify(src/ras_urdf_common-main) by extensions ['colcon_pkg']
[0.546s] Level 1:colcon.colcon_core.package_identification:_identify(src/ras_urdf_common-main) by extension 'colcon_pkg'
[0.546s] Level 1:colcon.colcon_core.package_identification:_identify(src/ras_urdf_common-main) by extensions ['colcon_meta']
[0.546s] Level 1:colcon.colcon_core.package_identification:_identify(src/ras_urdf_common-main) by extension 'colcon_meta'
[0.546s] Level 1:colcon.colcon_core.package_identification:_identify(src/ras_urdf_common-main) by extensions ['ros']
[0.546s] Level 1:colcon.colcon_core.package_identification:_identify(src/ras_urdf_common-main) by extension 'ros'
[0.547s] DEBUG:colcon.colcon_core.package_identification:Package 'src/ras_urdf_common-main' with type 'ros.ament_cmake' and name 'ras_urdf_common'
[0.547s] Level 1:colcon.colcon_core.package_identification:_identify(src/swarm_controller_1) by extensions ['ignore', 'ignore_ament_install']
[0.549s] Level 1:colcon.colcon_core.package_identification:_identify(src/swarm_controller_1) by extension 'ignore'
[0.549s] Level 1:colcon.colcon_core.package_identification:_identify(src/swarm_controller_1) by extension 'ignore_ament_install'
[0.549s] Level 1:colcon.colcon_core.package_identification:_identify(src/swarm_controller_1) by extensions ['colcon_pkg']
[0.549s] Level 1:colcon.colcon_core.package_identification:_identify(src/swarm_controller_1) by extension 'colcon_pkg'
[0.549s] Level 1:colcon.colcon_core.package_identification:_identify(src/swarm_controller_1) by extensions ['colcon_meta']
[0.549s] Level 1:colcon.colcon_core.package_identification:_identify(src/swarm_controller_1) by extension 'colcon_meta'
[0.549s] Level 1:colcon.colcon_core.package_identification:_identify(src/swarm_controller_1) by extensions ['ros']
[0.549s] Level 1:colcon.colcon_core.package_identification:_identify(src/swarm_controller_1) by extension 'ros'
[0.550s] DEBUG:colcon.colcon_core.package_identification:Package 'src/swarm_controller_1' with type 'ros.ament_python' and name 'boat_controller'
[0.550s] Level 1:colcon.colcon_core.package_identification:_identify(src/tf_callback) by extensions ['ignore', 'ignore_ament_install']
[0.550s] Level 1:colcon.colcon_core.package_identification:_identify(src/tf_callback) by extension 'ignore'
[0.550s] Level 1:colcon.colcon_core.package_identification:_identify(src/tf_callback) by extension 'ignore_ament_install'
[0.550s] Level 1:colcon.colcon_core.package_identification:_identify(src/tf_callback) by extensions ['colcon_pkg']
[0.550s] Level 1:colcon.colcon_core.package_identification:_identify(src/tf_callback) by extension 'colcon_pkg'
[0.550s] Level 1:colcon.colcon_core.package_identification:_identify(src/tf_callback) by extensions ['colcon_meta']
[0.550s] Level 1:colcon.colcon_core.package_identification:_identify(src/tf_callback) by extension 'colcon_meta'
[0.550s] Level 1:colcon.colcon_core.package_identification:_identify(src/tf_callback) by extensions ['ros']
[0.550s] Level 1:colcon.colcon_core.package_identification:_identify(src/tf_callback) by extension 'ros'
[0.551s] DEBUG:colcon.colcon_core.package_identification:Package 'src/tf_callback' with type 'ros.ament_python' and name 'tf_callback'
[0.552s] Level 1:colcon.colcon_core.package_identification:_identify(venv) by extensions ['ignore', 'ignore_ament_install']
[0.552s] Level 1:colcon.colcon_core.package_identification:_identify(venv) by extension 'ignore'
[0.552s] Level 1:colcon.colcon_core.package_identification:_identify(venv) by extension 'ignore_ament_install'
[0.552s] Level 1:colcon.colcon_core.package_identification:_identify(venv) by extensions ['colcon_pkg']
[0.552s] Level 1:colcon.colcon_core.package_identification:_identify(venv) by extension 'colcon_pkg'
[0.552s] Level 1:colcon.colcon_core.package_identification:_identify(venv) by extensions ['colcon_meta']
[0.552s] Level 1:colcon.colcon_core.package_identification:_identify(venv) by extension 'colcon_meta'
[0.552s] Level 1:colcon.colcon_core.package_identification:_identify(venv) by extensions ['ros']
[0.552s] Level 1:colcon.colcon_core.package_identification:_identify(venv) by extension 'ros'
[0.552s] Level 1:colcon.colcon_core.package_identification:_identify(venv) by extensions ['cmake', 'python']
[0.552s] Level 1:colcon.colcon_core.package_identification:_identify(venv) by extension 'cmake'
[0.552s] Level 1:colcon.colcon_core.package_identification:_identify(venv) by extension 'python'
[0.552s] Level 1:colcon.colcon_core.package_identification:_identify(venv) by extensions ['python_setup_py']
[0.552s] Level 1:colcon.colcon_core.package_identification:_identify(venv) by extension 'python_setup_py'
[0.553s] Level 1:colcon.colcon_core.package_identification:_identify(venv/bin) by extensions ['ignore', 'ignore_ament_install']
[0.553s] Level 1:colcon.colcon_core.package_identification:_identify(venv/bin) by extension 'ignore'
[0.553s] Level 1:colcon.colcon_core.package_identification:_identify(venv/bin) by extension 'ignore_ament_install'
[0.553s] Level 1:colcon.colcon_core.package_identification:_identify(venv/bin) by extensions ['colcon_pkg']
[0.553s] Level 1:colcon.colcon_core.package_identification:_identify(venv/bin) by extension 'colcon_pkg'
[0.553s] Level 1:colcon.colcon_core.package_identification:_identify(venv/bin) by extensions ['colcon_meta']
[0.553s] Level 1:colcon.colcon_core.package_identification:_identify(venv/bin) by extension 'colcon_meta'
[0.553s] Level 1:colcon.colcon_core.package_identification:_identify(venv/bin) by extensions ['ros']
[0.553s] Level 1:colcon.colcon_core.package_identification:_identify(venv/bin) by extension 'ros'
[0.553s] Level 1:colcon.colcon_core.package_identification:_identify(venv/bin) by extensions ['cmake', 'python']
[0.553s] Level 1:colcon.colcon_core.package_identification:_identify(venv/bin) by extension 'cmake'
[0.553s] Level 1:colcon.colcon_core.package_identification:_identify(venv/bin) by extension 'python'
[0.553s] Level 1:colcon.colcon_core.package_identification:_identify(venv/bin) by extensions ['python_setup_py']
[0.553s] Level 1:colcon.colcon_core.package_identification:_identify(venv/bin) by extension 'python_setup_py'
[0.554s] Level 1:colcon.colcon_core.package_identification:_identify(venv/include) by extensions ['ignore', 'ignore_ament_install']
[0.554s] Level 1:colcon.colcon_core.package_identification:_identify(venv/include) by extension 'ignore'
[0.554s] Level 1:colcon.colcon_core.package_identification:_identify(venv/include) by extension 'ignore_ament_install'
[0.554s] Level 1:colcon.colcon_core.package_identification:_identify(venv/include) by extensions ['colcon_pkg']
[0.554s] Level 1:colcon.colcon_core.package_identification:_identify(venv/include) by extension 'colcon_pkg'
[0.554s] Level 1:colcon.colcon_core.package_identification:_identify(venv/include) by extensions ['colcon_meta']
[0.554s] Level 1:colcon.colcon_core.package_identification:_identify(venv/include) by extension 'colcon_meta'
[0.554s] Level 1:colcon.colcon_core.package_identification:_identify(venv/include) by extensions ['ros']
[0.554s] Level 1:colcon.colcon_core.package_identification:_identify(venv/include) by extension 'ros'
[0.554s] Level 1:colcon.colcon_core.package_identification:_identify(venv/include) by extensions ['cmake', 'python']
[0.554s] Level 1:colcon.colcon_core.package_identification:_identify(venv/include) by extension 'cmake'
[0.554s] Level 1:colcon.colcon_core.package_identification:_identify(venv/include) by extension 'python'
[0.554s] Level 1:colcon.colcon_core.package_identification:_identify(venv/include) by extensions ['python_setup_py']
[0.554s] Level 1:colcon.colcon_core.package_identification:_identify(venv/include) by extension 'python_setup_py'
[0.555s] Level 1:colcon.colcon_core.package_identification:_identify(venv/lib) by extensions ['ignore', 'ignore_ament_install']
[0.555s] Level 1:colcon.colcon_core.package_identification:_identify(venv/lib) by extension 'ignore'
[0.555s] Level 1:colcon.colcon_core.package_identification:_identify(venv/lib) by extension 'ignore_ament_install'
[0.555s] Level 1:colcon.colcon_core.package_identification:_identify(venv/lib) by extensions ['colcon_pkg']
[0.555s] Level 1:colcon.colcon_core.package_identification:_identify(venv/lib) by extension 'colcon_pkg'
[0.555s] Level 1:colcon.colcon_core.package_identification:_identify(venv/lib) by extensions ['colcon_meta']
[0.555s] Level 1:colcon.colcon_core.package_identification:_identify(venv/lib) by extension 'colcon_meta'
[0.555s] Level 1:colcon.colcon_core.package_identification:_identify(venv/lib) by extensions ['ros']
[0.555s] Level 1:colcon.colcon_core.package_identification:_identify(venv/lib) by extension 'ros'
[0.555s] Level 1:colcon.colcon_core.package_identification:_identify(venv/lib) by extensions ['cmake', 'python']
[0.555s] Level 1:colcon.colcon_core.package_identification:_identify(venv/lib) by extension 'cmake'
[0.555s] Level 1:colcon.colcon_core.package_identification:_identify(venv/lib) by extension 'python'
[0.555s] Level 1:colcon.colcon_core.package_identification:_identify(venv/lib) by extensions ['python_setup_py']
[0.555s] Level 1:colcon.colcon_core.package_identification:_identify(venv/lib) by extension 'python_setup_py'
[0.555s] Level 1:colcon.colcon_core.package_identification:_identify(venv/lib/python3.10) by extensions ['ignore', 'ignore_ament_install']
[0.556s] Level 1:colcon.colcon_core.package_identification:_identify(venv/lib/python3.10) by extension 'ignore'
[0.556s] Level 1:colcon.colcon_core.package_identification:_identify(venv/lib/python3.10) by extension 'ignore_ament_install'
[0.556s] Level 1:colcon.colcon_core.package_identification:_identify(venv/lib/python3.10) by extensions ['colcon_pkg']
[0.556s] Level 1:colcon.colcon_core.package_identification:_identify(venv/lib/python3.10) by extension 'colcon_pkg'
[0.556s] Level 1:colcon.colcon_core.package_identification:_identify(venv/lib/python3.10) by extensions ['colcon_meta']
[0.556s] Level 1:colcon.colcon_core.package_identification:_identify(venv/lib/python3.10) by extension 'colcon_meta'
[0.556s] Level 1:colcon.colcon_core.package_identification:_identify(venv/lib/python3.10) by extensions ['ros']
[0.556s] Level 1:colcon.colcon_core.package_identification:_identify(venv/lib/python3.10) by extension 'ros'
[0.556s] Level 1:colcon.colcon_core.package_identification:_identify(venv/lib/python3.10) by extensions ['cmake', 'python']
[0.556s] Level 1:colcon.colcon_core.package_identification:_identify(venv/lib/python3.10) by extension 'cmake'
[0.556s] Level 1:colcon.colcon_core.package_identification:_identify(venv/lib/python3.10) by extension 'python'
[0.556s] Level 1:colcon.colcon_core.package_identification:_identify(venv/lib/python3.10) by extensions ['python_setup_py']
[0.556s] Level 1:colcon.colcon_core.package_identification:_identify(venv/lib/python3.10) by extension 'python_setup_py'
[0.556s] Level 1:colcon.colcon_core.package_identification:_identify(venv/lib/python3.10/site-packages) by extensions ['ignore', 'ignore_ament_install']
[0.556s] Level 1:colcon.colcon_core.package_identification:_identify(venv/lib/python3.10/site-packages) by extension 'ignore'
[0.557s] Level 1:colcon.colcon_core.package_identification:_identify(venv/lib/python3.10/site-packages) by extension 'ignore_ament_install'
[0.557s] Level 1:colcon.colcon_core.package_identification:_identify(venv/lib/python3.10/site-packages) by extensions ['colcon_pkg']
[0.557s] Level 1:colcon.colcon_core.package_identification:_identify(venv/lib/python3.10/site-packages) by extension 'colcon_pkg'
[0.557s] Level 1:colcon.colcon_core.package_identification:_identify(venv/lib/python3.10/site-packages) by extensions ['colcon_meta']
[0.557s] Level 1:colcon.colcon_core.package_identification:_identify(venv/lib/python3.10/site-packages) by extension 'colcon_meta'
[0.557s] Level 1:colcon.colcon_core.package_identification:_identify(venv/lib/python3.10/site-packages) by extensions ['ros']
[0.557s] Level 1:colcon.colcon_core.package_identification:_identify(venv/lib/python3.10/site-packages) by extension 'ros'
[0.557s] Level 1:colcon.colcon_core.package_identification:_identify(venv/lib/python3.10/site-packages) by extensions ['cmake', 'python']
[0.557s] Level 1:colcon.colcon_core.package_identification:_identify(venv/lib/python3.10/site-packages) by extension 'cmake'
[0.557s] Level 1:colcon.colcon_core.package_identification:_identify(venv/lib/python3.10/site-packages) by extension 'python'
[0.557s] Level 1:colcon.colcon_core.package_identification:_identify(venv/lib/python3.10/site-packages) by extensions ['python_setup_py']
[0.557s] Level 1:colcon.colcon_core.package_identification:_identify(venv/lib/python3.10/site-packages) by extension 'python_setup_py'
[0.557s] Level 1:colcon.colcon_core.package_discovery:discover_packages(recursive) using defaults
[0.557s] Level 1:colcon.colcon_core.package_discovery:discover_packages(ignore) discover
[0.557s] Level 1:colcon.colcon_core.package_discovery:discover_packages(ignore) using defaults
[0.557s] Level 1:colcon.colcon_core.package_discovery:discover_packages(path) discover
[0.557s] Level 1:colcon.colcon_core.package_discovery:discover_packages(path) using defaults
[0.590s] Level 5:colcon.colcon_core.verb:set package 'boat_controller' build argument 'cmake_args' from command line to 'None'
[0.590s] Level 5:colcon.colcon_core.verb:set package 'boat_controller' build argument 'cmake_target' from command line to 'None'
[0.590s] Level 5:colcon.colcon_core.verb:set package 'boat_controller' build argument 'cmake_target_skip_unavailable' from command line to 'False'
[0.590s] Level 5:colcon.colcon_core.verb:set package 'boat_controller' build argument 'cmake_clean_cache' from command line to 'False'
[0.590s] Level 5:colcon.colcon_core.verb:set package 'boat_controller' build argument 'cmake_clean_first' from command line to 'False'
[0.590s] Level 5:colcon.colcon_core.verb:set package 'boat_controller' build argument 'cmake_force_configure' from command line to 'False'
[0.590s] Level 5:colcon.colcon_core.verb:set package 'boat_controller' build argument 'ament_cmake_args' from command line to 'None'
[0.590s] Level 5:colcon.colcon_core.verb:set package 'boat_controller' build argument 'catkin_cmake_args' from command line to 'None'
[0.590s] Level 5:colcon.colcon_core.verb:set package 'boat_controller' build argument 'catkin_skip_building_tests' from command line to 'False'
[0.590s] DEBUG:colcon.colcon_core.verb:Building package 'boat_controller' with the following arguments: {'ament_cmake_args': None, 'build_base': '/home/olivier/ros2_ws/build/boat_controller', 'catkin_cmake_args': None, 'catkin_skip_building_tests': False, 'cmake_args': None, 'cmake_clean_cache': False, 'cmake_clean_first': False, 'cmake_force_configure': False, 'cmake_target': None, 'cmake_target_skip_unavailable': False, 'install_base': '/home/olivier/ros2_ws/install/boat_controller', 'merge_install': False, 'path': '/home/olivier/ros2_ws/src/swarm_controller_1', 'symlink_install': False, 'test_result_base': None}
[0.591s] Level 5:colcon.colcon_core.verb:set package 'joystick_control_ras' build argument 'cmake_args' from command line to 'None'
[0.591s] Level 5:colcon.colcon_core.verb:set package 'joystick_control_ras' build argument 'cmake_target' from command line to 'None'
[0.591s] Level 5:colcon.colcon_core.verb:set package 'joystick_control_ras' build argument 'cmake_target_skip_unavailable' from command line to 'False'
[0.591s] Level 5:colcon.colcon_core.verb:set package 'joystick_control_ras' build argument 'cmake_clean_cache' from command line to 'False'
[0.591s] Level 5:colcon.colcon_core.verb:set package 'joystick_control_ras' build argument 'cmake_clean_first' from command line to 'False'
[0.591s] Level 5:colcon.colcon_core.verb:set package 'joystick_control_ras' build argument 'cmake_force_configure' from command line to 'False'
[0.591s] Level 5:colcon.colcon_core.verb:set package 'joystick_control_ras' build argument 'ament_cmake_args' from command line to 'None'
[0.591s] Level 5:colcon.colcon_core.verb:set package 'joystick_control_ras' build argument 'catkin_cmake_args' from command line to 'None'
[0.591s] Level 5:colcon.colcon_core.verb:set package 'joystick_control_ras' build argument 'catkin_skip_building_tests' from command line to 'False'
[0.591s] DEBUG:colcon.colcon_core.verb:Building package 'joystick_control_ras' with the following arguments: {'ament_cmake_args': None, 'build_base': '/home/olivier/ros2_ws/build/joystick_control_ras', 'catkin_cmake_args': None, 'catkin_skip_building_tests': False, 'cmake_args': None, 'cmake_clean_cache': False, 'cmake_clean_first': False, 'cmake_force_configure': False, 'cmake_target': None, 'cmake_target_skip_unavailable': False, 'install_base': '/home/olivier/ros2_ws/install/joystick_control_ras', 'merge_install': False, 'path': '/home/olivier/ros2_ws/src/ras_joystick_control-iron', 'symlink_install': False, 'test_result_base': None}
[0.591s] Level 5:colcon.colcon_core.verb:set package 'ras_ros_core_control_modules' build argument 'cmake_args' from command line to 'None'
[0.591s] Level 5:colcon.colcon_core.verb:set package 'ras_ros_core_control_modules' build argument 'cmake_target' from command line to 'None'
[0.591s] Level 5:colcon.colcon_core.verb:set package 'ras_ros_core_control_modules' build argument 'cmake_target_skip_unavailable' from command line to 'False'
[0.591s] Level 5:colcon.colcon_core.verb:set package 'ras_ros_core_control_modules' build argument 'cmake_clean_cache' from command line to 'False'
[0.591s] Level 5:colcon.colcon_core.verb:set package 'ras_ros_core_control_modules' build argument 'cmake_clean_first' from command line to 'False'
[0.591s] Level 5:colcon.colcon_core.verb:set package 'ras_ros_core_control_modules' build argument 'cmake_force_configure' from command line to 'False'
[0.591s] Level 5:colcon.colcon_core.verb:set package 'ras_ros_core_control_modules' build argument 'ament_cmake_args' from command line to 'None'
[0.591s] Level 5:colcon.colcon_core.verb:set package 'ras_ros_core_control_modules' build argument 'catkin_cmake_args' from command line to 'None'
[0.591s] Level 5:colcon.colcon_core.verb:set package 'ras_ros_core_control_modules' build argument 'catkin_skip_building_tests' from command line to 'False'
[0.592s] DEBUG:colcon.colcon_core.verb:Building package 'ras_ros_core_control_modules' with the following arguments: {'ament_cmake_args': None, 'build_base': '/home/olivier/ros2_ws/build/ras_ros_core_control_modules', 'catkin_cmake_args': None, 'catkin_skip_building_tests': False, 'cmake_args': None, 'cmake_clean_cache': False, 'cmake_clean_first': False, 'cmake_force_configure': False, 'cmake_target': None, 'cmake_target_skip_unavailable': False, 'install_base': '/home/olivier/ros2_ws/install/ras_ros_core_control_modules', 'merge_install': False, 'path': '/home/olivier/ros2_ws/src/ras_ros_core_control_modules-main', 'symlink_install': False, 'test_result_base': None}
[0.592s] Level 5:colcon.colcon_core.verb:set package 'ras_urdf_common' build argument 'cmake_args' from command line to 'None'
[0.592s] Level 5:colcon.colcon_core.verb:set package 'ras_urdf_common' build argument 'cmake_target' from command line to 'None'
[0.592s] Level 5:colcon.colcon_core.verb:set package 'ras_urdf_common' build argument 'cmake_target_skip_unavailable' from command line to 'False'
[0.592s] Level 5:colcon.colcon_core.verb:set package 'ras_urdf_common' build argument 'cmake_clean_cache' from command line to 'False'
[0.592s] Level 5:colcon.colcon_core.verb:set package 'ras_urdf_common' build argument 'cmake_clean_first' from command line to 'False'
[0.592s] Level 5:colcon.colcon_core.verb:set package 'ras_urdf_common' build argument 'cmake_force_configure' from command line to 'False'
[0.592s] Level 5:colcon.colcon_core.verb:set package 'ras_urdf_common' build argument 'ament_cmake_args' from command line to 'None'
[0.592s] Level 5:colcon.colcon_core.verb:set package 'ras_urdf_common' build argument 'catkin_cmake_args' from command line to 'None'
[0.592s] Level 5:colcon.colcon_core.verb:set package 'ras_urdf_common' build argument 'catkin_skip_building_tests' from command line to 'False'
[0.592s] DEBUG:colcon.colcon_core.verb:Building package 'ras_urdf_common' with the following arguments: {'ament_cmake_args': None, 'build_base': '/home/olivier/ros2_ws/build/ras_urdf_common', 'catkin_cmake_args': None, 'catkin_skip_building_tests': False, 'cmake_args': None, 'cmake_clean_cache': False, 'cmake_clean_first': False, 'cmake_force_configure': False, 'cmake_target': None, 'cmake_target_skip_unavailable': False, 'install_base': '/home/olivier/ros2_ws/install/ras_urdf_common', 'merge_install': False, 'path': '/home/olivier/ros2_ws/src/ras_urdf_common-main', 'symlink_install': False, 'test_result_base': None}
[0.592s] Level 5:colcon.colcon_core.verb:set package 'tf_callback' build argument 'cmake_args' from command line to 'None'
[0.592s] Level 5:colcon.colcon_core.verb:set package 'tf_callback' build argument 'cmake_target' from command line to 'None'
[0.592s] Level 5:colcon.colcon_core.verb:set package 'tf_callback' build argument 'cmake_target_skip_unavailable' from command line to 'False'
[0.592s] Level 5:colcon.colcon_core.verb:set package 'tf_callback' build argument 'cmake_clean_cache' from command line to 'False'
[0.593s] Level 5:colcon.colcon_core.verb:set package 'tf_callback' build argument 'cmake_clean_first' from command line to 'False'
[0.593s] Level 5:colcon.colcon_core.verb:set package 'tf_callback' build argument 'cmake_force_configure' from command line to 'False'
[0.593s] Level 5:colcon.colcon_core.verb:set package 'tf_callback' build argument 'ament_cmake_args' from command line to 'None'
[0.593s] Level 5:colcon.colcon_core.verb:set package 'tf_callback' build argument 'catkin_cmake_args' from command line to 'None'
[0.593s] Level 5:colcon.colcon_core.verb:set package 'tf_callback' build argument 'catkin_skip_building_tests' from command line to 'False'
[0.593s] DEBUG:colcon.colcon_core.verb:Building package 'tf_callback' with the following arguments: {'ament_cmake_args': None, 'build_base': '/home/olivier/ros2_ws/build/tf_callback', 'catkin_cmake_args': None, 'catkin_skip_building_tests': False, 'cmake_args': None, 'cmake_clean_cache': False, 'cmake_clean_first': False, 'cmake_force_configure': False, 'cmake_target': None, 'cmake_target_skip_unavailable': False, 'install_base': '/home/olivier/ros2_ws/install/tf_callback', 'merge_install': False, 'path': '/home/olivier/ros2_ws/src/tf_callback', 'symlink_install': False, 'test_result_base': None}
[0.593s] Level 5:colcon.colcon_core.verb:set package 'turtleboat' build argument 'cmake_args' from command line to 'None'
[0.593s] Level 5:colcon.colcon_core.verb:set package 'turtleboat' build argument 'cmake_target' from command line to 'None'
[0.593s] Level 5:colcon.colcon_core.verb:set package 'turtleboat' build argument 'cmake_target_skip_unavailable' from command line to 'False'
[0.593s] Level 5:colcon.colcon_core.verb:set package 'turtleboat' build argument 'cmake_clean_cache' from command line to 'False'
[0.593s] Level 5:colcon.colcon_core.verb:set package 'turtleboat' build argument 'cmake_clean_first' from command line to 'False'
[0.593s] Level 5:colcon.colcon_core.verb:set package 'turtleboat' build argument 'cmake_force_configure' from command line to 'False'
[0.593s] Level 5:colcon.colcon_core.verb:set package 'turtleboat' build argument 'ament_cmake_args' from command line to 'None'
[0.593s] Level 5:colcon.colcon_core.verb:set package 'turtleboat' build argument 'catkin_cmake_args' from command line to 'None'
[0.593s] Level 5:colcon.colcon_core.verb:set package 'turtleboat' build argument 'catkin_skip_building_tests' from command line to 'False'
[0.593s] DEBUG:colcon.colcon_core.verb:Building package 'turtleboat' with the following arguments: {'ament_cmake_args': None, 'build_base': '/home/olivier/ros2_ws/build/turtleboat', 'catkin_cmake_args': None, 'catkin_skip_building_tests': False, 'cmake_args': None, 'cmake_clean_cache': False, 'cmake_clean_first': False, 'cmake_force_configure': False, 'cmake_target': None, 'cmake_target_skip_unavailable': False, 'install_base': '/home/olivier/ros2_ws/install/turtleboat', 'merge_install': False, 'path': '/home/olivier/ros2_ws/src/TurtleBoat-ros2', 'symlink_install': False, 'test_result_base': None}
[0.594s] Level 5:colcon.colcon_core.verb:set package 'usv_formation_control_1' build argument 'cmake_args' from command line to 'None'
[0.594s] Level 5:colcon.colcon_core.verb:set package 'usv_formation_control_1' build argument 'cmake_target' from command line to 'None'
[0.594s] Level 5:colcon.colcon_core.verb:set package 'usv_formation_control_1' build argument 'cmake_target_skip_unavailable' from command line to 'False'
[0.594s] Level 5:colcon.colcon_core.verb:set package 'usv_formation_control_1' build argument 'cmake_clean_cache' from command line to 'False'
[0.594s] Level 5:colcon.colcon_core.verb:set package 'usv_formation_control_1' build argument 'cmake_clean_first' from command line to 'False'
[0.594s] Level 5:colcon.colcon_core.verb:set package 'usv_formation_control_1' build argument 'cmake_force_configure' from command line to 'False'
[0.594s] Level 5:colcon.colcon_core.verb:set package 'usv_formation_control_1' build argument 'ament_cmake_args' from command line to 'None'
[0.594s] Level 5:colcon.colcon_core.verb:set package 'usv_formation_control_1' build argument 'catkin_cmake_args' from command line to 'None'
[0.594s] Level 5:colcon.colcon_core.verb:set package 'usv_formation_control_1' build argument 'catkin_skip_building_tests' from command line to 'False'
[0.594s] DEBUG:colcon.colcon_core.verb:Building package 'usv_formation_control_1' with the following arguments: {'ament_cmake_args': None, 'build_base': '/home/olivier/ros2_ws/build/usv_formation_control_1', 'catkin_cmake_args': None, 'catkin_skip_building_tests': False, 'cmake_args': None, 'cmake_clean_cache': False, 'cmake_clean_first': False, 'cmake_force_configure': False, 'cmake_target': None, 'cmake_target_skip_unavailable': False, 'install_base': '/home/olivier/ros2_ws/install/usv_formation_control_1', 'merge_install': False, 'path': '/home/olivier/ros2_ws/src/USV_formation_control_1-ros2', 'symlink_install': False, 'test_result_base': None}
[0.594s] INFO:colcon.colcon_core.executor:Executing jobs using 'parallel' executor
[0.595s] DEBUG:colcon.colcon_parallel_executor.executor.parallel:run_until_complete
[0.596s] INFO:colcon.colcon_ros.task.ament_python.build:Building ROS package in '/home/olivier/ros2_ws/src/swarm_controller_1' with build type 'ament_python'
[0.596s] Level 1:colcon.colcon_core.shell:create_environment_hook('boat_controller', 'ament_prefix_path')
[0.601s] INFO:colcon.colcon_core.plugin_system:Skipping extension 'colcon_core.shell.bat': Not used on non-Windows systems
[0.601s] INFO:colcon.colcon_core.shell:Creating environment hook '/home/olivier/ros2_ws/install/boat_controller/share/boat_controller/hook/ament_prefix_path.ps1'
[0.602s] INFO:colcon.colcon_core.shell:Creating environment descriptor '/home/olivier/ros2_ws/install/boat_controller/share/boat_controller/hook/ament_prefix_path.dsv'
[0.603s] INFO:colcon.colcon_core.shell:Creating environment hook '/home/olivier/ros2_ws/install/boat_controller/share/boat_controller/hook/ament_prefix_path.sh'
[0.604s] INFO:colcon.colcon_core.shell:Skip shell extension 'powershell' for command environment: Not usable outside of PowerShell
[0.604s] DEBUG:colcon.colcon_core.shell:Skip shell extension 'dsv' for command environment
[0.617s] INFO:colcon.colcon_ros.task.ament_python.build:Building ROS package in '/home/olivier/ros2_ws/src/ras_joystick_control-iron' with build type 'ament_python'
[0.618s] Level 1:colcon.colcon_core.shell:create_environment_hook('joystick_control_ras', 'ament_prefix_path')
[0.618s] INFO:colcon.colcon_core.shell:Creating environment hook '/home/olivier/ros2_ws/install/joystick_control_ras/share/joystick_control_ras/hook/ament_prefix_path.ps1'
[0.619s] INFO:colcon.colcon_core.shell:Creating environment descriptor '/home/olivier/ros2_ws/install/joystick_control_ras/share/joystick_control_ras/hook/ament_prefix_path.dsv'
[0.619s] INFO:colcon.colcon_core.shell:Creating environment hook '/home/olivier/ros2_ws/install/joystick_control_ras/share/joystick_control_ras/hook/ament_prefix_path.sh'
[0.620s] INFO:colcon.colcon_core.shell:Skip shell extension 'powershell' for command environment: Not usable outside of PowerShell
[0.620s] DEBUG:colcon.colcon_core.shell:Skip shell extension 'dsv' for command environment
[0.626s] INFO:colcon.colcon_ros.task.ament_python.build:Building ROS package in '/home/olivier/ros2_ws/src/ras_ros_core_control_modules-main' with build type 'ament_python'
[0.627s] Level 1:colcon.colcon_core.shell:create_environment_hook('ras_ros_core_control_modules', 'ament_prefix_path')
[0.627s] INFO:colcon.colcon_core.shell:Creating environment hook '/home/olivier/ros2_ws/install/ras_ros_core_control_modules/share/ras_ros_core_control_modules/hook/ament_prefix_path.ps1'
[0.628s] INFO:colcon.colcon_core.shell:Creating environment descriptor '/home/olivier/ros2_ws/install/ras_ros_core_control_modules/share/ras_ros_core_control_modules/hook/ament_prefix_path.dsv'
[0.629s] INFO:colcon.colcon_core.shell:Creating environment hook '/home/olivier/ros2_ws/install/ras_ros_core_control_modules/share/ras_ros_core_control_modules/hook/ament_prefix_path.sh'
[0.629s] INFO:colcon.colcon_core.shell:Skip shell extension 'powershell' for command environment: Not usable outside of PowerShell
[0.629s] DEBUG:colcon.colcon_core.shell:Skip shell extension 'dsv' for command environment
[0.634s] INFO:colcon.colcon_ros.task.ament_cmake.build:Building ROS package in '/home/olivier/ros2_ws/src/ras_urdf_common-main' with build type 'ament_cmake'
[0.634s] INFO:colcon.colcon_cmake.task.cmake.build:Building CMake package in '/home/olivier/ros2_ws/src/ras_urdf_common-main'
[0.635s] INFO:colcon.colcon_core.shell:Skip shell extension 'powershell' for command environment: Not usable outside of PowerShell
[0.635s] DEBUG:colcon.colcon_core.shell:Skip shell extension 'dsv' for command environment
[0.915s] INFO:colcon.colcon_core.task.python.build:Building Python package in '/home/olivier/ros2_ws/src/swarm_controller_1'
[0.915s] INFO:colcon.colcon_core.shell:Skip shell extension 'powershell' for command environment: Not usable outside of PowerShell
[0.915s] DEBUG:colcon.colcon_core.shell:Skip shell extension 'dsv' for command environment
[1.191s] INFO:colcon.colcon_core.task.python.build:Building Python package in '/home/olivier/ros2_ws/src/ras_joystick_control-iron'
[1.191s] INFO:colcon.colcon_core.shell:Skip shell extension 'powershell' for command environment: Not usable outside of PowerShell
[1.191s] DEBUG:colcon.colcon_core.shell:Skip shell extension 'dsv' for command environment
[1.466s] INFO:colcon.colcon_core.task.python.build:Building Python package in '/home/olivier/ros2_ws/src/ras_ros_core_control_modules-main'
[1.466s] INFO:colcon.colcon_core.shell:Skip shell extension 'powershell' for command environment: Not usable outside of PowerShell
[1.466s] DEBUG:colcon.colcon_core.shell:Skip shell extension 'dsv' for command environment
[1.475s] DEBUG:colcon.colcon_core.event_handler.log_command:Invoking command in '/home/olivier/ros2_ws/build/ras_urdf_common': CMAKE_PREFIX_PATH=${CMAKE_PREFIX_PATH}:/home/olivier/ros2_ws/install/usv_formation_control_1:/home/olivier/ros2_ws/install/turtleboat:/home/olivier/ros2_ws/install/tf_callback:/home/olivier/ros2_ws/install/ras_ros_core_control_modules:/home/olivier/ros2_ws/install/py_pubsub:/home/olivier/ros2_ws/install/joystick_control_ras:/home/olivier/ros2_ws/install/boat_controller:/home/olivier/install/usv_formation_control_1:/home/olivier/install/turtleboat:/home/olivier/install/tf_callback:/home/olivier/install/ras_ros_core_control_modules:/home/olivier/install/joystick_control_ras:/home/olivier/install/boat_controller:/opt/ros/iron /usr/bin/cmake --build /home/olivier/ros2_ws/build/ras_urdf_common -- -j4 -l4
[2.106s] DEBUG:colcon.colcon_core.event_handler.log_command:Invoking command in '/home/olivier/ros2_ws/src/ras_ros_core_control_modules-main': PYTHONPATH=/home/olivier/ros2_ws/build/ras_ros_core_control_modules/prefix_override:/home/olivier/ros2_ws/install/ras_ros_core_control_modules/lib/python3.10/site-packages:${PYTHONPATH} /usr/bin/python3 -W ignore:setup.py install is deprecated setup.py egg_info --egg-base ../../build/ras_ros_core_control_modules build --build-base /home/olivier/ros2_ws/build/ras_ros_core_control_modules/build install --record /home/olivier/ros2_ws/build/ras_ros_core_control_modules/install.log --single-version-externally-managed install_data
[2.110s] DEBUG:colcon.colcon_core.event_handler.log_command:Invoking command in '/home/olivier/ros2_ws/src/swarm_controller_1': PYTHONPATH=/home/olivier/ros2_ws/build/boat_controller/prefix_override:/home/olivier/ros2_ws/install/boat_controller/lib/python3.10/site-packages:${PYTHONPATH} /usr/bin/python3 -W ignore:setup.py install is deprecated setup.py egg_info --egg-base ../../build/boat_controller build --build-base /home/olivier/ros2_ws/build/boat_controller/build install --record /home/olivier/ros2_ws/build/boat_controller/install.log --single-version-externally-managed install_data
[2.112s] DEBUG:colcon.colcon_core.event_handler.log_command:Invoking command in '/home/olivier/ros2_ws/src/ras_joystick_control-iron': PYTHONPATH=/home/olivier/ros2_ws/build/joystick_control_ras/prefix_override:/home/olivier/ros2_ws/install/joystick_control_ras/lib/python3.10/site-packages:${PYTHONPATH} /usr/bin/python3 -W ignore:setup.py install is deprecated setup.py egg_info --egg-base ../../build/joystick_control_ras build --build-base /home/olivier/ros2_ws/build/joystick_control_ras/build install --record /home/olivier/ros2_ws/build/joystick_control_ras/install.log --single-version-externally-managed install_data
[2.116s] DEBUG:colcon.colcon_core.event_handler.log_command:Invoked command in '/home/olivier/ros2_ws/build/ras_urdf_common' returned '0': CMAKE_PREFIX_PATH=${CMAKE_PREFIX_PATH}:/home/olivier/ros2_ws/install/usv_formation_control_1:/home/olivier/ros2_ws/install/turtleboat:/home/olivier/ros2_ws/install/tf_callback:/home/olivier/ros2_ws/install/ras_ros_core_control_modules:/home/olivier/ros2_ws/install/py_pubsub:/home/olivier/ros2_ws/install/joystick_control_ras:/home/olivier/ros2_ws/install/boat_controller:/home/olivier/install/usv_formation_control_1:/home/olivier/install/turtleboat:/home/olivier/install/tf_callback:/home/olivier/install/ras_ros_core_control_modules:/home/olivier/install/joystick_control_ras:/home/olivier/install/boat_controller:/opt/ros/iron /usr/bin/cmake --build /home/olivier/ros2_ws/build/ras_urdf_common -- -j4 -l4
[2.166s] DEBUG:colcon.colcon_core.event_handler.log_command:Invoking command in '/home/olivier/ros2_ws/build/ras_urdf_common': CMAKE_PREFIX_PATH=${CMAKE_PREFIX_PATH}:/home/olivier/ros2_ws/install/usv_formation_control_1:/home/olivier/ros2_ws/install/turtleboat:/home/olivier/ros2_ws/install/tf_callback:/home/olivier/ros2_ws/install/ras_ros_core_control_modules:/home/olivier/ros2_ws/install/py_pubsub:/home/olivier/ros2_ws/install/joystick_control_ras:/home/olivier/ros2_ws/install/boat_controller:/home/olivier/install/usv_formation_control_1:/home/olivier/install/turtleboat:/home/olivier/install/tf_callback:/home/olivier/install/ras_ros_core_control_modules:/home/olivier/install/joystick_control_ras:/home/olivier/install/boat_controller:/opt/ros/iron /usr/bin/cmake --install /home/olivier/ros2_ws/build/ras_urdf_common
[2.275s] Level 1:colcon.colcon_core.environment:create_environment_scripts_only(ras_urdf_common)
[2.276s] DEBUG:colcon.colcon_core.event_handler.log_command:Invoked command in '/home/olivier/ros2_ws/build/ras_urdf_common' returned '0': CMAKE_PREFIX_PATH=${CMAKE_PREFIX_PATH}:/home/olivier/ros2_ws/install/usv_formation_control_1:/home/olivier/ros2_ws/install/turtleboat:/home/olivier/ros2_ws/install/tf_callback:/home/olivier/ros2_ws/install/ras_ros_core_control_modules:/home/olivier/ros2_ws/install/py_pubsub:/home/olivier/ros2_ws/install/joystick_control_ras:/home/olivier/ros2_ws/install/boat_controller:/home/olivier/install/usv_formation_control_1:/home/olivier/install/turtleboat:/home/olivier/install/tf_callback:/home/olivier/install/ras_ros_core_control_modules:/home/olivier/install/joystick_control_ras:/home/olivier/install/boat_controller:/opt/ros/iron /usr/bin/cmake --install /home/olivier/ros2_ws/build/ras_urdf_common
[2.283s] Level 1:colcon.colcon_core.environment:checking '/home/olivier/ros2_ws/install/ras_urdf_common' for CMake module files
[2.284s] Level 1:colcon.colcon_core.environment:checking '/home/olivier/ros2_ws/install/ras_urdf_common' for CMake config files
[2.285s] Level 1:colcon.colcon_core.shell:create_environment_hook('ras_urdf_common', 'cmake_prefix_path')
[2.285s] INFO:colcon.colcon_core.shell:Creating environment hook '/home/olivier/ros2_ws/install/ras_urdf_common/share/ras_urdf_common/hook/cmake_prefix_path.ps1'
[2.286s] INFO:colcon.colcon_core.shell:Creating environment descriptor '/home/olivier/ros2_ws/install/ras_urdf_common/share/ras_urdf_common/hook/cmake_prefix_path.dsv'
[2.286s] INFO:colcon.colcon_core.shell:Creating environment hook '/home/olivier/ros2_ws/install/ras_urdf_common/share/ras_urdf_common/hook/cmake_prefix_path.sh'
[2.287s] Level 1:colcon.colcon_core.environment:checking '/home/olivier/ros2_ws/install/ras_urdf_common/lib'
[2.287s] Level 1:colcon.colcon_core.environment:checking '/home/olivier/ros2_ws/install/ras_urdf_common/bin'
[2.288s] Level 1:colcon.colcon_core.environment:checking '/home/olivier/ros2_ws/install/ras_urdf_common/lib/pkgconfig/ras_urdf_common.pc'
[2.288s] Level 1:colcon.colcon_core.environment:checking '/home/olivier/ros2_ws/install/ras_urdf_common/lib/python3.10/site-packages'
[2.288s] Level 1:colcon.colcon_core.shell:create_environment_hook('ras_urdf_common', 'pythonpath')
[2.288s] INFO:colcon.colcon_core.shell:Creating environment hook '/home/olivier/ros2_ws/install/ras_urdf_common/share/ras_urdf_common/hook/pythonpath.ps1'
[2.289s] INFO:colcon.colcon_core.shell:Creating environment descriptor '/home/olivier/ros2_ws/install/ras_urdf_common/share/ras_urdf_common/hook/pythonpath.dsv'
[2.289s] INFO:colcon.colcon_core.shell:Creating environment hook '/home/olivier/ros2_ws/install/ras_urdf_common/share/ras_urdf_common/hook/pythonpath.sh'
[2.290s] Level 1:colcon.colcon_core.environment:checking '/home/olivier/ros2_ws/install/ras_urdf_common/bin'
[2.291s] INFO:colcon.colcon_core.shell:Creating package script '/home/olivier/ros2_ws/install/ras_urdf_common/share/ras_urdf_common/package.ps1'
[2.292s] INFO:colcon.colcon_core.shell:Creating package descriptor '/home/olivier/ros2_ws/install/ras_urdf_common/share/ras_urdf_common/package.dsv'
[2.293s] INFO:colcon.colcon_core.shell:Creating package script '/home/olivier/ros2_ws/install/ras_urdf_common/share/ras_urdf_common/package.sh'
[2.295s] INFO:colcon.colcon_core.shell:Creating package script '/home/olivier/ros2_ws/install/ras_urdf_common/share/ras_urdf_common/package.bash'
[2.296s] INFO:colcon.colcon_core.shell:Creating package script '/home/olivier/ros2_ws/install/ras_urdf_common/share/ras_urdf_common/package.zsh'
[2.297s] Level 1:colcon.colcon_core.environment:create_file_with_runtime_dependencies(/home/olivier/ros2_ws/install/ras_urdf_common/share/colcon-core/packages/ras_urdf_common)
[2.329s] Level 1:colcon.colcon_core.environment:create_environment_scripts_only(ras_urdf_common)
[2.330s] Level 1:colcon.colcon_core.environment:checking '/home/olivier/ros2_ws/install/ras_urdf_common' for CMake module files
[2.331s] Level 1:colcon.colcon_core.environment:checking '/home/olivier/ros2_ws/install/ras_urdf_common' for CMake config files
[2.331s] Level 1:colcon.colcon_core.shell:create_environment_hook('ras_urdf_common', 'cmake_prefix_path')
[2.332s] INFO:colcon.colcon_core.shell:Creating environment hook '/home/olivier/ros2_ws/install/ras_urdf_common/share/ras_urdf_common/hook/cmake_prefix_path.ps1'
[2.332s] INFO:colcon.colcon_core.shell:Creating environment descriptor '/home/olivier/ros2_ws/install/ras_urdf_common/share/ras_urdf_common/hook/cmake_prefix_path.dsv'
[2.333s] INFO:colcon.colcon_core.shell:Creating environment hook '/home/olivier/ros2_ws/install/ras_urdf_common/share/ras_urdf_common/hook/cmake_prefix_path.sh'
[2.333s] Level 1:colcon.colcon_core.environment:checking '/home/olivier/ros2_ws/install/ras_urdf_common/lib'
[2.333s] Level 1:colcon.colcon_core.environment:checking '/home/olivier/ros2_ws/install/ras_urdf_common/bin'
[2.334s] Level 1:colcon.colcon_core.environment:checking '/home/olivier/ros2_ws/install/ras_urdf_common/lib/pkgconfig/ras_urdf_common.pc'
[2.334s] Level 1:colcon.colcon_core.environment:checking '/home/olivier/ros2_ws/install/ras_urdf_common/lib/python3.10/site-packages'
[2.334s] Level 1:colcon.colcon_core.shell:create_environment_hook('ras_urdf_common', 'pythonpath')
[2.334s] INFO:colcon.colcon_core.shell:Creating environment hook '/home/olivier/ros2_ws/install/ras_urdf_common/share/ras_urdf_common/hook/pythonpath.ps1'
[2.335s] INFO:colcon.colcon_core.shell:Creating environment descriptor '/home/olivier/ros2_ws/install/ras_urdf_common/share/ras_urdf_common/hook/pythonpath.dsv'
[2.335s] INFO:colcon.colcon_core.shell:Creating environment hook '/home/olivier/ros2_ws/install/ras_urdf_common/share/ras_urdf_common/hook/pythonpath.sh'
[2.337s] Level 1:colcon.colcon_core.environment:checking '/home/olivier/ros2_ws/install/ras_urdf_common/bin'
[2.337s] INFO:colcon.colcon_core.shell:Creating package script '/home/olivier/ros2_ws/install/ras_urdf_common/share/ras_urdf_common/package.ps1'
[2.338s] INFO:colcon.colcon_core.shell:Creating package descriptor '/home/olivier/ros2_ws/install/ras_urdf_common/share/ras_urdf_common/package.dsv'
[2.339s] INFO:colcon.colcon_core.shell:Creating package script '/home/olivier/ros2_ws/install/ras_urdf_common/share/ras_urdf_common/package.sh'
[2.340s] INFO:colcon.colcon_core.shell:Creating package script '/home/olivier/ros2_ws/install/ras_urdf_common/share/ras_urdf_common/package.bash'
[2.341s] INFO:colcon.colcon_core.shell:Creating package script '/home/olivier/ros2_ws/install/ras_urdf_common/share/ras_urdf_common/package.zsh'
[2.342s] Level 1:colcon.colcon_core.environment:create_file_with_runtime_dependencies(/home/olivier/ros2_ws/install/ras_urdf_common/share/colcon-core/packages/ras_urdf_common)
[2.343s] INFO:colcon.colcon_ros.task.ament_python.build:Building ROS package in '/home/olivier/ros2_ws/src/tf_callback' with build type 'ament_python'
[2.343s] Level 1:colcon.colcon_core.shell:create_environment_hook('tf_callback', 'ament_prefix_path')
[2.344s] INFO:colcon.colcon_core.shell:Creating environment hook '/home/olivier/ros2_ws/install/tf_callback/share/tf_callback/hook/ament_prefix_path.ps1'
[2.345s] INFO:colcon.colcon_core.shell:Creating environment descriptor '/home/olivier/ros2_ws/install/tf_callback/share/tf_callback/hook/ament_prefix_path.dsv'
[2.345s] INFO:colcon.colcon_core.shell:Creating environment hook '/home/olivier/ros2_ws/install/tf_callback/share/tf_callback/hook/ament_prefix_path.sh'
[2.346s] INFO:colcon.colcon_core.shell:Skip shell extension 'powershell' for command environment: Not usable outside of PowerShell
[2.346s] DEBUG:colcon.colcon_core.shell:Skip shell extension 'dsv' for command environment
[2.750s] INFO:colcon.colcon_core.task.python.build:Building Python package in '/home/olivier/ros2_ws/src/tf_callback'
[2.750s] INFO:colcon.colcon_core.shell:Skip shell extension 'powershell' for command environment: Not usable outside of PowerShell
[2.750s] DEBUG:colcon.colcon_core.shell:Skip shell extension 'dsv' for command environment
[2.755s] Level 1:colcon.colcon_core.environment:checking '/home/olivier/ros2_ws/install/boat_controller' for CMake module files
[2.756s] DEBUG:colcon.colcon_core.event_handler.log_command:Invoked command in '/home/olivier/ros2_ws/src/swarm_controller_1' returned '0': PYTHONPATH=/home/olivier/ros2_ws/build/boat_controller/prefix_override:/home/olivier/ros2_ws/install/boat_controller/lib/python3.10/site-packages:${PYTHONPATH} /usr/bin/python3 -W ignore:setup.py install is deprecated setup.py egg_info --egg-base ../../build/boat_controller build --build-base /home/olivier/ros2_ws/build/boat_controller/build install --record /home/olivier/ros2_ws/build/boat_controller/install.log --single-version-externally-managed install_data
[2.757s] Level 1:colcon.colcon_core.environment:checking '/home/olivier/ros2_ws/install/boat_controller' for CMake config files
[2.757s] Level 1:colcon.colcon_core.environment:checking '/home/olivier/ros2_ws/install/boat_controller/lib'
[2.757s] Level 1:colcon.colcon_core.environment:checking '/home/olivier/ros2_ws/install/boat_controller/bin'
[2.757s] Level 1:colcon.colcon_core.environment:checking '/home/olivier/ros2_ws/install/boat_controller/lib/pkgconfig/boat_controller.pc'
[2.757s] Level 1:colcon.colcon_core.environment:checking '/home/olivier/ros2_ws/install/boat_controller/lib/python3.10/site-packages'
[2.757s] Level 1:colcon.colcon_core.shell:create_environment_hook('boat_controller', 'pythonpath')
[2.758s] INFO:colcon.colcon_core.shell:Creating environment hook '/home/olivier/ros2_ws/install/boat_controller/share/boat_controller/hook/pythonpath.ps1'
[2.758s] INFO:colcon.colcon_core.shell:Creating environment descriptor '/home/olivier/ros2_ws/install/boat_controller/share/boat_controller/hook/pythonpath.dsv'
[2.758s] INFO:colcon.colcon_core.shell:Creating environment hook '/home/olivier/ros2_ws/install/boat_controller/share/boat_controller/hook/pythonpath.sh'
[2.759s] Level 1:colcon.colcon_core.environment:checking '/home/olivier/ros2_ws/install/boat_controller/bin'
[2.759s] Level 1:colcon.colcon_core.environment:create_environment_scripts_only(boat_controller)
[2.759s] INFO:colcon.colcon_core.shell:Creating package script '/home/olivier/ros2_ws/install/boat_controller/share/boat_controller/package.ps1'
[2.760s] INFO:colcon.colcon_core.shell:Creating package descriptor '/home/olivier/ros2_ws/install/boat_controller/share/boat_controller/package.dsv'
[2.760s] INFO:colcon.colcon_core.shell:Creating package script '/home/olivier/ros2_ws/install/boat_controller/share/boat_controller/package.sh'
[2.760s] INFO:colcon.colcon_core.shell:Creating package script '/home/olivier/ros2_ws/install/boat_controller/share/boat_controller/package.bash'
[2.760s] INFO:colcon.colcon_core.shell:Creating package script '/home/olivier/ros2_ws/install/boat_controller/share/boat_controller/package.zsh'
[2.761s] Level 1:colcon.colcon_core.environment:create_file_with_runtime_dependencies(/home/olivier/ros2_ws/install/boat_controller/share/colcon-core/packages/boat_controller)
[2.761s] Level 1:colcon.colcon_core.environment:checking '/home/olivier/ros2_ws/install/joystick_control_ras' for CMake module files
[2.762s] DEBUG:colcon.colcon_core.event_handler.log_command:Invoked command in '/home/olivier/ros2_ws/src/ras_joystick_control-iron' returned '0': PYTHONPATH=/home/olivier/ros2_ws/build/joystick_control_ras/prefix_override:/home/olivier/ros2_ws/install/joystick_control_ras/lib/python3.10/site-packages:${PYTHONPATH} /usr/bin/python3 -W ignore:setup.py install is deprecated setup.py egg_info --egg-base ../../build/joystick_control_ras build --build-base /home/olivier/ros2_ws/build/joystick_control_ras/build install --record /home/olivier/ros2_ws/build/joystick_control_ras/install.log --single-version-externally-managed install_data
[2.762s] Level 1:colcon.colcon_core.environment:checking '/home/olivier/ros2_ws/install/joystick_control_ras' for CMake config files
[2.763s] Level 1:colcon.colcon_core.environment:checking '/home/olivier/ros2_ws/install/joystick_control_ras/lib'
[2.763s] Level 1:colcon.colcon_core.environment:checking '/home/olivier/ros2_ws/install/joystick_control_ras/bin'
[2.763s] Level 1:colcon.colcon_core.environment:checking '/home/olivier/ros2_ws/install/joystick_control_ras/lib/pkgconfig/joystick_control_ras.pc'
[2.764s] Level 1:colcon.colcon_core.environment:checking '/home/olivier/ros2_ws/install/joystick_control_ras/lib/python3.10/site-packages'
[2.764s] Level 1:colcon.colcon_core.shell:create_environment_hook('joystick_control_ras', 'pythonpath')
[2.764s] INFO:colcon.colcon_core.shell:Creating environment hook '/home/olivier/ros2_ws/install/joystick_control_ras/share/joystick_control_ras/hook/pythonpath.ps1'
[2.764s] INFO:colcon.colcon_core.shell:Creating environment descriptor '/home/olivier/ros2_ws/install/joystick_control_ras/share/joystick_control_ras/hook/pythonpath.dsv'
[2.765s] INFO:colcon.colcon_core.shell:Creating environment hook '/home/olivier/ros2_ws/install/joystick_control_ras/share/joystick_control_ras/hook/pythonpath.sh'
[2.765s] Level 1:colcon.colcon_core.environment:checking '/home/olivier/ros2_ws/install/joystick_control_ras/bin'
[2.766s] Level 1:colcon.colcon_core.environment:create_environment_scripts_only(joystick_control_ras)
[2.766s] INFO:colcon.colcon_core.shell:Creating package script '/home/olivier/ros2_ws/install/joystick_control_ras/share/joystick_control_ras/package.ps1'
[2.767s] INFO:colcon.colcon_core.shell:Creating package descriptor '/home/olivier/ros2_ws/install/joystick_control_ras/share/joystick_control_ras/package.dsv'
[2.767s] INFO:colcon.colcon_core.shell:Creating package script '/home/olivier/ros2_ws/install/joystick_control_ras/share/joystick_control_ras/package.sh'
[2.767s] INFO:colcon.colcon_core.shell:Creating package script '/home/olivier/ros2_ws/install/joystick_control_ras/share/joystick_control_ras/package.bash'
[2.768s] INFO:colcon.colcon_core.shell:Creating package script '/home/olivier/ros2_ws/install/joystick_control_ras/share/joystick_control_ras/package.zsh'
[2.768s] Level 1:colcon.colcon_core.environment:create_file_with_runtime_dependencies(/home/olivier/ros2_ws/install/joystick_control_ras/share/colcon-core/packages/joystick_control_ras)
[2.769s] Level 1:colcon.colcon_core.environment:checking '/home/olivier/ros2_ws/install/ras_ros_core_control_modules' for CMake module files
[2.770s] DEBUG:colcon.colcon_core.event_handler.log_command:Invoked command in '/home/olivier/ros2_ws/src/ras_ros_core_control_modules-main' returned '0': PYTHONPATH=/home/olivier/ros2_ws/build/ras_ros_core_control_modules/prefix_override:/home/olivier/ros2_ws/install/ras_ros_core_control_modules/lib/python3.10/site-packages:${PYTHONPATH} /usr/bin/python3 -W ignore:setup.py install is deprecated setup.py egg_info --egg-base ../../build/ras_ros_core_control_modules build --build-base /home/olivier/ros2_ws/build/ras_ros_core_control_modules/build install --record /home/olivier/ros2_ws/build/ras_ros_core_control_modules/install.log --single-version-externally-managed install_data
[2.770s] Level 1:colcon.colcon_core.environment:checking '/home/olivier/ros2_ws/install/ras_ros_core_control_modules' for CMake config files
[2.771s] Level 1:colcon.colcon_core.environment:checking '/home/olivier/ros2_ws/install/ras_ros_core_control_modules/lib'
[2.771s] Level 1:colcon.colcon_core.environment:checking '/home/olivier/ros2_ws/install/ras_ros_core_control_modules/bin'
[2.771s] Level 1:colcon.colcon_core.environment:checking '/home/olivier/ros2_ws/install/ras_ros_core_control_modules/lib/pkgconfig/ras_ros_core_control_modules.pc'
[2.771s] Level 1:colcon.colcon_core.environment:checking '/home/olivier/ros2_ws/install/ras_ros_core_control_modules/lib/python3.10/site-packages'
[2.771s] Level 1:colcon.colcon_core.shell:create_environment_hook('ras_ros_core_control_modules', 'pythonpath')
[2.771s] INFO:colcon.colcon_core.shell:Creating environment hook '/home/olivier/ros2_ws/install/ras_ros_core_control_modules/share/ras_ros_core_control_modules/hook/pythonpath.ps1'
[2.772s] INFO:colcon.colcon_core.shell:Creating environment descriptor '/home/olivier/ros2_ws/install/ras_ros_core_control_modules/share/ras_ros_core_control_modules/hook/pythonpath.dsv'
[2.772s] INFO:colcon.colcon_core.shell:Creating environment hook '/home/olivier/ros2_ws/install/ras_ros_core_control_modules/share/ras_ros_core_control_modules/hook/pythonpath.sh'
[2.772s] Level 1:colcon.colcon_core.environment:checking '/home/olivier/ros2_ws/install/ras_ros_core_control_modules/bin'
[2.773s] Level 1:colcon.colcon_core.environment:create_environment_scripts_only(ras_ros_core_control_modules)
[2.773s] INFO:colcon.colcon_core.shell:Creating package script '/home/olivier/ros2_ws/install/ras_ros_core_control_modules/share/ras_ros_core_control_modules/package.ps1'
[2.773s] INFO:colcon.colcon_core.shell:Creating package descriptor '/home/olivier/ros2_ws/install/ras_ros_core_control_modules/share/ras_ros_core_control_modules/package.dsv'
[2.774s] INFO:colcon.colcon_core.shell:Creating package script '/home/olivier/ros2_ws/install/ras_ros_core_control_modules/share/ras_ros_core_control_modules/package.sh'
[2.774s] INFO:colcon.colcon_core.shell:Creating package script '/home/olivier/ros2_ws/install/ras_ros_core_control_modules/share/ras_ros_core_control_modules/package.bash'
[2.774s] INFO:colcon.colcon_core.shell:Creating package script '/home/olivier/ros2_ws/install/ras_ros_core_control_modules/share/ras_ros_core_control_modules/package.zsh'
[2.775s] Level 1:colcon.colcon_core.environment:create_file_with_runtime_dependencies(/home/olivier/ros2_ws/install/ras_ros_core_control_modules/share/colcon-core/packages/ras_ros_core_control_modules)
[2.775s] INFO:colcon.colcon_ros.task.ament_python.build:Building ROS package in '/home/olivier/ros2_ws/src/TurtleBoat-ros2' with build type 'ament_python'
[2.776s] Level 1:colcon.colcon_core.shell:create_environment_hook('turtleboat', 'ament_prefix_path')
[2.776s] INFO:colcon.colcon_core.shell:Creating environment hook '/home/olivier/ros2_ws/install/turtleboat/share/turtleboat/hook/ament_prefix_path.ps1'
[2.776s] INFO:colcon.colcon_core.shell:Creating environment descriptor '/home/olivier/ros2_ws/install/turtleboat/share/turtleboat/hook/ament_prefix_path.dsv'
[2.777s] INFO:colcon.colcon_core.shell:Creating environment hook '/home/olivier/ros2_ws/install/turtleboat/share/turtleboat/hook/ament_prefix_path.sh'
[2.777s] INFO:colcon.colcon_core.shell:Skip shell extension 'powershell' for command environment: Not usable outside of PowerShell
[2.777s] DEBUG:colcon.colcon_core.shell:Skip shell extension 'dsv' for command environment
[2.781s] INFO:colcon.colcon_ros.task.ament_python.build:Building ROS package in '/home/olivier/ros2_ws/src/USV_formation_control_1-ros2' with build type 'ament_python'
[2.782s] Level 1:colcon.colcon_core.shell:create_environment_hook('usv_formation_control_1', 'ament_prefix_path')
[2.782s] INFO:colcon.colcon_core.shell:Creating environment hook '/home/olivier/ros2_ws/install/usv_formation_control_1/share/usv_formation_control_1/hook/ament_prefix_path.ps1'
[2.783s] INFO:colcon.colcon_core.shell:Creating environment descriptor '/home/olivier/ros2_ws/install/usv_formation_control_1/share/usv_formation_control_1/hook/ament_prefix_path.dsv'
[2.783s] INFO:colcon.colcon_core.shell:Creating environment hook '/home/olivier/ros2_ws/install/usv_formation_control_1/share/usv_formation_control_1/hook/ament_prefix_path.sh'
[2.784s] INFO:colcon.colcon_core.shell:Skip shell extension 'powershell' for command environment: Not usable outside of PowerShell
[2.784s] DEBUG:colcon.colcon_core.shell:Skip shell extension 'dsv' for command environment
[3.089s] INFO:colcon.colcon_core.task.python.build:Building Python package in '/home/olivier/ros2_ws/src/TurtleBoat-ros2'
[3.089s] INFO:colcon.colcon_core.shell:Skip shell extension 'powershell' for command environment: Not usable outside of PowerShell
[3.089s] DEBUG:colcon.colcon_core.shell:Skip shell extension 'dsv' for command environment
[3.366s] INFO:colcon.colcon_core.task.python.build:Building Python package in '/home/olivier/ros2_ws/src/USV_formation_control_1-ros2'
[3.366s] INFO:colcon.colcon_core.shell:Skip shell extension 'powershell' for command environment: Not usable outside of PowerShell
[3.366s] DEBUG:colcon.colcon_core.shell:Skip shell extension 'dsv' for command environment
[3.374s] DEBUG:colcon.colcon_core.event_handler.log_command:Invoking command in '/home/olivier/ros2_ws/src/tf_callback': PYTHONPATH=/home/olivier/ros2_ws/build/tf_callback/prefix_override:/home/olivier/ros2_ws/install/tf_callback/lib/python3.10/site-packages:${PYTHONPATH} /usr/bin/python3 -W ignore:setup.py install is deprecated setup.py egg_info --egg-base ../../build/tf_callback build --build-base /home/olivier/ros2_ws/build/tf_callback/build install --record /home/olivier/ros2_ws/build/tf_callback/install.log --single-version-externally-managed install_data
[3.742s] DEBUG:colcon.colcon_core.event_handler.log_command:Invoking command in '/home/olivier/ros2_ws/src/TurtleBoat-ros2': PYTHONPATH=/home/olivier/ros2_ws/build/turtleboat/prefix_override:/home/olivier/ros2_ws/install/turtleboat/lib/python3.10/site-packages:${PYTHONPATH} /usr/bin/python3 -W ignore:setup.py install is deprecated setup.py egg_info --egg-base ../../build/turtleboat build --build-base /home/olivier/ros2_ws/build/turtleboat/build install --record /home/olivier/ros2_ws/build/turtleboat/install.log --install-scripts $base/lib/turtleboat --single-version-externally-managed install_data
[3.829s] Level 1:colcon.colcon_core.environment:checking '/home/olivier/ros2_ws/install/tf_callback' for CMake module files
[3.830s] Level 1:colcon.colcon_core.environment:checking '/home/olivier/ros2_ws/install/tf_callback' for CMake config files
[3.831s] Level 1:colcon.colcon_core.environment:checking '/home/olivier/ros2_ws/install/tf_callback/lib'
[3.831s] Level 1:colcon.colcon_core.environment:checking '/home/olivier/ros2_ws/install/tf_callback/bin'
[3.831s] Level 1:colcon.colcon_core.environment:checking '/home/olivier/ros2_ws/install/tf_callback/lib/pkgconfig/tf_callback.pc'
[3.831s] Level 1:colcon.colcon_core.environment:checking '/home/olivier/ros2_ws/install/tf_callback/lib/python3.10/site-packages'
[3.831s] Level 1:colcon.colcon_core.shell:create_environment_hook('tf_callback', 'pythonpath')
[3.832s] INFO:colcon.colcon_core.shell:Creating environment hook '/home/olivier/ros2_ws/install/tf_callback/share/tf_callback/hook/pythonpath.ps1'
[3.832s] DEBUG:colcon.colcon_core.event_handler.log_command:Invoked command in '/home/olivier/ros2_ws/src/tf_callback' returned '0': PYTHONPATH=/home/olivier/ros2_ws/build/tf_callback/prefix_override:/home/olivier/ros2_ws/install/tf_callback/lib/python3.10/site-packages:${PYTHONPATH} /usr/bin/python3 -W ignore:setup.py install is deprecated setup.py egg_info --egg-base ../../build/tf_callback build --build-base /home/olivier/ros2_ws/build/tf_callback/build install --record /home/olivier/ros2_ws/build/tf_callback/install.log --single-version-externally-managed install_data
[3.833s] INFO:colcon.colcon_core.shell:Creating environment descriptor '/home/olivier/ros2_ws/install/tf_callback/share/tf_callback/hook/pythonpath.dsv'
[3.833s] INFO:colcon.colcon_core.shell:Creating environment hook '/home/olivier/ros2_ws/install/tf_callback/share/tf_callback/hook/pythonpath.sh'
[3.834s] Level 1:colcon.colcon_core.environment:checking '/home/olivier/ros2_ws/install/tf_callback/bin'
[3.834s] Level 1:colcon.colcon_core.environment:create_environment_scripts_only(tf_callback)
[3.835s] INFO:colcon.colcon_core.shell:Creating package script '/home/olivier/ros2_ws/install/tf_callback/share/tf_callback/package.ps1'
[3.835s] INFO:colcon.colcon_core.shell:Creating package descriptor '/home/olivier/ros2_ws/install/tf_callback/share/tf_callback/package.dsv'
[3.836s] INFO:colcon.colcon_core.shell:Creating package script '/home/olivier/ros2_ws/install/tf_callback/share/tf_callback/package.sh'
[3.837s] INFO:colcon.colcon_core.shell:Creating package script '/home/olivier/ros2_ws/install/tf_callback/share/tf_callback/package.bash'
[3.837s] INFO:colcon.colcon_core.shell:Creating package script '/home/olivier/ros2_ws/install/tf_callback/share/tf_callback/package.zsh'
[3.838s] Level 1:colcon.colcon_core.environment:create_file_with_runtime_dependencies(/home/olivier/ros2_ws/install/tf_callback/share/colcon-core/packages/tf_callback)
[3.905s] DEBUG:colcon.colcon_core.event_handler.log_command:Invoking command in '/home/olivier/ros2_ws/src/USV_formation_control_1-ros2': PYTHONPATH=/home/olivier/ros2_ws/build/usv_formation_control_1/prefix_override:/home/olivier/ros2_ws/install/usv_formation_control_1/lib/python3.10/site-packages:${PYTHONPATH} /usr/bin/python3 -W ignore:setup.py install is deprecated setup.py egg_info --egg-base ../../build/usv_formation_control_1 build --build-base /home/olivier/ros2_ws/build/usv_formation_control_1/build install --record /home/olivier/ros2_ws/build/usv_formation_control_1/install.log --single-version-externally-managed install_data
[4.079s] Level 1:colcon.colcon_core.environment:checking '/home/olivier/ros2_ws/install/turtleboat' for CMake module files
[4.079s] DEBUG:colcon.colcon_core.event_handler.log_command:Invoked command in '/home/olivier/ros2_ws/src/TurtleBoat-ros2' returned '0': PYTHONPATH=/home/olivier/ros2_ws/build/turtleboat/prefix_override:/home/olivier/ros2_ws/install/turtleboat/lib/python3.10/site-packages:${PYTHONPATH} /usr/bin/python3 -W ignore:setup.py install is deprecated setup.py egg_info --egg-base ../../build/turtleboat build --build-base /home/olivier/ros2_ws/build/turtleboat/build install --record /home/olivier/ros2_ws/build/turtleboat/install.log --install-scripts $base/lib/turtleboat --single-version-externally-managed install_data
[4.080s] Level 1:colcon.colcon_core.environment:checking '/home/olivier/ros2_ws/install/turtleboat' for CMake config files
[4.080s] Level 1:colcon.colcon_core.environment:checking '/home/olivier/ros2_ws/install/turtleboat/lib'
[4.081s] Level 1:colcon.colcon_core.environment:checking '/home/olivier/ros2_ws/install/turtleboat/bin'
[4.081s] Level 1:colcon.colcon_core.environment:checking '/home/olivier/ros2_ws/install/turtleboat/lib/pkgconfig/turtleboat.pc'
[4.081s] Level 1:colcon.colcon_core.environment:checking '/home/olivier/ros2_ws/install/turtleboat/lib/python3.10/site-packages'
[4.081s] Level 1:colcon.colcon_core.shell:create_environment_hook('turtleboat', 'pythonpath')
[4.081s] INFO:colcon.colcon_core.shell:Creating environment hook '/home/olivier/ros2_ws/install/turtleboat/share/turtleboat/hook/pythonpath.ps1'
[4.081s] INFO:colcon.colcon_core.shell:Creating environment descriptor '/home/olivier/ros2_ws/install/turtleboat/share/turtleboat/hook/pythonpath.dsv'
[4.082s] INFO:colcon.colcon_core.shell:Creating environment hook '/home/olivier/ros2_ws/install/turtleboat/share/turtleboat/hook/pythonpath.sh'
[4.082s] Level 1:colcon.colcon_core.environment:checking '/home/olivier/ros2_ws/install/turtleboat/bin'
[4.082s] Level 1:colcon.colcon_core.environment:create_environment_scripts_only(turtleboat)
[4.083s] INFO:colcon.colcon_core.shell:Creating package script '/home/olivier/ros2_ws/install/turtleboat/share/turtleboat/package.ps1'
[4.083s] INFO:colcon.colcon_core.shell:Creating package descriptor '/home/olivier/ros2_ws/install/turtleboat/share/turtleboat/package.dsv'
[4.083s] INFO:colcon.colcon_core.shell:Creating package script '/home/olivier/ros2_ws/install/turtleboat/share/turtleboat/package.sh'
[4.084s] INFO:colcon.colcon_core.shell:Creating package script '/home/olivier/ros2_ws/install/turtleboat/share/turtleboat/package.bash'
[4.084s] INFO:colcon.colcon_core.shell:Creating package script '/home/olivier/ros2_ws/install/turtleboat/share/turtleboat/package.zsh'
[4.084s] Level 1:colcon.colcon_core.environment:create_file_with_runtime_dependencies(/home/olivier/ros2_ws/install/turtleboat/share/colcon-core/packages/turtleboat)
[4.210s] Level 1:colcon.colcon_core.environment:checking '/home/olivier/ros2_ws/install/usv_formation_control_1' for CMake module files
[4.211s] DEBUG:colcon.colcon_core.event_handler.log_command:Invoked command in '/home/olivier/ros2_ws/src/USV_formation_control_1-ros2' returned '0': PYTHONPATH=/home/olivier/ros2_ws/build/usv_formation_control_1/prefix_override:/home/olivier/ros2_ws/install/usv_formation_control_1/lib/python3.10/site-packages:${PYTHONPATH} /usr/bin/python3 -W ignore:setup.py install is deprecated setup.py egg_info --egg-base ../../build/usv_formation_control_1 build --build-base /home/olivier/ros2_ws/build/usv_formation_control_1/build install --record /home/olivier/ros2_ws/build/usv_formation_control_1/install.log --single-version-externally-managed install_data
[4.211s] Level 1:colcon.colcon_core.environment:checking '/home/olivier/ros2_ws/install/usv_formation_control_1' for CMake config files
[4.212s] Level 1:colcon.colcon_core.environment:checking '/home/olivier/ros2_ws/install/usv_formation_control_1/lib'
[4.212s] Level 1:colcon.colcon_core.environment:checking '/home/olivier/ros2_ws/install/usv_formation_control_1/bin'
[4.212s] Level 1:colcon.colcon_core.environment:checking '/home/olivier/ros2_ws/install/usv_formation_control_1/lib/pkgconfig/usv_formation_control_1.pc'
[4.212s] Level 1:colcon.colcon_core.environment:checking '/home/olivier/ros2_ws/install/usv_formation_control_1/lib/python3.10/site-packages'
[4.212s] Level 1:colcon.colcon_core.shell:create_environment_hook('usv_formation_control_1', 'pythonpath')
[4.213s] INFO:colcon.colcon_core.shell:Creating environment hook '/home/olivier/ros2_ws/install/usv_formation_control_1/share/usv_formation_control_1/hook/pythonpath.ps1'
[4.213s] INFO:colcon.colcon_core.shell:Creating environment descriptor '/home/olivier/ros2_ws/install/usv_formation_control_1/share/usv_formation_control_1/hook/pythonpath.dsv'
[4.213s] INFO:colcon.colcon_core.shell:Creating environment hook '/home/olivier/ros2_ws/install/usv_formation_control_1/share/usv_formation_control_1/hook/pythonpath.sh'
[4.214s] Level 1:colcon.colcon_core.environment:checking '/home/olivier/ros2_ws/install/usv_formation_control_1/bin'
[4.214s] Level 1:colcon.colcon_core.environment:create_environment_scripts_only(usv_formation_control_1)
[4.214s] INFO:colcon.colcon_core.shell:Creating package script '/home/olivier/ros2_ws/install/usv_formation_control_1/share/usv_formation_control_1/package.ps1'
[4.215s] INFO:colcon.colcon_core.shell:Creating package descriptor '/home/olivier/ros2_ws/install/usv_formation_control_1/share/usv_formation_control_1/package.dsv'
[4.215s] INFO:colcon.colcon_core.shell:Creating package script '/home/olivier/ros2_ws/install/usv_formation_control_1/share/usv_formation_control_1/package.sh'
[4.215s] INFO:colcon.colcon_core.shell:Creating package script '/home/olivier/ros2_ws/install/usv_formation_control_1/share/usv_formation_control_1/package.bash'
[4.216s] INFO:colcon.colcon_core.shell:Creating package script '/home/olivier/ros2_ws/install/usv_formation_control_1/share/usv_formation_control_1/package.zsh'
[4.216s] Level 1:colcon.colcon_core.environment:create_file_with_runtime_dependencies(/home/olivier/ros2_ws/install/usv_formation_control_1/share/colcon-core/packages/usv_formation_control_1)
[4.216s] DEBUG:colcon.colcon_parallel_executor.executor.parallel:closing loop
[4.216s] DEBUG:colcon.colcon_parallel_executor.executor.parallel:loop closed
[4.216s] DEBUG:colcon.colcon_parallel_executor.executor.parallel:run_until_complete finished with '0'
[4.216s] DEBUG:colcon.colcon_core.event_reactor:joining thread
[4.226s] INFO:colcon.colcon_core.plugin_system:Skipping extension 'colcon_notification.desktop_notification.terminal_notifier': Not used on non-Darwin systems
[4.226s] INFO:colcon.colcon_core.plugin_system:Skipping extension 'colcon_notification.desktop_notification.win32': Not used on non-Windows systems
[4.227s] INFO:colcon.colcon_notification.desktop_notification:Sending desktop notification using 'notify2'
[4.239s] DEBUG:colcon.colcon_core.event_reactor:joined thread
[4.239s] INFO:colcon.colcon_core.shell:Creating prefix script '/home/olivier/ros2_ws/install/local_setup.ps1'
[4.241s] INFO:colcon.colcon_core.shell:Creating prefix util module '/home/olivier/ros2_ws/install/_local_setup_util_ps1.py'
[4.242s] INFO:colcon.colcon_core.shell:Creating prefix chain script '/home/olivier/ros2_ws/install/setup.ps1'
[4.243s] INFO:colcon.colcon_core.shell:Creating prefix script '/home/olivier/ros2_ws/install/local_setup.sh'
[4.244s] INFO:colcon.colcon_core.shell:Creating prefix util module '/home/olivier/ros2_ws/install/_local_setup_util_sh.py'
[4.245s] INFO:colcon.colcon_core.shell:Creating prefix chain script '/home/olivier/ros2_ws/install/setup.sh'
[4.246s] INFO:colcon.colcon_core.shell:Creating prefix script '/home/olivier/ros2_ws/install/local_setup.bash'
[4.247s] INFO:colcon.colcon_core.shell:Creating prefix chain script '/home/olivier/ros2_ws/install/setup.bash'
[4.249s] INFO:colcon.colcon_core.shell:Creating prefix script '/home/olivier/ros2_ws/install/local_setup.zsh'
[4.249s] INFO:colcon.colcon_core.shell:Creating prefix chain script '/home/olivier/ros2_ws/install/setup.zsh'
