[1.445s] Invoking command in '/home/olivier/ros2_ws/src/swarm_controller_1': PYTHONPATH=/home/olivier/ros2_ws/build/boat_controller/prefix_override:/home/olivier/ros2_ws/install/boat_controller/lib/python3.10/site-packages:${PYTHONPATH} /usr/bin/python3 -W ignore:setup.py install is deprecated setup.py egg_info --egg-base ../../build/boat_controller build --build-base /home/olivier/ros2_ws/build/boat_controller/build install --record /home/olivier/ros2_ws/build/boat_controller/install.log --single-version-externally-managed install_data
[1.901s] running egg_info
[1.903s] writing ../../build/boat_controller/boat_controller.egg-info/PKG-INFO
[1.904s] writing dependency_links to ../../build/boat_controller/boat_controller.egg-info/dependency_links.txt
[1.905s] writing entry points to ../../build/boat_controller/boat_controller.egg-info/entry_points.txt
[1.905s] writing requirements to ../../build/boat_controller/boat_controller.egg-info/requires.txt
[1.906s] writing top-level names to ../../build/boat_controller/boat_controller.egg-info/top_level.txt
[1.909s] reading manifest file '../../build/boat_controller/boat_controller.egg-info/SOURCES.txt'
[1.912s] writing manifest file '../../build/boat_controller/boat_controller.egg-info/SOURCES.txt'
[1.912s] running build
[1.912s] running build_py
[1.913s] copying boat_controller/boat_controllermain.py -> /home/olivier/ros2_ws/build/boat_controller/build/lib/boat_controller
[1.914s] running install
[1.914s] running install_lib
[1.915s] copying /home/olivier/ros2_ws/build/boat_controller/build/lib/boat_controller/boat_controllermain.py -> /home/olivier/ros2_ws/install/boat_controller/lib/python3.10/site-packages/boat_controller
[1.920s] byte-compiling /home/olivier/ros2_ws/install/boat_controller/lib/python3.10/site-packages/boat_controller/boat_controllermain.py to boat_controllermain.cpython-310.pyc
[1.923s] running install_data
[1.924s] running install_egg_info
[1.927s] removing '/home/olivier/ros2_ws/install/boat_controller/lib/python3.10/site-packages/boat_controller-0.0.0-py3.10.egg-info' (and everything under it)
[1.929s] Copying ../../build/boat_controller/boat_controller.egg-info to /home/olivier/ros2_ws/install/boat_controller/lib/python3.10/site-packages/boat_controller-0.0.0-py3.10.egg-info
[1.936s] running install_scripts
[1.983s] Installing boat_controllermain script to /home/olivier/ros2_ws/install/boat_controller/lib/boat_controller
[1.983s] writing list of installed files to '/home/olivier/ros2_ws/build/boat_controller/install.log'
[2.140s] Invoked command in '/home/olivier/ros2_ws/src/swarm_controller_1' returned '0': PYTHONPATH=/home/olivier/ros2_ws/build/boat_controller/prefix_override:/home/olivier/ros2_ws/install/boat_controller/lib/python3.10/site-packages:${PYTHONPATH} /usr/bin/python3 -W ignore:setup.py install is deprecated setup.py egg_info --egg-base ../../build/boat_controller build --build-base /home/olivier/ros2_ws/build/boat_controller/build install --record /home/olivier/ros2_ws/build/boat_controller/install.log --single-version-externally-managed install_data
