running egg_info
creating ../../build/boat_controller/boat_controller.egg-info
writing ../../build/boat_controller/boat_controller.egg-info/PKG-INFO
writing dependency_links to ../../build/boat_controller/boat_controller.egg-info/dependency_links.txt
writing entry points to ../../build/boat_controller/boat_controller.egg-info/entry_points.txt
writing requirements to ../../build/boat_controller/boat_controller.egg-info/requires.txt
writing top-level names to ../../build/boat_controller/boat_controller.egg-info/top_level.txt
writing manifest file '../../build/boat_controller/boat_controller.egg-info/SOURCES.txt'
reading manifest file '../../build/boat_controller/boat_controller.egg-info/SOURCES.txt'
writing manifest file '../../build/boat_controller/boat_controller.egg-info/SOURCES.txt'
running build
running build_py
creating /home/olivier/ros2_ws/build/boat_controller/build
creating /home/olivier/ros2_ws/build/boat_controller/build/lib
creating /home/olivier/ros2_ws/build/boat_controller/build/lib/boat_controller
copying boat_controller/boat_controller.py -> /home/olivier/ros2_ws/build/boat_controller/build/lib/boat_controller
copying boat_controller/__init__.py -> /home/olivier/ros2_ws/build/boat_controller/build/lib/boat_controller
running install
running install_lib
creating /home/olivier/ros2_ws/install/boat_controller/lib/python3.10/site-packages/boat_controller
copying /home/olivier/ros2_ws/build/boat_controller/build/lib/boat_controller/boat_controller.py -> /home/olivier/ros2_ws/install/boat_controller/lib/python3.10/site-packages/boat_controller
copying /home/olivier/ros2_ws/build/boat_controller/build/lib/boat_controller/__init__.py -> /home/olivier/ros2_ws/install/boat_controller/lib/python3.10/site-packages/boat_controller
byte-compiling /home/olivier/ros2_ws/install/boat_controller/lib/python3.10/site-packages/boat_controller/boat_controller.py to boat_controller.cpython-310.pyc
byte-compiling /home/olivier/ros2_ws/install/boat_controller/lib/python3.10/site-packages/boat_controller/__init__.py to __init__.cpython-310.pyc
running install_data
creating /home/olivier/ros2_ws/install/boat_controller/share/ament_index
creating /home/olivier/ros2_ws/install/boat_controller/share/ament_index/resource_index
creating /home/olivier/ros2_ws/install/boat_controller/share/ament_index/resource_index/packages
copying resource/boat_controller -> /home/olivier/ros2_ws/install/boat_controller/share/ament_index/resource_index/packages
copying package.xml -> /home/olivier/ros2_ws/install/boat_controller/share/boat_controller
running install_egg_info
Copying ../../build/boat_controller/boat_controller.egg-info to /home/olivier/ros2_ws/install/boat_controller/lib/python3.10/site-packages/boat_controller-0.0.0-py3.10.egg-info
running install_scripts
writing list of installed files to '/home/olivier/ros2_ws/build/boat_controller/install.log'
