[1.877s] Invoking command in '/home/olivier/ros2_ws/src/boat_controller': PYTHONPATH=/home/olivier/ros2_ws/build/boat_controller/prefix_override:/home/olivier/ros2_ws/install/boat_controller/lib/python3.10/site-packages:${PYTHONPATH} /usr/bin/python3 -W ignore:setup.py install is deprecated setup.py egg_info --egg-base ../../build/boat_controller build --build-base /home/olivier/ros2_ws/build/boat_controller/build install --record /home/olivier/ros2_ws/build/boat_controller/install.log --single-version-externally-managed install_data
[2.750s] running egg_info
[2.751s] creating ../../build/boat_controller/boat_controller.egg-info
[2.752s] writing ../../build/boat_controller/boat_controller.egg-info/PKG-INFO
[2.753s] writing dependency_links to ../../build/boat_controller/boat_controller.egg-info/dependency_links.txt
[2.753s] writing entry points to ../../build/boat_controller/boat_controller.egg-info/entry_points.txt
[2.753s] writing requirements to ../../build/boat_controller/boat_controller.egg-info/requires.txt
[2.753s] writing top-level names to ../../build/boat_controller/boat_controller.egg-info/top_level.txt
[2.753s] writing manifest file '../../build/boat_controller/boat_controller.egg-info/SOURCES.txt'
[2.765s] reading manifest file '../../build/boat_controller/boat_controller.egg-info/SOURCES.txt'
[2.765s] writing manifest file '../../build/boat_controller/boat_controller.egg-info/SOURCES.txt'
[2.765s] running build
[2.765s] running build_py
[2.766s] creating /home/olivier/ros2_ws/build/boat_controller/build
[2.766s] creating /home/olivier/ros2_ws/build/boat_controller/build/lib
[2.766s] creating /home/olivier/ros2_ws/build/boat_controller/build/lib/boat_controller
[2.766s] copying boat_controller/boat_controller.py -> /home/olivier/ros2_ws/build/boat_controller/build/lib/boat_controller
[2.766s] copying boat_controller/__init__.py -> /home/olivier/ros2_ws/build/boat_controller/build/lib/boat_controller
[2.766s] running install
[2.766s] running install_lib
[2.767s] creating /home/olivier/ros2_ws/install/boat_controller/lib/python3.10/site-packages/boat_controller
[2.767s] copying /home/olivier/ros2_ws/build/boat_controller/build/lib/boat_controller/boat_controller.py -> /home/olivier/ros2_ws/install/boat_controller/lib/python3.10/site-packages/boat_controller
[2.767s] copying /home/olivier/ros2_ws/build/boat_controller/build/lib/boat_controller/__init__.py -> /home/olivier/ros2_ws/install/boat_controller/lib/python3.10/site-packages/boat_controller
[2.775s] byte-compiling /home/olivier/ros2_ws/install/boat_controller/lib/python3.10/site-packages/boat_controller/boat_controller.py to boat_controller.cpython-310.pyc
[2.775s] byte-compiling /home/olivier/ros2_ws/install/boat_controller/lib/python3.10/site-packages/boat_controller/__init__.py to __init__.cpython-310.pyc
[2.775s] running install_data
[2.775s] creating /home/olivier/ros2_ws/install/boat_controller/share/ament_index
[2.775s] creating /home/olivier/ros2_ws/install/boat_controller/share/ament_index/resource_index
[2.776s] creating /home/olivier/ros2_ws/install/boat_controller/share/ament_index/resource_index/packages
[2.776s] copying resource/boat_controller -> /home/olivier/ros2_ws/install/boat_controller/share/ament_index/resource_index/packages
[2.776s] copying package.xml -> /home/olivier/ros2_ws/install/boat_controller/share/boat_controller
[2.776s] running install_egg_info
[2.776s] Copying ../../build/boat_controller/boat_controller.egg-info to /home/olivier/ros2_ws/install/boat_controller/lib/python3.10/site-packages/boat_controller-0.0.0-py3.10.egg-info
[2.776s] running install_scripts
[2.812s] writing list of installed files to '/home/olivier/ros2_ws/build/boat_controller/install.log'
[2.924s] Invoked command in '/home/olivier/ros2_ws/src/boat_controller' returned '0': PYTHONPATH=/home/olivier/ros2_ws/build/boat_controller/prefix_override:/home/olivier/ros2_ws/install/boat_controller/lib/python3.10/site-packages:${PYTHONPATH} /usr/bin/python3 -W ignore:setup.py install is deprecated setup.py egg_info --egg-base ../../build/boat_controller build --build-base /home/olivier/ros2_ws/build/boat_controller/build install --record /home/olivier/ros2_ws/build/boat_controller/install.log --single-version-externally-managed install_data
