[0.836s] Invoking command in '/home/olivier/ros2_ws/build/ras_urdf_common': CMAKE_PREFIX_PATH=${CMAKE_PREFIX_PATH}:/home/olivier/ros2_ws/install/usv_formation_control_1:/home/olivier/ros2_ws/install/turtleboat:/home/olivier/ros2_ws/install/tf_callback:/home/olivier/ros2_ws/install/ras_ros_core_control_modules:/home/olivier/ros2_ws/install/py_pubsub:/home/olivier/ros2_ws/install/joystick_control_ras:/home/olivier/ros2_ws/install/boat_controller:/home/olivier/install/usv_formation_control_1:/home/olivier/install/turtleboat:/home/olivier/install/tf_callback:/home/olivier/install/ras_ros_core_control_modules:/home/olivier/install/joystick_control_ras:/home/olivier/install/boat_controller:/opt/ros/iron /usr/bin/cmake --build /home/olivier/ros2_ws/build/ras_urdf_common -- -j4 -l4
[1.358s] Built target ament_cmake_python_copy_ras_urdf_common
[1.655s] running egg_info
[1.656s] writing ras_urdf_common.egg-info/PKG-INFO
[1.656s] writing dependency_links to ras_urdf_common.egg-info/dependency_links.txt
[1.656s] writing top-level names to ras_urdf_common.egg-info/top_level.txt
[1.660s] reading manifest file 'ras_urdf_common.egg-info/SOURCES.txt'
[1.660s] writing manifest file 'ras_urdf_common.egg-info/SOURCES.txt'
[1.743s] Built target ament_cmake_python_build_ras_urdf_common_egg
[1.771s] Invoked command in '/home/olivier/ros2_ws/build/ras_urdf_common' returned '0': CMAKE_PREFIX_PATH=${CMAKE_PREFIX_PATH}:/home/olivier/ros2_ws/install/usv_formation_control_1:/home/olivier/ros2_ws/install/turtleboat:/home/olivier/ros2_ws/install/tf_callback:/home/olivier/ros2_ws/install/ras_ros_core_control_modules:/home/olivier/ros2_ws/install/py_pubsub:/home/olivier/ros2_ws/install/joystick_control_ras:/home/olivier/ros2_ws/install/boat_controller:/home/olivier/install/usv_formation_control_1:/home/olivier/install/turtleboat:/home/olivier/install/tf_callback:/home/olivier/install/ras_ros_core_control_modules:/home/olivier/install/joystick_control_ras:/home/olivier/install/boat_controller:/opt/ros/iron /usr/bin/cmake --build /home/olivier/ros2_ws/build/ras_urdf_common -- -j4 -l4
[1.997s] Invoking command in '/home/olivier/ros2_ws/build/ras_urdf_common': CMAKE_PREFIX_PATH=${CMAKE_PREFIX_PATH}:/home/olivier/ros2_ws/install/usv_formation_control_1:/home/olivier/ros2_ws/install/turtleboat:/home/olivier/ros2_ws/install/tf_callback:/home/olivier/ros2_ws/install/ras_ros_core_control_modules:/home/olivier/ros2_ws/install/py_pubsub:/home/olivier/ros2_ws/install/joystick_control_ras:/home/olivier/ros2_ws/install/boat_controller:/home/olivier/install/usv_formation_control_1:/home/olivier/install/turtleboat:/home/olivier/install/tf_callback:/home/olivier/install/ras_ros_core_control_modules:/home/olivier/install/joystick_control_ras:/home/olivier/install/boat_controller:/opt/ros/iron /usr/bin/cmake --install /home/olivier/ros2_ws/build/ras_urdf_common
[2.023s] -- Install configuration: ""
[2.023s] -- Up-to-date: /home/olivier/ros2_ws/install/ras_urdf_common/share/ras_urdf_common/launch
[2.023s] -- Up-to-date: /home/olivier/ros2_ws/install/ras_urdf_common/share/ras_urdf_common/launch/rviz_bringup.launch.py
[2.023s] -- Up-to-date: /home/olivier/ros2_ws/install/ras_urdf_common/share/ras_urdf_common/meshes
[2.024s] -- Up-to-date: /home/olivier/ros2_ws/install/ras_urdf_common/share/ras_urdf_common/meshes/TN_propeller1.stl
[2.024s] -- Up-to-date: /home/olivier/ros2_ws/install/ras_urdf_common/share/ras_urdf_common/meshes/TN_collisionMesh1.stl
[2.024s] -- Up-to-date: /home/olivier/ros2_ws/install/ras_urdf_common/share/ras_urdf_common/meshes/TN_hull_BB_1.stl
[2.024s] -- Up-to-date: /home/olivier/ros2_ws/install/ras_urdf_common/share/ras_urdf_common/rviz
[2.024s] -- Up-to-date: /home/olivier/ros2_ws/install/ras_urdf_common/share/ras_urdf_common/rviz/urdf.rviz
[2.024s] -- Up-to-date: /home/olivier/ros2_ws/install/ras_urdf_common/share/ras_urdf_common/urdf
[2.024s] -- Up-to-date: /home/olivier/ros2_ws/install/ras_urdf_common/share/ras_urdf_common/urdf/titoneri.urdf.xacro
[2.024s] -- Up-to-date: /home/olivier/ros2_ws/install/ras_urdf_common/share/ras_urdf_common/ras_urdf_common
[2.025s] -- Up-to-date: /home/olivier/ros2_ws/install/ras_urdf_common/share/ras_urdf_common/ras_urdf_common/__init__.py
[2.025s] -- Up-to-date: /home/olivier/ros2_ws/install/ras_urdf_common/share/ras_urdf_common/scripts
[2.025s] -- Up-to-date: /home/olivier/ros2_ws/install/ras_urdf_common/share/ras_urdf_common/scripts/azi_joint_state_broadcaster.py
[2.025s] -- Up-to-date: /home/olivier/ros2_ws/install/ras_urdf_common/share/ras_urdf_common/environment/pythonpath.sh
[2.025s] -- Up-to-date: /home/olivier/ros2_ws/install/ras_urdf_common/share/ras_urdf_common/environment/pythonpath.dsv
[2.025s] -- Up-to-date: /home/olivier/ros2_ws/install/ras_urdf_common/lib/python3.10/site-packages/ras_urdf_common-0.0.0-py3.10.egg-info
[2.032s] -- Installing: /home/olivier/ros2_ws/install/ras_urdf_common/lib/python3.10/site-packages/ras_urdf_common-0.0.0-py3.10.egg-info/SOURCES.txt
[2.039s] -- Installing: /home/olivier/ros2_ws/install/ras_urdf_common/lib/python3.10/site-packages/ras_urdf_common-0.0.0-py3.10.egg-info/dependency_links.txt
[2.039s] -- Installing: /home/olivier/ros2_ws/install/ras_urdf_common/lib/python3.10/site-packages/ras_urdf_common-0.0.0-py3.10.egg-info/top_level.txt
[2.039s] -- Installing: /home/olivier/ros2_ws/install/ras_urdf_common/lib/python3.10/site-packages/ras_urdf_common-0.0.0-py3.10.egg-info/PKG-INFO
[2.044s] -- Up-to-date: /home/olivier/ros2_ws/install/ras_urdf_common/lib/python3.10/site-packages/ras_urdf_common
[2.044s] -- Up-to-date: /home/olivier/ros2_ws/install/ras_urdf_common/lib/python3.10/site-packages/ras_urdf_common/__init__.py
[2.204s] Listing '/home/olivier/ros2_ws/install/ras_urdf_common/lib/python3.10/site-packages/ras_urdf_common'...
[2.218s] -- Up-to-date: /home/olivier/ros2_ws/install/ras_urdf_common/lib/ras_urdf_common/azi_joint_state_broadcaster.py
[2.218s] -- Up-to-date: /home/olivier/ros2_ws/install/ras_urdf_common/share/ament_index/resource_index/package_run_dependencies/ras_urdf_common
[2.218s] -- Up-to-date: /home/olivier/ros2_ws/install/ras_urdf_common/share/ament_index/resource_index/parent_prefix_path/ras_urdf_common
[2.219s] -- Up-to-date: /home/olivier/ros2_ws/install/ras_urdf_common/share/ras_urdf_common/environment/ament_prefix_path.sh
[2.219s] -- Up-to-date: /home/olivier/ros2_ws/install/ras_urdf_common/share/ras_urdf_common/environment/ament_prefix_path.dsv
[2.219s] -- Up-to-date: /home/olivier/ros2_ws/install/ras_urdf_common/share/ras_urdf_common/environment/path.sh
[2.219s] -- Up-to-date: /home/olivier/ros2_ws/install/ras_urdf_common/share/ras_urdf_common/environment/path.dsv
[2.219s] -- Up-to-date: /home/olivier/ros2_ws/install/ras_urdf_common/share/ras_urdf_common/local_setup.bash
[2.219s] -- Up-to-date: /home/olivier/ros2_ws/install/ras_urdf_common/share/ras_urdf_common/local_setup.sh
[2.219s] -- Up-to-date: /home/olivier/ros2_ws/install/ras_urdf_common/share/ras_urdf_common/local_setup.zsh
[2.219s] -- Up-to-date: /home/olivier/ros2_ws/install/ras_urdf_common/share/ras_urdf_common/local_setup.dsv
[2.220s] -- Installing: /home/olivier/ros2_ws/install/ras_urdf_common/share/ras_urdf_common/package.dsv
[2.220s] -- Up-to-date: /home/olivier/ros2_ws/install/ras_urdf_common/share/ament_index/resource_index/packages/ras_urdf_common
[2.220s] -- Up-to-date: /home/olivier/ros2_ws/install/ras_urdf_common/share/ras_urdf_common/cmake/ras_urdf_commonConfig.cmake
[2.220s] -- Up-to-date: /home/olivier/ros2_ws/install/ras_urdf_common/share/ras_urdf_common/cmake/ras_urdf_commonConfig-version.cmake
[2.220s] -- Up-to-date: /home/olivier/ros2_ws/install/ras_urdf_common/share/ras_urdf_common/package.xml
[2.228s] Invoked command in '/home/olivier/ros2_ws/build/ras_urdf_common' returned '0': CMAKE_PREFIX_PATH=${CMAKE_PREFIX_PATH}:/home/olivier/ros2_ws/install/usv_formation_control_1:/home/olivier/ros2_ws/install/turtleboat:/home/olivier/ros2_ws/install/tf_callback:/home/olivier/ros2_ws/install/ras_ros_core_control_modules:/home/olivier/ros2_ws/install/py_pubsub:/home/olivier/ros2_ws/install/joystick_control_ras:/home/olivier/ros2_ws/install/boat_controller:/home/olivier/install/usv_formation_control_1:/home/olivier/install/turtleboat:/home/olivier/install/tf_callback:/home/olivier/install/ras_ros_core_control_modules:/home/olivier/install/joystick_control_ras:/home/olivier/install/boat_controller:/opt/ros/iron /usr/bin/cmake --install /home/olivier/ros2_ws/build/ras_urdf_common
