[2.330s] Invoking command in '/home/olivier/ros2_ws/src/swarm_controller_1': PYTHONPATH=/home/olivier/ros2_ws/build/boat_controller/prefix_override:/home/olivier/ros2_ws/install/boat_controller/lib/python3.10/site-packages:${PYTHONPATH} /usr/bin/python3 -W ignore:setup.py install is deprecated setup.py egg_info --egg-base ../../build/boat_controller build --build-base /home/olivier/ros2_ws/build/boat_controller/build install --record /home/olivier/ros2_ws/build/boat_controller/install.log --single-version-externally-managed install_data
[3.305s] running egg_info
[3.305s] writing ../../build/boat_controller/boat_controller.egg-info/PKG-INFO
[3.305s] writing dependency_links to ../../build/boat_controller/boat_controller.egg-info/dependency_links.txt
[3.305s] writing entry points to ../../build/boat_controller/boat_controller.egg-info/entry_points.txt
[3.306s] writing requirements to ../../build/boat_controller/boat_controller.egg-info/requires.txt
[3.306s] writing top-level names to ../../build/boat_controller/boat_controller.egg-info/top_level.txt
[3.306s] reading manifest file '../../build/boat_controller/boat_controller.egg-info/SOURCES.txt'
[3.310s] writing manifest file '../../build/boat_controller/boat_controller.egg-info/SOURCES.txt'
[3.311s] running build
[3.311s] running build_py
[3.311s] copying boat_controller/boat_controllermain.py -> /home/olivier/ros2_ws/build/boat_controller/build/lib/boat_controller
[3.311s] running install
[3.311s] running install_lib
[3.313s] copying /home/olivier/ros2_ws/build/boat_controller/build/lib/boat_controller/boat_controllermain.py -> /home/olivier/ros2_ws/install/boat_controller/lib/python3.10/site-packages/boat_controller
[3.317s] byte-compiling /home/olivier/ros2_ws/install/boat_controller/lib/python3.10/site-packages/boat_controller/boat_controllermain.py to boat_controllermain.cpython-310.pyc
[3.322s] running install_data
[3.322s] running install_egg_info
[3.329s] removing '/home/olivier/ros2_ws/install/boat_controller/lib/python3.10/site-packages/boat_controller-0.0.0-py3.10.egg-info' (and everything under it)
[3.330s] Copying ../../build/boat_controller/boat_controller.egg-info to /home/olivier/ros2_ws/install/boat_controller/lib/python3.10/site-packages/boat_controller-0.0.0-py3.10.egg-info
[3.332s] running install_scripts
[3.462s] Installing boat_controllermain script to /home/olivier/ros2_ws/install/boat_controller/lib/boat_controller
[3.462s] writing list of installed files to '/home/olivier/ros2_ws/build/boat_controller/install.log'
[3.927s] Invoked command in '/home/olivier/ros2_ws/src/swarm_controller_1' returned '0': PYTHONPATH=/home/olivier/ros2_ws/build/boat_controller/prefix_override:/home/olivier/ros2_ws/install/boat_controller/lib/python3.10/site-packages:${PYTHONPATH} /usr/bin/python3 -W ignore:setup.py install is deprecated setup.py egg_info --egg-base ../../build/boat_controller build --build-base /home/olivier/ros2_ws/build/boat_controller/build install --record /home/olivier/ros2_ws/build/boat_controller/install.log --single-version-externally-managed install_data
