[1.596s] Invoking command in '/home/olivier/ros2_ws/src/py_pubsub': PYTHONPATH=/home/olivier/ros2_ws/build/py_pubsub/prefix_override:/home/olivier/ros2_ws/install/py_pubsub/lib/python3.10/site-packages:${PYTHONPATH} /usr/bin/python3 -W ignore:setup.py install is deprecated setup.py egg_info --egg-base ../../build/py_pubsub build --build-base /home/olivier/ros2_ws/build/py_pubsub/build install --record /home/olivier/ros2_ws/build/py_pubsub/install.log --single-version-externally-managed install_data
[2.010s] running egg_info
[2.011s] writing ../../build/py_pubsub/py_pubsub.egg-info/PKG-INFO
[2.011s] writing dependency_links to ../../build/py_pubsub/py_pubsub.egg-info/dependency_links.txt
[2.011s] writing entry points to ../../build/py_pubsub/py_pubsub.egg-info/entry_points.txt
[2.012s] writing requirements to ../../build/py_pubsub/py_pubsub.egg-info/requires.txt
[2.012s] writing top-level names to ../../build/py_pubsub/py_pubsub.egg-info/top_level.txt
[2.014s] reading manifest file '../../build/py_pubsub/py_pubsub.egg-info/SOURCES.txt'
[2.016s] writing manifest file '../../build/py_pubsub/py_pubsub.egg-info/SOURCES.txt'
[2.016s] running build
[2.016s] running build_py
[2.017s] running install
[2.017s] running install_lib
[2.019s] running install_data
[2.020s] running install_egg_info
[2.024s] removing '/home/olivier/ros2_ws/install/py_pubsub/lib/python3.10/site-packages/py_pubsub-0.0.0-py3.10.egg-info' (and everything under it)
[2.024s] Copying ../../build/py_pubsub/py_pubsub.egg-info to /home/olivier/ros2_ws/install/py_pubsub/lib/python3.10/site-packages/py_pubsub-0.0.0-py3.10.egg-info
[2.026s] running install_scripts
[2.064s] Installing listener script to /home/olivier/ros2_ws/install/py_pubsub/lib/py_pubsub
[2.064s] Installing talker script to /home/olivier/ros2_ws/install/py_pubsub/lib/py_pubsub
[2.064s] writing list of installed files to '/home/olivier/ros2_ws/build/py_pubsub/install.log'
