[1.872s] Invoking command in '/home/olivier/ros2_ws/src/swarm_controller_1': PYTHONPATH=/home/olivier/ros2_ws/build/boat_controller/prefix_override:/home/olivier/ros2_ws/install/boat_controller/lib/python3.10/site-packages:${PYTHONPATH} /usr/bin/python3 -W ignore:setup.py install is deprecated setup.py egg_info --egg-base ../../build/boat_controller build --build-base /home/olivier/ros2_ws/build/boat_controller/build install --record /home/olivier/ros2_ws/build/boat_controller/install.log --single-version-externally-managed install_data
[2.304s] running egg_info
[2.307s] writing ../../build/boat_controller/boat_controller.egg-info/PKG-INFO
[2.308s] writing dependency_links to ../../build/boat_controller/boat_controller.egg-info/dependency_links.txt
[2.309s] writing entry points to ../../build/boat_controller/boat_controller.egg-info/entry_points.txt
[2.310s] writing requirements to ../../build/boat_controller/boat_controller.egg-info/requires.txt
[2.311s] writing top-level names to ../../build/boat_controller/boat_controller.egg-info/top_level.txt
[2.315s] reading manifest file '../../build/boat_controller/boat_controller.egg-info/SOURCES.txt'
[2.318s] writing manifest file '../../build/boat_controller/boat_controller.egg-info/SOURCES.txt'
[2.319s] running build
[2.320s] running build_py
[2.321s] running install
[2.322s] running install_lib
[2.325s] running install_data
[2.325s] running install_egg_info
[2.329s] removing '/home/olivier/ros2_ws/install/boat_controller/lib/python3.10/site-packages/boat_controller-0.0.0-py3.10.egg-info' (and everything under it)
[2.333s] Copying ../../build/boat_controller/boat_controller.egg-info to /home/olivier/ros2_ws/install/boat_controller/lib/python3.10/site-packages/boat_controller-0.0.0-py3.10.egg-info
[2.347s] running install_scripts
[2.391s] Installing boat_controllermain script to /home/olivier/ros2_ws/install/boat_controller/lib/boat_controller
[2.392s] writing list of installed files to '/home/olivier/ros2_ws/build/boat_controller/install.log'
[2.466s] Invoked command in '/home/olivier/ros2_ws/src/swarm_controller_1' returned '0': PYTHONPATH=/home/olivier/ros2_ws/build/boat_controller/prefix_override:/home/olivier/ros2_ws/install/boat_controller/lib/python3.10/site-packages:${PYTHONPATH} /usr/bin/python3 -W ignore:setup.py install is deprecated setup.py egg_info --egg-base ../../build/boat_controller build --build-base /home/olivier/ros2_ws/build/boat_controller/build install --record /home/olivier/ros2_ws/build/boat_controller/install.log --single-version-externally-managed install_data
