[2.979s] Invoking command in '/home/olivier/ros2_ws/src/boat_controller': PYTHONPATH=/home/olivier/ros2_ws/build/boat_controller/prefix_override:/home/olivier/ros2_ws/install/boat_controller/lib/python3.10/site-packages:${PYTHONPATH} /usr/bin/python3 -W ignore:setup.py install is deprecated setup.py egg_info --egg-base ../../build/boat_controller build --build-base /home/olivier/ros2_ws/build/boat_controller/build install --record /home/olivier/ros2_ws/build/boat_controller/install.log --single-version-externally-managed install_data
[3.805s] running egg_info
[3.805s] writing ../../build/boat_controller/boat_controller.egg-info/PKG-INFO
[3.806s] writing dependency_links to ../../build/boat_controller/boat_controller.egg-info/dependency_links.txt
[3.806s] writing entry points to ../../build/boat_controller/boat_controller.egg-info/entry_points.txt
[3.806s] writing requirements to ../../build/boat_controller/boat_controller.egg-info/requires.txt
[3.806s] writing top-level names to ../../build/boat_controller/boat_controller.egg-info/top_level.txt
[3.813s] reading manifest file '../../build/boat_controller/boat_controller.egg-info/SOURCES.txt'
[3.817s] writing manifest file '../../build/boat_controller/boat_controller.egg-info/SOURCES.txt'
[3.817s] running build
[3.817s] running build_py
[3.824s] copying boat_controller/boat_controllermain.py -> /home/olivier/ros2_ws/build/boat_controller/build/lib/boat_controller
[3.824s] running install
[3.824s] running install_lib
[3.824s] copying /home/olivier/ros2_ws/build/boat_controller/build/lib/boat_controller/boat_controllermain.py -> /home/olivier/ros2_ws/install/boat_controller/lib/python3.10/site-packages/boat_controller
[3.836s] byte-compiling /home/olivier/ros2_ws/install/boat_controller/lib/python3.10/site-packages/boat_controller/boat_controllermain.py to boat_controllermain.cpython-310.pyc
[3.836s] running install_data
[3.837s] running install_egg_info
[3.840s] removing '/home/olivier/ros2_ws/install/boat_controller/lib/python3.10/site-packages/boat_controller-0.0.0-py3.10.egg-info' (and everything under it)
[3.845s] Copying ../../build/boat_controller/boat_controller.egg-info to /home/olivier/ros2_ws/install/boat_controller/lib/python3.10/site-packages/boat_controller-0.0.0-py3.10.egg-info
[3.845s] running install_scripts
[3.907s] Installing boat_controllermain script to /home/olivier/ros2_ws/install/boat_controller/lib/boat_controller
[3.908s] writing list of installed files to '/home/olivier/ros2_ws/build/boat_controller/install.log'
[4.562s] Invoked command in '/home/olivier/ros2_ws/src/boat_controller' returned '0': PYTHONPATH=/home/olivier/ros2_ws/build/boat_controller/prefix_override:/home/olivier/ros2_ws/install/boat_controller/lib/python3.10/site-packages:${PYTHONPATH} /usr/bin/python3 -W ignore:setup.py install is deprecated setup.py egg_info --egg-base ../../build/boat_controller build --build-base /home/olivier/ros2_ws/build/boat_controller/build install --record /home/olivier/ros2_ws/build/boat_controller/install.log --single-version-externally-managed install_data
