[12.233s] Invoking command in '/home/olivier/ros2_ws/src/tf_callback': PYTHONPATH=/home/olivier/ros2_ws/build/tf_callback/prefix_override:/home/olivier/ros2_ws/install/tf_callback/lib/python3.10/site-packages:${PYTHONPATH} /usr/bin/python3 -W ignore:setup.py install is deprecated setup.py egg_info --egg-base ../../build/tf_callback build --build-base /home/olivier/ros2_ws/build/tf_callback/build install --record /home/olivier/ros2_ws/build/tf_callback/install.log --single-version-externally-managed install_data
[14.752s] running egg_info
[14.762s] writing ../../build/tf_callback/tf_callback.egg-info/PKG-INFO
[14.767s] writing dependency_links to ../../build/tf_callback/tf_callback.egg-info/dependency_links.txt
[14.769s] writing entry points to ../../build/tf_callback/tf_callback.egg-info/entry_points.txt
[14.771s] writing requirements to ../../build/tf_callback/tf_callback.egg-info/requires.txt
[14.772s] writing top-level names to ../../build/tf_callback/tf_callback.egg-info/top_level.txt
[14.787s] reading manifest file '../../build/tf_callback/tf_callback.egg-info/SOURCES.txt'
[14.801s] writing manifest file '../../build/tf_callback/tf_callback.egg-info/SOURCES.txt'
[14.803s] running build
[14.803s] running build_py
[14.806s] running install
[14.809s] running install_lib
[14.818s] running install_data
[14.820s] running install_egg_info
[14.844s] removing '/home/olivier/ros2_ws/install/tf_callback/lib/python3.10/site-packages/tf_callback-0.0.0-py3.10.egg-info' (and everything under it)
[14.859s] Copying ../../build/tf_callback/tf_callback.egg-info to /home/olivier/ros2_ws/install/tf_callback/lib/python3.10/site-packages/tf_callback-0.0.0-py3.10.egg-info
[14.865s] running install_scripts
[15.071s] Installing tf_callback_code script to /home/olivier/ros2_ws/install/tf_callback/lib/tf_callback
[15.079s] writing list of installed files to '/home/olivier/ros2_ws/build/tf_callback/install.log'
[15.263s] Invoked command in '/home/olivier/ros2_ws/src/tf_callback' returned '0': PYTHONPATH=/home/olivier/ros2_ws/build/tf_callback/prefix_override:/home/olivier/ros2_ws/install/tf_callback/lib/python3.10/site-packages:${PYTHONPATH} /usr/bin/python3 -W ignore:setup.py install is deprecated setup.py egg_info --egg-base ../../build/tf_callback build --build-base /home/olivier/ros2_ws/build/tf_callback/build install --record /home/olivier/ros2_ws/build/tf_callback/install.log --single-version-externally-managed install_data
