[0.653s] Invoking command in '/home/olivier/ros2_ws/src/py_pubsub': PYTHONPATH=/home/olivier/ros2_ws/build/py_pubsub/prefix_override:/home/olivier/ros2_ws/install/py_pubsub/lib/python3.10/site-packages:${PYTHONPATH} /usr/bin/python3 -W ignore:setup.py install is deprecated setup.py egg_info --egg-base ../../build/py_pubsub build --build-base /home/olivier/ros2_ws/build/py_pubsub/build install --record /home/olivier/ros2_ws/build/py_pubsub/install.log --single-version-externally-managed install_data
[0.888s] running egg_info
[0.889s] creating ../../build/py_pubsub/py_pubsub.egg-info
[0.889s] writing ../../build/py_pubsub/py_pubsub.egg-info/PKG-INFO
[0.889s] writing dependency_links to ../../build/py_pubsub/py_pubsub.egg-info/dependency_links.txt
[0.889s] writing entry points to ../../build/py_pubsub/py_pubsub.egg-info/entry_points.txt
[0.890s] writing requirements to ../../build/py_pubsub/py_pubsub.egg-info/requires.txt
[0.890s] writing top-level names to ../../build/py_pubsub/py_pubsub.egg-info/top_level.txt
[0.890s] writing manifest file '../../build/py_pubsub/py_pubsub.egg-info/SOURCES.txt'
[0.891s] reading manifest file '../../build/py_pubsub/py_pubsub.egg-info/SOURCES.txt'
[0.892s] writing manifest file '../../build/py_pubsub/py_pubsub.egg-info/SOURCES.txt'
[0.892s] running build
[0.892s] running build_py
[0.893s] creating /home/olivier/ros2_ws/build/py_pubsub/build
[0.893s] creating /home/olivier/ros2_ws/build/py_pubsub/build/lib
[0.893s] creating /home/olivier/ros2_ws/build/py_pubsub/build/lib/py_pubsub
[0.893s] copying py_pubsub/__init__.py -> /home/olivier/ros2_ws/build/py_pubsub/build/lib/py_pubsub
[0.897s] copying py_pubsub/publisher_member_function.py -> /home/olivier/ros2_ws/build/py_pubsub/build/lib/py_pubsub
[0.898s] copying py_pubsub/subscriber_member_function.py -> /home/olivier/ros2_ws/build/py_pubsub/build/lib/py_pubsub
[0.898s] running install
[0.899s] running install_lib
[0.900s] creating /home/olivier/ros2_ws/install/py_pubsub/lib/python3.10/site-packages/py_pubsub
[0.900s] copying /home/olivier/ros2_ws/build/py_pubsub/build/lib/py_pubsub/__init__.py -> /home/olivier/ros2_ws/install/py_pubsub/lib/python3.10/site-packages/py_pubsub
[0.900s] copying /home/olivier/ros2_ws/build/py_pubsub/build/lib/py_pubsub/publisher_member_function.py -> /home/olivier/ros2_ws/install/py_pubsub/lib/python3.10/site-packages/py_pubsub
[0.900s] copying /home/olivier/ros2_ws/build/py_pubsub/build/lib/py_pubsub/subscriber_member_function.py -> /home/olivier/ros2_ws/install/py_pubsub/lib/python3.10/site-packages/py_pubsub
[0.901s] byte-compiling /home/olivier/ros2_ws/install/py_pubsub/lib/python3.10/site-packages/py_pubsub/__init__.py to __init__.cpython-310.pyc
[0.901s] byte-compiling /home/olivier/ros2_ws/install/py_pubsub/lib/python3.10/site-packages/py_pubsub/publisher_member_function.py to publisher_member_function.cpython-310.pyc
[0.901s] byte-compiling /home/olivier/ros2_ws/install/py_pubsub/lib/python3.10/site-packages/py_pubsub/subscriber_member_function.py to subscriber_member_function.cpython-310.pyc
[0.902s] running install_data
[0.902s] creating /home/olivier/ros2_ws/install/py_pubsub/share/ament_index
[0.902s] creating /home/olivier/ros2_ws/install/py_pubsub/share/ament_index/resource_index
[0.902s] creating /home/olivier/ros2_ws/install/py_pubsub/share/ament_index/resource_index/packages
[0.902s] copying resource/py_pubsub -> /home/olivier/ros2_ws/install/py_pubsub/share/ament_index/resource_index/packages
[0.902s] copying package.xml -> /home/olivier/ros2_ws/install/py_pubsub/share/py_pubsub
[0.902s] running install_egg_info
[0.904s] Copying ../../build/py_pubsub/py_pubsub.egg-info to /home/olivier/ros2_ws/install/py_pubsub/lib/python3.10/site-packages/py_pubsub-0.0.0-py3.10.egg-info
[0.905s] running install_scripts
[0.926s] Installing listener script to /home/olivier/ros2_ws/install/py_pubsub/lib/py_pubsub
[0.926s] Installing talker script to /home/olivier/ros2_ws/install/py_pubsub/lib/py_pubsub
[0.926s] writing list of installed files to '/home/olivier/ros2_ws/build/py_pubsub/install.log'
[0.954s] Invoked command in '/home/olivier/ros2_ws/src/py_pubsub' returned '0': PYTHONPATH=/home/olivier/ros2_ws/build/py_pubsub/prefix_override:/home/olivier/ros2_ws/install/py_pubsub/lib/python3.10/site-packages:${PYTHONPATH} /usr/bin/python3 -W ignore:setup.py install is deprecated setup.py egg_info --egg-base ../../build/py_pubsub build --build-base /home/olivier/ros2_ws/build/py_pubsub/build install --record /home/olivier/ros2_ws/build/py_pubsub/install.log --single-version-externally-managed install_data
