[2.646s] Invoking command in '/home/olivier/ros2_ws/src/ras_joystick_control-iron': PYTHONPATH=/home/olivier/ros2_ws/build/joystick_control_ras/prefix_override:/home/olivier/ros2_ws/install/joystick_control_ras/lib/python3.10/site-packages:${PYTHONPATH} /usr/bin/python3 -W ignore:setup.py install is deprecated setup.py egg_info --egg-base ../../build/joystick_control_ras build --build-base /home/olivier/ros2_ws/build/joystick_control_ras/build install --record /home/olivier/ros2_ws/build/joystick_control_ras/install.log --single-version-externally-managed install_data
[3.561s] running egg_info
[3.562s] writing ../../build/joystick_control_ras/joystick_control_ras.egg-info/PKG-INFO
[3.564s] writing dependency_links to ../../build/joystick_control_ras/joystick_control_ras.egg-info/dependency_links.txt
[3.571s] writing entry points to ../../build/joystick_control_ras/joystick_control_ras.egg-info/entry_points.txt
[3.571s] writing requirements to ../../build/joystick_control_ras/joystick_control_ras.egg-info/requires.txt
[3.572s] writing top-level names to ../../build/joystick_control_ras/joystick_control_ras.egg-info/top_level.txt
[3.584s] reading manifest file '../../build/joystick_control_ras/joystick_control_ras.egg-info/SOURCES.txt'
[3.586s] writing manifest file '../../build/joystick_control_ras/joystick_control_ras.egg-info/SOURCES.txt'
[3.586s] running build
[3.586s] running build_py
[3.587s] running install
[3.588s] running install_lib
[3.600s] running install_data
[3.601s] running install_egg_info
[3.606s] removing '/home/olivier/ros2_ws/install/joystick_control_ras/lib/python3.10/site-packages/joystick_control_ras-0.0.0-py3.10.egg-info' (and everything under it)
[3.607s] Copying ../../build/joystick_control_ras/joystick_control_ras.egg-info to /home/olivier/ros2_ws/install/joystick_control_ras/lib/python3.10/site-packages/joystick_control_ras-0.0.0-py3.10.egg-info
[3.615s] running install_scripts
[3.701s] Installing joystickgui script to /home/olivier/ros2_ws/install/joystick_control_ras/lib/joystick_control_ras
[3.707s] writing list of installed files to '/home/olivier/ros2_ws/build/joystick_control_ras/install.log'
[3.824s] Invoked command in '/home/olivier/ros2_ws/src/ras_joystick_control-iron' returned '0': PYTHONPATH=/home/olivier/ros2_ws/build/joystick_control_ras/prefix_override:/home/olivier/ros2_ws/install/joystick_control_ras/lib/python3.10/site-packages:${PYTHONPATH} /usr/bin/python3 -W ignore:setup.py install is deprecated setup.py egg_info --egg-base ../../build/joystick_control_ras build --build-base /home/olivier/ros2_ws/build/joystick_control_ras/build install --record /home/olivier/ros2_ws/build/joystick_control_ras/install.log --single-version-externally-managed install_data
