[1.472s] Invoking command in '/home/olivier/ros2_ws/src/py_pubsub': PYTHONPATH=/home/olivier/ros2_ws/build/py_pubsub/prefix_override:/home/olivier/ros2_ws/install/py_pubsub/lib/python3.10/site-packages:${PYTHONPATH} /usr/bin/python3 -W ignore:setup.py install is deprecated setup.py egg_info --egg-base ../../build/py_pubsub build --build-base /home/olivier/ros2_ws/build/py_pubsub/build install --record /home/olivier/ros2_ws/build/py_pubsub/install.log --single-version-externally-managed install_data
[1.862s] running egg_info
[1.863s] writing ../../build/py_pubsub/py_pubsub.egg-info/PKG-INFO
[1.863s] writing dependency_links to ../../build/py_pubsub/py_pubsub.egg-info/dependency_links.txt
[1.864s] writing entry points to ../../build/py_pubsub/py_pubsub.egg-info/entry_points.txt
[1.864s] writing requirements to ../../build/py_pubsub/py_pubsub.egg-info/requires.txt
[1.864s] writing top-level names to ../../build/py_pubsub/py_pubsub.egg-info/top_level.txt
[1.867s] reading manifest file '../../build/py_pubsub/py_pubsub.egg-info/SOURCES.txt'
[1.868s] writing manifest file '../../build/py_pubsub/py_pubsub.egg-info/SOURCES.txt'
[1.868s] running build
[1.869s] running build_py
[1.869s] running install
[1.870s] running install_lib
[1.872s] running install_data
[1.872s] running install_egg_info
[1.875s] removing '/home/olivier/ros2_ws/install/py_pubsub/lib/python3.10/site-packages/py_pubsub-0.0.0-py3.10.egg-info' (and everything under it)
[1.875s] Copying ../../build/py_pubsub/py_pubsub.egg-info to /home/olivier/ros2_ws/install/py_pubsub/lib/python3.10/site-packages/py_pubsub-0.0.0-py3.10.egg-info
[1.876s] running install_scripts
[1.909s] Installing listener script to /home/olivier/ros2_ws/install/py_pubsub/lib/py_pubsub
[1.910s] Installing talker script to /home/olivier/ros2_ws/install/py_pubsub/lib/py_pubsub
[1.910s] writing list of installed files to '/home/olivier/ros2_ws/build/py_pubsub/install.log'
[1.946s] Invoked command in '/home/olivier/ros2_ws/src/py_pubsub' returned '0': PYTHONPATH=/home/olivier/ros2_ws/build/py_pubsub/prefix_override:/home/olivier/ros2_ws/install/py_pubsub/lib/python3.10/site-packages:${PYTHONPATH} /usr/bin/python3 -W ignore:setup.py install is deprecated setup.py egg_info --egg-base ../../build/py_pubsub build --build-base /home/olivier/ros2_ws/build/py_pubsub/build install --record /home/olivier/ros2_ws/build/py_pubsub/install.log --single-version-externally-managed install_data
