/home/olivier/ros2_ws/install/ras_ros_core_control_modules/lib/python3.10/site-packages/ras_ros_core_control_modules/sensor_processing/navsat_cartesian_transform.py
/home/olivier/ros2_ws/install/ras_ros_core_control_modules/lib/python3.10/site-packages/ras_ros_core_control_modules/sensor_processing/__init__.py
/home/olivier/ros2_ws/install/ras_ros_core_control_modules/lib/python3.10/site-packages/ras_ros_core_control_modules/sensor_processing/vel_differentiator.py
/home/olivier/ros2_ws/install/ras_ros_core_control_modules/lib/python3.10/site-packages/ras_ros_core_control_modules/motion_control/surge_vel_controller.py
/home/olivier/ros2_ws/install/ras_ros_core_control_modules/lib/python3.10/site-packages/ras_ros_core_control_modules/motion_control/__init__.py
/home/olivier/ros2_ws/install/ras_ros_core_control_modules/lib/python3.10/site-packages/ras_ros_core_control_modules/motion_control/heading_controller.py
/home/olivier/ros2_ws/install/ras_ros_core_control_modules/lib/python3.10/site-packages/ras_ros_core_control_modules/control_effort_allocation/control_effort_allocate_boilerplate.py
/home/olivier/ros2_ws/install/ras_ros_core_control_modules/lib/python3.10/site-packages/ras_ros_core_control_modules/control_effort_allocation/TN_control_effort_allocator_nomoto.py
/home/olivier/ros2_ws/install/ras_ros_core_control_modules/lib/python3.10/site-packages/ras_ros_core_control_modules/control_effort_allocation/__init__.py
/home/olivier/ros2_ws/install/ras_ros_core_control_modules/lib/python3.10/site-packages/ras_ros_core_control_modules/control_effort_allocation/control_effort_allocator_super.py
/home/olivier/ros2_ws/install/ras_ros_core_control_modules/lib/python3.10/site-packages/ras_ros_core_control_modules/control_effort_allocation/TN_control_effort_allocator_dp_01.py
/home/olivier/ros2_ws/install/ras_ros_core_control_modules/lib/python3.10/site-packages/ras_ros_core_control_modules/tools/geometry_tools.py
/home/olivier/ros2_ws/install/ras_ros_core_control_modules/lib/python3.10/site-packages/ras_ros_core_control_modules/tools/control_tools.py
/home/olivier/ros2_ws/install/ras_ros_core_control_modules/lib/python3.10/site-packages/ras_ros_core_control_modules/tools/__init__.py
/home/olivier/ros2_ws/install/ras_ros_core_control_modules/lib/python3.10/site-packages/ras_ros_core_control_modules/tools/titoneri_parameters.py
/home/olivier/ros2_ws/install/ras_ros_core_control_modules/lib/python3.10/site-packages/ras_ros_core_control_modules/tools/display_tools.py
/home/olivier/ros2_ws/install/ras_ros_core_control_modules/lib/python3.10/site-packages/ras_ros_core_control_modules/sensor_processing/__pycache__/navsat_cartesian_transform.cpython-310.pyc
/home/olivier/ros2_ws/install/ras_ros_core_control_modules/lib/python3.10/site-packages/ras_ros_core_control_modules/sensor_processing/__pycache__/__init__.cpython-310.pyc
/home/olivier/ros2_ws/install/ras_ros_core_control_modules/lib/python3.10/site-packages/ras_ros_core_control_modules/sensor_processing/__pycache__/vel_differentiator.cpython-310.pyc
/home/olivier/ros2_ws/install/ras_ros_core_control_modules/lib/python3.10/site-packages/ras_ros_core_control_modules/motion_control/__pycache__/surge_vel_controller.cpython-310.pyc
/home/olivier/ros2_ws/install/ras_ros_core_control_modules/lib/python3.10/site-packages/ras_ros_core_control_modules/motion_control/__pycache__/__init__.cpython-310.pyc
/home/olivier/ros2_ws/install/ras_ros_core_control_modules/lib/python3.10/site-packages/ras_ros_core_control_modules/motion_control/__pycache__/heading_controller.cpython-310.pyc
/home/olivier/ros2_ws/install/ras_ros_core_control_modules/lib/python3.10/site-packages/ras_ros_core_control_modules/control_effort_allocation/__pycache__/control_effort_allocate_boilerplate.cpython-310.pyc
/home/olivier/ros2_ws/install/ras_ros_core_control_modules/lib/python3.10/site-packages/ras_ros_core_control_modules/control_effort_allocation/__pycache__/TN_control_effort_allocator_nomoto.cpython-310.pyc
/home/olivier/ros2_ws/install/ras_ros_core_control_modules/lib/python3.10/site-packages/ras_ros_core_control_modules/control_effort_allocation/__pycache__/__init__.cpython-310.pyc
/home/olivier/ros2_ws/install/ras_ros_core_control_modules/lib/python3.10/site-packages/ras_ros_core_control_modules/control_effort_allocation/__pycache__/control_effort_allocator_super.cpython-310.pyc
/home/olivier/ros2_ws/install/ras_ros_core_control_modules/lib/python3.10/site-packages/ras_ros_core_control_modules/control_effort_allocation/__pycache__/TN_control_effort_allocator_dp_01.cpython-310.pyc
/home/olivier/ros2_ws/install/ras_ros_core_control_modules/lib/python3.10/site-packages/ras_ros_core_control_modules/tools/__pycache__/geometry_tools.cpython-310.pyc
/home/olivier/ros2_ws/install/ras_ros_core_control_modules/lib/python3.10/site-packages/ras_ros_core_control_modules/tools/__pycache__/control_tools.cpython-310.pyc
/home/olivier/ros2_ws/install/ras_ros_core_control_modules/lib/python3.10/site-packages/ras_ros_core_control_modules/tools/__pycache__/__init__.cpython-310.pyc
/home/olivier/ros2_ws/install/ras_ros_core_control_modules/lib/python3.10/site-packages/ras_ros_core_control_modules/tools/__pycache__/titoneri_parameters.cpython-310.pyc
/home/olivier/ros2_ws/install/ras_ros_core_control_modules/lib/python3.10/site-packages/ras_ros_core_control_modules/tools/__pycache__/display_tools.cpython-310.pyc
/home/olivier/ros2_ws/install/ras_ros_core_control_modules/share/ament_index/resource_index/packages/ras_ros_core_control_modules
/home/olivier/ros2_ws/install/ras_ros_core_control_modules/share/ras_ros_core_control_modules/package.xml
/home/olivier/ros2_ws/install/ras_ros_core_control_modules/share/ras_ros_core_control_modules/fleet_sim.launch.py
/home/olivier/ros2_ws/install/ras_ros_core_control_modules/share/ras_ros_core_control_modules/fleet_geo_utils.launch.py
/home/olivier/ros2_ws/install/ras_ros_core_control_modules/lib/python3.10/site-packages/ras_ros_core_control_modules-0.0.0-py3.10.egg-info/zip-safe
/home/olivier/ros2_ws/install/ras_ros_core_control_modules/lib/python3.10/site-packages/ras_ros_core_control_modules-0.0.0-py3.10.egg-info/SOURCES.txt
/home/olivier/ros2_ws/install/ras_ros_core_control_modules/lib/python3.10/site-packages/ras_ros_core_control_modules-0.0.0-py3.10.egg-info/entry_points.txt
/home/olivier/ros2_ws/install/ras_ros_core_control_modules/lib/python3.10/site-packages/ras_ros_core_control_modules-0.0.0-py3.10.egg-info/dependency_links.txt
/home/olivier/ros2_ws/install/ras_ros_core_control_modules/lib/python3.10/site-packages/ras_ros_core_control_modules-0.0.0-py3.10.egg-info/top_level.txt
/home/olivier/ros2_ws/install/ras_ros_core_control_modules/lib/python3.10/site-packages/ras_ros_core_control_modules-0.0.0-py3.10.egg-info/PKG-INFO
/home/olivier/ros2_ws/install/ras_ros_core_control_modules/lib/python3.10/site-packages/ras_ros_core_control_modules-0.0.0-py3.10.egg-info/requires.txt
/home/olivier/ros2_ws/install/ras_ros_core_control_modules/lib/ras_ros_core_control_modules/TN_control_effort_allocator_dp1
/home/olivier/ros2_ws/install/ras_ros_core_control_modules/lib/ras_ros_core_control_modules/TN_control_effort_allocator_nomoto
/home/olivier/ros2_ws/install/ras_ros_core_control_modules/lib/ras_ros_core_control_modules/heading_controller
/home/olivier/ros2_ws/install/ras_ros_core_control_modules/lib/ras_ros_core_control_modules/navsat_cartesian_transform
/home/olivier/ros2_ws/install/ras_ros_core_control_modules/lib/ras_ros_core_control_modules/surge_vel_controller
/home/olivier/ros2_ws/install/ras_ros_core_control_modules/lib/ras_ros_core_control_modules/vel_differentiator
