[1.600s] Invoking command in '/home/olivier/ros2_ws/src/py_pubsub': PYTHONPATH=/home/olivier/ros2_ws/build/py_pubsub/prefix_override:/home/olivier/ros2_ws/install/py_pubsub/lib/python3.10/site-packages:${PYTHONPATH} /usr/bin/python3 -W ignore:setup.py install is deprecated setup.py egg_info --egg-base ../../build/py_pubsub build --build-base /home/olivier/ros2_ws/build/py_pubsub/build install --record /home/olivier/ros2_ws/build/py_pubsub/install.log --single-version-externally-managed install_data
[2.024s] running egg_info
[2.026s] writing ../../build/py_pubsub/py_pubsub.egg-info/PKG-INFO
[2.026s] writing dependency_links to ../../build/py_pubsub/py_pubsub.egg-info/dependency_links.txt
[2.026s] writing entry points to ../../build/py_pubsub/py_pubsub.egg-info/entry_points.txt
[2.026s] writing requirements to ../../build/py_pubsub/py_pubsub.egg-info/requires.txt
[2.027s] writing top-level names to ../../build/py_pubsub/py_pubsub.egg-info/top_level.txt
[2.029s] reading manifest file '../../build/py_pubsub/py_pubsub.egg-info/SOURCES.txt'
[2.031s] writing manifest file '../../build/py_pubsub/py_pubsub.egg-info/SOURCES.txt'
[2.031s] running build
[2.031s] running build_py
[2.032s] running install
[2.032s] running install_lib
[2.034s] running install_data
[2.035s] running install_egg_info
[2.037s] removing '/home/olivier/ros2_ws/install/py_pubsub/lib/python3.10/site-packages/py_pubsub-0.0.0-py3.10.egg-info' (and everything under it)
[2.038s] Copying ../../build/py_pubsub/py_pubsub.egg-info to /home/olivier/ros2_ws/install/py_pubsub/lib/python3.10/site-packages/py_pubsub-0.0.0-py3.10.egg-info
[2.039s] running install_scripts
[2.065s] Installing listener script to /home/olivier/ros2_ws/install/py_pubsub/lib/py_pubsub
[2.065s] Installing talker script to /home/olivier/ros2_ws/install/py_pubsub/lib/py_pubsub
[2.066s] writing list of installed files to '/home/olivier/ros2_ws/build/py_pubsub/install.log'
