[3.469s] Invoking command in '/home/olivier/ros2_ws/src/ras_ros_core_control_modules-main': PYTHONPATH=/home/olivier/ros2_ws/build/ras_ros_core_control_modules/prefix_override:/home/olivier/ros2_ws/install/ras_ros_core_control_modules/lib/python3.10/site-packages:${PYTHONPATH} /usr/bin/python3 -W ignore:setup.py install is deprecated setup.py egg_info --egg-base ../../build/ras_ros_core_control_modules build --build-base /home/olivier/ros2_ws/build/ras_ros_core_control_modules/build install --record /home/olivier/ros2_ws/build/ras_ros_core_control_modules/install.log --single-version-externally-managed install_data
[4.772s] running egg_info
[4.774s] writing ../../build/ras_ros_core_control_modules/ras_ros_core_control_modules.egg-info/PKG-INFO
[4.774s] writing dependency_links to ../../build/ras_ros_core_control_modules/ras_ros_core_control_modules.egg-info/dependency_links.txt
[4.774s] writing entry points to ../../build/ras_ros_core_control_modules/ras_ros_core_control_modules.egg-info/entry_points.txt
[4.776s] writing requirements to ../../build/ras_ros_core_control_modules/ras_ros_core_control_modules.egg-info/requires.txt
[4.777s] writing top-level names to ../../build/ras_ros_core_control_modules/ras_ros_core_control_modules.egg-info/top_level.txt
[4.785s] reading manifest file '../../build/ras_ros_core_control_modules/ras_ros_core_control_modules.egg-info/SOURCES.txt'
[4.788s] writing manifest file '../../build/ras_ros_core_control_modules/ras_ros_core_control_modules.egg-info/SOURCES.txt'
[4.788s] running build
[4.788s] running build_py
[4.790s] running install
[4.791s] running install_lib
[4.813s] running install_data
[4.814s] running install_egg_info
[4.818s] removing '/home/olivier/ros2_ws/install/ras_ros_core_control_modules/lib/python3.10/site-packages/ras_ros_core_control_modules-0.0.0-py3.10.egg-info' (and everything under it)
[4.825s] Copying ../../build/ras_ros_core_control_modules/ras_ros_core_control_modules.egg-info to /home/olivier/ros2_ws/install/ras_ros_core_control_modules/lib/python3.10/site-packages/ras_ros_core_control_modules-0.0.0-py3.10.egg-info
[4.825s] running install_scripts
[4.918s] Installing TN_control_effort_allocator_dp1 script to /home/olivier/ros2_ws/install/ras_ros_core_control_modules/lib/ras_ros_core_control_modules
[4.926s] Installing TN_control_effort_allocator_nomoto script to /home/olivier/ros2_ws/install/ras_ros_core_control_modules/lib/ras_ros_core_control_modules
[4.926s] Installing heading_controller script to /home/olivier/ros2_ws/install/ras_ros_core_control_modules/lib/ras_ros_core_control_modules
[4.926s] Installing navsat_cartesian_transform script to /home/olivier/ros2_ws/install/ras_ros_core_control_modules/lib/ras_ros_core_control_modules
[4.927s] Installing surge_vel_controller script to /home/olivier/ros2_ws/install/ras_ros_core_control_modules/lib/ras_ros_core_control_modules
[4.927s] Installing vel_differentiator script to /home/olivier/ros2_ws/install/ras_ros_core_control_modules/lib/ras_ros_core_control_modules
[4.927s] writing list of installed files to '/home/olivier/ros2_ws/build/ras_ros_core_control_modules/install.log'
[5.305s] Invoked command in '/home/olivier/ros2_ws/src/ras_ros_core_control_modules-main' returned '0': PYTHONPATH=/home/olivier/ros2_ws/build/ras_ros_core_control_modules/prefix_override:/home/olivier/ros2_ws/install/ras_ros_core_control_modules/lib/python3.10/site-packages:${PYTHONPATH} /usr/bin/python3 -W ignore:setup.py install is deprecated setup.py egg_info --egg-base ../../build/ras_ros_core_control_modules build --build-base /home/olivier/ros2_ws/build/ras_ros_core_control_modules/build install --record /home/olivier/ros2_ws/build/ras_ros_core_control_modules/install.log --single-version-externally-managed install_data
