[1.584s] Invoking command in '/home/olivier/ros2_ws/src/ras_ros_core_control_modules-main': PYTHONPATH=/home/olivier/ros2_ws/build/ras_ros_core_control_modules/prefix_override:/home/olivier/ros2_ws/install/ras_ros_core_control_modules/lib/python3.10/site-packages:${PYTHONPATH} /usr/bin/python3 -W ignore:setup.py install is deprecated setup.py egg_info --egg-base ../../build/ras_ros_core_control_modules build --build-base /home/olivier/ros2_ws/build/ras_ros_core_control_modules/build install --record /home/olivier/ros2_ws/build/ras_ros_core_control_modules/install.log --single-version-externally-managed install_data
[1.988s] running egg_info
[1.989s] creating ../../build/ras_ros_core_control_modules/ras_ros_core_control_modules.egg-info
[1.990s] writing ../../build/ras_ros_core_control_modules/ras_ros_core_control_modules.egg-info/PKG-INFO
[1.990s] writing dependency_links to ../../build/ras_ros_core_control_modules/ras_ros_core_control_modules.egg-info/dependency_links.txt
[1.990s] writing entry points to ../../build/ras_ros_core_control_modules/ras_ros_core_control_modules.egg-info/entry_points.txt
[1.990s] writing requirements to ../../build/ras_ros_core_control_modules/ras_ros_core_control_modules.egg-info/requires.txt
[1.990s] writing top-level names to ../../build/ras_ros_core_control_modules/ras_ros_core_control_modules.egg-info/top_level.txt
[1.991s] writing manifest file '../../build/ras_ros_core_control_modules/ras_ros_core_control_modules.egg-info/SOURCES.txt'
[1.994s] reading manifest file '../../build/ras_ros_core_control_modules/ras_ros_core_control_modules.egg-info/SOURCES.txt'
[1.995s] writing manifest file '../../build/ras_ros_core_control_modules/ras_ros_core_control_modules.egg-info/SOURCES.txt'
[1.996s] running build
[1.996s] running build_py
[1.996s] creating /home/olivier/ros2_ws/build/ras_ros_core_control_modules/build
[1.996s] creating /home/olivier/ros2_ws/build/ras_ros_core_control_modules/build/lib
[1.996s] creating /home/olivier/ros2_ws/build/ras_ros_core_control_modules/build/lib/ras_ros_core_control_modules
[1.997s] creating /home/olivier/ros2_ws/build/ras_ros_core_control_modules/build/lib/ras_ros_core_control_modules/sensor_processing
[1.997s] copying ras_ros_core_control_modules/sensor_processing/navsat_cartesian_transform.py -> /home/olivier/ros2_ws/build/ras_ros_core_control_modules/build/lib/ras_ros_core_control_modules/sensor_processing
[1.997s] copying ras_ros_core_control_modules/sensor_processing/__init__.py -> /home/olivier/ros2_ws/build/ras_ros_core_control_modules/build/lib/ras_ros_core_control_modules/sensor_processing
[1.997s] copying ras_ros_core_control_modules/sensor_processing/vel_differentiator.py -> /home/olivier/ros2_ws/build/ras_ros_core_control_modules/build/lib/ras_ros_core_control_modules/sensor_processing
[1.997s] creating /home/olivier/ros2_ws/build/ras_ros_core_control_modules/build/lib/ras_ros_core_control_modules/motion_control
[1.998s] copying ras_ros_core_control_modules/motion_control/surge_vel_controller.py -> /home/olivier/ros2_ws/build/ras_ros_core_control_modules/build/lib/ras_ros_core_control_modules/motion_control
[1.998s] copying ras_ros_core_control_modules/motion_control/__init__.py -> /home/olivier/ros2_ws/build/ras_ros_core_control_modules/build/lib/ras_ros_core_control_modules/motion_control
[1.998s] copying ras_ros_core_control_modules/motion_control/heading_controller.py -> /home/olivier/ros2_ws/build/ras_ros_core_control_modules/build/lib/ras_ros_core_control_modules/motion_control
[1.999s] creating /home/olivier/ros2_ws/build/ras_ros_core_control_modules/build/lib/ras_ros_core_control_modules/control_effort_allocation
[1.999s] copying ras_ros_core_control_modules/control_effort_allocation/control_effort_allocate_boilerplate.py -> /home/olivier/ros2_ws/build/ras_ros_core_control_modules/build/lib/ras_ros_core_control_modules/control_effort_allocation
[1.999s] copying ras_ros_core_control_modules/control_effort_allocation/TN_control_effort_allocator_nomoto.py -> /home/olivier/ros2_ws/build/ras_ros_core_control_modules/build/lib/ras_ros_core_control_modules/control_effort_allocation
[2.000s] copying ras_ros_core_control_modules/control_effort_allocation/__init__.py -> /home/olivier/ros2_ws/build/ras_ros_core_control_modules/build/lib/ras_ros_core_control_modules/control_effort_allocation
[2.000s] copying ras_ros_core_control_modules/control_effort_allocation/control_effort_allocator_super.py -> /home/olivier/ros2_ws/build/ras_ros_core_control_modules/build/lib/ras_ros_core_control_modules/control_effort_allocation
[2.000s] copying ras_ros_core_control_modules/control_effort_allocation/TN_control_effort_allocator_dp_01.py -> /home/olivier/ros2_ws/build/ras_ros_core_control_modules/build/lib/ras_ros_core_control_modules/control_effort_allocation
[2.000s] creating /home/olivier/ros2_ws/build/ras_ros_core_control_modules/build/lib/ras_ros_core_control_modules/tools
[2.000s] copying ras_ros_core_control_modules/tools/geometry_tools.py -> /home/olivier/ros2_ws/build/ras_ros_core_control_modules/build/lib/ras_ros_core_control_modules/tools
[2.001s] copying ras_ros_core_control_modules/tools/control_tools.py -> /home/olivier/ros2_ws/build/ras_ros_core_control_modules/build/lib/ras_ros_core_control_modules/tools
[2.001s] copying ras_ros_core_control_modules/tools/__init__.py -> /home/olivier/ros2_ws/build/ras_ros_core_control_modules/build/lib/ras_ros_core_control_modules/tools
[2.001s] copying ras_ros_core_control_modules/tools/titoneri_parameters.py -> /home/olivier/ros2_ws/build/ras_ros_core_control_modules/build/lib/ras_ros_core_control_modules/tools
[2.001s] copying ras_ros_core_control_modules/tools/display_tools.py -> /home/olivier/ros2_ws/build/ras_ros_core_control_modules/build/lib/ras_ros_core_control_modules/tools
[2.002s] running install
[2.003s] running install_lib
[2.005s] creating /home/olivier/ros2_ws/install/ras_ros_core_control_modules/lib/python3.10/site-packages/ras_ros_core_control_modules
[2.007s] creating /home/olivier/ros2_ws/install/ras_ros_core_control_modules/lib/python3.10/site-packages/ras_ros_core_control_modules/control_effort_allocation
[2.007s] copying /home/olivier/ros2_ws/build/ras_ros_core_control_modules/build/lib/ras_ros_core_control_modules/control_effort_allocation/control_effort_allocate_boilerplate.py -> /home/olivier/ros2_ws/install/ras_ros_core_control_modules/lib/python3.10/site-packages/ras_ros_core_control_modules/control_effort_allocation
[2.007s] copying /home/olivier/ros2_ws/build/ras_ros_core_control_modules/build/lib/ras_ros_core_control_modules/control_effort_allocation/TN_control_effort_allocator_nomoto.py -> /home/olivier/ros2_ws/install/ras_ros_core_control_modules/lib/python3.10/site-packages/ras_ros_core_control_modules/control_effort_allocation
[2.007s] copying /home/olivier/ros2_ws/build/ras_ros_core_control_modules/build/lib/ras_ros_core_control_modules/control_effort_allocation/__init__.py -> /home/olivier/ros2_ws/install/ras_ros_core_control_modules/lib/python3.10/site-packages/ras_ros_core_control_modules/control_effort_allocation
[2.008s] copying /home/olivier/ros2_ws/build/ras_ros_core_control_modules/build/lib/ras_ros_core_control_modules/control_effort_allocation/control_effort_allocator_super.py -> /home/olivier/ros2_ws/install/ras_ros_core_control_modules/lib/python3.10/site-packages/ras_ros_core_control_modules/control_effort_allocation
[2.008s] copying /home/olivier/ros2_ws/build/ras_ros_core_control_modules/build/lib/ras_ros_core_control_modules/control_effort_allocation/TN_control_effort_allocator_dp_01.py -> /home/olivier/ros2_ws/install/ras_ros_core_control_modules/lib/python3.10/site-packages/ras_ros_core_control_modules/control_effort_allocation
[2.008s] creating /home/olivier/ros2_ws/install/ras_ros_core_control_modules/lib/python3.10/site-packages/ras_ros_core_control_modules/tools
[2.009s] copying /home/olivier/ros2_ws/build/ras_ros_core_control_modules/build/lib/ras_ros_core_control_modules/tools/geometry_tools.py -> /home/olivier/ros2_ws/install/ras_ros_core_control_modules/lib/python3.10/site-packages/ras_ros_core_control_modules/tools
[2.012s] copying /home/olivier/ros2_ws/build/ras_ros_core_control_modules/build/lib/ras_ros_core_control_modules/tools/control_tools.py -> /home/olivier/ros2_ws/install/ras_ros_core_control_modules/lib/python3.10/site-packages/ras_ros_core_control_modules/tools
[2.012s] copying /home/olivier/ros2_ws/build/ras_ros_core_control_modules/build/lib/ras_ros_core_control_modules/tools/__init__.py -> /home/olivier/ros2_ws/install/ras_ros_core_control_modules/lib/python3.10/site-packages/ras_ros_core_control_modules/tools
[2.012s] copying /home/olivier/ros2_ws/build/ras_ros_core_control_modules/build/lib/ras_ros_core_control_modules/tools/titoneri_parameters.py -> /home/olivier/ros2_ws/install/ras_ros_core_control_modules/lib/python3.10/site-packages/ras_ros_core_control_modules/tools
[2.012s] copying /home/olivier/ros2_ws/build/ras_ros_core_control_modules/build/lib/ras_ros_core_control_modules/tools/display_tools.py -> /home/olivier/ros2_ws/install/ras_ros_core_control_modules/lib/python3.10/site-packages/ras_ros_core_control_modules/tools
[2.012s] creating /home/olivier/ros2_ws/install/ras_ros_core_control_modules/lib/python3.10/site-packages/ras_ros_core_control_modules/motion_control
[2.013s] copying /home/olivier/ros2_ws/build/ras_ros_core_control_modules/build/lib/ras_ros_core_control_modules/motion_control/surge_vel_controller.py -> /home/olivier/ros2_ws/install/ras_ros_core_control_modules/lib/python3.10/site-packages/ras_ros_core_control_modules/motion_control
[2.013s] copying /home/olivier/ros2_ws/build/ras_ros_core_control_modules/build/lib/ras_ros_core_control_modules/motion_control/__init__.py -> /home/olivier/ros2_ws/install/ras_ros_core_control_modules/lib/python3.10/site-packages/ras_ros_core_control_modules/motion_control
[2.013s] copying /home/olivier/ros2_ws/build/ras_ros_core_control_modules/build/lib/ras_ros_core_control_modules/motion_control/heading_controller.py -> /home/olivier/ros2_ws/install/ras_ros_core_control_modules/lib/python3.10/site-packages/ras_ros_core_control_modules/motion_control
[2.014s] creating /home/olivier/ros2_ws/install/ras_ros_core_control_modules/lib/python3.10/site-packages/ras_ros_core_control_modules/sensor_processing
[2.014s] copying /home/olivier/ros2_ws/build/ras_ros_core_control_modules/build/lib/ras_ros_core_control_modules/sensor_processing/navsat_cartesian_transform.py -> /home/olivier/ros2_ws/install/ras_ros_core_control_modules/lib/python3.10/site-packages/ras_ros_core_control_modules/sensor_processing
[2.014s] copying /home/olivier/ros2_ws/build/ras_ros_core_control_modules/build/lib/ras_ros_core_control_modules/sensor_processing/__init__.py -> /home/olivier/ros2_ws/install/ras_ros_core_control_modules/lib/python3.10/site-packages/ras_ros_core_control_modules/sensor_processing
[2.014s] copying /home/olivier/ros2_ws/build/ras_ros_core_control_modules/build/lib/ras_ros_core_control_modules/sensor_processing/vel_differentiator.py -> /home/olivier/ros2_ws/install/ras_ros_core_control_modules/lib/python3.10/site-packages/ras_ros_core_control_modules/sensor_processing
[2.015s] byte-compiling /home/olivier/ros2_ws/install/ras_ros_core_control_modules/lib/python3.10/site-packages/ras_ros_core_control_modules/control_effort_allocation/control_effort_allocate_boilerplate.py to control_effort_allocate_boilerplate.cpython-310.pyc
[2.015s] byte-compiling /home/olivier/ros2_ws/install/ras_ros_core_control_modules/lib/python3.10/site-packages/ras_ros_core_control_modules/control_effort_allocation/TN_control_effort_allocator_nomoto.py to TN_control_effort_allocator_nomoto.cpython-310.pyc
[2.022s] byte-compiling /home/olivier/ros2_ws/install/ras_ros_core_control_modules/lib/python3.10/site-packages/ras_ros_core_control_modules/control_effort_allocation/__init__.py to __init__.cpython-310.pyc
[2.022s] byte-compiling /home/olivier/ros2_ws/install/ras_ros_core_control_modules/lib/python3.10/site-packages/ras_ros_core_control_modules/control_effort_allocation/control_effort_allocator_super.py to control_effort_allocator_super.cpython-310.pyc
[2.023s] byte-compiling /home/olivier/ros2_ws/install/ras_ros_core_control_modules/lib/python3.10/site-packages/ras_ros_core_control_modules/control_effort_allocation/TN_control_effort_allocator_dp_01.py to TN_control_effort_allocator_dp_01.cpython-310.pyc
[2.023s] byte-compiling /home/olivier/ros2_ws/install/ras_ros_core_control_modules/lib/python3.10/site-packages/ras_ros_core_control_modules/tools/geometry_tools.py to geometry_tools.cpython-310.pyc
[2.023s] byte-compiling /home/olivier/ros2_ws/install/ras_ros_core_control_modules/lib/python3.10/site-packages/ras_ros_core_control_modules/tools/control_tools.py to control_tools.cpython-310.pyc
[2.023s] byte-compiling /home/olivier/ros2_ws/install/ras_ros_core_control_modules/lib/python3.10/site-packages/ras_ros_core_control_modules/tools/__init__.py to __init__.cpython-310.pyc
[2.024s] byte-compiling /home/olivier/ros2_ws/install/ras_ros_core_control_modules/lib/python3.10/site-packages/ras_ros_core_control_modules/tools/titoneri_parameters.py to titoneri_parameters.cpython-310.pyc
[2.025s] byte-compiling /home/olivier/ros2_ws/install/ras_ros_core_control_modules/lib/python3.10/site-packages/ras_ros_core_control_modules/tools/display_tools.py to display_tools.cpython-310.pyc
[2.026s] byte-compiling /home/olivier/ros2_ws/install/ras_ros_core_control_modules/lib/python3.10/site-packages/ras_ros_core_control_modules/motion_control/surge_vel_controller.py to surge_vel_controller.cpython-310.pyc
[2.027s] byte-compiling /home/olivier/ros2_ws/install/ras_ros_core_control_modules/lib/python3.10/site-packages/ras_ros_core_control_modules/motion_control/__init__.py to __init__.cpython-310.pyc
[2.027s] byte-compiling /home/olivier/ros2_ws/install/ras_ros_core_control_modules/lib/python3.10/site-packages/ras_ros_core_control_modules/motion_control/heading_controller.py to heading_controller.cpython-310.pyc
[2.029s] byte-compiling /home/olivier/ros2_ws/install/ras_ros_core_control_modules/lib/python3.10/site-packages/ras_ros_core_control_modules/sensor_processing/navsat_cartesian_transform.py to navsat_cartesian_transform.cpython-310.pyc
[2.030s] byte-compiling /home/olivier/ros2_ws/install/ras_ros_core_control_modules/lib/python3.10/site-packages/ras_ros_core_control_modules/sensor_processing/__init__.py to __init__.cpython-310.pyc
[2.030s] byte-compiling /home/olivier/ros2_ws/install/ras_ros_core_control_modules/lib/python3.10/site-packages/ras_ros_core_control_modules/sensor_processing/vel_differentiator.py to vel_differentiator.cpython-310.pyc
[2.032s] running install_data
[2.033s] creating /home/olivier/ros2_ws/install/ras_ros_core_control_modules/share/ament_index
[2.033s] creating /home/olivier/ros2_ws/install/ras_ros_core_control_modules/share/ament_index/resource_index
[2.033s] creating /home/olivier/ros2_ws/install/ras_ros_core_control_modules/share/ament_index/resource_index/packages
[2.033s] copying resource/ras_ros_core_control_modules -> /home/olivier/ros2_ws/install/ras_ros_core_control_modules/share/ament_index/resource_index/packages
[2.033s] copying package.xml -> /home/olivier/ros2_ws/install/ras_ros_core_control_modules/share/ras_ros_core_control_modules
[2.033s] copying launch/fleet_sim.launch.py -> /home/olivier/ros2_ws/install/ras_ros_core_control_modules/share/ras_ros_core_control_modules
[2.034s] copying launch/fleet_geo_utils.launch.py -> /home/olivier/ros2_ws/install/ras_ros_core_control_modules/share/ras_ros_core_control_modules
[2.034s] running install_egg_info
[2.037s] Copying ../../build/ras_ros_core_control_modules/ras_ros_core_control_modules.egg-info to /home/olivier/ros2_ws/install/ras_ros_core_control_modules/lib/python3.10/site-packages/ras_ros_core_control_modules-0.0.0-py3.10.egg-info
[2.038s] running install_scripts
[2.072s] Installing TN_control_effort_allocator_dp1 script to /home/olivier/ros2_ws/install/ras_ros_core_control_modules/lib/ras_ros_core_control_modules
[2.072s] Installing TN_control_effort_allocator_nomoto script to /home/olivier/ros2_ws/install/ras_ros_core_control_modules/lib/ras_ros_core_control_modules
[2.072s] Installing heading_controller script to /home/olivier/ros2_ws/install/ras_ros_core_control_modules/lib/ras_ros_core_control_modules
[2.072s] Installing navsat_cartesian_transform script to /home/olivier/ros2_ws/install/ras_ros_core_control_modules/lib/ras_ros_core_control_modules
[2.072s] Installing surge_vel_controller script to /home/olivier/ros2_ws/install/ras_ros_core_control_modules/lib/ras_ros_core_control_modules
[2.073s] Installing vel_differentiator script to /home/olivier/ros2_ws/install/ras_ros_core_control_modules/lib/ras_ros_core_control_modules
[2.074s] writing list of installed files to '/home/olivier/ros2_ws/build/ras_ros_core_control_modules/install.log'
[2.117s] Invoked command in '/home/olivier/ros2_ws/src/ras_ros_core_control_modules-main' returned '0': PYTHONPATH=/home/olivier/ros2_ws/build/ras_ros_core_control_modules/prefix_override:/home/olivier/ros2_ws/install/ras_ros_core_control_modules/lib/python3.10/site-packages:${PYTHONPATH} /usr/bin/python3 -W ignore:setup.py install is deprecated setup.py egg_info --egg-base ../../build/ras_ros_core_control_modules build --build-base /home/olivier/ros2_ws/build/ras_ros_core_control_modules/build install --record /home/olivier/ros2_ws/build/ras_ros_core_control_modules/install.log --single-version-externally-managed install_data
