[1.134s] Invoking command in '/home/olivier/ros2_ws/src/TurtleBoat-ros2': PYTHONPATH=/home/olivier/ros2_ws/build/turtleboat/prefix_override:/home/olivier/ros2_ws/install/turtleboat/lib/python3.10/site-packages:${PYTHONPATH} /usr/bin/python3 -W ignore:setup.py install is deprecated setup.py egg_info --egg-base ../../build/turtleboat build --build-base /home/olivier/ros2_ws/build/turtleboat/build install --record /home/olivier/ros2_ws/build/turtleboat/install.log --install-scripts $base/lib/turtleboat --single-version-externally-managed install_data
[1.675s] /usr/lib/python3/dist-packages/setuptools/dist.py:723: UserWarning: Usage of dash-separated 'script-dir' will not be supported in future versions. Please use the underscore name 'script_dir' instead
[1.675s]   warnings.warn(
[1.692s] running egg_info
[1.693s] writing ../../build/turtleboat/turtleboat.egg-info/PKG-INFO
[1.694s] writing dependency_links to ../../build/turtleboat/turtleboat.egg-info/dependency_links.txt
[1.694s] writing entry points to ../../build/turtleboat/turtleboat.egg-info/entry_points.txt
[1.695s] writing requirements to ../../build/turtleboat/turtleboat.egg-info/requires.txt
[1.695s] writing top-level names to ../../build/turtleboat/turtleboat.egg-info/top_level.txt
[1.703s] reading manifest file '../../build/turtleboat/turtleboat.egg-info/SOURCES.txt'
[1.706s] writing manifest file '../../build/turtleboat/turtleboat.egg-info/SOURCES.txt'
[1.706s] running build
[1.707s] running build_py
[1.711s] running install
[1.712s] running install_lib
[1.715s] running install_data
[1.719s] running install_egg_info
[1.719s] removing '/home/olivier/ros2_ws/install/turtleboat/lib/python3.10/site-packages/turtleboat-0.0.0-py3.10.egg-info' (and everything under it)
[1.719s] Copying ../../build/turtleboat/turtleboat.egg-info to /home/olivier/ros2_ws/install/turtleboat/lib/python3.10/site-packages/turtleboat-0.0.0-py3.10.egg-info
[1.723s] running install_scripts
[1.773s] Installing turtleboatmain script to /home/olivier/ros2_ws/install/turtleboat/lib/turtleboat
[1.773s] writing list of installed files to '/home/olivier/ros2_ws/build/turtleboat/install.log'
[1.818s] Invoked command in '/home/olivier/ros2_ws/src/TurtleBoat-ros2' returned '0': PYTHONPATH=/home/olivier/ros2_ws/build/turtleboat/prefix_override:/home/olivier/ros2_ws/install/turtleboat/lib/python3.10/site-packages:${PYTHONPATH} /usr/bin/python3 -W ignore:setup.py install is deprecated setup.py egg_info --egg-base ../../build/turtleboat build --build-base /home/olivier/ros2_ws/build/turtleboat/build install --record /home/olivier/ros2_ws/build/turtleboat/install.log --install-scripts $base/lib/turtleboat --single-version-externally-managed install_data
