[3.265s] Invoking command in '/home/olivier/ros2_ws/src/boat_controller': PYTHONPATH=/home/olivier/ros2_ws/build/boat_controller/prefix_override:/home/olivier/ros2_ws/install/boat_controller/lib/python3.10/site-packages:${PYTHONPATH} /usr/bin/python3 -W ignore:setup.py install is deprecated setup.py egg_info --egg-base ../../build/boat_controller build --build-base /home/olivier/ros2_ws/build/boat_controller/build install --record /home/olivier/ros2_ws/build/boat_controller/install.log --single-version-externally-managed install_data
[4.383s] running egg_info
[4.385s] writing ../../build/boat_controller/boat_controller.egg-info/PKG-INFO
[4.385s] writing dependency_links to ../../build/boat_controller/boat_controller.egg-info/dependency_links.txt
[4.385s] writing entry points to ../../build/boat_controller/boat_controller.egg-info/entry_points.txt
[4.385s] writing requirements to ../../build/boat_controller/boat_controller.egg-info/requires.txt
[4.385s] writing top-level names to ../../build/boat_controller/boat_controller.egg-info/top_level.txt
[4.393s] reading manifest file '../../build/boat_controller/boat_controller.egg-info/SOURCES.txt'
[4.393s] writing manifest file '../../build/boat_controller/boat_controller.egg-info/SOURCES.txt'
[4.393s] running build
[4.393s] running build_py
[4.393s] running install
[4.393s] running install_lib
[4.393s] running install_data
[4.394s] running install_egg_info
[4.403s] removing '/home/olivier/ros2_ws/install/boat_controller/lib/python3.10/site-packages/boat_controller-0.0.0-py3.10.egg-info' (and everything under it)
[4.428s] Copying ../../build/boat_controller/boat_controller.egg-info to /home/olivier/ros2_ws/install/boat_controller/lib/python3.10/site-packages/boat_controller-0.0.0-py3.10.egg-info
[4.446s] running install_scripts
[4.531s] Installing boat_controllermain script to /home/olivier/ros2_ws/install/boat_controller/lib/boat_controller
[4.532s] writing list of installed files to '/home/olivier/ros2_ws/build/boat_controller/install.log'
[5.371s] Invoked command in '/home/olivier/ros2_ws/src/boat_controller' returned '0': PYTHONPATH=/home/olivier/ros2_ws/build/boat_controller/prefix_override:/home/olivier/ros2_ws/install/boat_controller/lib/python3.10/site-packages:${PYTHONPATH} /usr/bin/python3 -W ignore:setup.py install is deprecated setup.py egg_info --egg-base ../../build/boat_controller build --build-base /home/olivier/ros2_ws/build/boat_controller/build install --record /home/olivier/ros2_ws/build/boat_controller/install.log --single-version-externally-managed install_data
