[1.930s] Invoking command in '/home/olivier/ros2_ws/src/py_pubsub': PYTHONPATH=/home/olivier/ros2_ws/build/py_pubsub/prefix_override:/home/olivier/ros2_ws/install/py_pubsub/lib/python3.10/site-packages:${PYTHONPATH} /usr/bin/python3 -W ignore:setup.py install is deprecated setup.py egg_info --egg-base ../../build/py_pubsub build --build-base /home/olivier/ros2_ws/build/py_pubsub/build install --record /home/olivier/ros2_ws/build/py_pubsub/install.log --single-version-externally-managed install_data
[2.355s] running egg_info
[2.356s] writing ../../build/py_pubsub/py_pubsub.egg-info/PKG-INFO
[2.357s] writing dependency_links to ../../build/py_pubsub/py_pubsub.egg-info/dependency_links.txt
[2.357s] writing entry points to ../../build/py_pubsub/py_pubsub.egg-info/entry_points.txt
[2.358s] writing requirements to ../../build/py_pubsub/py_pubsub.egg-info/requires.txt
[2.358s] writing top-level names to ../../build/py_pubsub/py_pubsub.egg-info/top_level.txt
[2.362s] reading manifest file '../../build/py_pubsub/py_pubsub.egg-info/SOURCES.txt'
[2.365s] writing manifest file '../../build/py_pubsub/py_pubsub.egg-info/SOURCES.txt'
[2.366s] running build
[2.366s] running build_py
[2.366s] running install
[2.366s] running install_lib
[2.373s] running install_data
[2.373s] running install_egg_info
[2.375s] removing '/home/olivier/ros2_ws/install/py_pubsub/lib/python3.10/site-packages/py_pubsub-0.0.0-py3.10.egg-info' (and everything under it)
[2.376s] Copying ../../build/py_pubsub/py_pubsub.egg-info to /home/olivier/ros2_ws/install/py_pubsub/lib/python3.10/site-packages/py_pubsub-0.0.0-py3.10.egg-info
[2.377s] running install_scripts
[2.413s] Installing listener script to /home/olivier/ros2_ws/install/py_pubsub/lib/py_pubsub
[2.413s] Installing talker script to /home/olivier/ros2_ws/install/py_pubsub/lib/py_pubsub
[2.413s] writing list of installed files to '/home/olivier/ros2_ws/build/py_pubsub/install.log'
[2.651s] Invoked command in '/home/olivier/ros2_ws/src/py_pubsub' returned '0': PYTHONPATH=/home/olivier/ros2_ws/build/py_pubsub/prefix_override:/home/olivier/ros2_ws/install/py_pubsub/lib/python3.10/site-packages:${PYTHONPATH} /usr/bin/python3 -W ignore:setup.py install is deprecated setup.py egg_info --egg-base ../../build/py_pubsub build --build-base /home/olivier/ros2_ws/build/py_pubsub/build install --record /home/olivier/ros2_ws/build/py_pubsub/install.log --single-version-externally-managed install_data
