[0.818s] Invoking command in '/home/olivier/ros2_ws/build/ras_urdf_common': CMAKE_PREFIX_PATH=${CMAKE_PREFIX_PATH}:/home/olivier/ros2_ws/install/usv_formation_control_1:/home/olivier/ros2_ws/install/turtleboat:/home/olivier/ros2_ws/install/tf_callback:/home/olivier/ros2_ws/install/ras_ros_core_control_modules:/home/olivier/ros2_ws/install/py_pubsub:/home/olivier/ros2_ws/install/joystick_control_ras:/home/olivier/ros2_ws/install/boat_controller:/opt/ros/iron /usr/bin/cmake --build /home/olivier/ros2_ws/build/ras_urdf_common -- -j4 -l4
[0.898s] Built target ament_cmake_python_copy_ras_urdf_common
[1.354s] running egg_info
[1.356s] writing ras_urdf_common.egg-info/PKG-INFO
[1.356s] writing dependency_links to ras_urdf_common.egg-info/dependency_links.txt
[1.356s] writing top-level names to ras_urdf_common.egg-info/top_level.txt
[1.360s] reading manifest file 'ras_urdf_common.egg-info/SOURCES.txt'
[1.361s] writing manifest file 'ras_urdf_common.egg-info/SOURCES.txt'
[1.406s] Built target ament_cmake_python_build_ras_urdf_common_egg
[1.427s] Invoked command in '/home/olivier/ros2_ws/build/ras_urdf_common' returned '0': CMAKE_PREFIX_PATH=${CMAKE_PREFIX_PATH}:/home/olivier/ros2_ws/install/usv_formation_control_1:/home/olivier/ros2_ws/install/turtleboat:/home/olivier/ros2_ws/install/tf_callback:/home/olivier/ros2_ws/install/ras_ros_core_control_modules:/home/olivier/ros2_ws/install/py_pubsub:/home/olivier/ros2_ws/install/joystick_control_ras:/home/olivier/ros2_ws/install/boat_controller:/opt/ros/iron /usr/bin/cmake --build /home/olivier/ros2_ws/build/ras_urdf_common -- -j4 -l4
[1.478s] Invoking command in '/home/olivier/ros2_ws/build/ras_urdf_common': CMAKE_PREFIX_PATH=${CMAKE_PREFIX_PATH}:/home/olivier/ros2_ws/install/usv_formation_control_1:/home/olivier/ros2_ws/install/turtleboat:/home/olivier/ros2_ws/install/tf_callback:/home/olivier/ros2_ws/install/ras_ros_core_control_modules:/home/olivier/ros2_ws/install/py_pubsub:/home/olivier/ros2_ws/install/joystick_control_ras:/home/olivier/ros2_ws/install/boat_controller:/opt/ros/iron /usr/bin/cmake --install /home/olivier/ros2_ws/build/ras_urdf_common
[1.496s] -- Install configuration: ""
[1.497s] -- Up-to-date: /home/olivier/ros2_ws/install/ras_urdf_common/share/ras_urdf_common/launch
[1.498s] -- Up-to-date: /home/olivier/ros2_ws/install/ras_urdf_common/share/ras_urdf_common/launch/rviz_bringup.launch.py
[1.499s] -- Up-to-date: /home/olivier/ros2_ws/install/ras_urdf_common/share/ras_urdf_common/meshes
[1.500s] -- Up-to-date: /home/olivier/ros2_ws/install/ras_urdf_common/share/ras_urdf_common/meshes/TN_propeller1.stl
[1.501s] -- Up-to-date: /home/olivier/ros2_ws/install/ras_urdf_common/share/ras_urdf_common/meshes/TN_collisionMesh1.stl
[1.502s] -- Up-to-date: /home/olivier/ros2_ws/install/ras_urdf_common/share/ras_urdf_common/meshes/TN_hull_BB_1.stl
[1.502s] -- Up-to-date: /home/olivier/ros2_ws/install/ras_urdf_common/share/ras_urdf_common/rviz
[1.503s] -- Up-to-date: /home/olivier/ros2_ws/install/ras_urdf_common/share/ras_urdf_common/rviz/urdf.rviz
[1.504s] -- Up-to-date: /home/olivier/ros2_ws/install/ras_urdf_common/share/ras_urdf_common/urdf
[1.505s] -- Up-to-date: /home/olivier/ros2_ws/install/ras_urdf_common/share/ras_urdf_common/urdf/titoneri.urdf.xacro
[1.506s] -- Up-to-date: /home/olivier/ros2_ws/install/ras_urdf_common/share/ras_urdf_common/ras_urdf_common
[1.507s] -- Up-to-date: /home/olivier/ros2_ws/install/ras_urdf_common/share/ras_urdf_common/ras_urdf_common/__init__.py
[1.511s] -- Up-to-date: /home/olivier/ros2_ws/install/ras_urdf_common/share/ras_urdf_common/scripts
[1.511s] -- Up-to-date: /home/olivier/ros2_ws/install/ras_urdf_common/share/ras_urdf_common/scripts/azi_joint_state_broadcaster.py
[1.512s] -- Up-to-date: /home/olivier/ros2_ws/install/ras_urdf_common/share/ras_urdf_common/environment/pythonpath.sh
[1.514s] -- Up-to-date: /home/olivier/ros2_ws/install/ras_urdf_common/share/ras_urdf_common/environment/pythonpath.dsv
[1.515s] -- Up-to-date: /home/olivier/ros2_ws/install/ras_urdf_common/lib/python3.10/site-packages/ras_urdf_common-0.0.0-py3.10.egg-info
[1.516s] -- Installing: /home/olivier/ros2_ws/install/ras_urdf_common/lib/python3.10/site-packages/ras_urdf_common-0.0.0-py3.10.egg-info/SOURCES.txt
[1.520s] -- Installing: /home/olivier/ros2_ws/install/ras_urdf_common/lib/python3.10/site-packages/ras_urdf_common-0.0.0-py3.10.egg-info/dependency_links.txt
[1.523s] -- Installing: /home/olivier/ros2_ws/install/ras_urdf_common/lib/python3.10/site-packages/ras_urdf_common-0.0.0-py3.10.egg-info/top_level.txt
[1.527s] -- Installing: /home/olivier/ros2_ws/install/ras_urdf_common/lib/python3.10/site-packages/ras_urdf_common-0.0.0-py3.10.egg-info/PKG-INFO
[1.530s] -- Up-to-date: /home/olivier/ros2_ws/install/ras_urdf_common/lib/python3.10/site-packages/ras_urdf_common
[1.531s] -- Up-to-date: /home/olivier/ros2_ws/install/ras_urdf_common/lib/python3.10/site-packages/ras_urdf_common/__init__.py
[1.584s] Listing '/home/olivier/ros2_ws/install/ras_urdf_common/lib/python3.10/site-packages/ras_urdf_common'...
[1.591s] -- Up-to-date: /home/olivier/ros2_ws/install/ras_urdf_common/lib/ras_urdf_common/azi_joint_state_broadcaster.py
[1.593s] -- Up-to-date: /home/olivier/ros2_ws/install/ras_urdf_common/share/ament_index/resource_index/package_run_dependencies/ras_urdf_common
[1.594s] -- Up-to-date: /home/olivier/ros2_ws/install/ras_urdf_common/share/ament_index/resource_index/parent_prefix_path/ras_urdf_common
[1.594s] -- Up-to-date: /home/olivier/ros2_ws/install/ras_urdf_common/share/ras_urdf_common/environment/ament_prefix_path.sh
[1.595s] -- Up-to-date: /home/olivier/ros2_ws/install/ras_urdf_common/share/ras_urdf_common/environment/ament_prefix_path.dsv
[1.596s] -- Up-to-date: /home/olivier/ros2_ws/install/ras_urdf_common/share/ras_urdf_common/environment/path.sh
[1.597s] -- Up-to-date: /home/olivier/ros2_ws/install/ras_urdf_common/share/ras_urdf_common/environment/path.dsv
[1.598s] -- Up-to-date: /home/olivier/ros2_ws/install/ras_urdf_common/share/ras_urdf_common/local_setup.bash
[1.599s] -- Up-to-date: /home/olivier/ros2_ws/install/ras_urdf_common/share/ras_urdf_common/local_setup.sh
[1.599s] -- Up-to-date: /home/olivier/ros2_ws/install/ras_urdf_common/share/ras_urdf_common/local_setup.zsh
[1.600s] -- Up-to-date: /home/olivier/ros2_ws/install/ras_urdf_common/share/ras_urdf_common/local_setup.dsv
[1.601s] -- Installing: /home/olivier/ros2_ws/install/ras_urdf_common/share/ras_urdf_common/package.dsv
[1.603s] -- Up-to-date: /home/olivier/ros2_ws/install/ras_urdf_common/share/ament_index/resource_index/packages/ras_urdf_common
[1.604s] -- Up-to-date: /home/olivier/ros2_ws/install/ras_urdf_common/share/ras_urdf_common/cmake/ras_urdf_commonConfig.cmake
[1.605s] -- Up-to-date: /home/olivier/ros2_ws/install/ras_urdf_common/share/ras_urdf_common/cmake/ras_urdf_commonConfig-version.cmake
[1.606s] -- Up-to-date: /home/olivier/ros2_ws/install/ras_urdf_common/share/ras_urdf_common/package.xml
[1.617s] Invoked command in '/home/olivier/ros2_ws/build/ras_urdf_common' returned '0': CMAKE_PREFIX_PATH=${CMAKE_PREFIX_PATH}:/home/olivier/ros2_ws/install/usv_formation_control_1:/home/olivier/ros2_ws/install/turtleboat:/home/olivier/ros2_ws/install/tf_callback:/home/olivier/ros2_ws/install/ras_ros_core_control_modules:/home/olivier/ros2_ws/install/py_pubsub:/home/olivier/ros2_ws/install/joystick_control_ras:/home/olivier/ros2_ws/install/boat_controller:/opt/ros/iron /usr/bin/cmake --install /home/olivier/ros2_ws/build/ras_urdf_common
