[3.710s] Invoking command in '/home/olivier/ros2_ws/src/boat_controller': PYTHONPATH=/home/olivier/ros2_ws/build/boat_controller/prefix_override:/home/olivier/ros2_ws/install/boat_controller/lib/python3.10/site-packages:${PYTHONPATH} /usr/bin/python3 -W ignore:setup.py install is deprecated setup.py egg_info --egg-base ../../build/boat_controller build --build-base /home/olivier/ros2_ws/build/boat_controller/build install --record /home/olivier/ros2_ws/build/boat_controller/install.log --single-version-externally-managed install_data
[5.017s] running egg_info
[5.019s] writing ../../build/boat_controller/boat_controller.egg-info/PKG-INFO
[5.020s] writing dependency_links to ../../build/boat_controller/boat_controller.egg-info/dependency_links.txt
[5.020s] writing entry points to ../../build/boat_controller/boat_controller.egg-info/entry_points.txt
[5.020s] writing requirements to ../../build/boat_controller/boat_controller.egg-info/requires.txt
[5.020s] writing top-level names to ../../build/boat_controller/boat_controller.egg-info/top_level.txt
[5.036s] reading manifest file '../../build/boat_controller/boat_controller.egg-info/SOURCES.txt'
[5.038s] writing manifest file '../../build/boat_controller/boat_controller.egg-info/SOURCES.txt'
[5.038s] running build
[5.038s] running build_py
[5.042s] running install
[5.042s] running install_lib
[5.044s] running install_data
[5.045s] running install_egg_info
[5.048s] removing '/home/olivier/ros2_ws/install/boat_controller/lib/python3.10/site-packages/boat_controller-0.0.0-py3.10.egg-info' (and everything under it)
[5.065s] Copying ../../build/boat_controller/boat_controller.egg-info to /home/olivier/ros2_ws/install/boat_controller/lib/python3.10/site-packages/boat_controller-0.0.0-py3.10.egg-info
[5.072s] running install_scripts
[5.124s] Installing boat_controllermain script to /home/olivier/ros2_ws/install/boat_controller/lib/boat_controller
[5.124s] writing list of installed files to '/home/olivier/ros2_ws/build/boat_controller/install.log'
[5.568s] Invoked command in '/home/olivier/ros2_ws/src/boat_controller' returned '0': PYTHONPATH=/home/olivier/ros2_ws/build/boat_controller/prefix_override:/home/olivier/ros2_ws/install/boat_controller/lib/python3.10/site-packages:${PYTHONPATH} /usr/bin/python3 -W ignore:setup.py install is deprecated setup.py egg_info --egg-base ../../build/boat_controller build --build-base /home/olivier/ros2_ws/build/boat_controller/build install --record /home/olivier/ros2_ws/build/boat_controller/install.log --single-version-externally-managed install_data
