[1.131s] Invoking command in '/home/olivier/ros2_ws/src/USV_formation_control_1-ros2': PYTHONPATH=/home/olivier/ros2_ws/build/usv_formation_control_1/prefix_override:/home/olivier/ros2_ws/install/usv_formation_control_1/lib/python3.10/site-packages:${PYTHONPATH} /usr/bin/python3 -W ignore:setup.py install is deprecated setup.py egg_info --egg-base ../../build/usv_formation_control_1 build --build-base /home/olivier/ros2_ws/build/usv_formation_control_1/build install --record /home/olivier/ros2_ws/build/usv_formation_control_1/install.log --single-version-externally-managed install_data
[1.379s] running egg_info
[1.380s] writing ../../build/usv_formation_control_1/usv_formation_control_1.egg-info/PKG-INFO
[1.380s] writing dependency_links to ../../build/usv_formation_control_1/usv_formation_control_1.egg-info/dependency_links.txt
[1.380s] writing entry points to ../../build/usv_formation_control_1/usv_formation_control_1.egg-info/entry_points.txt
[1.380s] writing requirements to ../../build/usv_formation_control_1/usv_formation_control_1.egg-info/requires.txt
[1.380s] writing top-level names to ../../build/usv_formation_control_1/usv_formation_control_1.egg-info/top_level.txt
[1.382s] reading manifest file '../../build/usv_formation_control_1/usv_formation_control_1.egg-info/SOURCES.txt'
[1.383s] writing manifest file '../../build/usv_formation_control_1/usv_formation_control_1.egg-info/SOURCES.txt'
[1.383s] running build
[1.383s] running build_py
[1.384s] running install
[1.384s] running install_lib
[1.385s] running install_data
[1.386s] copying launch/formation1.launch.py -> /home/olivier/ros2_ws/install/usv_formation_control_1/share/usv_formation_control_1/launch
[1.386s] running install_egg_info
[1.388s] removing '/home/olivier/ros2_ws/install/usv_formation_control_1/lib/python3.10/site-packages/usv_formation_control_1-0.0.0-py3.10.egg-info' (and everything under it)
[1.389s] Copying ../../build/usv_formation_control_1/usv_formation_control_1.egg-info to /home/olivier/ros2_ws/install/usv_formation_control_1/lib/python3.10/site-packages/usv_formation_control_1-0.0.0-py3.10.egg-info
[1.390s] running install_scripts
[1.412s] Installing formation_configuration_broadcaster_1 script to /home/olivier/ros2_ws/install/usv_formation_control_1/lib/usv_formation_control_1
[1.412s] Installing formation_trajectory_planner script to /home/olivier/ros2_ws/install/usv_formation_control_1/lib/usv_formation_control_1
[1.412s] Installing vessel_reference_generator script to /home/olivier/ros2_ws/install/usv_formation_control_1/lib/usv_formation_control_1
[1.412s] writing list of installed files to '/home/olivier/ros2_ws/build/usv_formation_control_1/install.log'
[1.435s] Invoked command in '/home/olivier/ros2_ws/src/USV_formation_control_1-ros2' returned '0': PYTHONPATH=/home/olivier/ros2_ws/build/usv_formation_control_1/prefix_override:/home/olivier/ros2_ws/install/usv_formation_control_1/lib/python3.10/site-packages:${PYTHONPATH} /usr/bin/python3 -W ignore:setup.py install is deprecated setup.py egg_info --egg-base ../../build/usv_formation_control_1 build --build-base /home/olivier/ros2_ws/build/usv_formation_control_1/build install --record /home/olivier/ros2_ws/build/usv_formation_control_1/install.log --single-version-externally-managed install_data
