[0.282s] DEBUG:colcon:Command line arguments: ['/home/olivier/.local/bin/colcon', 'build']
[0.282s] DEBUG:colcon:Parsed command line arguments: Namespace(log_base=None, log_level=None, verb_name='build', build_base='build', install_base='install', merge_install=False, symlink_install=False, test_result_base=None, continue_on_error=False, executor='parallel', parallel_workers=4, event_handlers=None, ignore_user_meta=False, metas=['./colcon.meta'], base_paths=['.'], packages_ignore=None, packages_ignore_regex=None, paths=None, packages_up_to=None, packages_up_to_regex=None, packages_above=None, packages_above_and_dependencies=None, packages_above_depth=None, packages_select_by_dep=None, packages_skip_by_dep=None, packages_skip_up_to=None, packages_select_build_failed=False, packages_skip_build_finished=False, packages_select_test_failures=False, packages_skip_test_passed=False, packages_select=None, packages_skip=None, packages_select_regex=None, packages_skip_regex=None, packages_start=None, packages_end=None, cmake_args=None, cmake_target=None, cmake_target_skip_unavailable=False, cmake_clean_cache=False, cmake_clean_first=False, cmake_force_configure=False, ament_cmake_args=None, catkin_cmake_args=None, catkin_skip_building_tests=False, verb_parser=<colcon_defaults.argument_parser.defaults.DefaultArgumentsDecorator object at 0x7dda8c524250>, verb_extension=<colcon_core.verb.build.BuildVerb object at 0x7dda8c6ebc40>, main=<bound method BuildVerb.main of <colcon_core.verb.build.BuildVerb object at 0x7dda8c6ebc40>>)
[0.545s] Level 1:colcon.colcon_core.package_discovery:discover_packages(colcon_meta) check parameters
[0.545s] Level 1:colcon.colcon_core.package_discovery:discover_packages(recursive) check parameters
[0.545s] Level 1:colcon.colcon_core.package_discovery:discover_packages(ignore) check parameters
[0.545s] Level 1:colcon.colcon_core.package_discovery:discover_packages(path) check parameters
[0.545s] Level 1:colcon.colcon_core.package_discovery:discover_packages(colcon_meta) discover
[0.545s] Level 1:colcon.colcon_core.package_discovery:discover_packages(recursive) discover
[0.545s] INFO:colcon.colcon_core.package_discovery:Crawling recursively for packages in '/home/olivier/ros2_ws'
[0.546s] Level 1:colcon.colcon_core.package_identification:_identify(.) by extensions ['ignore', 'ignore_ament_install']
[0.546s] Level 1:colcon.colcon_core.package_identification:_identify(.) by extension 'ignore'
[0.546s] Level 1:colcon.colcon_core.package_identification:_identify(.) by extension 'ignore_ament_install'
[0.546s] Level 1:colcon.colcon_core.package_identification:_identify(.) by extensions ['colcon_pkg']
[0.546s] Level 1:colcon.colcon_core.package_identification:_identify(.) by extension 'colcon_pkg'
[0.546s] Level 1:colcon.colcon_core.package_identification:_identify(.) by extensions ['colcon_meta']
[0.546s] Level 1:colcon.colcon_core.package_identification:_identify(.) by extension 'colcon_meta'
[0.546s] Level 1:colcon.colcon_core.package_identification:_identify(.) by extensions ['ros']
[0.546s] Level 1:colcon.colcon_core.package_identification:_identify(.) by extension 'ros'
[0.562s] Level 1:colcon.colcon_core.package_identification:_identify(.) by extensions ['cmake', 'python']
[0.562s] Level 1:colcon.colcon_core.package_identification:_identify(.) by extension 'cmake'
[0.562s] Level 1:colcon.colcon_core.package_identification:_identify(.) by extension 'python'
[0.562s] Level 1:colcon.colcon_core.package_identification:_identify(.) by extensions ['python_setup_py']
[0.562s] Level 1:colcon.colcon_core.package_identification:_identify(.) by extension 'python_setup_py'
[0.562s] Level 1:colcon.colcon_core.package_identification:_identify(build) by extensions ['ignore', 'ignore_ament_install']
[0.562s] Level 1:colcon.colcon_core.package_identification:_identify(build) by extension 'ignore'
[0.562s] Level 1:colcon.colcon_core.package_identification:_identify(build) ignored
[0.563s] Level 1:colcon.colcon_core.package_identification:_identify(install) by extensions ['ignore', 'ignore_ament_install']
[0.563s] Level 1:colcon.colcon_core.package_identification:_identify(install) by extension 'ignore'
[0.563s] Level 1:colcon.colcon_core.package_identification:_identify(install) ignored
[0.563s] Level 1:colcon.colcon_core.package_identification:_identify(log) by extensions ['ignore', 'ignore_ament_install']
[0.563s] Level 1:colcon.colcon_core.package_identification:_identify(log) by extension 'ignore'
[0.563s] Level 1:colcon.colcon_core.package_identification:_identify(log) ignored
[0.563s] Level 1:colcon.colcon_core.package_identification:_identify(src) by extensions ['ignore', 'ignore_ament_install']
[0.564s] Level 1:colcon.colcon_core.package_identification:_identify(src) by extension 'ignore'
[0.564s] Level 1:colcon.colcon_core.package_identification:_identify(src) by extension 'ignore_ament_install'
[0.564s] Level 1:colcon.colcon_core.package_identification:_identify(src) by extensions ['colcon_pkg']
[0.564s] Level 1:colcon.colcon_core.package_identification:_identify(src) by extension 'colcon_pkg'
[0.564s] Level 1:colcon.colcon_core.package_identification:_identify(src) by extensions ['colcon_meta']
[0.564s] Level 1:colcon.colcon_core.package_identification:_identify(src) by extension 'colcon_meta'
[0.564s] Level 1:colcon.colcon_core.package_identification:_identify(src) by extensions ['ros']
[0.564s] Level 1:colcon.colcon_core.package_identification:_identify(src) by extension 'ros'
[0.564s] Level 1:colcon.colcon_core.package_identification:_identify(src) by extensions ['cmake', 'python']
[0.564s] Level 1:colcon.colcon_core.package_identification:_identify(src) by extension 'cmake'
[0.564s] Level 1:colcon.colcon_core.package_identification:_identify(src) by extension 'python'
[0.564s] Level 1:colcon.colcon_core.package_identification:_identify(src) by extensions ['python_setup_py']
[0.564s] Level 1:colcon.colcon_core.package_identification:_identify(src) by extension 'python_setup_py'
[0.565s] Level 1:colcon.colcon_core.package_identification:_identify(src/TurtleBoat-ros2) by extensions ['ignore', 'ignore_ament_install']
[0.565s] Level 1:colcon.colcon_core.package_identification:_identify(src/TurtleBoat-ros2) by extension 'ignore'
[0.565s] Level 1:colcon.colcon_core.package_identification:_identify(src/TurtleBoat-ros2) by extension 'ignore_ament_install'
[0.565s] Level 1:colcon.colcon_core.package_identification:_identify(src/TurtleBoat-ros2) by extensions ['colcon_pkg']
[0.565s] Level 1:colcon.colcon_core.package_identification:_identify(src/TurtleBoat-ros2) by extension 'colcon_pkg'
[0.565s] Level 1:colcon.colcon_core.package_identification:_identify(src/TurtleBoat-ros2) by extensions ['colcon_meta']
[0.565s] Level 1:colcon.colcon_core.package_identification:_identify(src/TurtleBoat-ros2) by extension 'colcon_meta'
[0.565s] Level 1:colcon.colcon_core.package_identification:_identify(src/TurtleBoat-ros2) by extensions ['ros']
[0.565s] Level 1:colcon.colcon_core.package_identification:_identify(src/TurtleBoat-ros2) by extension 'ros'
[0.570s] DEBUG:colcon.colcon_core.package_identification:Package 'src/TurtleBoat-ros2' with type 'ros.ament_python' and name 'turtleboat'
[0.570s] Level 1:colcon.colcon_core.package_identification:_identify(src/USV_formation_control_1-ros2) by extensions ['ignore', 'ignore_ament_install']
[0.570s] Level 1:colcon.colcon_core.package_identification:_identify(src/USV_formation_control_1-ros2) by extension 'ignore'
[0.571s] Level 1:colcon.colcon_core.package_identification:_identify(src/USV_formation_control_1-ros2) by extension 'ignore_ament_install'
[0.571s] Level 1:colcon.colcon_core.package_identification:_identify(src/USV_formation_control_1-ros2) by extensions ['colcon_pkg']
[0.571s] Level 1:colcon.colcon_core.package_identification:_identify(src/USV_formation_control_1-ros2) by extension 'colcon_pkg'
[0.571s] Level 1:colcon.colcon_core.package_identification:_identify(src/USV_formation_control_1-ros2) by extensions ['colcon_meta']
[0.572s] Level 1:colcon.colcon_core.package_identification:_identify(src/USV_formation_control_1-ros2) by extension 'colcon_meta'
[0.572s] Level 1:colcon.colcon_core.package_identification:_identify(src/USV_formation_control_1-ros2) by extensions ['ros']
[0.572s] Level 1:colcon.colcon_core.package_identification:_identify(src/USV_formation_control_1-ros2) by extension 'ros'
[0.573s] DEBUG:colcon.colcon_core.package_identification:Package 'src/USV_formation_control_1-ros2' with type 'ros.ament_python' and name 'usv_formation_control_1'
[0.573s] Level 1:colcon.colcon_core.package_identification:_identify(src/boat_controller) by extensions ['ignore', 'ignore_ament_install']
[0.573s] Level 1:colcon.colcon_core.package_identification:_identify(src/boat_controller) by extension 'ignore'
[0.573s] Level 1:colcon.colcon_core.package_identification:_identify(src/boat_controller) by extension 'ignore_ament_install'
[0.573s] Level 1:colcon.colcon_core.package_identification:_identify(src/boat_controller) by extensions ['colcon_pkg']
[0.573s] Level 1:colcon.colcon_core.package_identification:_identify(src/boat_controller) by extension 'colcon_pkg'
[0.573s] Level 1:colcon.colcon_core.package_identification:_identify(src/boat_controller) by extensions ['colcon_meta']
[0.574s] Level 1:colcon.colcon_core.package_identification:_identify(src/boat_controller) by extension 'colcon_meta'
[0.574s] Level 1:colcon.colcon_core.package_identification:_identify(src/boat_controller) by extensions ['ros']
[0.574s] Level 1:colcon.colcon_core.package_identification:_identify(src/boat_controller) by extension 'ros'
[0.574s] Level 1:colcon.colcon_core.package_identification:_identify(src/boat_controller) by extensions ['cmake', 'python']
[0.574s] Level 1:colcon.colcon_core.package_identification:_identify(src/boat_controller) by extension 'cmake'
[0.574s] Level 1:colcon.colcon_core.package_identification:_identify(src/boat_controller) by extension 'python'
[0.574s] Level 1:colcon.colcon_core.package_identification:_identify(src/boat_controller) by extensions ['python_setup_py']
[0.574s] Level 1:colcon.colcon_core.package_identification:_identify(src/boat_controller) by extension 'python_setup_py'
[0.574s] Level 1:colcon.colcon_core.package_identification:_identify(src/boat_controller/boat_controller) by extensions ['ignore', 'ignore_ament_install']
[0.574s] Level 1:colcon.colcon_core.package_identification:_identify(src/boat_controller/boat_controller) by extension 'ignore'
[0.575s] Level 1:colcon.colcon_core.package_identification:_identify(src/boat_controller/boat_controller) by extension 'ignore_ament_install'
[0.575s] Level 1:colcon.colcon_core.package_identification:_identify(src/boat_controller/boat_controller) by extensions ['colcon_pkg']
[0.575s] Level 1:colcon.colcon_core.package_identification:_identify(src/boat_controller/boat_controller) by extension 'colcon_pkg'
[0.575s] Level 1:colcon.colcon_core.package_identification:_identify(src/boat_controller/boat_controller) by extensions ['colcon_meta']
[0.575s] Level 1:colcon.colcon_core.package_identification:_identify(src/boat_controller/boat_controller) by extension 'colcon_meta'
[0.575s] Level 1:colcon.colcon_core.package_identification:_identify(src/boat_controller/boat_controller) by extensions ['ros']
[0.575s] Level 1:colcon.colcon_core.package_identification:_identify(src/boat_controller/boat_controller) by extension 'ros'
[0.575s] Level 1:colcon.colcon_core.package_identification:_identify(src/boat_controller/boat_controller) by extensions ['cmake', 'python']
[0.575s] Level 1:colcon.colcon_core.package_identification:_identify(src/boat_controller/boat_controller) by extension 'cmake'
[0.575s] Level 1:colcon.colcon_core.package_identification:_identify(src/boat_controller/boat_controller) by extension 'python'
[0.575s] Level 1:colcon.colcon_core.package_identification:_identify(src/boat_controller/boat_controller) by extensions ['python_setup_py']
[0.575s] Level 1:colcon.colcon_core.package_identification:_identify(src/boat_controller/boat_controller) by extension 'python_setup_py'
[0.575s] Level 1:colcon.colcon_core.package_identification:_identify(src/ras_joystick_control-iron) by extensions ['ignore', 'ignore_ament_install']
[0.576s] Level 1:colcon.colcon_core.package_identification:_identify(src/ras_joystick_control-iron) by extension 'ignore'
[0.576s] Level 1:colcon.colcon_core.package_identification:_identify(src/ras_joystick_control-iron) by extension 'ignore_ament_install'
[0.576s] Level 1:colcon.colcon_core.package_identification:_identify(src/ras_joystick_control-iron) by extensions ['colcon_pkg']
[0.576s] Level 1:colcon.colcon_core.package_identification:_identify(src/ras_joystick_control-iron) by extension 'colcon_pkg'
[0.579s] Level 1:colcon.colcon_core.package_identification:_identify(src/ras_joystick_control-iron) by extensions ['colcon_meta']
[0.579s] Level 1:colcon.colcon_core.package_identification:_identify(src/ras_joystick_control-iron) by extension 'colcon_meta'
[0.580s] Level 1:colcon.colcon_core.package_identification:_identify(src/ras_joystick_control-iron) by extensions ['ros']
[0.580s] Level 1:colcon.colcon_core.package_identification:_identify(src/ras_joystick_control-iron) by extension 'ros'
[0.581s] DEBUG:colcon.colcon_core.package_identification:Package 'src/ras_joystick_control-iron' with type 'ros.ament_python' and name 'joystick_control_ras'
[0.581s] Level 1:colcon.colcon_core.package_identification:_identify(src/ras_ros_core_control_modules-main) by extensions ['ignore', 'ignore_ament_install']
[0.581s] Level 1:colcon.colcon_core.package_identification:_identify(src/ras_ros_core_control_modules-main) by extension 'ignore'
[0.581s] Level 1:colcon.colcon_core.package_identification:_identify(src/ras_ros_core_control_modules-main) by extension 'ignore_ament_install'
[0.581s] Level 1:colcon.colcon_core.package_identification:_identify(src/ras_ros_core_control_modules-main) by extensions ['colcon_pkg']
[0.581s] Level 1:colcon.colcon_core.package_identification:_identify(src/ras_ros_core_control_modules-main) by extension 'colcon_pkg'
[0.581s] Level 1:colcon.colcon_core.package_identification:_identify(src/ras_ros_core_control_modules-main) by extensions ['colcon_meta']
[0.581s] Level 1:colcon.colcon_core.package_identification:_identify(src/ras_ros_core_control_modules-main) by extension 'colcon_meta'
[0.581s] Level 1:colcon.colcon_core.package_identification:_identify(src/ras_ros_core_control_modules-main) by extensions ['ros']
[0.582s] Level 1:colcon.colcon_core.package_identification:_identify(src/ras_ros_core_control_modules-main) by extension 'ros'
[0.583s] DEBUG:colcon.colcon_core.package_identification:Package 'src/ras_ros_core_control_modules-main' with type 'ros.ament_python' and name 'ras_ros_core_control_modules'
[0.584s] Level 1:colcon.colcon_core.package_identification:_identify(src/ras_urdf_common-main) by extensions ['ignore', 'ignore_ament_install']
[0.584s] Level 1:colcon.colcon_core.package_identification:_identify(src/ras_urdf_common-main) by extension 'ignore'
[0.584s] Level 1:colcon.colcon_core.package_identification:_identify(src/ras_urdf_common-main) by extension 'ignore_ament_install'
[0.584s] Level 1:colcon.colcon_core.package_identification:_identify(src/ras_urdf_common-main) by extensions ['colcon_pkg']
[0.584s] Level 1:colcon.colcon_core.package_identification:_identify(src/ras_urdf_common-main) by extension 'colcon_pkg'
[0.584s] Level 1:colcon.colcon_core.package_identification:_identify(src/ras_urdf_common-main) by extensions ['colcon_meta']
[0.584s] Level 1:colcon.colcon_core.package_identification:_identify(src/ras_urdf_common-main) by extension 'colcon_meta'
[0.584s] Level 1:colcon.colcon_core.package_identification:_identify(src/ras_urdf_common-main) by extensions ['ros']
[0.584s] Level 1:colcon.colcon_core.package_identification:_identify(src/ras_urdf_common-main) by extension 'ros'
[0.586s] DEBUG:colcon.colcon_core.package_identification:Package 'src/ras_urdf_common-main' with type 'ros.ament_cmake' and name 'ras_urdf_common'
[0.586s] Level 1:colcon.colcon_core.package_identification:_identify(src/swarm_controller_1) by extensions ['ignore', 'ignore_ament_install']
[0.588s] Level 1:colcon.colcon_core.package_identification:_identify(src/swarm_controller_1) by extension 'ignore'
[0.588s] Level 1:colcon.colcon_core.package_identification:_identify(src/swarm_controller_1) by extension 'ignore_ament_install'
[0.588s] Level 1:colcon.colcon_core.package_identification:_identify(src/swarm_controller_1) by extensions ['colcon_pkg']
[0.588s] Level 1:colcon.colcon_core.package_identification:_identify(src/swarm_controller_1) by extension 'colcon_pkg'
[0.588s] Level 1:colcon.colcon_core.package_identification:_identify(src/swarm_controller_1) by extensions ['colcon_meta']
[0.589s] Level 1:colcon.colcon_core.package_identification:_identify(src/swarm_controller_1) by extension 'colcon_meta'
[0.589s] Level 1:colcon.colcon_core.package_identification:_identify(src/swarm_controller_1) by extensions ['ros']
[0.589s] Level 1:colcon.colcon_core.package_identification:_identify(src/swarm_controller_1) by extension 'ros'
[0.589s] DEBUG:colcon.colcon_core.package_identification:Package 'src/swarm_controller_1' with type 'ros.ament_python' and name 'boat_controller'
[0.590s] Level 1:colcon.colcon_core.package_identification:_identify(src/tf_callback) by extensions ['ignore', 'ignore_ament_install']
[0.590s] Level 1:colcon.colcon_core.package_identification:_identify(src/tf_callback) by extension 'ignore'
[0.590s] Level 1:colcon.colcon_core.package_identification:_identify(src/tf_callback) by extension 'ignore_ament_install'
[0.590s] Level 1:colcon.colcon_core.package_identification:_identify(src/tf_callback) by extensions ['colcon_pkg']
[0.590s] Level 1:colcon.colcon_core.package_identification:_identify(src/tf_callback) by extension 'colcon_pkg'
[0.590s] Level 1:colcon.colcon_core.package_identification:_identify(src/tf_callback) by extensions ['colcon_meta']
[0.590s] Level 1:colcon.colcon_core.package_identification:_identify(src/tf_callback) by extension 'colcon_meta'
[0.590s] Level 1:colcon.colcon_core.package_identification:_identify(src/tf_callback) by extensions ['ros']
[0.590s] Level 1:colcon.colcon_core.package_identification:_identify(src/tf_callback) by extension 'ros'
[0.592s] DEBUG:colcon.colcon_core.package_identification:Package 'src/tf_callback' with type 'ros.ament_python' and name 'tf_callback'
[0.592s] Level 1:colcon.colcon_core.package_identification:_identify(venv) by extensions ['ignore', 'ignore_ament_install']
[0.592s] Level 1:colcon.colcon_core.package_identification:_identify(venv) by extension 'ignore'
[0.595s] Level 1:colcon.colcon_core.package_identification:_identify(venv) by extension 'ignore_ament_install'
[0.595s] Level 1:colcon.colcon_core.package_identification:_identify(venv) by extensions ['colcon_pkg']
[0.595s] Level 1:colcon.colcon_core.package_identification:_identify(venv) by extension 'colcon_pkg'
[0.595s] Level 1:colcon.colcon_core.package_identification:_identify(venv) by extensions ['colcon_meta']
[0.595s] Level 1:colcon.colcon_core.package_identification:_identify(venv) by extension 'colcon_meta'
[0.595s] Level 1:colcon.colcon_core.package_identification:_identify(venv) by extensions ['ros']
[0.595s] Level 1:colcon.colcon_core.package_identification:_identify(venv) by extension 'ros'
[0.596s] Level 1:colcon.colcon_core.package_identification:_identify(venv) by extensions ['cmake', 'python']
[0.596s] Level 1:colcon.colcon_core.package_identification:_identify(venv) by extension 'cmake'
[0.596s] Level 1:colcon.colcon_core.package_identification:_identify(venv) by extension 'python'
[0.596s] Level 1:colcon.colcon_core.package_identification:_identify(venv) by extensions ['python_setup_py']
[0.596s] Level 1:colcon.colcon_core.package_identification:_identify(venv) by extension 'python_setup_py'
[0.596s] Level 1:colcon.colcon_core.package_identification:_identify(venv/bin) by extensions ['ignore', 'ignore_ament_install']
[0.596s] Level 1:colcon.colcon_core.package_identification:_identify(venv/bin) by extension 'ignore'
[0.596s] Level 1:colcon.colcon_core.package_identification:_identify(venv/bin) by extension 'ignore_ament_install'
[0.596s] Level 1:colcon.colcon_core.package_identification:_identify(venv/bin) by extensions ['colcon_pkg']
[0.596s] Level 1:colcon.colcon_core.package_identification:_identify(venv/bin) by extension 'colcon_pkg'
[0.597s] Level 1:colcon.colcon_core.package_identification:_identify(venv/bin) by extensions ['colcon_meta']
[0.597s] Level 1:colcon.colcon_core.package_identification:_identify(venv/bin) by extension 'colcon_meta'
[0.597s] Level 1:colcon.colcon_core.package_identification:_identify(venv/bin) by extensions ['ros']
[0.597s] Level 1:colcon.colcon_core.package_identification:_identify(venv/bin) by extension 'ros'
[0.597s] Level 1:colcon.colcon_core.package_identification:_identify(venv/bin) by extensions ['cmake', 'python']
[0.597s] Level 1:colcon.colcon_core.package_identification:_identify(venv/bin) by extension 'cmake'
[0.597s] Level 1:colcon.colcon_core.package_identification:_identify(venv/bin) by extension 'python'
[0.597s] Level 1:colcon.colcon_core.package_identification:_identify(venv/bin) by extensions ['python_setup_py']
[0.597s] Level 1:colcon.colcon_core.package_identification:_identify(venv/bin) by extension 'python_setup_py'
[0.597s] Level 1:colcon.colcon_core.package_identification:_identify(venv/include) by extensions ['ignore', 'ignore_ament_install']
[0.597s] Level 1:colcon.colcon_core.package_identification:_identify(venv/include) by extension 'ignore'
[0.597s] Level 1:colcon.colcon_core.package_identification:_identify(venv/include) by extension 'ignore_ament_install'
[0.598s] Level 1:colcon.colcon_core.package_identification:_identify(venv/include) by extensions ['colcon_pkg']
[0.598s] Level 1:colcon.colcon_core.package_identification:_identify(venv/include) by extension 'colcon_pkg'
[0.598s] Level 1:colcon.colcon_core.package_identification:_identify(venv/include) by extensions ['colcon_meta']
[0.598s] Level 1:colcon.colcon_core.package_identification:_identify(venv/include) by extension 'colcon_meta'
[0.598s] Level 1:colcon.colcon_core.package_identification:_identify(venv/include) by extensions ['ros']
[0.598s] Level 1:colcon.colcon_core.package_identification:_identify(venv/include) by extension 'ros'
[0.598s] Level 1:colcon.colcon_core.package_identification:_identify(venv/include) by extensions ['cmake', 'python']
[0.598s] Level 1:colcon.colcon_core.package_identification:_identify(venv/include) by extension 'cmake'
[0.598s] Level 1:colcon.colcon_core.package_identification:_identify(venv/include) by extension 'python'
[0.598s] Level 1:colcon.colcon_core.package_identification:_identify(venv/include) by extensions ['python_setup_py']
[0.598s] Level 1:colcon.colcon_core.package_identification:_identify(venv/include) by extension 'python_setup_py'
[0.598s] Level 1:colcon.colcon_core.package_identification:_identify(venv/lib) by extensions ['ignore', 'ignore_ament_install']
[0.599s] Level 1:colcon.colcon_core.package_identification:_identify(venv/lib) by extension 'ignore'
[0.599s] Level 1:colcon.colcon_core.package_identification:_identify(venv/lib) by extension 'ignore_ament_install'
[0.599s] Level 1:colcon.colcon_core.package_identification:_identify(venv/lib) by extensions ['colcon_pkg']
[0.599s] Level 1:colcon.colcon_core.package_identification:_identify(venv/lib) by extension 'colcon_pkg'
[0.599s] Level 1:colcon.colcon_core.package_identification:_identify(venv/lib) by extensions ['colcon_meta']
[0.599s] Level 1:colcon.colcon_core.package_identification:_identify(venv/lib) by extension 'colcon_meta'
[0.599s] Level 1:colcon.colcon_core.package_identification:_identify(venv/lib) by extensions ['ros']
[0.599s] Level 1:colcon.colcon_core.package_identification:_identify(venv/lib) by extension 'ros'
[0.599s] Level 1:colcon.colcon_core.package_identification:_identify(venv/lib) by extensions ['cmake', 'python']
[0.599s] Level 1:colcon.colcon_core.package_identification:_identify(venv/lib) by extension 'cmake'
[0.599s] Level 1:colcon.colcon_core.package_identification:_identify(venv/lib) by extension 'python'
[0.599s] Level 1:colcon.colcon_core.package_identification:_identify(venv/lib) by extensions ['python_setup_py']
[0.599s] Level 1:colcon.colcon_core.package_identification:_identify(venv/lib) by extension 'python_setup_py'
[0.600s] Level 1:colcon.colcon_core.package_identification:_identify(venv/lib/python3.10) by extensions ['ignore', 'ignore_ament_install']
[0.600s] Level 1:colcon.colcon_core.package_identification:_identify(venv/lib/python3.10) by extension 'ignore'
[0.600s] Level 1:colcon.colcon_core.package_identification:_identify(venv/lib/python3.10) by extension 'ignore_ament_install'
[0.600s] Level 1:colcon.colcon_core.package_identification:_identify(venv/lib/python3.10) by extensions ['colcon_pkg']
[0.600s] Level 1:colcon.colcon_core.package_identification:_identify(venv/lib/python3.10) by extension 'colcon_pkg'
[0.600s] Level 1:colcon.colcon_core.package_identification:_identify(venv/lib/python3.10) by extensions ['colcon_meta']
[0.600s] Level 1:colcon.colcon_core.package_identification:_identify(venv/lib/python3.10) by extension 'colcon_meta'
[0.600s] Level 1:colcon.colcon_core.package_identification:_identify(venv/lib/python3.10) by extensions ['ros']
[0.600s] Level 1:colcon.colcon_core.package_identification:_identify(venv/lib/python3.10) by extension 'ros'
[0.600s] Level 1:colcon.colcon_core.package_identification:_identify(venv/lib/python3.10) by extensions ['cmake', 'python']
[0.600s] Level 1:colcon.colcon_core.package_identification:_identify(venv/lib/python3.10) by extension 'cmake'
[0.601s] Level 1:colcon.colcon_core.package_identification:_identify(venv/lib/python3.10) by extension 'python'
[0.601s] Level 1:colcon.colcon_core.package_identification:_identify(venv/lib/python3.10) by extensions ['python_setup_py']
[0.601s] Level 1:colcon.colcon_core.package_identification:_identify(venv/lib/python3.10) by extension 'python_setup_py'
[0.601s] Level 1:colcon.colcon_core.package_identification:_identify(venv/lib/python3.10/site-packages) by extensions ['ignore', 'ignore_ament_install']
[0.601s] Level 1:colcon.colcon_core.package_identification:_identify(venv/lib/python3.10/site-packages) by extension 'ignore'
[0.601s] Level 1:colcon.colcon_core.package_identification:_identify(venv/lib/python3.10/site-packages) by extension 'ignore_ament_install'
[0.601s] Level 1:colcon.colcon_core.package_identification:_identify(venv/lib/python3.10/site-packages) by extensions ['colcon_pkg']
[0.601s] Level 1:colcon.colcon_core.package_identification:_identify(venv/lib/python3.10/site-packages) by extension 'colcon_pkg'
[0.601s] Level 1:colcon.colcon_core.package_identification:_identify(venv/lib/python3.10/site-packages) by extensions ['colcon_meta']
[0.601s] Level 1:colcon.colcon_core.package_identification:_identify(venv/lib/python3.10/site-packages) by extension 'colcon_meta'
[0.601s] Level 1:colcon.colcon_core.package_identification:_identify(venv/lib/python3.10/site-packages) by extensions ['ros']
[0.601s] Level 1:colcon.colcon_core.package_identification:_identify(venv/lib/python3.10/site-packages) by extension 'ros'
[0.602s] Level 1:colcon.colcon_core.package_identification:_identify(venv/lib/python3.10/site-packages) by extensions ['cmake', 'python']
[0.602s] Level 1:colcon.colcon_core.package_identification:_identify(venv/lib/python3.10/site-packages) by extension 'cmake'
[0.602s] Level 1:colcon.colcon_core.package_identification:_identify(venv/lib/python3.10/site-packages) by extension 'python'
[0.602s] Level 1:colcon.colcon_core.package_identification:_identify(venv/lib/python3.10/site-packages) by extensions ['python_setup_py']
[0.602s] Level 1:colcon.colcon_core.package_identification:_identify(venv/lib/python3.10/site-packages) by extension 'python_setup_py'
[0.602s] Level 1:colcon.colcon_core.package_discovery:discover_packages(recursive) using defaults
[0.602s] Level 1:colcon.colcon_core.package_discovery:discover_packages(ignore) discover
[0.602s] Level 1:colcon.colcon_core.package_discovery:discover_packages(ignore) using defaults
[0.602s] Level 1:colcon.colcon_core.package_discovery:discover_packages(path) discover
[0.602s] Level 1:colcon.colcon_core.package_discovery:discover_packages(path) using defaults
[0.643s] Level 5:colcon.colcon_core.verb:set package 'boat_controller' build argument 'cmake_args' from command line to 'None'
[0.643s] Level 5:colcon.colcon_core.verb:set package 'boat_controller' build argument 'cmake_target' from command line to 'None'
[0.643s] Level 5:colcon.colcon_core.verb:set package 'boat_controller' build argument 'cmake_target_skip_unavailable' from command line to 'False'
[0.643s] Level 5:colcon.colcon_core.verb:set package 'boat_controller' build argument 'cmake_clean_cache' from command line to 'False'
[0.643s] Level 5:colcon.colcon_core.verb:set package 'boat_controller' build argument 'cmake_clean_first' from command line to 'False'
[0.643s] Level 5:colcon.colcon_core.verb:set package 'boat_controller' build argument 'cmake_force_configure' from command line to 'False'
[0.643s] Level 5:colcon.colcon_core.verb:set package 'boat_controller' build argument 'ament_cmake_args' from command line to 'None'
[0.643s] Level 5:colcon.colcon_core.verb:set package 'boat_controller' build argument 'catkin_cmake_args' from command line to 'None'
[0.643s] Level 5:colcon.colcon_core.verb:set package 'boat_controller' build argument 'catkin_skip_building_tests' from command line to 'False'
[0.643s] DEBUG:colcon.colcon_core.verb:Building package 'boat_controller' with the following arguments: {'ament_cmake_args': None, 'build_base': '/home/olivier/ros2_ws/build/boat_controller', 'catkin_cmake_args': None, 'catkin_skip_building_tests': False, 'cmake_args': None, 'cmake_clean_cache': False, 'cmake_clean_first': False, 'cmake_force_configure': False, 'cmake_target': None, 'cmake_target_skip_unavailable': False, 'install_base': '/home/olivier/ros2_ws/install/boat_controller', 'merge_install': False, 'path': '/home/olivier/ros2_ws/src/swarm_controller_1', 'symlink_install': False, 'test_result_base': None}
[0.644s] Level 5:colcon.colcon_core.verb:set package 'joystick_control_ras' build argument 'cmake_args' from command line to 'None'
[0.644s] Level 5:colcon.colcon_core.verb:set package 'joystick_control_ras' build argument 'cmake_target' from command line to 'None'
[0.644s] Level 5:colcon.colcon_core.verb:set package 'joystick_control_ras' build argument 'cmake_target_skip_unavailable' from command line to 'False'
[0.644s] Level 5:colcon.colcon_core.verb:set package 'joystick_control_ras' build argument 'cmake_clean_cache' from command line to 'False'
[0.644s] Level 5:colcon.colcon_core.verb:set package 'joystick_control_ras' build argument 'cmake_clean_first' from command line to 'False'
[0.644s] Level 5:colcon.colcon_core.verb:set package 'joystick_control_ras' build argument 'cmake_force_configure' from command line to 'False'
[0.644s] Level 5:colcon.colcon_core.verb:set package 'joystick_control_ras' build argument 'ament_cmake_args' from command line to 'None'
[0.644s] Level 5:colcon.colcon_core.verb:set package 'joystick_control_ras' build argument 'catkin_cmake_args' from command line to 'None'
[0.644s] Level 5:colcon.colcon_core.verb:set package 'joystick_control_ras' build argument 'catkin_skip_building_tests' from command line to 'False'
[0.644s] DEBUG:colcon.colcon_core.verb:Building package 'joystick_control_ras' with the following arguments: {'ament_cmake_args': None, 'build_base': '/home/olivier/ros2_ws/build/joystick_control_ras', 'catkin_cmake_args': None, 'catkin_skip_building_tests': False, 'cmake_args': None, 'cmake_clean_cache': False, 'cmake_clean_first': False, 'cmake_force_configure': False, 'cmake_target': None, 'cmake_target_skip_unavailable': False, 'install_base': '/home/olivier/ros2_ws/install/joystick_control_ras', 'merge_install': False, 'path': '/home/olivier/ros2_ws/src/ras_joystick_control-iron', 'symlink_install': False, 'test_result_base': None}
[0.645s] Level 5:colcon.colcon_core.verb:set package 'ras_ros_core_control_modules' build argument 'cmake_args' from command line to 'None'
[0.645s] Level 5:colcon.colcon_core.verb:set package 'ras_ros_core_control_modules' build argument 'cmake_target' from command line to 'None'
[0.645s] Level 5:colcon.colcon_core.verb:set package 'ras_ros_core_control_modules' build argument 'cmake_target_skip_unavailable' from command line to 'False'
[0.645s] Level 5:colcon.colcon_core.verb:set package 'ras_ros_core_control_modules' build argument 'cmake_clean_cache' from command line to 'False'
[0.645s] Level 5:colcon.colcon_core.verb:set package 'ras_ros_core_control_modules' build argument 'cmake_clean_first' from command line to 'False'
[0.645s] Level 5:colcon.colcon_core.verb:set package 'ras_ros_core_control_modules' build argument 'cmake_force_configure' from command line to 'False'
[0.645s] Level 5:colcon.colcon_core.verb:set package 'ras_ros_core_control_modules' build argument 'ament_cmake_args' from command line to 'None'
[0.645s] Level 5:colcon.colcon_core.verb:set package 'ras_ros_core_control_modules' build argument 'catkin_cmake_args' from command line to 'None'
[0.645s] Level 5:colcon.colcon_core.verb:set package 'ras_ros_core_control_modules' build argument 'catkin_skip_building_tests' from command line to 'False'
[0.645s] DEBUG:colcon.colcon_core.verb:Building package 'ras_ros_core_control_modules' with the following arguments: {'ament_cmake_args': None, 'build_base': '/home/olivier/ros2_ws/build/ras_ros_core_control_modules', 'catkin_cmake_args': None, 'catkin_skip_building_tests': False, 'cmake_args': None, 'cmake_clean_cache': False, 'cmake_clean_first': False, 'cmake_force_configure': False, 'cmake_target': None, 'cmake_target_skip_unavailable': False, 'install_base': '/home/olivier/ros2_ws/install/ras_ros_core_control_modules', 'merge_install': False, 'path': '/home/olivier/ros2_ws/src/ras_ros_core_control_modules-main', 'symlink_install': False, 'test_result_base': None}
[0.646s] Level 5:colcon.colcon_core.verb:set package 'ras_urdf_common' build argument 'cmake_args' from command line to 'None'
[0.646s] Level 5:colcon.colcon_core.verb:set package 'ras_urdf_common' build argument 'cmake_target' from command line to 'None'
[0.646s] Level 5:colcon.colcon_core.verb:set package 'ras_urdf_common' build argument 'cmake_target_skip_unavailable' from command line to 'False'
[0.646s] Level 5:colcon.colcon_core.verb:set package 'ras_urdf_common' build argument 'cmake_clean_cache' from command line to 'False'
[0.646s] Level 5:colcon.colcon_core.verb:set package 'ras_urdf_common' build argument 'cmake_clean_first' from command line to 'False'
[0.647s] Level 5:colcon.colcon_core.verb:set package 'ras_urdf_common' build argument 'cmake_force_configure' from command line to 'False'
[0.647s] Level 5:colcon.colcon_core.verb:set package 'ras_urdf_common' build argument 'ament_cmake_args' from command line to 'None'
[0.647s] Level 5:colcon.colcon_core.verb:set package 'ras_urdf_common' build argument 'catkin_cmake_args' from command line to 'None'
[0.647s] Level 5:colcon.colcon_core.verb:set package 'ras_urdf_common' build argument 'catkin_skip_building_tests' from command line to 'False'
[0.647s] DEBUG:colcon.colcon_core.verb:Building package 'ras_urdf_common' with the following arguments: {'ament_cmake_args': None, 'build_base': '/home/olivier/ros2_ws/build/ras_urdf_common', 'catkin_cmake_args': None, 'catkin_skip_building_tests': False, 'cmake_args': None, 'cmake_clean_cache': False, 'cmake_clean_first': False, 'cmake_force_configure': False, 'cmake_target': None, 'cmake_target_skip_unavailable': False, 'install_base': '/home/olivier/ros2_ws/install/ras_urdf_common', 'merge_install': False, 'path': '/home/olivier/ros2_ws/src/ras_urdf_common-main', 'symlink_install': False, 'test_result_base': None}
[0.647s] Level 5:colcon.colcon_core.verb:set package 'tf_callback' build argument 'cmake_args' from command line to 'None'
[0.647s] Level 5:colcon.colcon_core.verb:set package 'tf_callback' build argument 'cmake_target' from command line to 'None'
[0.647s] Level 5:colcon.colcon_core.verb:set package 'tf_callback' build argument 'cmake_target_skip_unavailable' from command line to 'False'
[0.648s] Level 5:colcon.colcon_core.verb:set package 'tf_callback' build argument 'cmake_clean_cache' from command line to 'False'
[0.648s] Level 5:colcon.colcon_core.verb:set package 'tf_callback' build argument 'cmake_clean_first' from command line to 'False'
[0.648s] Level 5:colcon.colcon_core.verb:set package 'tf_callback' build argument 'cmake_force_configure' from command line to 'False'
[0.648s] Level 5:colcon.colcon_core.verb:set package 'tf_callback' build argument 'ament_cmake_args' from command line to 'None'
[0.648s] Level 5:colcon.colcon_core.verb:set package 'tf_callback' build argument 'catkin_cmake_args' from command line to 'None'
[0.648s] Level 5:colcon.colcon_core.verb:set package 'tf_callback' build argument 'catkin_skip_building_tests' from command line to 'False'
[0.648s] DEBUG:colcon.colcon_core.verb:Building package 'tf_callback' with the following arguments: {'ament_cmake_args': None, 'build_base': '/home/olivier/ros2_ws/build/tf_callback', 'catkin_cmake_args': None, 'catkin_skip_building_tests': False, 'cmake_args': None, 'cmake_clean_cache': False, 'cmake_clean_first': False, 'cmake_force_configure': False, 'cmake_target': None, 'cmake_target_skip_unavailable': False, 'install_base': '/home/olivier/ros2_ws/install/tf_callback', 'merge_install': False, 'path': '/home/olivier/ros2_ws/src/tf_callback', 'symlink_install': False, 'test_result_base': None}
[0.648s] Level 5:colcon.colcon_core.verb:set package 'turtleboat' build argument 'cmake_args' from command line to 'None'
[0.648s] Level 5:colcon.colcon_core.verb:set package 'turtleboat' build argument 'cmake_target' from command line to 'None'
[0.649s] Level 5:colcon.colcon_core.verb:set package 'turtleboat' build argument 'cmake_target_skip_unavailable' from command line to 'False'
[0.649s] Level 5:colcon.colcon_core.verb:set package 'turtleboat' build argument 'cmake_clean_cache' from command line to 'False'
[0.649s] Level 5:colcon.colcon_core.verb:set package 'turtleboat' build argument 'cmake_clean_first' from command line to 'False'
[0.649s] Level 5:colcon.colcon_core.verb:set package 'turtleboat' build argument 'cmake_force_configure' from command line to 'False'
[0.649s] Level 5:colcon.colcon_core.verb:set package 'turtleboat' build argument 'ament_cmake_args' from command line to 'None'
[0.649s] Level 5:colcon.colcon_core.verb:set package 'turtleboat' build argument 'catkin_cmake_args' from command line to 'None'
[0.649s] Level 5:colcon.colcon_core.verb:set package 'turtleboat' build argument 'catkin_skip_building_tests' from command line to 'False'
[0.649s] DEBUG:colcon.colcon_core.verb:Building package 'turtleboat' with the following arguments: {'ament_cmake_args': None, 'build_base': '/home/olivier/ros2_ws/build/turtleboat', 'catkin_cmake_args': None, 'catkin_skip_building_tests': False, 'cmake_args': None, 'cmake_clean_cache': False, 'cmake_clean_first': False, 'cmake_force_configure': False, 'cmake_target': None, 'cmake_target_skip_unavailable': False, 'install_base': '/home/olivier/ros2_ws/install/turtleboat', 'merge_install': False, 'path': '/home/olivier/ros2_ws/src/TurtleBoat-ros2', 'symlink_install': False, 'test_result_base': None}
[0.649s] Level 5:colcon.colcon_core.verb:set package 'usv_formation_control_1' build argument 'cmake_args' from command line to 'None'
[0.650s] Level 5:colcon.colcon_core.verb:set package 'usv_formation_control_1' build argument 'cmake_target' from command line to 'None'
[0.650s] Level 5:colcon.colcon_core.verb:set package 'usv_formation_control_1' build argument 'cmake_target_skip_unavailable' from command line to 'False'
[0.650s] Level 5:colcon.colcon_core.verb:set package 'usv_formation_control_1' build argument 'cmake_clean_cache' from command line to 'False'
[0.650s] Level 5:colcon.colcon_core.verb:set package 'usv_formation_control_1' build argument 'cmake_clean_first' from command line to 'False'
[0.650s] Level 5:colcon.colcon_core.verb:set package 'usv_formation_control_1' build argument 'cmake_force_configure' from command line to 'False'
[0.650s] Level 5:colcon.colcon_core.verb:set package 'usv_formation_control_1' build argument 'ament_cmake_args' from command line to 'None'
[0.650s] Level 5:colcon.colcon_core.verb:set package 'usv_formation_control_1' build argument 'catkin_cmake_args' from command line to 'None'
[0.650s] Level 5:colcon.colcon_core.verb:set package 'usv_formation_control_1' build argument 'catkin_skip_building_tests' from command line to 'False'
[0.650s] DEBUG:colcon.colcon_core.verb:Building package 'usv_formation_control_1' with the following arguments: {'ament_cmake_args': None, 'build_base': '/home/olivier/ros2_ws/build/usv_formation_control_1', 'catkin_cmake_args': None, 'catkin_skip_building_tests': False, 'cmake_args': None, 'cmake_clean_cache': False, 'cmake_clean_first': False, 'cmake_force_configure': False, 'cmake_target': None, 'cmake_target_skip_unavailable': False, 'install_base': '/home/olivier/ros2_ws/install/usv_formation_control_1', 'merge_install': False, 'path': '/home/olivier/ros2_ws/src/USV_formation_control_1-ros2', 'symlink_install': False, 'test_result_base': None}
[0.650s] INFO:colcon.colcon_core.executor:Executing jobs using 'parallel' executor
[0.652s] DEBUG:colcon.colcon_parallel_executor.executor.parallel:run_until_complete
[0.653s] INFO:colcon.colcon_ros.task.ament_python.build:Building ROS package in '/home/olivier/ros2_ws/src/swarm_controller_1' with build type 'ament_python'
[0.654s] Level 1:colcon.colcon_core.shell:create_environment_hook('boat_controller', 'ament_prefix_path')
[0.659s] INFO:colcon.colcon_core.plugin_system:Skipping extension 'colcon_core.shell.bat': Not used on non-Windows systems
[0.659s] INFO:colcon.colcon_core.shell:Creating environment hook '/home/olivier/ros2_ws/install/boat_controller/share/boat_controller/hook/ament_prefix_path.ps1'
[0.660s] INFO:colcon.colcon_core.shell:Creating environment descriptor '/home/olivier/ros2_ws/install/boat_controller/share/boat_controller/hook/ament_prefix_path.dsv'
[0.661s] INFO:colcon.colcon_core.shell:Creating environment hook '/home/olivier/ros2_ws/install/boat_controller/share/boat_controller/hook/ament_prefix_path.sh'
[0.662s] INFO:colcon.colcon_core.shell:Skip shell extension 'powershell' for command environment: Not usable outside of PowerShell
[0.662s] DEBUG:colcon.colcon_core.shell:Skip shell extension 'dsv' for command environment
[0.672s] INFO:colcon.colcon_ros.task.ament_python.build:Building ROS package in '/home/olivier/ros2_ws/src/ras_joystick_control-iron' with build type 'ament_python'
[0.673s] Level 1:colcon.colcon_core.shell:create_environment_hook('joystick_control_ras', 'ament_prefix_path')
[0.675s] INFO:colcon.colcon_core.shell:Creating environment hook '/home/olivier/ros2_ws/install/joystick_control_ras/share/joystick_control_ras/hook/ament_prefix_path.ps1'
[0.676s] INFO:colcon.colcon_core.shell:Creating environment descriptor '/home/olivier/ros2_ws/install/joystick_control_ras/share/joystick_control_ras/hook/ament_prefix_path.dsv'
[0.678s] INFO:colcon.colcon_core.shell:Creating environment hook '/home/olivier/ros2_ws/install/joystick_control_ras/share/joystick_control_ras/hook/ament_prefix_path.sh'
[0.681s] INFO:colcon.colcon_core.shell:Skip shell extension 'powershell' for command environment: Not usable outside of PowerShell
[0.681s] DEBUG:colcon.colcon_core.shell:Skip shell extension 'dsv' for command environment
[0.691s] INFO:colcon.colcon_ros.task.ament_python.build:Building ROS package in '/home/olivier/ros2_ws/src/ras_ros_core_control_modules-main' with build type 'ament_python'
[0.691s] Level 1:colcon.colcon_core.shell:create_environment_hook('ras_ros_core_control_modules', 'ament_prefix_path')
[0.692s] INFO:colcon.colcon_core.shell:Creating environment hook '/home/olivier/ros2_ws/install/ras_ros_core_control_modules/share/ras_ros_core_control_modules/hook/ament_prefix_path.ps1'
[0.692s] INFO:colcon.colcon_core.shell:Creating environment descriptor '/home/olivier/ros2_ws/install/ras_ros_core_control_modules/share/ras_ros_core_control_modules/hook/ament_prefix_path.dsv'
[0.692s] INFO:colcon.colcon_core.shell:Creating environment hook '/home/olivier/ros2_ws/install/ras_ros_core_control_modules/share/ras_ros_core_control_modules/hook/ament_prefix_path.sh'
[0.695s] INFO:colcon.colcon_core.shell:Skip shell extension 'powershell' for command environment: Not usable outside of PowerShell
[0.696s] DEBUG:colcon.colcon_core.shell:Skip shell extension 'dsv' for command environment
[0.702s] INFO:colcon.colcon_ros.task.ament_cmake.build:Building ROS package in '/home/olivier/ros2_ws/src/ras_urdf_common-main' with build type 'ament_cmake'
[0.702s] INFO:colcon.colcon_cmake.task.cmake.build:Building CMake package in '/home/olivier/ros2_ws/src/ras_urdf_common-main'
[0.702s] INFO:colcon.colcon_core.shell:Skip shell extension 'powershell' for command environment: Not usable outside of PowerShell
[0.702s] DEBUG:colcon.colcon_core.shell:Skip shell extension 'dsv' for command environment
[1.165s] INFO:colcon.colcon_core.task.python.build:Building Python package in '/home/olivier/ros2_ws/src/swarm_controller_1'
[1.166s] INFO:colcon.colcon_core.shell:Skip shell extension 'powershell' for command environment: Not usable outside of PowerShell
[1.166s] DEBUG:colcon.colcon_core.shell:Skip shell extension 'dsv' for command environment
[1.603s] INFO:colcon.colcon_core.task.python.build:Building Python package in '/home/olivier/ros2_ws/src/ras_joystick_control-iron'
[1.603s] INFO:colcon.colcon_core.shell:Skip shell extension 'powershell' for command environment: Not usable outside of PowerShell
[1.603s] DEBUG:colcon.colcon_core.shell:Skip shell extension 'dsv' for command environment
[2.024s] INFO:colcon.colcon_core.task.python.build:Building Python package in '/home/olivier/ros2_ws/src/ras_ros_core_control_modules-main'
[2.025s] INFO:colcon.colcon_core.shell:Skip shell extension 'powershell' for command environment: Not usable outside of PowerShell
[2.025s] DEBUG:colcon.colcon_core.shell:Skip shell extension 'dsv' for command environment
[2.036s] DEBUG:colcon.colcon_core.event_handler.log_command:Invoking command in '/home/olivier/ros2_ws/build/ras_urdf_common': CMAKE_PREFIX_PATH=${CMAKE_PREFIX_PATH}:/home/olivier/ros2_ws/install/usv_formation_control_1:/home/olivier/ros2_ws/install/turtleboat:/home/olivier/ros2_ws/install/tf_callback:/home/olivier/ros2_ws/install/ras_ros_core_control_modules:/home/olivier/ros2_ws/install/py_pubsub:/home/olivier/ros2_ws/install/joystick_control_ras:/home/olivier/ros2_ws/install/boat_controller:/home/olivier/install/usv_formation_control_1:/home/olivier/install/turtleboat:/home/olivier/install/tf_callback:/home/olivier/install/ras_ros_core_control_modules:/home/olivier/install/joystick_control_ras:/home/olivier/install/boat_controller:/opt/ros/iron /usr/bin/cmake --build /home/olivier/ros2_ws/build/ras_urdf_common -- -j4 -l4
[3.005s] DEBUG:colcon.colcon_core.event_handler.log_command:Invoking command in '/home/olivier/ros2_ws/src/ras_joystick_control-iron': PYTHONPATH=/home/olivier/ros2_ws/build/joystick_control_ras/prefix_override:/home/olivier/ros2_ws/install/joystick_control_ras/lib/python3.10/site-packages:${PYTHONPATH} /usr/bin/python3 -W ignore:setup.py install is deprecated setup.py egg_info --egg-base ../../build/joystick_control_ras build --build-base /home/olivier/ros2_ws/build/joystick_control_ras/build install --record /home/olivier/ros2_ws/build/joystick_control_ras/install.log --single-version-externally-managed install_data
[3.064s] DEBUG:colcon.colcon_core.event_handler.log_command:Invoking command in '/home/olivier/ros2_ws/src/swarm_controller_1': PYTHONPATH=/home/olivier/ros2_ws/build/boat_controller/prefix_override:/home/olivier/ros2_ws/install/boat_controller/lib/python3.10/site-packages:${PYTHONPATH} /usr/bin/python3 -W ignore:setup.py install is deprecated setup.py egg_info --egg-base ../../build/boat_controller build --build-base /home/olivier/ros2_ws/build/boat_controller/build install --record /home/olivier/ros2_ws/build/boat_controller/install.log --single-version-externally-managed install_data
[3.446s] DEBUG:colcon.colcon_core.event_handler.log_command:Invoking command in '/home/olivier/ros2_ws/src/ras_ros_core_control_modules-main': PYTHONPATH=/home/olivier/ros2_ws/build/ras_ros_core_control_modules/prefix_override:/home/olivier/ros2_ws/install/ras_ros_core_control_modules/lib/python3.10/site-packages:${PYTHONPATH} /usr/bin/python3 -W ignore:setup.py install is deprecated setup.py egg_info --egg-base ../../build/ras_ros_core_control_modules build --build-base /home/olivier/ros2_ws/build/ras_ros_core_control_modules/build install --record /home/olivier/ros2_ws/build/ras_ros_core_control_modules/install.log --single-version-externally-managed install_data
[3.589s] DEBUG:colcon.colcon_core.event_handler.log_command:Invoked command in '/home/olivier/ros2_ws/build/ras_urdf_common' returned '0': CMAKE_PREFIX_PATH=${CMAKE_PREFIX_PATH}:/home/olivier/ros2_ws/install/usv_formation_control_1:/home/olivier/ros2_ws/install/turtleboat:/home/olivier/ros2_ws/install/tf_callback:/home/olivier/ros2_ws/install/ras_ros_core_control_modules:/home/olivier/ros2_ws/install/py_pubsub:/home/olivier/ros2_ws/install/joystick_control_ras:/home/olivier/ros2_ws/install/boat_controller:/home/olivier/install/usv_formation_control_1:/home/olivier/install/turtleboat:/home/olivier/install/tf_callback:/home/olivier/install/ras_ros_core_control_modules:/home/olivier/install/joystick_control_ras:/home/olivier/install/boat_controller:/opt/ros/iron /usr/bin/cmake --build /home/olivier/ros2_ws/build/ras_urdf_common -- -j4 -l4
[3.791s] DEBUG:colcon.colcon_core.event_handler.log_command:Invoked command in '/home/olivier/ros2_ws/src/ras_joystick_control-iron' returned '0': PYTHONPATH=/home/olivier/ros2_ws/build/joystick_control_ras/prefix_override:/home/olivier/ros2_ws/install/joystick_control_ras/lib/python3.10/site-packages:${PYTHONPATH} /usr/bin/python3 -W ignore:setup.py install is deprecated setup.py egg_info --egg-base ../../build/joystick_control_ras build --build-base /home/olivier/ros2_ws/build/joystick_control_ras/build install --record /home/olivier/ros2_ws/build/joystick_control_ras/install.log --single-version-externally-managed install_data
[3.794s] Level 1:colcon.colcon_core.environment:checking '/home/olivier/ros2_ws/install/joystick_control_ras' for CMake module files
[3.794s] Level 1:colcon.colcon_core.environment:checking '/home/olivier/ros2_ws/install/joystick_control_ras' for CMake config files
[3.796s] Level 1:colcon.colcon_core.environment:checking '/home/olivier/ros2_ws/install/joystick_control_ras/lib'
[3.796s] Level 1:colcon.colcon_core.environment:checking '/home/olivier/ros2_ws/install/joystick_control_ras/bin'
[3.796s] Level 1:colcon.colcon_core.environment:checking '/home/olivier/ros2_ws/install/joystick_control_ras/lib/pkgconfig/joystick_control_ras.pc'
[3.796s] Level 1:colcon.colcon_core.environment:checking '/home/olivier/ros2_ws/install/joystick_control_ras/lib/python3.10/site-packages'
[3.796s] Level 1:colcon.colcon_core.shell:create_environment_hook('joystick_control_ras', 'pythonpath')
[3.797s] INFO:colcon.colcon_core.shell:Creating environment hook '/home/olivier/ros2_ws/install/joystick_control_ras/share/joystick_control_ras/hook/pythonpath.ps1'
[3.797s] INFO:colcon.colcon_core.shell:Creating environment descriptor '/home/olivier/ros2_ws/install/joystick_control_ras/share/joystick_control_ras/hook/pythonpath.dsv'
[3.799s] INFO:colcon.colcon_core.shell:Creating environment hook '/home/olivier/ros2_ws/install/joystick_control_ras/share/joystick_control_ras/hook/pythonpath.sh'
[3.800s] Level 1:colcon.colcon_core.environment:checking '/home/olivier/ros2_ws/install/joystick_control_ras/bin'
[3.800s] Level 1:colcon.colcon_core.environment:create_environment_scripts_only(joystick_control_ras)
[3.800s] INFO:colcon.colcon_core.shell:Creating package script '/home/olivier/ros2_ws/install/joystick_control_ras/share/joystick_control_ras/package.ps1'
[3.802s] INFO:colcon.colcon_core.shell:Creating package descriptor '/home/olivier/ros2_ws/install/joystick_control_ras/share/joystick_control_ras/package.dsv'
[3.802s] INFO:colcon.colcon_core.shell:Creating package script '/home/olivier/ros2_ws/install/joystick_control_ras/share/joystick_control_ras/package.sh'
[3.806s] INFO:colcon.colcon_core.shell:Creating package script '/home/olivier/ros2_ws/install/joystick_control_ras/share/joystick_control_ras/package.bash'
[3.815s] INFO:colcon.colcon_core.shell:Creating package script '/home/olivier/ros2_ws/install/joystick_control_ras/share/joystick_control_ras/package.zsh'
[3.818s] Level 1:colcon.colcon_core.environment:create_file_with_runtime_dependencies(/home/olivier/ros2_ws/install/joystick_control_ras/share/colcon-core/packages/joystick_control_ras)
[3.837s] INFO:colcon.colcon_ros.task.ament_python.build:Building ROS package in '/home/olivier/ros2_ws/src/tf_callback' with build type 'ament_python'
[3.838s] Level 1:colcon.colcon_core.shell:create_environment_hook('tf_callback', 'ament_prefix_path')
[3.838s] INFO:colcon.colcon_core.shell:Creating environment hook '/home/olivier/ros2_ws/install/tf_callback/share/tf_callback/hook/ament_prefix_path.ps1'
[3.839s] INFO:colcon.colcon_core.shell:Creating environment descriptor '/home/olivier/ros2_ws/install/tf_callback/share/tf_callback/hook/ament_prefix_path.dsv'
[3.840s] INFO:colcon.colcon_core.shell:Creating environment hook '/home/olivier/ros2_ws/install/tf_callback/share/tf_callback/hook/ament_prefix_path.sh'
[3.842s] INFO:colcon.colcon_core.shell:Skip shell extension 'powershell' for command environment: Not usable outside of PowerShell
[3.842s] DEBUG:colcon.colcon_core.shell:Skip shell extension 'dsv' for command environment
[3.893s] DEBUG:colcon.colcon_core.event_handler.log_command:Invoking command in '/home/olivier/ros2_ws/build/ras_urdf_common': CMAKE_PREFIX_PATH=${CMAKE_PREFIX_PATH}:/home/olivier/ros2_ws/install/usv_formation_control_1:/home/olivier/ros2_ws/install/turtleboat:/home/olivier/ros2_ws/install/tf_callback:/home/olivier/ros2_ws/install/ras_ros_core_control_modules:/home/olivier/ros2_ws/install/py_pubsub:/home/olivier/ros2_ws/install/joystick_control_ras:/home/olivier/ros2_ws/install/boat_controller:/home/olivier/install/usv_formation_control_1:/home/olivier/install/turtleboat:/home/olivier/install/tf_callback:/home/olivier/install/ras_ros_core_control_modules:/home/olivier/install/joystick_control_ras:/home/olivier/install/boat_controller:/opt/ros/iron /usr/bin/cmake --install /home/olivier/ros2_ws/build/ras_urdf_common
[4.599s] INFO:colcon.colcon_core.task.python.build:Building Python package in '/home/olivier/ros2_ws/src/tf_callback'
[4.599s] INFO:colcon.colcon_core.shell:Skip shell extension 'powershell' for command environment: Not usable outside of PowerShell
[4.599s] DEBUG:colcon.colcon_core.shell:Skip shell extension 'dsv' for command environment
[4.607s] Level 1:colcon.colcon_core.environment:checking '/home/olivier/ros2_ws/install/ras_ros_core_control_modules' for CMake module files
[4.608s] DEBUG:colcon.colcon_core.event_handler.log_command:Invoked command in '/home/olivier/ros2_ws/src/ras_ros_core_control_modules-main' returned '0': PYTHONPATH=/home/olivier/ros2_ws/build/ras_ros_core_control_modules/prefix_override:/home/olivier/ros2_ws/install/ras_ros_core_control_modules/lib/python3.10/site-packages:${PYTHONPATH} /usr/bin/python3 -W ignore:setup.py install is deprecated setup.py egg_info --egg-base ../../build/ras_ros_core_control_modules build --build-base /home/olivier/ros2_ws/build/ras_ros_core_control_modules/build install --record /home/olivier/ros2_ws/build/ras_ros_core_control_modules/install.log --single-version-externally-managed install_data
[4.609s] Level 1:colcon.colcon_core.environment:checking '/home/olivier/ros2_ws/install/ras_ros_core_control_modules' for CMake config files
[4.611s] Level 1:colcon.colcon_core.environment:checking '/home/olivier/ros2_ws/install/ras_ros_core_control_modules/lib'
[4.612s] Level 1:colcon.colcon_core.environment:checking '/home/olivier/ros2_ws/install/ras_ros_core_control_modules/bin'
[4.612s] Level 1:colcon.colcon_core.environment:checking '/home/olivier/ros2_ws/install/ras_ros_core_control_modules/lib/pkgconfig/ras_ros_core_control_modules.pc'
[4.612s] Level 1:colcon.colcon_core.environment:checking '/home/olivier/ros2_ws/install/ras_ros_core_control_modules/lib/python3.10/site-packages'
[4.613s] Level 1:colcon.colcon_core.shell:create_environment_hook('ras_ros_core_control_modules', 'pythonpath')
[4.614s] INFO:colcon.colcon_core.shell:Creating environment hook '/home/olivier/ros2_ws/install/ras_ros_core_control_modules/share/ras_ros_core_control_modules/hook/pythonpath.ps1'
[4.614s] INFO:colcon.colcon_core.shell:Creating environment descriptor '/home/olivier/ros2_ws/install/ras_ros_core_control_modules/share/ras_ros_core_control_modules/hook/pythonpath.dsv'
[4.615s] INFO:colcon.colcon_core.shell:Creating environment hook '/home/olivier/ros2_ws/install/ras_ros_core_control_modules/share/ras_ros_core_control_modules/hook/pythonpath.sh'
[4.616s] Level 1:colcon.colcon_core.environment:checking '/home/olivier/ros2_ws/install/ras_ros_core_control_modules/bin'
[4.616s] Level 1:colcon.colcon_core.environment:create_environment_scripts_only(ras_ros_core_control_modules)
[4.616s] INFO:colcon.colcon_core.shell:Creating package script '/home/olivier/ros2_ws/install/ras_ros_core_control_modules/share/ras_ros_core_control_modules/package.ps1'
[4.617s] INFO:colcon.colcon_core.shell:Creating package descriptor '/home/olivier/ros2_ws/install/ras_ros_core_control_modules/share/ras_ros_core_control_modules/package.dsv'
[4.618s] INFO:colcon.colcon_core.shell:Creating package script '/home/olivier/ros2_ws/install/ras_ros_core_control_modules/share/ras_ros_core_control_modules/package.sh'
[4.618s] INFO:colcon.colcon_core.shell:Creating package script '/home/olivier/ros2_ws/install/ras_ros_core_control_modules/share/ras_ros_core_control_modules/package.bash'
[4.619s] INFO:colcon.colcon_core.shell:Creating package script '/home/olivier/ros2_ws/install/ras_ros_core_control_modules/share/ras_ros_core_control_modules/package.zsh'
[4.619s] Level 1:colcon.colcon_core.environment:create_file_with_runtime_dependencies(/home/olivier/ros2_ws/install/ras_ros_core_control_modules/share/colcon-core/packages/ras_ros_core_control_modules)
[4.620s] Level 1:colcon.colcon_core.environment:create_environment_scripts_only(ras_urdf_common)
[4.620s] Level 1:colcon.colcon_core.environment:checking '/home/olivier/ros2_ws/install/ras_urdf_common' for CMake module files
[4.621s] Level 1:colcon.colcon_core.environment:checking '/home/olivier/ros2_ws/install/ras_urdf_common' for CMake config files
[4.622s] Level 1:colcon.colcon_core.shell:create_environment_hook('ras_urdf_common', 'cmake_prefix_path')
[4.622s] INFO:colcon.colcon_core.shell:Creating environment hook '/home/olivier/ros2_ws/install/ras_urdf_common/share/ras_urdf_common/hook/cmake_prefix_path.ps1'
[4.626s] DEBUG:colcon.colcon_core.event_handler.log_command:Invoked command in '/home/olivier/ros2_ws/build/ras_urdf_common' returned '0': CMAKE_PREFIX_PATH=${CMAKE_PREFIX_PATH}:/home/olivier/ros2_ws/install/usv_formation_control_1:/home/olivier/ros2_ws/install/turtleboat:/home/olivier/ros2_ws/install/tf_callback:/home/olivier/ros2_ws/install/ras_ros_core_control_modules:/home/olivier/ros2_ws/install/py_pubsub:/home/olivier/ros2_ws/install/joystick_control_ras:/home/olivier/ros2_ws/install/boat_controller:/home/olivier/install/usv_formation_control_1:/home/olivier/install/turtleboat:/home/olivier/install/tf_callback:/home/olivier/install/ras_ros_core_control_modules:/home/olivier/install/joystick_control_ras:/home/olivier/install/boat_controller:/opt/ros/iron /usr/bin/cmake --install /home/olivier/ros2_ws/build/ras_urdf_common
[4.627s] INFO:colcon.colcon_core.shell:Creating environment descriptor '/home/olivier/ros2_ws/install/ras_urdf_common/share/ras_urdf_common/hook/cmake_prefix_path.dsv'
[4.627s] INFO:colcon.colcon_core.shell:Creating environment hook '/home/olivier/ros2_ws/install/ras_urdf_common/share/ras_urdf_common/hook/cmake_prefix_path.sh'
[4.628s] Level 1:colcon.colcon_core.environment:checking '/home/olivier/ros2_ws/install/ras_urdf_common/lib'
[4.628s] Level 1:colcon.colcon_core.environment:checking '/home/olivier/ros2_ws/install/ras_urdf_common/bin'
[4.628s] Level 1:colcon.colcon_core.environment:checking '/home/olivier/ros2_ws/install/ras_urdf_common/lib/pkgconfig/ras_urdf_common.pc'
[4.629s] Level 1:colcon.colcon_core.environment:checking '/home/olivier/ros2_ws/install/ras_urdf_common/lib/python3.10/site-packages'
[4.629s] Level 1:colcon.colcon_core.shell:create_environment_hook('ras_urdf_common', 'pythonpath')
[4.630s] INFO:colcon.colcon_core.shell:Creating environment hook '/home/olivier/ros2_ws/install/ras_urdf_common/share/ras_urdf_common/hook/pythonpath.ps1'
[4.630s] INFO:colcon.colcon_core.shell:Creating environment descriptor '/home/olivier/ros2_ws/install/ras_urdf_common/share/ras_urdf_common/hook/pythonpath.dsv'
[4.631s] INFO:colcon.colcon_core.shell:Creating environment hook '/home/olivier/ros2_ws/install/ras_urdf_common/share/ras_urdf_common/hook/pythonpath.sh'
[4.631s] Level 1:colcon.colcon_core.environment:checking '/home/olivier/ros2_ws/install/ras_urdf_common/bin'
[4.634s] INFO:colcon.colcon_core.shell:Creating package script '/home/olivier/ros2_ws/install/ras_urdf_common/share/ras_urdf_common/package.ps1'
[4.634s] INFO:colcon.colcon_core.shell:Creating package descriptor '/home/olivier/ros2_ws/install/ras_urdf_common/share/ras_urdf_common/package.dsv'
[4.635s] INFO:colcon.colcon_core.shell:Creating package script '/home/olivier/ros2_ws/install/ras_urdf_common/share/ras_urdf_common/package.sh'
[4.637s] INFO:colcon.colcon_core.shell:Creating package script '/home/olivier/ros2_ws/install/ras_urdf_common/share/ras_urdf_common/package.bash'
[4.638s] INFO:colcon.colcon_core.shell:Creating package script '/home/olivier/ros2_ws/install/ras_urdf_common/share/ras_urdf_common/package.zsh'
[4.638s] Level 1:colcon.colcon_core.environment:create_file_with_runtime_dependencies(/home/olivier/ros2_ws/install/ras_urdf_common/share/colcon-core/packages/ras_urdf_common)
[4.640s] Level 1:colcon.colcon_core.environment:checking '/home/olivier/ros2_ws/install/boat_controller' for CMake module files
[4.640s] DEBUG:colcon.colcon_core.event_handler.log_command:Invoked command in '/home/olivier/ros2_ws/src/swarm_controller_1' returned '0': PYTHONPATH=/home/olivier/ros2_ws/build/boat_controller/prefix_override:/home/olivier/ros2_ws/install/boat_controller/lib/python3.10/site-packages:${PYTHONPATH} /usr/bin/python3 -W ignore:setup.py install is deprecated setup.py egg_info --egg-base ../../build/boat_controller build --build-base /home/olivier/ros2_ws/build/boat_controller/build install --record /home/olivier/ros2_ws/build/boat_controller/install.log --single-version-externally-managed install_data
[4.641s] Level 1:colcon.colcon_core.environment:checking '/home/olivier/ros2_ws/install/boat_controller' for CMake config files
[4.642s] Level 1:colcon.colcon_core.environment:checking '/home/olivier/ros2_ws/install/boat_controller/lib'
[4.642s] Level 1:colcon.colcon_core.environment:checking '/home/olivier/ros2_ws/install/boat_controller/bin'
[4.643s] Level 1:colcon.colcon_core.environment:checking '/home/olivier/ros2_ws/install/boat_controller/lib/pkgconfig/boat_controller.pc'
[4.643s] Level 1:colcon.colcon_core.environment:checking '/home/olivier/ros2_ws/install/boat_controller/lib/python3.10/site-packages'
[4.643s] Level 1:colcon.colcon_core.shell:create_environment_hook('boat_controller', 'pythonpath')
[4.644s] INFO:colcon.colcon_core.shell:Creating environment hook '/home/olivier/ros2_ws/install/boat_controller/share/boat_controller/hook/pythonpath.ps1'
[4.645s] INFO:colcon.colcon_core.shell:Creating environment descriptor '/home/olivier/ros2_ws/install/boat_controller/share/boat_controller/hook/pythonpath.dsv'
[4.650s] INFO:colcon.colcon_core.shell:Creating environment hook '/home/olivier/ros2_ws/install/boat_controller/share/boat_controller/hook/pythonpath.sh'
[4.652s] Level 1:colcon.colcon_core.environment:checking '/home/olivier/ros2_ws/install/boat_controller/bin'
[4.653s] Level 1:colcon.colcon_core.environment:create_environment_scripts_only(boat_controller)
[4.653s] INFO:colcon.colcon_core.shell:Creating package script '/home/olivier/ros2_ws/install/boat_controller/share/boat_controller/package.ps1'
[4.655s] INFO:colcon.colcon_core.shell:Creating package descriptor '/home/olivier/ros2_ws/install/boat_controller/share/boat_controller/package.dsv'
[4.656s] INFO:colcon.colcon_core.shell:Creating package script '/home/olivier/ros2_ws/install/boat_controller/share/boat_controller/package.sh'
[4.657s] INFO:colcon.colcon_core.shell:Creating package script '/home/olivier/ros2_ws/install/boat_controller/share/boat_controller/package.bash'
[4.658s] INFO:colcon.colcon_core.shell:Creating package script '/home/olivier/ros2_ws/install/boat_controller/share/boat_controller/package.zsh'
[4.659s] Level 1:colcon.colcon_core.environment:create_file_with_runtime_dependencies(/home/olivier/ros2_ws/install/boat_controller/share/colcon-core/packages/boat_controller)
[4.661s] INFO:colcon.colcon_ros.task.ament_python.build:Building ROS package in '/home/olivier/ros2_ws/src/TurtleBoat-ros2' with build type 'ament_python'
[4.662s] Level 1:colcon.colcon_core.shell:create_environment_hook('turtleboat', 'ament_prefix_path')
[4.662s] INFO:colcon.colcon_core.shell:Creating environment hook '/home/olivier/ros2_ws/install/turtleboat/share/turtleboat/hook/ament_prefix_path.ps1'
[4.663s] INFO:colcon.colcon_core.shell:Creating environment descriptor '/home/olivier/ros2_ws/install/turtleboat/share/turtleboat/hook/ament_prefix_path.dsv'
[4.664s] INFO:colcon.colcon_core.shell:Creating environment hook '/home/olivier/ros2_ws/install/turtleboat/share/turtleboat/hook/ament_prefix_path.sh'
[4.666s] INFO:colcon.colcon_core.shell:Skip shell extension 'powershell' for command environment: Not usable outside of PowerShell
[4.666s] DEBUG:colcon.colcon_core.shell:Skip shell extension 'dsv' for command environment
[4.675s] INFO:colcon.colcon_ros.task.ament_python.build:Building ROS package in '/home/olivier/ros2_ws/src/USV_formation_control_1-ros2' with build type 'ament_python'
[4.675s] Level 1:colcon.colcon_core.shell:create_environment_hook('usv_formation_control_1', 'ament_prefix_path')
[4.676s] INFO:colcon.colcon_core.shell:Creating environment hook '/home/olivier/ros2_ws/install/usv_formation_control_1/share/usv_formation_control_1/hook/ament_prefix_path.ps1'
[4.676s] INFO:colcon.colcon_core.shell:Creating environment descriptor '/home/olivier/ros2_ws/install/usv_formation_control_1/share/usv_formation_control_1/hook/ament_prefix_path.dsv'
[4.685s] INFO:colcon.colcon_core.shell:Creating environment hook '/home/olivier/ros2_ws/install/usv_formation_control_1/share/usv_formation_control_1/hook/ament_prefix_path.sh'
[4.686s] INFO:colcon.colcon_core.shell:Skip shell extension 'powershell' for command environment: Not usable outside of PowerShell
[4.686s] DEBUG:colcon.colcon_core.shell:Skip shell extension 'dsv' for command environment
[4.708s] Level 1:colcon.colcon_core.environment:create_environment_scripts_only(ras_urdf_common)
[4.709s] Level 1:colcon.colcon_core.environment:checking '/home/olivier/ros2_ws/install/ras_urdf_common' for CMake module files
[4.709s] Level 1:colcon.colcon_core.environment:checking '/home/olivier/ros2_ws/install/ras_urdf_common' for CMake config files
[4.710s] Level 1:colcon.colcon_core.shell:create_environment_hook('ras_urdf_common', 'cmake_prefix_path')
[4.711s] INFO:colcon.colcon_core.shell:Creating environment hook '/home/olivier/ros2_ws/install/ras_urdf_common/share/ras_urdf_common/hook/cmake_prefix_path.ps1'
[4.711s] INFO:colcon.colcon_core.shell:Creating environment descriptor '/home/olivier/ros2_ws/install/ras_urdf_common/share/ras_urdf_common/hook/cmake_prefix_path.dsv'
[4.712s] INFO:colcon.colcon_core.shell:Creating environment hook '/home/olivier/ros2_ws/install/ras_urdf_common/share/ras_urdf_common/hook/cmake_prefix_path.sh'
[4.712s] Level 1:colcon.colcon_core.environment:checking '/home/olivier/ros2_ws/install/ras_urdf_common/lib'
[4.712s] Level 1:colcon.colcon_core.environment:checking '/home/olivier/ros2_ws/install/ras_urdf_common/bin'
[4.713s] Level 1:colcon.colcon_core.environment:checking '/home/olivier/ros2_ws/install/ras_urdf_common/lib/pkgconfig/ras_urdf_common.pc'
[4.713s] Level 1:colcon.colcon_core.environment:checking '/home/olivier/ros2_ws/install/ras_urdf_common/lib/python3.10/site-packages'
[4.713s] Level 1:colcon.colcon_core.shell:create_environment_hook('ras_urdf_common', 'pythonpath')
[4.713s] INFO:colcon.colcon_core.shell:Creating environment hook '/home/olivier/ros2_ws/install/ras_urdf_common/share/ras_urdf_common/hook/pythonpath.ps1'
[4.741s] INFO:colcon.colcon_core.shell:Creating environment descriptor '/home/olivier/ros2_ws/install/ras_urdf_common/share/ras_urdf_common/hook/pythonpath.dsv'
[4.742s] INFO:colcon.colcon_core.shell:Creating environment hook '/home/olivier/ros2_ws/install/ras_urdf_common/share/ras_urdf_common/hook/pythonpath.sh'
[4.743s] Level 1:colcon.colcon_core.environment:checking '/home/olivier/ros2_ws/install/ras_urdf_common/bin'
[4.744s] INFO:colcon.colcon_core.shell:Creating package script '/home/olivier/ros2_ws/install/ras_urdf_common/share/ras_urdf_common/package.ps1'
[4.744s] INFO:colcon.colcon_core.shell:Creating package descriptor '/home/olivier/ros2_ws/install/ras_urdf_common/share/ras_urdf_common/package.dsv'
[4.747s] INFO:colcon.colcon_core.shell:Creating package script '/home/olivier/ros2_ws/install/ras_urdf_common/share/ras_urdf_common/package.sh'
[4.747s] INFO:colcon.colcon_core.shell:Creating package script '/home/olivier/ros2_ws/install/ras_urdf_common/share/ras_urdf_common/package.bash'
[4.748s] INFO:colcon.colcon_core.shell:Creating package script '/home/olivier/ros2_ws/install/ras_urdf_common/share/ras_urdf_common/package.zsh'
[4.748s] Level 1:colcon.colcon_core.environment:create_file_with_runtime_dependencies(/home/olivier/ros2_ws/install/ras_urdf_common/share/colcon-core/packages/ras_urdf_common)
[5.297s] INFO:colcon.colcon_core.task.python.build:Building Python package in '/home/olivier/ros2_ws/src/TurtleBoat-ros2'
[5.298s] INFO:colcon.colcon_core.shell:Skip shell extension 'powershell' for command environment: Not usable outside of PowerShell
[5.298s] DEBUG:colcon.colcon_core.shell:Skip shell extension 'dsv' for command environment
[5.961s] INFO:colcon.colcon_core.task.python.build:Building Python package in '/home/olivier/ros2_ws/src/USV_formation_control_1-ros2'
[5.962s] INFO:colcon.colcon_core.shell:Skip shell extension 'powershell' for command environment: Not usable outside of PowerShell
[5.962s] DEBUG:colcon.colcon_core.shell:Skip shell extension 'dsv' for command environment
[5.974s] DEBUG:colcon.colcon_core.event_handler.log_command:Invoking command in '/home/olivier/ros2_ws/src/tf_callback': PYTHONPATH=/home/olivier/ros2_ws/build/tf_callback/prefix_override:/home/olivier/ros2_ws/install/tf_callback/lib/python3.10/site-packages:${PYTHONPATH} /usr/bin/python3 -W ignore:setup.py install is deprecated setup.py egg_info --egg-base ../../build/tf_callback build --build-base /home/olivier/ros2_ws/build/tf_callback/build install --record /home/olivier/ros2_ws/build/tf_callback/install.log --single-version-externally-managed install_data
[6.613s] Level 1:colcon.colcon_core.environment:checking '/home/olivier/ros2_ws/install/tf_callback' for CMake module files
[6.614s] Level 1:colcon.colcon_core.environment:checking '/home/olivier/ros2_ws/install/tf_callback' for CMake config files
[6.615s] Level 1:colcon.colcon_core.environment:checking '/home/olivier/ros2_ws/install/tf_callback/lib'
[6.615s] Level 1:colcon.colcon_core.environment:checking '/home/olivier/ros2_ws/install/tf_callback/bin'
[6.615s] Level 1:colcon.colcon_core.environment:checking '/home/olivier/ros2_ws/install/tf_callback/lib/pkgconfig/tf_callback.pc'
[6.616s] Level 1:colcon.colcon_core.environment:checking '/home/olivier/ros2_ws/install/tf_callback/lib/python3.10/site-packages'
[6.616s] Level 1:colcon.colcon_core.shell:create_environment_hook('tf_callback', 'pythonpath')
[6.616s] INFO:colcon.colcon_core.shell:Creating environment hook '/home/olivier/ros2_ws/install/tf_callback/share/tf_callback/hook/pythonpath.ps1'
[6.617s] INFO:colcon.colcon_core.shell:Creating environment descriptor '/home/olivier/ros2_ws/install/tf_callback/share/tf_callback/hook/pythonpath.dsv'
[6.617s] INFO:colcon.colcon_core.shell:Creating environment hook '/home/olivier/ros2_ws/install/tf_callback/share/tf_callback/hook/pythonpath.sh'
[6.620s] DEBUG:colcon.colcon_core.event_handler.log_command:Invoked command in '/home/olivier/ros2_ws/src/tf_callback' returned '0': PYTHONPATH=/home/olivier/ros2_ws/build/tf_callback/prefix_override:/home/olivier/ros2_ws/install/tf_callback/lib/python3.10/site-packages:${PYTHONPATH} /usr/bin/python3 -W ignore:setup.py install is deprecated setup.py egg_info --egg-base ../../build/tf_callback build --build-base /home/olivier/ros2_ws/build/tf_callback/build install --record /home/olivier/ros2_ws/build/tf_callback/install.log --single-version-externally-managed install_data
[6.620s] Level 1:colcon.colcon_core.environment:checking '/home/olivier/ros2_ws/install/tf_callback/bin'
[6.620s] Level 1:colcon.colcon_core.environment:create_environment_scripts_only(tf_callback)
[6.623s] INFO:colcon.colcon_core.shell:Creating package script '/home/olivier/ros2_ws/install/tf_callback/share/tf_callback/package.ps1'
[6.626s] INFO:colcon.colcon_core.shell:Creating package descriptor '/home/olivier/ros2_ws/install/tf_callback/share/tf_callback/package.dsv'
[6.627s] INFO:colcon.colcon_core.shell:Creating package script '/home/olivier/ros2_ws/install/tf_callback/share/tf_callback/package.sh'
[6.627s] INFO:colcon.colcon_core.shell:Creating package script '/home/olivier/ros2_ws/install/tf_callback/share/tf_callback/package.bash'
[6.628s] INFO:colcon.colcon_core.shell:Creating package script '/home/olivier/ros2_ws/install/tf_callback/share/tf_callback/package.zsh'
[6.628s] Level 1:colcon.colcon_core.environment:create_file_with_runtime_dependencies(/home/olivier/ros2_ws/install/tf_callback/share/colcon-core/packages/tf_callback)
[7.114s] DEBUG:colcon.colcon_core.event_handler.log_command:Invoking command in '/home/olivier/ros2_ws/src/TurtleBoat-ros2': PYTHONPATH=/home/olivier/ros2_ws/build/turtleboat/prefix_override:/home/olivier/ros2_ws/install/turtleboat/lib/python3.10/site-packages:${PYTHONPATH} /usr/bin/python3 -W ignore:setup.py install is deprecated setup.py egg_info --egg-base ../../build/turtleboat build --build-base /home/olivier/ros2_ws/build/turtleboat/build install --record /home/olivier/ros2_ws/build/turtleboat/install.log --install-scripts $base/lib/turtleboat --single-version-externally-managed install_data
[7.407s] DEBUG:colcon.colcon_core.event_handler.log_command:Invoking command in '/home/olivier/ros2_ws/src/USV_formation_control_1-ros2': PYTHONPATH=/home/olivier/ros2_ws/build/usv_formation_control_1/prefix_override:/home/olivier/ros2_ws/install/usv_formation_control_1/lib/python3.10/site-packages:${PYTHONPATH} /usr/bin/python3 -W ignore:setup.py install is deprecated setup.py egg_info --egg-base ../../build/usv_formation_control_1 build --build-base /home/olivier/ros2_ws/build/usv_formation_control_1/build install --record /home/olivier/ros2_ws/build/usv_formation_control_1/install.log --single-version-externally-managed install_data
[7.967s] Level 1:colcon.colcon_core.environment:checking '/home/olivier/ros2_ws/install/turtleboat' for CMake module files
[7.968s] Level 1:colcon.colcon_core.environment:checking '/home/olivier/ros2_ws/install/turtleboat' for CMake config files
[7.969s] Level 1:colcon.colcon_core.environment:checking '/home/olivier/ros2_ws/install/turtleboat/lib'
[7.969s] Level 1:colcon.colcon_core.environment:checking '/home/olivier/ros2_ws/install/turtleboat/bin'
[7.969s] Level 1:colcon.colcon_core.environment:checking '/home/olivier/ros2_ws/install/turtleboat/lib/pkgconfig/turtleboat.pc'
[7.969s] Level 1:colcon.colcon_core.environment:checking '/home/olivier/ros2_ws/install/turtleboat/lib/python3.10/site-packages'
[7.969s] Level 1:colcon.colcon_core.shell:create_environment_hook('turtleboat', 'pythonpath')
[7.970s] INFO:colcon.colcon_core.shell:Creating environment hook '/home/olivier/ros2_ws/install/turtleboat/share/turtleboat/hook/pythonpath.ps1'
[7.982s] INFO:colcon.colcon_core.shell:Creating environment descriptor '/home/olivier/ros2_ws/install/turtleboat/share/turtleboat/hook/pythonpath.dsv'
[7.982s] DEBUG:colcon.colcon_core.event_handler.log_command:Invoked command in '/home/olivier/ros2_ws/src/TurtleBoat-ros2' returned '0': PYTHONPATH=/home/olivier/ros2_ws/build/turtleboat/prefix_override:/home/olivier/ros2_ws/install/turtleboat/lib/python3.10/site-packages:${PYTHONPATH} /usr/bin/python3 -W ignore:setup.py install is deprecated setup.py egg_info --egg-base ../../build/turtleboat build --build-base /home/olivier/ros2_ws/build/turtleboat/build install --record /home/olivier/ros2_ws/build/turtleboat/install.log --install-scripts $base/lib/turtleboat --single-version-externally-managed install_data
[7.983s] INFO:colcon.colcon_core.shell:Creating environment hook '/home/olivier/ros2_ws/install/turtleboat/share/turtleboat/hook/pythonpath.sh'
[7.984s] Level 1:colcon.colcon_core.environment:checking '/home/olivier/ros2_ws/install/turtleboat/bin'
[7.984s] Level 1:colcon.colcon_core.environment:create_environment_scripts_only(turtleboat)
[7.985s] INFO:colcon.colcon_core.shell:Creating package script '/home/olivier/ros2_ws/install/turtleboat/share/turtleboat/package.ps1'
[7.985s] INFO:colcon.colcon_core.shell:Creating package descriptor '/home/olivier/ros2_ws/install/turtleboat/share/turtleboat/package.dsv'
[7.986s] INFO:colcon.colcon_core.shell:Creating package script '/home/olivier/ros2_ws/install/turtleboat/share/turtleboat/package.sh'
[7.987s] INFO:colcon.colcon_core.shell:Creating package script '/home/olivier/ros2_ws/install/turtleboat/share/turtleboat/package.bash'
[7.987s] INFO:colcon.colcon_core.shell:Creating package script '/home/olivier/ros2_ws/install/turtleboat/share/turtleboat/package.zsh'
[7.988s] Level 1:colcon.colcon_core.environment:create_file_with_runtime_dependencies(/home/olivier/ros2_ws/install/turtleboat/share/colcon-core/packages/turtleboat)
[8.028s] Level 1:colcon.colcon_core.environment:checking '/home/olivier/ros2_ws/install/usv_formation_control_1' for CMake module files
[8.028s] DEBUG:colcon.colcon_core.event_handler.log_command:Invoked command in '/home/olivier/ros2_ws/src/USV_formation_control_1-ros2' returned '0': PYTHONPATH=/home/olivier/ros2_ws/build/usv_formation_control_1/prefix_override:/home/olivier/ros2_ws/install/usv_formation_control_1/lib/python3.10/site-packages:${PYTHONPATH} /usr/bin/python3 -W ignore:setup.py install is deprecated setup.py egg_info --egg-base ../../build/usv_formation_control_1 build --build-base /home/olivier/ros2_ws/build/usv_formation_control_1/build install --record /home/olivier/ros2_ws/build/usv_formation_control_1/install.log --single-version-externally-managed install_data
[8.029s] Level 1:colcon.colcon_core.environment:checking '/home/olivier/ros2_ws/install/usv_formation_control_1' for CMake config files
[8.030s] Level 1:colcon.colcon_core.environment:checking '/home/olivier/ros2_ws/install/usv_formation_control_1/lib'
[8.030s] Level 1:colcon.colcon_core.environment:checking '/home/olivier/ros2_ws/install/usv_formation_control_1/bin'
[8.030s] Level 1:colcon.colcon_core.environment:checking '/home/olivier/ros2_ws/install/usv_formation_control_1/lib/pkgconfig/usv_formation_control_1.pc'
[8.031s] Level 1:colcon.colcon_core.environment:checking '/home/olivier/ros2_ws/install/usv_formation_control_1/lib/python3.10/site-packages'
[8.031s] Level 1:colcon.colcon_core.shell:create_environment_hook('usv_formation_control_1', 'pythonpath')
[8.031s] INFO:colcon.colcon_core.shell:Creating environment hook '/home/olivier/ros2_ws/install/usv_formation_control_1/share/usv_formation_control_1/hook/pythonpath.ps1'
[8.032s] INFO:colcon.colcon_core.shell:Creating environment descriptor '/home/olivier/ros2_ws/install/usv_formation_control_1/share/usv_formation_control_1/hook/pythonpath.dsv'
[8.032s] INFO:colcon.colcon_core.shell:Creating environment hook '/home/olivier/ros2_ws/install/usv_formation_control_1/share/usv_formation_control_1/hook/pythonpath.sh'
[8.033s] Level 1:colcon.colcon_core.environment:checking '/home/olivier/ros2_ws/install/usv_formation_control_1/bin'
[8.033s] Level 1:colcon.colcon_core.environment:create_environment_scripts_only(usv_formation_control_1)
[8.035s] INFO:colcon.colcon_core.shell:Creating package script '/home/olivier/ros2_ws/install/usv_formation_control_1/share/usv_formation_control_1/package.ps1'
[8.036s] INFO:colcon.colcon_core.shell:Creating package descriptor '/home/olivier/ros2_ws/install/usv_formation_control_1/share/usv_formation_control_1/package.dsv'
[8.036s] INFO:colcon.colcon_core.shell:Creating package script '/home/olivier/ros2_ws/install/usv_formation_control_1/share/usv_formation_control_1/package.sh'
[8.037s] INFO:colcon.colcon_core.shell:Creating package script '/home/olivier/ros2_ws/install/usv_formation_control_1/share/usv_formation_control_1/package.bash'
[8.037s] INFO:colcon.colcon_core.shell:Creating package script '/home/olivier/ros2_ws/install/usv_formation_control_1/share/usv_formation_control_1/package.zsh'
[8.038s] Level 1:colcon.colcon_core.environment:create_file_with_runtime_dependencies(/home/olivier/ros2_ws/install/usv_formation_control_1/share/colcon-core/packages/usv_formation_control_1)
[8.044s] DEBUG:colcon.colcon_parallel_executor.executor.parallel:closing loop
[8.045s] DEBUG:colcon.colcon_parallel_executor.executor.parallel:loop closed
[8.046s] DEBUG:colcon.colcon_parallel_executor.executor.parallel:run_until_complete finished with '0'
[8.046s] DEBUG:colcon.colcon_core.event_reactor:joining thread
[8.079s] INFO:colcon.colcon_core.plugin_system:Skipping extension 'colcon_notification.desktop_notification.terminal_notifier': Not used on non-Darwin systems
[8.079s] INFO:colcon.colcon_core.plugin_system:Skipping extension 'colcon_notification.desktop_notification.win32': Not used on non-Windows systems
[8.079s] INFO:colcon.colcon_notification.desktop_notification:Sending desktop notification using 'notify2'
[8.123s] DEBUG:colcon.colcon_core.event_reactor:joined thread
[8.124s] INFO:colcon.colcon_core.shell:Creating prefix script '/home/olivier/ros2_ws/install/local_setup.ps1'
[8.126s] INFO:colcon.colcon_core.shell:Creating prefix util module '/home/olivier/ros2_ws/install/_local_setup_util_ps1.py'
[8.128s] INFO:colcon.colcon_core.shell:Creating prefix chain script '/home/olivier/ros2_ws/install/setup.ps1'
[8.132s] INFO:colcon.colcon_core.shell:Creating prefix script '/home/olivier/ros2_ws/install/local_setup.sh'
[8.135s] INFO:colcon.colcon_core.shell:Creating prefix util module '/home/olivier/ros2_ws/install/_local_setup_util_sh.py'
[8.136s] INFO:colcon.colcon_core.shell:Creating prefix chain script '/home/olivier/ros2_ws/install/setup.sh'
[8.142s] INFO:colcon.colcon_core.shell:Creating prefix script '/home/olivier/ros2_ws/install/local_setup.bash'
[8.143s] INFO:colcon.colcon_core.shell:Creating prefix chain script '/home/olivier/ros2_ws/install/setup.bash'
[8.147s] INFO:colcon.colcon_core.shell:Creating prefix script '/home/olivier/ros2_ws/install/local_setup.zsh'
[8.148s] INFO:colcon.colcon_core.shell:Creating prefix chain script '/home/olivier/ros2_ws/install/setup.zsh'
