[1.687s] Invoking command in '/home/olivier/ros2_ws/src/boat_controller': PYTHONPATH=/home/olivier/ros2_ws/build/boat_controller/prefix_override:/home/olivier/ros2_ws/install/boat_controller/lib/python3.10/site-packages:${PYTHONPATH} /usr/bin/python3 -W ignore:setup.py install is deprecated setup.py egg_info --egg-base ../../build/boat_controller build --build-base /home/olivier/ros2_ws/build/boat_controller/build install --record /home/olivier/ros2_ws/build/boat_controller/install.log --single-version-externally-managed install_data
[2.151s] running egg_info
[2.151s] writing ../../build/boat_controller/boat_controller.egg-info/PKG-INFO
[2.152s] writing dependency_links to ../../build/boat_controller/boat_controller.egg-info/dependency_links.txt
[2.153s] writing entry points to ../../build/boat_controller/boat_controller.egg-info/entry_points.txt
[2.154s] writing requirements to ../../build/boat_controller/boat_controller.egg-info/requires.txt
[2.154s] writing top-level names to ../../build/boat_controller/boat_controller.egg-info/top_level.txt
[2.156s] reading manifest file '../../build/boat_controller/boat_controller.egg-info/SOURCES.txt'
[2.157s] writing manifest file '../../build/boat_controller/boat_controller.egg-info/SOURCES.txt'
[2.158s] running build
[2.158s] running build_py
[2.158s] running install
[2.158s] running install_lib
[2.158s] running install_data
[2.165s] running install_egg_info
[2.166s] removing '/home/olivier/ros2_ws/install/boat_controller/lib/python3.10/site-packages/boat_controller-0.0.0-py3.10.egg-info' (and everything under it)
[2.169s] Copying ../../build/boat_controller/boat_controller.egg-info to /home/olivier/ros2_ws/install/boat_controller/lib/python3.10/site-packages/boat_controller-0.0.0-py3.10.egg-info
[2.169s] running install_scripts
[2.202s] Installing boat_controllermain script to /home/olivier/ros2_ws/install/boat_controller/lib/boat_controller
[2.202s] writing list of installed files to '/home/olivier/ros2_ws/build/boat_controller/install.log'
[2.402s] Invoked command in '/home/olivier/ros2_ws/src/boat_controller' returned '0': PYTHONPATH=/home/olivier/ros2_ws/build/boat_controller/prefix_override:/home/olivier/ros2_ws/install/boat_controller/lib/python3.10/site-packages:${PYTHONPATH} /usr/bin/python3 -W ignore:setup.py install is deprecated setup.py egg_info --egg-base ../../build/boat_controller build --build-base /home/olivier/ros2_ws/build/boat_controller/build install --record /home/olivier/ros2_ws/build/boat_controller/install.log --single-version-externally-managed install_data
