[1.423s] Invoking command in '/home/olivier/ros2_ws/src/swarm_controller_1': PYTHONPATH=/home/olivier/ros2_ws/build/boat_controller/prefix_override:/home/olivier/ros2_ws/install/boat_controller/lib/python3.10/site-packages:${PYTHONPATH} /usr/bin/python3 -W ignore:setup.py install is deprecated setup.py egg_info --egg-base ../../build/boat_controller build --build-base /home/olivier/ros2_ws/build/boat_controller/build install --record /home/olivier/ros2_ws/build/boat_controller/install.log --single-version-externally-managed install_data
[1.954s] running egg_info
[1.957s] writing ../../build/boat_controller/boat_controller.egg-info/PKG-INFO
[1.957s] writing dependency_links to ../../build/boat_controller/boat_controller.egg-info/dependency_links.txt
[1.957s] writing entry points to ../../build/boat_controller/boat_controller.egg-info/entry_points.txt
[1.958s] writing requirements to ../../build/boat_controller/boat_controller.egg-info/requires.txt
[1.958s] writing top-level names to ../../build/boat_controller/boat_controller.egg-info/top_level.txt
[1.969s] reading manifest file '../../build/boat_controller/boat_controller.egg-info/SOURCES.txt'
[1.969s] writing manifest file '../../build/boat_controller/boat_controller.egg-info/SOURCES.txt'
[1.969s] running build
[1.969s] running build_py
[1.969s] copying boat_controller/boat_controllermain.py -> /home/olivier/ros2_ws/build/boat_controller/build/lib/boat_controller
[1.970s] copying boat_controller/__init__.py -> /home/olivier/ros2_ws/build/boat_controller/build/lib/boat_controller
[1.970s] running install
[1.970s] running install_lib
[1.971s] copying /home/olivier/ros2_ws/build/boat_controller/build/lib/boat_controller/boat_controllermain.py -> /home/olivier/ros2_ws/install/boat_controller/lib/python3.10/site-packages/boat_controller
[1.971s] copying /home/olivier/ros2_ws/build/boat_controller/build/lib/boat_controller/__init__.py -> /home/olivier/ros2_ws/install/boat_controller/lib/python3.10/site-packages/boat_controller
[1.973s] byte-compiling /home/olivier/ros2_ws/install/boat_controller/lib/python3.10/site-packages/boat_controller/boat_controllermain.py to boat_controllermain.cpython-310.pyc
[1.983s] byte-compiling /home/olivier/ros2_ws/install/boat_controller/lib/python3.10/site-packages/boat_controller/__init__.py to __init__.cpython-310.pyc
[1.983s] running install_data
[1.984s] copying resource/boat_controller -> /home/olivier/ros2_ws/install/boat_controller/share/ament_index/resource_index/packages
[1.984s] copying package.xml -> /home/olivier/ros2_ws/install/boat_controller/share/boat_controller
[1.985s] running install_egg_info
[1.992s] removing '/home/olivier/ros2_ws/install/boat_controller/lib/python3.10/site-packages/boat_controller-0.0.0-py3.10.egg-info' (and everything under it)
[2.004s] Copying ../../build/boat_controller/boat_controller.egg-info to /home/olivier/ros2_ws/install/boat_controller/lib/python3.10/site-packages/boat_controller-0.0.0-py3.10.egg-info
[2.008s] running install_scripts
[2.059s] Installing boat_controllermain script to /home/olivier/ros2_ws/install/boat_controller/lib/boat_controller
[2.062s] writing list of installed files to '/home/olivier/ros2_ws/build/boat_controller/install.log'
[2.189s] Invoked command in '/home/olivier/ros2_ws/src/swarm_controller_1' returned '0': PYTHONPATH=/home/olivier/ros2_ws/build/boat_controller/prefix_override:/home/olivier/ros2_ws/install/boat_controller/lib/python3.10/site-packages:${PYTHONPATH} /usr/bin/python3 -W ignore:setup.py install is deprecated setup.py egg_info --egg-base ../../build/boat_controller build --build-base /home/olivier/ros2_ws/build/boat_controller/build install --record /home/olivier/ros2_ws/build/boat_controller/install.log --single-version-externally-managed install_data
