[1.505s] Invoking command in '/home/olivier/ros2_ws/src/boat_controller': PYTHONPATH=/home/olivier/ros2_ws/build/boat_controller/prefix_override:/home/olivier/ros2_ws/install/boat_controller/lib/python3.10/site-packages:${PYTHONPATH} /usr/bin/python3 -W ignore:setup.py install is deprecated setup.py egg_info --egg-base ../../build/boat_controller build --build-base /home/olivier/ros2_ws/build/boat_controller/build install --record /home/olivier/ros2_ws/build/boat_controller/install.log --single-version-externally-managed install_data
[1.976s] running egg_info
[1.978s] writing ../../build/boat_controller/boat_controller.egg-info/PKG-INFO
[1.984s] writing dependency_links to ../../build/boat_controller/boat_controller.egg-info/dependency_links.txt
[1.985s] writing entry points to ../../build/boat_controller/boat_controller.egg-info/entry_points.txt
[1.989s] writing requirements to ../../build/boat_controller/boat_controller.egg-info/requires.txt
[1.989s] writing top-level names to ../../build/boat_controller/boat_controller.egg-info/top_level.txt
[1.995s] reading manifest file '../../build/boat_controller/boat_controller.egg-info/SOURCES.txt'
[1.997s] writing manifest file '../../build/boat_controller/boat_controller.egg-info/SOURCES.txt'
[2.000s] running build
[2.000s] running build_py
[2.000s] running install
[2.000s] running install_lib
[2.011s] running install_data
[2.011s] running install_egg_info
[2.013s] removing '/home/olivier/ros2_ws/install/boat_controller/lib/python3.10/site-packages/boat_controller-0.0.0-py3.10.egg-info' (and everything under it)
[2.013s] Copying ../../build/boat_controller/boat_controller.egg-info to /home/olivier/ros2_ws/install/boat_controller/lib/python3.10/site-packages/boat_controller-0.0.0-py3.10.egg-info
[2.014s] running install_scripts
[2.052s] writing list of installed files to '/home/olivier/ros2_ws/build/boat_controller/install.log'
[2.228s] Invoked command in '/home/olivier/ros2_ws/src/boat_controller' returned '0': PYTHONPATH=/home/olivier/ros2_ws/build/boat_controller/prefix_override:/home/olivier/ros2_ws/install/boat_controller/lib/python3.10/site-packages:${PYTHONPATH} /usr/bin/python3 -W ignore:setup.py install is deprecated setup.py egg_info --egg-base ../../build/boat_controller build --build-base /home/olivier/ros2_ws/build/boat_controller/build install --record /home/olivier/ros2_ws/build/boat_controller/install.log --single-version-externally-managed install_data
