[1.462s] Invoking command in '/home/olivier/ros2_ws/src/py_pubsub': PYTHONPATH=/home/olivier/ros2_ws/build/py_pubsub/prefix_override:/home/olivier/ros2_ws/install/py_pubsub/lib/python3.10/site-packages:${PYTHONPATH} /usr/bin/python3 -W ignore:setup.py install is deprecated setup.py egg_info --egg-base ../../build/py_pubsub build --build-base /home/olivier/ros2_ws/build/py_pubsub/build install --record /home/olivier/ros2_ws/build/py_pubsub/install.log --single-version-externally-managed install_data
[1.909s] running egg_info
[1.910s] writing ../../build/py_pubsub/py_pubsub.egg-info/PKG-INFO
[1.911s] writing dependency_links to ../../build/py_pubsub/py_pubsub.egg-info/dependency_links.txt
[1.912s] writing entry points to ../../build/py_pubsub/py_pubsub.egg-info/entry_points.txt
[1.919s] writing requirements to ../../build/py_pubsub/py_pubsub.egg-info/requires.txt
[1.920s] writing top-level names to ../../build/py_pubsub/py_pubsub.egg-info/top_level.txt
[1.927s] reading manifest file '../../build/py_pubsub/py_pubsub.egg-info/SOURCES.txt'
[1.929s] writing manifest file '../../build/py_pubsub/py_pubsub.egg-info/SOURCES.txt'
[1.929s] running build
[1.929s] running build_py
[1.930s] running install
[1.930s] running install_lib
[1.932s] running install_data
[1.932s] running install_egg_info
[1.934s] removing '/home/olivier/ros2_ws/install/py_pubsub/lib/python3.10/site-packages/py_pubsub-0.0.0-py3.10.egg-info' (and everything under it)
[1.935s] Copying ../../build/py_pubsub/py_pubsub.egg-info to /home/olivier/ros2_ws/install/py_pubsub/lib/python3.10/site-packages/py_pubsub-0.0.0-py3.10.egg-info
[1.936s] running install_scripts
[1.963s] Installing listener script to /home/olivier/ros2_ws/install/py_pubsub/lib/py_pubsub
[1.963s] Installing talker script to /home/olivier/ros2_ws/install/py_pubsub/lib/py_pubsub
[1.965s] writing list of installed files to '/home/olivier/ros2_ws/build/py_pubsub/install.log'
[2.127s] Invoked command in '/home/olivier/ros2_ws/src/py_pubsub' returned '0': PYTHONPATH=/home/olivier/ros2_ws/build/py_pubsub/prefix_override:/home/olivier/ros2_ws/install/py_pubsub/lib/python3.10/site-packages:${PYTHONPATH} /usr/bin/python3 -W ignore:setup.py install is deprecated setup.py egg_info --egg-base ../../build/py_pubsub build --build-base /home/olivier/ros2_ws/build/py_pubsub/build install --record /home/olivier/ros2_ws/build/py_pubsub/install.log --single-version-externally-managed install_data
