[2.621s] Invoking command in '/home/olivier/ros2_ws/src/py_pubsub': PYTHONPATH=/home/olivier/ros2_ws/build/py_pubsub/prefix_override:/home/olivier/ros2_ws/install/py_pubsub/lib/python3.10/site-packages:${PYTHONPATH} /usr/bin/python3 -W ignore:setup.py install is deprecated setup.py egg_info --egg-base ../../build/py_pubsub build --build-base /home/olivier/ros2_ws/build/py_pubsub/build install --record /home/olivier/ros2_ws/build/py_pubsub/install.log --single-version-externally-managed install_data
[3.699s] running egg_info
[3.700s] writing ../../build/py_pubsub/py_pubsub.egg-info/PKG-INFO
[3.700s] writing dependency_links to ../../build/py_pubsub/py_pubsub.egg-info/dependency_links.txt
[3.700s] writing entry points to ../../build/py_pubsub/py_pubsub.egg-info/entry_points.txt
[3.700s] writing requirements to ../../build/py_pubsub/py_pubsub.egg-info/requires.txt
[3.701s] writing top-level names to ../../build/py_pubsub/py_pubsub.egg-info/top_level.txt
[3.703s] reading manifest file '../../build/py_pubsub/py_pubsub.egg-info/SOURCES.txt'
[3.706s] writing manifest file '../../build/py_pubsub/py_pubsub.egg-info/SOURCES.txt'
[3.707s] running build
[3.707s] running build_py
[3.712s] running install
[3.713s] running install_lib
[3.734s] running install_data
[3.742s] running install_egg_info
[3.744s] removing '/home/olivier/ros2_ws/install/py_pubsub/lib/python3.10/site-packages/py_pubsub-0.0.0-py3.10.egg-info' (and everything under it)
[3.749s] Copying ../../build/py_pubsub/py_pubsub.egg-info to /home/olivier/ros2_ws/install/py_pubsub/lib/python3.10/site-packages/py_pubsub-0.0.0-py3.10.egg-info
[3.749s] running install_scripts
[3.864s] Installing listener script to /home/olivier/ros2_ws/install/py_pubsub/lib/py_pubsub
[3.878s] Installing talker script to /home/olivier/ros2_ws/install/py_pubsub/lib/py_pubsub
[3.879s] writing list of installed files to '/home/olivier/ros2_ws/build/py_pubsub/install.log'
[4.486s] Invoked command in '/home/olivier/ros2_ws/src/py_pubsub' returned '0': PYTHONPATH=/home/olivier/ros2_ws/build/py_pubsub/prefix_override:/home/olivier/ros2_ws/install/py_pubsub/lib/python3.10/site-packages:${PYTHONPATH} /usr/bin/python3 -W ignore:setup.py install is deprecated setup.py egg_info --egg-base ../../build/py_pubsub build --build-base /home/olivier/ros2_ws/build/py_pubsub/build install --record /home/olivier/ros2_ws/build/py_pubsub/install.log --single-version-externally-managed install_data
